
AVRASM ver. 2.1.30  C:\Users\alrzazz\Desktop\Micpro Exp\az\final2\Debug\List\final2.asm Mon Jul 27 10:47:51 2020

C:\Users\alrzazz\Desktop\Micpro Exp\az\final2\Debug\List\final2.asm(1088): warning: Register r5 already defined by the .DEF directive
C:\Users\alrzazz\Desktop\Micpro Exp\az\final2\Debug\List\final2.asm(1089): warning: Register r4 already defined by the .DEF directive
C:\Users\alrzazz\Desktop\Micpro Exp\az\final2\Debug\List\final2.asm(1090): warning: Register r7 already defined by the .DEF directive
C:\Users\alrzazz\Desktop\Micpro Exp\az\final2\Debug\List\final2.asm(1091): warning: Register r6 already defined by the .DEF directive
                 
                 
                 ;CodeVisionAVR C Compiler V3.14 Advanced
                 ;(C) Copyright 1998-2014 Pavel Haiduc, HP InfoTech s.r.l.
                 ;http://www.hpinfotech.com
                 
                 ;Build configuration    : Debug
                 ;Chip type              : ATmega32
                 ;Program type           : Application
                 ;Clock frequency        : 8.000000 MHz
                 ;Memory model           : Small
                 ;Optimize for           : Size
                 ;(s)printf features     : int, width
                 ;(s)scanf features      : int, width
                 ;External RAM size      : 0
                 ;Data Stack size        : 512 byte(s)
                 ;Heap size              : 0 byte(s)
                 ;Promote 'char' to 'int': Yes
                 ;'char' is unsigned     : Yes
                 ;8 bit enums            : Yes
                 ;Global 'const' stored in FLASH: Yes
                 ;Enhanced function parameter passing: Yes
                 ;Enhanced core instructions: On
                 ;Automatic register allocation for global variables: On
                 ;Smart register allocation: On
                 
                 	#define _MODEL_SMALL_
                 
                 	#pragma AVRPART ADMIN PART_NAME ATmega32
                 	#pragma AVRPART MEMORY PROG_FLASH 32768
                 	#pragma AVRPART MEMORY EEPROM 1024
                 	#pragma AVRPART MEMORY INT_SRAM SIZE 2048
                 	#pragma AVRPART MEMORY INT_SRAM START_ADDR 0x60
                 
                 	#define CALL_SUPPORTED 1
                 
                 	.LISTMAC
                 	.EQU UDRE=0x5
                 	.EQU RXC=0x7
                 	.EQU USR=0xB
                 	.EQU UDR=0xC
                 	.EQU SPSR=0xE
                 	.EQU SPDR=0xF
                 	.EQU EERE=0x0
                 	.EQU EEWE=0x1
                 	.EQU EEMWE=0x2
                 	.EQU EECR=0x1C
                 	.EQU EEDR=0x1D
                 	.EQU EEARL=0x1E
                 	.EQU EEARH=0x1F
                 	.EQU WDTCR=0x21
                 	.EQU MCUCR=0x35
                 	.EQU GICR=0x3B
                 	.EQU SPL=0x3D
                 	.EQU SPH=0x3E
                 	.EQU SREG=0x3F
                 
                 	.DEF R0X0=R0
                 	.DEF R0X1=R1
                 	.DEF R0X2=R2
                 	.DEF R0X3=R3
                 	.DEF R0X4=R4
                 	.DEF R0X5=R5
                 	.DEF R0X6=R6
                 	.DEF R0X7=R7
                 	.DEF R0X8=R8
                 	.DEF R0X9=R9
                 	.DEF R0XA=R10
                 	.DEF R0XB=R11
                 	.DEF R0XC=R12
                 	.DEF R0XD=R13
                 	.DEF R0XE=R14
                 	.DEF R0XF=R15
                 	.DEF R0X10=R16
                 	.DEF R0X11=R17
                 	.DEF R0X12=R18
                 	.DEF R0X13=R19
                 	.DEF R0X14=R20
                 	.DEF R0X15=R21
                 	.DEF R0X16=R22
                 	.DEF R0X17=R23
                 	.DEF R0X18=R24
                 	.DEF R0X19=R25
                 	.DEF R0X1A=R26
                 	.DEF R0X1B=R27
                 	.DEF R0X1C=R28
                 	.DEF R0X1D=R29
                 	.DEF R0X1E=R30
                 	.DEF R0X1F=R31
                 
                 	.EQU __SRAM_START=0x0060
                 	.EQU __SRAM_END=0x085F
                 	.EQU __DSTACK_SIZE=0x0200
                 	.EQU __HEAP_SIZE=0x0000
                 	.EQU __CLEAR_SRAM_SIZE=__SRAM_END-__SRAM_START+1
                 
                 	.MACRO __CPD1N
                 	CPI  R30,LOW(@0)
                 	LDI  R26,HIGH(@0)
                 	CPC  R31,R26
                 	LDI  R26,BYTE3(@0)
                 	CPC  R22,R26
                 	LDI  R26,BYTE4(@0)
                 	CPC  R23,R26
                 	.ENDM
                 
                 	.MACRO __CPD2N
                 	CPI  R26,LOW(@0)
                 	LDI  R30,HIGH(@0)
                 	CPC  R27,R30
                 	LDI  R30,BYTE3(@0)
                 	CPC  R24,R30
                 	LDI  R30,BYTE4(@0)
                 	CPC  R25,R30
                 	.ENDM
                 
                 	.MACRO __CPWRR
                 	CP   R@0,R@2
                 	CPC  R@1,R@3
                 	.ENDM
                 
                 	.MACRO __CPWRN
                 	CPI  R@0,LOW(@2)
                 	LDI  R30,HIGH(@2)
                 	CPC  R@1,R30
                 	.ENDM
                 
                 	.MACRO __ADDB1MN
                 	SUBI R30,LOW(-@0-(@1))
                 	.ENDM
                 
                 	.MACRO __ADDB2MN
                 	SUBI R26,LOW(-@0-(@1))
                 	.ENDM
                 
                 	.MACRO __ADDW1MN
                 	SUBI R30,LOW(-@0-(@1))
                 	SBCI R31,HIGH(-@0-(@1))
                 	.ENDM
                 
                 	.MACRO __ADDW2MN
                 	SUBI R26,LOW(-@0-(@1))
                 	SBCI R27,HIGH(-@0-(@1))
                 	.ENDM
                 
                 	.MACRO __ADDW1FN
                 	SUBI R30,LOW(-2*@0-(@1))
                 	SBCI R31,HIGH(-2*@0-(@1))
                 	.ENDM
                 
                 	.MACRO __ADDD1FN
                 	SUBI R30,LOW(-2*@0-(@1))
                 	SBCI R31,HIGH(-2*@0-(@1))
                 	SBCI R22,BYTE3(-2*@0-(@1))
                 	.ENDM
                 
                 	.MACRO __ADDD1N
                 	SUBI R30,LOW(-@0)
                 	SBCI R31,HIGH(-@0)
                 	SBCI R22,BYTE3(-@0)
                 	SBCI R23,BYTE4(-@0)
                 	.ENDM
                 
                 	.MACRO __ADDD2N
                 	SUBI R26,LOW(-@0)
                 	SBCI R27,HIGH(-@0)
                 	SBCI R24,BYTE3(-@0)
                 	SBCI R25,BYTE4(-@0)
                 	.ENDM
                 
                 	.MACRO __SUBD1N
                 	SUBI R30,LOW(@0)
                 	SBCI R31,HIGH(@0)
                 	SBCI R22,BYTE3(@0)
                 	SBCI R23,BYTE4(@0)
                 	.ENDM
                 
                 	.MACRO __SUBD2N
                 	SUBI R26,LOW(@0)
                 	SBCI R27,HIGH(@0)
                 	SBCI R24,BYTE3(@0)
                 	SBCI R25,BYTE4(@0)
                 	.ENDM
                 
                 	.MACRO __ANDBMNN
                 	LDS  R30,@0+(@1)
                 	ANDI R30,LOW(@2)
                 	STS  @0+(@1),R30
                 	.ENDM
                 
                 	.MACRO __ANDWMNN
                 	LDS  R30,@0+(@1)
                 	ANDI R30,LOW(@2)
                 	STS  @0+(@1),R30
                 	LDS  R30,@0+(@1)+1
                 	ANDI R30,HIGH(@2)
                 	STS  @0+(@1)+1,R30
                 	.ENDM
                 
                 	.MACRO __ANDD1N
                 	ANDI R30,LOW(@0)
                 	ANDI R31,HIGH(@0)
                 	ANDI R22,BYTE3(@0)
                 	ANDI R23,BYTE4(@0)
                 	.ENDM
                 
                 	.MACRO __ANDD2N
                 	ANDI R26,LOW(@0)
                 	ANDI R27,HIGH(@0)
                 	ANDI R24,BYTE3(@0)
                 	ANDI R25,BYTE4(@0)
                 	.ENDM
                 
                 	.MACRO __ORBMNN
                 	LDS  R30,@0+(@1)
                 	ORI  R30,LOW(@2)
                 	STS  @0+(@1),R30
                 	.ENDM
                 
                 	.MACRO __ORWMNN
                 	LDS  R30,@0+(@1)
                 	ORI  R30,LOW(@2)
                 	STS  @0+(@1),R30
                 	LDS  R30,@0+(@1)+1
                 	ORI  R30,HIGH(@2)
                 	STS  @0+(@1)+1,R30
                 	.ENDM
                 
                 	.MACRO __ORD1N
                 	ORI  R30,LOW(@0)
                 	ORI  R31,HIGH(@0)
                 	ORI  R22,BYTE3(@0)
                 	ORI  R23,BYTE4(@0)
                 	.ENDM
                 
                 	.MACRO __ORD2N
                 	ORI  R26,LOW(@0)
                 	ORI  R27,HIGH(@0)
                 	ORI  R24,BYTE3(@0)
                 	ORI  R25,BYTE4(@0)
                 	.ENDM
                 
                 	.MACRO __DELAY_USB
                 	LDI  R24,LOW(@0)
                 __DELAY_USB_LOOP:
                 	DEC  R24
                 	BRNE __DELAY_USB_LOOP
                 	.ENDM
                 
                 	.MACRO __DELAY_USW
                 	LDI  R24,LOW(@0)
                 	LDI  R25,HIGH(@0)
                 __DELAY_USW_LOOP:
                 	SBIW R24,1
                 	BRNE __DELAY_USW_LOOP
                 	.ENDM
                 
                 	.MACRO __GETD1S
                 	LDD  R30,Y+@0
                 	LDD  R31,Y+@0+1
                 	LDD  R22,Y+@0+2
                 	LDD  R23,Y+@0+3
                 	.ENDM
                 
                 	.MACRO __GETD2S
                 	LDD  R26,Y+@0
                 	LDD  R27,Y+@0+1
                 	LDD  R24,Y+@0+2
                 	LDD  R25,Y+@0+3
                 	.ENDM
                 
                 	.MACRO __PUTD1S
                 	STD  Y+@0,R30
                 	STD  Y+@0+1,R31
                 	STD  Y+@0+2,R22
                 	STD  Y+@0+3,R23
                 	.ENDM
                 
                 	.MACRO __PUTD2S
                 	STD  Y+@0,R26
                 	STD  Y+@0+1,R27
                 	STD  Y+@0+2,R24
                 	STD  Y+@0+3,R25
                 	.ENDM
                 
                 	.MACRO __PUTDZ2
                 	STD  Z+@0,R26
                 	STD  Z+@0+1,R27
                 	STD  Z+@0+2,R24
                 	STD  Z+@0+3,R25
                 	.ENDM
                 
                 	.MACRO __CLRD1S
                 	STD  Y+@0,R30
                 	STD  Y+@0+1,R30
                 	STD  Y+@0+2,R30
                 	STD  Y+@0+3,R30
                 	.ENDM
                 
                 	.MACRO __POINTB1MN
                 	LDI  R30,LOW(@0+(@1))
                 	.ENDM
                 
                 	.MACRO __POINTW1MN
                 	LDI  R30,LOW(@0+(@1))
                 	LDI  R31,HIGH(@0+(@1))
                 	.ENDM
                 
                 	.MACRO __POINTD1M
                 	LDI  R30,LOW(@0)
                 	LDI  R31,HIGH(@0)
                 	LDI  R22,BYTE3(@0)
                 	LDI  R23,BYTE4(@0)
                 	.ENDM
                 
                 	.MACRO __POINTW1FN
                 	LDI  R30,LOW(2*@0+(@1))
                 	LDI  R31,HIGH(2*@0+(@1))
                 	.ENDM
                 
                 	.MACRO __POINTD1FN
                 	LDI  R30,LOW(2*@0+(@1))
                 	LDI  R31,HIGH(2*@0+(@1))
                 	LDI  R22,BYTE3(2*@0+(@1))
                 	LDI  R23,BYTE4(2*@0+(@1))
                 	.ENDM
                 
                 	.MACRO __POINTB2MN
                 	LDI  R26,LOW(@0+(@1))
                 	.ENDM
                 
                 	.MACRO __POINTW2MN
                 	LDI  R26,LOW(@0+(@1))
                 	LDI  R27,HIGH(@0+(@1))
                 	.ENDM
                 
                 	.MACRO __POINTW2FN
                 	LDI  R26,LOW(2*@0+(@1))
                 	LDI  R27,HIGH(2*@0+(@1))
                 	.ENDM
                 
                 	.MACRO __POINTD2FN
                 	LDI  R26,LOW(2*@0+(@1))
                 	LDI  R27,HIGH(2*@0+(@1))
                 	LDI  R24,BYTE3(2*@0+(@1))
                 	LDI  R25,BYTE4(2*@0+(@1))
                 	.ENDM
                 
                 	.MACRO __POINTBRM
                 	LDI  R@0,LOW(@1)
                 	.ENDM
                 
                 	.MACRO __POINTWRM
                 	LDI  R@0,LOW(@2)
                 	LDI  R@1,HIGH(@2)
                 	.ENDM
                 
                 	.MACRO __POINTBRMN
                 	LDI  R@0,LOW(@1+(@2))
                 	.ENDM
                 
                 	.MACRO __POINTWRMN
                 	LDI  R@0,LOW(@2+(@3))
                 	LDI  R@1,HIGH(@2+(@3))
                 	.ENDM
                 
                 	.MACRO __POINTWRFN
                 	LDI  R@0,LOW(@2*2+(@3))
                 	LDI  R@1,HIGH(@2*2+(@3))
                 	.ENDM
                 
                 	.MACRO __GETD1N
                 	LDI  R30,LOW(@0)
                 	LDI  R31,HIGH(@0)
                 	LDI  R22,BYTE3(@0)
                 	LDI  R23,BYTE4(@0)
                 	.ENDM
                 
                 	.MACRO __GETD2N
                 	LDI  R26,LOW(@0)
                 	LDI  R27,HIGH(@0)
                 	LDI  R24,BYTE3(@0)
                 	LDI  R25,BYTE4(@0)
                 	.ENDM
                 
                 	.MACRO __GETB1MN
                 	LDS  R30,@0+(@1)
                 	.ENDM
                 
                 	.MACRO __GETB1HMN
                 	LDS  R31,@0+(@1)
                 	.ENDM
                 
                 	.MACRO __GETW1MN
                 	LDS  R30,@0+(@1)
                 	LDS  R31,@0+(@1)+1
                 	.ENDM
                 
                 	.MACRO __GETD1MN
                 	LDS  R30,@0+(@1)
                 	LDS  R31,@0+(@1)+1
                 	LDS  R22,@0+(@1)+2
                 	LDS  R23,@0+(@1)+3
                 	.ENDM
                 
                 	.MACRO __GETBRMN
                 	LDS  R@0,@1+(@2)
                 	.ENDM
                 
                 	.MACRO __GETWRMN
                 	LDS  R@0,@2+(@3)
                 	LDS  R@1,@2+(@3)+1
                 	.ENDM
                 
                 	.MACRO __GETWRZ
                 	LDD  R@0,Z+@2
                 	LDD  R@1,Z+@2+1
                 	.ENDM
                 
                 	.MACRO __GETD2Z
                 	LDD  R26,Z+@0
                 	LDD  R27,Z+@0+1
                 	LDD  R24,Z+@0+2
                 	LDD  R25,Z+@0+3
                 	.ENDM
                 
                 	.MACRO __GETB2MN
                 	LDS  R26,@0+(@1)
                 	.ENDM
                 
                 	.MACRO __GETW2MN
                 	LDS  R26,@0+(@1)
                 	LDS  R27,@0+(@1)+1
                 	.ENDM
                 
                 	.MACRO __GETD2MN
                 	LDS  R26,@0+(@1)
                 	LDS  R27,@0+(@1)+1
                 	LDS  R24,@0+(@1)+2
                 	LDS  R25,@0+(@1)+3
                 	.ENDM
                 
                 	.MACRO __PUTB1MN
                 	STS  @0+(@1),R30
                 	.ENDM
                 
                 	.MACRO __PUTW1MN
                 	STS  @0+(@1),R30
                 	STS  @0+(@1)+1,R31
                 	.ENDM
                 
                 	.MACRO __PUTD1MN
                 	STS  @0+(@1),R30
                 	STS  @0+(@1)+1,R31
                 	STS  @0+(@1)+2,R22
                 	STS  @0+(@1)+3,R23
                 	.ENDM
                 
                 	.MACRO __PUTB1EN
                 	LDI  R26,LOW(@0+(@1))
                 	LDI  R27,HIGH(@0+(@1))
                 	CALL __EEPROMWRB
                 	.ENDM
                 
                 	.MACRO __PUTW1EN
                 	LDI  R26,LOW(@0+(@1))
                 	LDI  R27,HIGH(@0+(@1))
                 	CALL __EEPROMWRW
                 	.ENDM
                 
                 	.MACRO __PUTD1EN
                 	LDI  R26,LOW(@0+(@1))
                 	LDI  R27,HIGH(@0+(@1))
                 	CALL __EEPROMWRD
                 	.ENDM
                 
                 	.MACRO __PUTBR0MN
                 	STS  @0+(@1),R0
                 	.ENDM
                 
                 	.MACRO __PUTBMRN
                 	STS  @0+(@1),R@2
                 	.ENDM
                 
                 	.MACRO __PUTWMRN
                 	STS  @0+(@1),R@2
                 	STS  @0+(@1)+1,R@3
                 	.ENDM
                 
                 	.MACRO __PUTBZR
                 	STD  Z+@1,R@0
                 	.ENDM
                 
                 	.MACRO __PUTWZR
                 	STD  Z+@2,R@0
                 	STD  Z+@2+1,R@1
                 	.ENDM
                 
                 	.MACRO __GETW1R
                 	MOV  R30,R@0
                 	MOV  R31,R@1
                 	.ENDM
                 
                 	.MACRO __GETW2R
                 	MOV  R26,R@0
                 	MOV  R27,R@1
                 	.ENDM
                 
                 	.MACRO __GETWRN
                 	LDI  R@0,LOW(@2)
                 	LDI  R@1,HIGH(@2)
                 	.ENDM
                 
                 	.MACRO __PUTW1R
                 	MOV  R@0,R30
                 	MOV  R@1,R31
                 	.ENDM
                 
                 	.MACRO __PUTW2R
                 	MOV  R@0,R26
                 	MOV  R@1,R27
                 	.ENDM
                 
                 	.MACRO __ADDWRN
                 	SUBI R@0,LOW(-@2)
                 	SBCI R@1,HIGH(-@2)
                 	.ENDM
                 
                 	.MACRO __ADDWRR
                 	ADD  R@0,R@2
                 	ADC  R@1,R@3
                 	.ENDM
                 
                 	.MACRO __SUBWRN
                 	SUBI R@0,LOW(@2)
                 	SBCI R@1,HIGH(@2)
                 	.ENDM
                 
                 	.MACRO __SUBWRR
                 	SUB  R@0,R@2
                 	SBC  R@1,R@3
                 	.ENDM
                 
                 	.MACRO __ANDWRN
                 	ANDI R@0,LOW(@2)
                 	ANDI R@1,HIGH(@2)
                 	.ENDM
                 
                 	.MACRO __ANDWRR
                 	AND  R@0,R@2
                 	AND  R@1,R@3
                 	.ENDM
                 
                 	.MACRO __ORWRN
                 	ORI  R@0,LOW(@2)
                 	ORI  R@1,HIGH(@2)
                 	.ENDM
                 
                 	.MACRO __ORWRR
                 	OR   R@0,R@2
                 	OR   R@1,R@3
                 	.ENDM
                 
                 	.MACRO __EORWRR
                 	EOR  R@0,R@2
                 	EOR  R@1,R@3
                 	.ENDM
                 
                 	.MACRO __GETWRS
                 	LDD  R@0,Y+@2
                 	LDD  R@1,Y+@2+1
                 	.ENDM
                 
                 	.MACRO __PUTBSR
                 	STD  Y+@1,R@0
                 	.ENDM
                 
                 	.MACRO __PUTWSR
                 	STD  Y+@2,R@0
                 	STD  Y+@2+1,R@1
                 	.ENDM
                 
                 	.MACRO __MOVEWRR
                 	MOV  R@0,R@2
                 	MOV  R@1,R@3
                 	.ENDM
                 
                 	.MACRO __INWR
                 	IN   R@0,@2
                 	IN   R@1,@2+1
                 	.ENDM
                 
                 	.MACRO __OUTWR
                 	OUT  @2+1,R@1
                 	OUT  @2,R@0
                 	.ENDM
                 
                 	.MACRO __CALL1MN
                 	LDS  R30,@0+(@1)
                 	LDS  R31,@0+(@1)+1
                 	ICALL
                 	.ENDM
                 
                 	.MACRO __CALL1FN
                 	LDI  R30,LOW(2*@0+(@1))
                 	LDI  R31,HIGH(2*@0+(@1))
                 	CALL __GETW1PF
                 	ICALL
                 	.ENDM
                 
                 	.MACRO __CALL2EN
                 	PUSH R26
                 	PUSH R27
                 	LDI  R26,LOW(@0+(@1))
                 	LDI  R27,HIGH(@0+(@1))
                 	CALL __EEPROMRDW
                 	POP  R27
                 	POP  R26
                 	ICALL
                 	.ENDM
                 
                 	.MACRO __CALL2EX
                 	SUBI R26,LOW(-@0)
                 	SBCI R27,HIGH(-@0)
                 	CALL __EEPROMRDD
                 	ICALL
                 	.ENDM
                 
                 	.MACRO __GETW1STACK
                 	IN   R30,SPL
                 	IN   R31,SPH
                 	ADIW R30,@0+1
                 	LD   R0,Z+
                 	LD   R31,Z
                 	MOV  R30,R0
                 	.ENDM
                 
                 	.MACRO __GETD1STACK
                 	IN   R30,SPL
                 	IN   R31,SPH
                 	ADIW R30,@0+1
                 	LD   R0,Z+
                 	LD   R1,Z+
                 	LD   R22,Z
                 	MOVW R30,R0
                 	.ENDM
                 
                 	.MACRO __NBST
                 	BST  R@0,@1
                 	IN   R30,SREG
                 	LDI  R31,0x40
                 	EOR  R30,R31
                 	OUT  SREG,R30
                 	.ENDM
                 
                 
                 	.MACRO __PUTB1SN
                 	LDD  R26,Y+@0
                 	LDD  R27,Y+@0+1
                 	SUBI R26,LOW(-@1)
                 	SBCI R27,HIGH(-@1)
                 	ST   X,R30
                 	.ENDM
                 
                 	.MACRO __PUTW1SN
                 	LDD  R26,Y+@0
                 	LDD  R27,Y+@0+1
                 	SUBI R26,LOW(-@1)
                 	SBCI R27,HIGH(-@1)
                 	ST   X+,R30
                 	ST   X,R31
                 	.ENDM
                 
                 	.MACRO __PUTD1SN
                 	LDD  R26,Y+@0
                 	LDD  R27,Y+@0+1
                 	SUBI R26,LOW(-@1)
                 	SBCI R27,HIGH(-@1)
                 	CALL __PUTDP1
                 	.ENDM
                 
                 	.MACRO __PUTB1SNS
                 	LDD  R26,Y+@0
                 	LDD  R27,Y+@0+1
                 	ADIW R26,@1
                 	ST   X,R30
                 	.ENDM
                 
                 	.MACRO __PUTW1SNS
                 	LDD  R26,Y+@0
                 	LDD  R27,Y+@0+1
                 	ADIW R26,@1
                 	ST   X+,R30
                 	ST   X,R31
                 	.ENDM
                 
                 	.MACRO __PUTD1SNS
                 	LDD  R26,Y+@0
                 	LDD  R27,Y+@0+1
                 	ADIW R26,@1
                 	CALL __PUTDP1
                 	.ENDM
                 
                 	.MACRO __PUTB1PMN
                 	LDS  R26,@0
                 	LDS  R27,@0+1
                 	SUBI R26,LOW(-@1)
                 	SBCI R27,HIGH(-@1)
                 	ST   X,R30
                 	.ENDM
                 
                 	.MACRO __PUTW1PMN
                 	LDS  R26,@0
                 	LDS  R27,@0+1
                 	SUBI R26,LOW(-@1)
                 	SBCI R27,HIGH(-@1)
                 	ST   X+,R30
                 	ST   X,R31
                 	.ENDM
                 
                 	.MACRO __PUTD1PMN
                 	LDS  R26,@0
                 	LDS  R27,@0+1
                 	SUBI R26,LOW(-@1)
                 	SBCI R27,HIGH(-@1)
                 	CALL __PUTDP1
                 	.ENDM
                 
                 	.MACRO __PUTB1PMNS
                 	LDS  R26,@0
                 	LDS  R27,@0+1
                 	ADIW R26,@1
                 	ST   X,R30
                 	.ENDM
                 
                 	.MACRO __PUTW1PMNS
                 	LDS  R26,@0
                 	LDS  R27,@0+1
                 	ADIW R26,@1
                 	ST   X+,R30
                 	ST   X,R31
                 	.ENDM
                 
                 	.MACRO __PUTD1PMNS
                 	LDS  R26,@0
                 	LDS  R27,@0+1
                 	ADIW R26,@1
                 	CALL __PUTDP1
                 	.ENDM
                 
                 	.MACRO __PUTB1RN
                 	MOVW R26,R@0
                 	SUBI R26,LOW(-@1)
                 	SBCI R27,HIGH(-@1)
                 	ST   X,R30
                 	.ENDM
                 
                 	.MACRO __PUTW1RN
                 	MOVW R26,R@0
                 	SUBI R26,LOW(-@1)
                 	SBCI R27,HIGH(-@1)
                 	ST   X+,R30
                 	ST   X,R31
                 	.ENDM
                 
                 	.MACRO __PUTD1RN
                 	MOVW R26,R@0
                 	SUBI R26,LOW(-@1)
                 	SBCI R27,HIGH(-@1)
                 	CALL __PUTDP1
                 	.ENDM
                 
                 	.MACRO __PUTB1RNS
                 	MOVW R26,R@0
                 	ADIW R26,@1
                 	ST   X,R30
                 	.ENDM
                 
                 	.MACRO __PUTW1RNS
                 	MOVW R26,R@0
                 	ADIW R26,@1
                 	ST   X+,R30
                 	ST   X,R31
                 	.ENDM
                 
                 	.MACRO __PUTD1RNS
                 	MOVW R26,R@0
                 	ADIW R26,@1
                 	CALL __PUTDP1
                 	.ENDM
                 
                 	.MACRO __PUTB1RON
                 	MOV  R26,R@0
                 	MOV  R27,R@1
                 	SUBI R26,LOW(-@2)
                 	SBCI R27,HIGH(-@2)
                 	ST   X,R30
                 	.ENDM
                 
                 	.MACRO __PUTW1RON
                 	MOV  R26,R@0
                 	MOV  R27,R@1
                 	SUBI R26,LOW(-@2)
                 	SBCI R27,HIGH(-@2)
                 	ST   X+,R30
                 	ST   X,R31
                 	.ENDM
                 
                 	.MACRO __PUTD1RON
                 	MOV  R26,R@0
                 	MOV  R27,R@1
                 	SUBI R26,LOW(-@2)
                 	SBCI R27,HIGH(-@2)
                 	CALL __PUTDP1
                 	.ENDM
                 
                 	.MACRO __PUTB1RONS
                 	MOV  R26,R@0
                 	MOV  R27,R@1
                 	ADIW R26,@2
                 	ST   X,R30
                 	.ENDM
                 
                 	.MACRO __PUTW1RONS
                 	MOV  R26,R@0
                 	MOV  R27,R@1
                 	ADIW R26,@2
                 	ST   X+,R30
                 	ST   X,R31
                 	.ENDM
                 
                 	.MACRO __PUTD1RONS
                 	MOV  R26,R@0
                 	MOV  R27,R@1
                 	ADIW R26,@2
                 	CALL __PUTDP1
                 	.ENDM
                 
                 
                 	.MACRO __GETB1SX
                 	MOVW R30,R28
                 	SUBI R30,LOW(-@0)
                 	SBCI R31,HIGH(-@0)
                 	LD   R30,Z
                 	.ENDM
                 
                 	.MACRO __GETB1HSX
                 	MOVW R30,R28
                 	SUBI R30,LOW(-@0)
                 	SBCI R31,HIGH(-@0)
                 	LD   R31,Z
                 	.ENDM
                 
                 	.MACRO __GETW1SX
                 	MOVW R30,R28
                 	SUBI R30,LOW(-@0)
                 	SBCI R31,HIGH(-@0)
                 	LD   R0,Z+
                 	LD   R31,Z
                 	MOV  R30,R0
                 	.ENDM
                 
                 	.MACRO __GETD1SX
                 	MOVW R30,R28
                 	SUBI R30,LOW(-@0)
                 	SBCI R31,HIGH(-@0)
                 	LD   R0,Z+
                 	LD   R1,Z+
                 	LD   R22,Z+
                 	LD   R23,Z
                 	MOVW R30,R0
                 	.ENDM
                 
                 	.MACRO __GETB2SX
                 	MOVW R26,R28
                 	SUBI R26,LOW(-@0)
                 	SBCI R27,HIGH(-@0)
                 	LD   R26,X
                 	.ENDM
                 
                 	.MACRO __GETW2SX
                 	MOVW R26,R28
                 	SUBI R26,LOW(-@0)
                 	SBCI R27,HIGH(-@0)
                 	LD   R0,X+
                 	LD   R27,X
                 	MOV  R26,R0
                 	.ENDM
                 
                 	.MACRO __GETD2SX
                 	MOVW R26,R28
                 	SUBI R26,LOW(-@0)
                 	SBCI R27,HIGH(-@0)
                 	LD   R0,X+
                 	LD   R1,X+
                 	LD   R24,X+
                 	LD   R25,X
                 	MOVW R26,R0
                 	.ENDM
                 
                 	.MACRO __GETBRSX
                 	MOVW R30,R28
                 	SUBI R30,LOW(-@1)
                 	SBCI R31,HIGH(-@1)
                 	LD   R@0,Z
                 	.ENDM
                 
                 	.MACRO __GETWRSX
                 	MOVW R30,R28
                 	SUBI R30,LOW(-@2)
                 	SBCI R31,HIGH(-@2)
                 	LD   R@0,Z+
                 	LD   R@1,Z
                 	.ENDM
                 
                 	.MACRO __GETBRSX2
                 	MOVW R26,R28
                 	SUBI R26,LOW(-@1)
                 	SBCI R27,HIGH(-@1)
                 	LD   R@0,X
                 	.ENDM
                 
                 	.MACRO __GETWRSX2
                 	MOVW R26,R28
                 	SUBI R26,LOW(-@2)
                 	SBCI R27,HIGH(-@2)
                 	LD   R@0,X+
                 	LD   R@1,X
                 	.ENDM
                 
                 	.MACRO __LSLW8SX
                 	MOVW R30,R28
                 	SUBI R30,LOW(-@0)
                 	SBCI R31,HIGH(-@0)
                 	LD   R31,Z
                 	CLR  R30
                 	.ENDM
                 
                 	.MACRO __PUTB1SX
                 	MOVW R26,R28
                 	SUBI R26,LOW(-@0)
                 	SBCI R27,HIGH(-@0)
                 	ST   X,R30
                 	.ENDM
                 
                 	.MACRO __PUTW1SX
                 	MOVW R26,R28
                 	SUBI R26,LOW(-@0)
                 	SBCI R27,HIGH(-@0)
                 	ST   X+,R30
                 	ST   X,R31
                 	.ENDM
                 
                 	.MACRO __PUTD1SX
                 	MOVW R26,R28
                 	SUBI R26,LOW(-@0)
                 	SBCI R27,HIGH(-@0)
                 	ST   X+,R30
                 	ST   X+,R31
                 	ST   X+,R22
                 	ST   X,R23
                 	.ENDM
                 
                 	.MACRO __CLRW1SX
                 	MOVW R26,R28
                 	SUBI R26,LOW(-@0)
                 	SBCI R27,HIGH(-@0)
                 	ST   X+,R30
                 	ST   X,R30
                 	.ENDM
                 
                 	.MACRO __CLRD1SX
                 	MOVW R26,R28
                 	SUBI R26,LOW(-@0)
                 	SBCI R27,HIGH(-@0)
                 	ST   X+,R30
                 	ST   X+,R30
                 	ST   X+,R30
                 	ST   X,R30
                 	.ENDM
                 
                 	.MACRO __PUTB2SX
                 	MOVW R30,R28
                 	SUBI R30,LOW(-@0)
                 	SBCI R31,HIGH(-@0)
                 	ST   Z,R26
                 	.ENDM
                 
                 	.MACRO __PUTW2SX
                 	MOVW R30,R28
                 	SUBI R30,LOW(-@0)
                 	SBCI R31,HIGH(-@0)
                 	ST   Z+,R26
                 	ST   Z,R27
                 	.ENDM
                 
                 	.MACRO __PUTD2SX
                 	MOVW R30,R28
                 	SUBI R30,LOW(-@0)
                 	SBCI R31,HIGH(-@0)
                 	ST   Z+,R26
                 	ST   Z+,R27
                 	ST   Z+,R24
                 	ST   Z,R25
                 	.ENDM
                 
                 	.MACRO __PUTBSRX
                 	MOVW R30,R28
                 	SUBI R30,LOW(-@1)
                 	SBCI R31,HIGH(-@1)
                 	ST   Z,R@0
                 	.ENDM
                 
                 	.MACRO __PUTWSRX
                 	MOVW R30,R28
                 	SUBI R30,LOW(-@2)
                 	SBCI R31,HIGH(-@2)
                 	ST   Z+,R@0
                 	ST   Z,R@1
                 	.ENDM
                 
                 	.MACRO __PUTB1SNX
                 	MOVW R26,R28
                 	SUBI R26,LOW(-@0)
                 	SBCI R27,HIGH(-@0)
                 	LD   R0,X+
                 	LD   R27,X
                 	MOV  R26,R0
                 	SUBI R26,LOW(-@1)
                 	SBCI R27,HIGH(-@1)
                 	ST   X,R30
                 	.ENDM
                 
                 	.MACRO __PUTW1SNX
                 	MOVW R26,R28
                 	SUBI R26,LOW(-@0)
                 	SBCI R27,HIGH(-@0)
                 	LD   R0,X+
                 	LD   R27,X
                 	MOV  R26,R0
                 	SUBI R26,LOW(-@1)
                 	SBCI R27,HIGH(-@1)
                 	ST   X+,R30
                 	ST   X,R31
                 	.ENDM
                 
                 	.MACRO __PUTD1SNX
                 	MOVW R26,R28
                 	SUBI R26,LOW(-@0)
                 	SBCI R27,HIGH(-@0)
                 	LD   R0,X+
                 	LD   R27,X
                 	MOV  R26,R0
                 	SUBI R26,LOW(-@1)
                 	SBCI R27,HIGH(-@1)
                 	ST   X+,R30
                 	ST   X+,R31
                 	ST   X+,R22
                 	ST   X,R23
                 	.ENDM
                 
                 	.MACRO __MULBRR
                 	MULS R@0,R@1
                 	MOVW R30,R0
                 	.ENDM
                 
                 	.MACRO __MULBRRU
                 	MUL  R@0,R@1
                 	MOVW R30,R0
                 	.ENDM
                 
                 	.MACRO __MULBRR0
                 	MULS R@0,R@1
                 	.ENDM
                 
                 	.MACRO __MULBRRU0
                 	MUL  R@0,R@1
                 	.ENDM
                 
                 	.MACRO __MULBNWRU
                 	LDI  R26,@2
                 	MUL  R26,R@0
                 	MOVW R30,R0
                 	MUL  R26,R@1
                 	ADD  R31,R0
                 	.ENDM
                 
                 ;NAME DEFINITIONS FOR GLOBAL VARIABLES ALLOCATED TO REGISTERS
                 	.DEF _start=R5
                 	.DEF __lcd_x=R4
                 	.DEF __lcd_y=R7
                 	.DEF __lcd_maxx=R6
                 
                 	.CSEG
                 	.ORG 0x00
                 
                 ;START OF CODE MARKER
                 __START_OF_CODE:
                 
                 ;INTERRUPT VECTORS
000000 940c 003d 	JMP  __RESET
000002 940c 0000 	JMP  0x00
000004 940c 0000 	JMP  0x00
000006 940c 0000 	JMP  0x00
000008 940c 0000 	JMP  0x00
00000a 940c 0000 	JMP  0x00
00000c 940c 0000 	JMP  0x00
00000e 940c 006a 	JMP  _timer1_compa_isr
000010 940c 0000 	JMP  0x00
000012 940c 0000 	JMP  0x00
000014 940c 0000 	JMP  0x00
000016 940c 0000 	JMP  0x00
000018 940c 0000 	JMP  0x00
00001a 940c 0000 	JMP  0x00
00001c 940c 0000 	JMP  0x00
00001e 940c 0000 	JMP  0x00
000020 940c 0000 	JMP  0x00
000022 940c 0000 	JMP  0x00
000024 940c 0000 	JMP  0x00
000026 940c 0000 	JMP  0x00
000028 940c 0000 	JMP  0x00
                 
                 ;GLOBAL REGISTER VARIABLES INITIALIZATION
                 __REG_VARS:
C:\Users\alrzazz\Desktop\Micpro Exp\az\final2\Debug\List\final2.asm(1124): warning: .cseg .db misalignment - padding zero byte
00002a 0000      	.DB  0x0
                 
                 _0x0:
00002b 6c41
00002c 7269
00002d 7a65
00002e 2061      	.DB  0x41,0x6C,0x69,0x72,0x65,0x7A,0x61,0x20
00002f 7a41
000030 7a69
000031 0069      	.DB  0x41,0x7A,0x69,0x7A,0x69,0x0
                 _0x2000003:
000032 c080      	.DB  0x80,0xC0
                 
                 __GLOBAL_INI_TBL:
000033 0001      	.DW  0x01
000034 0005      	.DW  0x05
000035 0054      	.DW  __REG_VARS*2
                 
000036 000e      	.DW  0x0E
000037 0260      	.DW  _0x6
000038 0056      	.DW  _0x0*2
                 
000039 0002      	.DW  0x02
00003a 026e      	.DW  __base_y_G100
00003b 0064      	.DW  _0x2000003*2
                 
                 _0xFFFFFFFF:
00003c 0000      	.DW  0
                 
                 #define __GLOBAL_INI_TBL_PRESENT 1
                 
                 __RESET:
00003d 94f8      	CLI
00003e 27ee      	CLR  R30
00003f bbec      	OUT  EECR,R30
                 
                 ;INTERRUPT VECTORS ARE PLACED
                 ;AT THE START OF FLASH
000040 e0f1      	LDI  R31,1
000041 bffb      	OUT  GICR,R31
000042 bfeb      	OUT  GICR,R30
000043 bfe5      	OUT  MCUCR,R30
                 
                 ;CLEAR R2-R14
000044 e08d      	LDI  R24,(14-2)+1
000045 e0a2      	LDI  R26,2
000046 27bb      	CLR  R27
                 __CLEAR_REG:
000047 93ed      	ST   X+,R30
000048 958a      	DEC  R24
000049 f7e9      	BRNE __CLEAR_REG
                 
                 ;CLEAR SRAM
00004a e080      	LDI  R24,LOW(__CLEAR_SRAM_SIZE)
00004b e098      	LDI  R25,HIGH(__CLEAR_SRAM_SIZE)
00004c e6a0      	LDI  R26,__SRAM_START
                 __CLEAR_SRAM:
00004d 93ed      	ST   X+,R30
00004e 9701      	SBIW R24,1
00004f f7e9      	BRNE __CLEAR_SRAM
                 
                 ;GLOBAL VARIABLES INITIALIZATION
000050 e6e6      	LDI  R30,LOW(__GLOBAL_INI_TBL*2)
000051 e0f0      	LDI  R31,HIGH(__GLOBAL_INI_TBL*2)
                 __GLOBAL_INI_NEXT:
000052 9185      	LPM  R24,Z+
000053 9195      	LPM  R25,Z+
000054 9700      	SBIW R24,0
000055 f061      	BREQ __GLOBAL_INI_END
000056 91a5      	LPM  R26,Z+
000057 91b5      	LPM  R27,Z+
000058 9005      	LPM  R0,Z+
000059 9015      	LPM  R1,Z+
00005a 01bf      	MOVW R22,R30
00005b 01f0      	MOVW R30,R0
                 __GLOBAL_INI_LOOP:
00005c 9005      	LPM  R0,Z+
00005d 920d      	ST   X+,R0
00005e 9701      	SBIW R24,1
00005f f7e1      	BRNE __GLOBAL_INI_LOOP
000060 01fb      	MOVW R30,R22
000061 cff0      	RJMP __GLOBAL_INI_NEXT
                 __GLOBAL_INI_END:
                 
                 ;HARDWARE STACK POINTER INITIALIZATION
000062 e5ef      	LDI  R30,LOW(__SRAM_END-__HEAP_SIZE)
000063 bfed      	OUT  SPL,R30
000064 e0e8      	LDI  R30,HIGH(__SRAM_END-__HEAP_SIZE)
000065 bfee      	OUT  SPH,R30
                 
                 ;DATA STACK POINTER INITIALIZATION
000066 e6c0      	LDI  R28,LOW(__SRAM_START+__DSTACK_SIZE)
000067 e0d2      	LDI  R29,HIGH(__SRAM_START+__DSTACK_SIZE)
                 
000068 940c 008e 	JMP  _main
                 
                 	.ESEG
                 	.ORG 0
                 
                 	.DSEG
                 	.ORG 0x260
                 
                 	.CSEG
                 ;/*******************************************************
                 ;This program was created by the
                 ;CodeWizardAVR V3.14 Advanced
                 ;Automatic Program Generator
                 ;© Copyright 1998-2014 Pavel Haiduc, HP InfoTech s.r.l.
                 ;http://www.hpinfotech.com
                 ;
                 ;Project : final2
                 ;Version :
                 ;Date    : 7/27/2020
                 ;Author  : Alireza Azizi
                 ;Company :
                 ;Comments:
                 ;
                 ;
                 ;Chip type               : ATmega32
                 ;Program type            : Application
                 ;AVR Core Clock frequency: 8.000000 MHz
                 ;Memory model            : Small
                 ;External RAM size       : 0
                 ;Data Stack size         : 512
                 ;*******************************************************/
                 ;
                 ;#include <mega32.h>
                 	#ifndef __SLEEP_DEFINED__
                 	#define __SLEEP_DEFINED__
                 	.EQU __se_bit=0x80
                 	.EQU __sm_mask=0x70
                 	.EQU __sm_powerdown=0x20
                 	.EQU __sm_powersave=0x30
                 	.EQU __sm_standby=0x60
                 	.EQU __sm_ext_standby=0x70
                 	.EQU __sm_adc_noise_red=0x10
                 	.SET power_ctrl_reg=mcucr
                 	#endif
                 ;#include <delay.h>
                 ;// Alphanumeric LCD functions
                 ;#include <alcd.h>
                 ;
                 ;// Declare your global variables here
                 ;unsigned char start = 0;
                 ;// Timer1 output compare A interrupt service routine
                 ;interrupt [TIM1_COMPA] void timer1_compa_isr(void)
                 ; 0000 0021 {
                 
                 	.CSEG
                 _timer1_compa_isr:
                 ; .FSTART _timer1_compa_isr
00006a 920a      	ST   -Y,R0
00006b 921a      	ST   -Y,R1
00006c 92fa      	ST   -Y,R15
00006d 936a      	ST   -Y,R22
00006e 937a      	ST   -Y,R23
00006f 938a      	ST   -Y,R24
000070 939a      	ST   -Y,R25
000071 93aa      	ST   -Y,R26
000072 93ba      	ST   -Y,R27
000073 93ea      	ST   -Y,R30
000074 93fa      	ST   -Y,R31
000075 b7ef      	IN   R30,SREG
000076 93ea      	ST   -Y,R30
                 ; 0000 0022 // Place your code here
                 ; 0000 0023     start++;
000077 9453      	INC  R5
                 ; 0000 0024     start = start % 32;
000078 2de5      	MOV  R30,R5
000079 e0f0      	LDI  R31,0
00007a e1af      	LDI  R26,LOW(31)
00007b e0b0      	LDI  R27,HIGH(31)
00007c 940e 0197 	CALL __MANDW12
00007e 2e5e      	MOV  R5,R30
                 ; 0000 0025     lcd_clear();
00007f d0b4      	RCALL _lcd_clear
                 ; 0000 0026 }
000080 91e9      	LD   R30,Y+
000081 bfef      	OUT  SREG,R30
000082 91f9      	LD   R31,Y+
000083 91e9      	LD   R30,Y+
000084 91b9      	LD   R27,Y+
000085 91a9      	LD   R26,Y+
000086 9199      	LD   R25,Y+
000087 9189      	LD   R24,Y+
000088 9179      	LD   R23,Y+
000089 9169      	LD   R22,Y+
00008a 90f9      	LD   R15,Y+
00008b 9019      	LD   R1,Y+
00008c 9009      	LD   R0,Y+
00008d 9518      	RETI
                 ; .FEND
                 ;
                 ;void main(void)
                 ; 0000 0029 {
                 _main:
                 ; .FSTART _main
                 ; 0000 002A // Declare your local variables here
                 ; 0000 002B int i =0;
                 ; 0000 002C int posx = 0;
                 ; 0000 002D int posy = 0;
                 ; 0000 002E // Input/Output Ports initialization
                 ; 0000 002F // Port A initialization
                 ; 0000 0030 // Function: Bit7=In Bit6=In Bit5=In Bit4=In Bit3=In Bit2=In Bit1=In Bit0=In
                 ; 0000 0031 DDRA=(0<<DDA7) | (0<<DDA6) | (0<<DDA5) | (0<<DDA4) | (0<<DDA3) | (0<<DDA2) | (0<<DDA1) | (0<<DDA0);
                 ;	i -> R16,R17
                 ;	posx -> R18,R19
                 ;	posy -> R20,R21
                +
00008e e000     +LDI R16 , LOW ( 0 )
00008f e010     +LDI R17 , HIGH ( 0 )
                 	__GETWRN 16,17,0
                +
000090 e020     +LDI R18 , LOW ( 0 )
000091 e030     +LDI R19 , HIGH ( 0 )
                 	__GETWRN 18,19,0
                +
000092 e040     +LDI R20 , LOW ( 0 )
000093 e050     +LDI R21 , HIGH ( 0 )
                 	__GETWRN 20,21,0
000094 e0e0      	LDI  R30,LOW(0)
000095 bbea      	OUT  0x1A,R30
                 ; 0000 0032 // State: Bit7=T Bit6=T Bit5=T Bit4=T Bit3=T Bit2=T Bit1=T Bit0=T
                 ; 0000 0033 PORTA=(0<<PORTA7) | (0<<PORTA6) | (0<<PORTA5) | (0<<PORTA4) | (0<<PORTA3) | (0<<PORTA2) | (0<<PORTA1) | (0<<PORTA0);
000096 bbeb      	OUT  0x1B,R30
                 ; 0000 0034 
                 ; 0000 0035 // Port B initialization
                 ; 0000 0036 // Function: Bit7=In Bit6=In Bit5=In Bit4=In Bit3=In Bit2=In Bit1=In Bit0=In
                 ; 0000 0037 DDRB=(0<<DDB7) | (0<<DDB6) | (0<<DDB5) | (0<<DDB4) | (0<<DDB3) | (0<<DDB2) | (0<<DDB1) | (0<<DDB0);
000097 bbe7      	OUT  0x17,R30
                 ; 0000 0038 // State: Bit7=T Bit6=T Bit5=T Bit4=T Bit3=T Bit2=T Bit1=T Bit0=T
                 ; 0000 0039 PORTB=(0<<PORTB7) | (0<<PORTB6) | (0<<PORTB5) | (0<<PORTB4) | (0<<PORTB3) | (0<<PORTB2) | (0<<PORTB1) | (0<<PORTB0);
000098 bbe8      	OUT  0x18,R30
                 ; 0000 003A 
                 ; 0000 003B // Port C initialization
                 ; 0000 003C // Function: Bit7=In Bit6=In Bit5=In Bit4=In Bit3=In Bit2=In Bit1=In Bit0=In
                 ; 0000 003D DDRC=(0<<DDC7) | (0<<DDC6) | (0<<DDC5) | (0<<DDC4) | (0<<DDC3) | (0<<DDC2) | (0<<DDC1) | (0<<DDC0);
000099 bbe4      	OUT  0x14,R30
                 ; 0000 003E // State: Bit7=T Bit6=T Bit5=T Bit4=T Bit3=T Bit2=T Bit1=T Bit0=T
                 ; 0000 003F PORTC=(0<<PORTC7) | (0<<PORTC6) | (0<<PORTC5) | (0<<PORTC4) | (0<<PORTC3) | (0<<PORTC2) | (0<<PORTC1) | (0<<PORTC0);
00009a bbe5      	OUT  0x15,R30
                 ; 0000 0040 
                 ; 0000 0041 // Port D initialization
                 ; 0000 0042 // Function: Bit7=Out Bit6=Out Bit5=Out Bit4=Out Bit3=Out Bit2=Out Bit1=Out Bit0=Out
                 ; 0000 0043 DDRD=(1<<DDD7) | (1<<DDD6) | (1<<DDD5) | (1<<DDD4) | (1<<DDD3) | (1<<DDD2) | (1<<DDD1) | (1<<DDD0);
00009b efef      	LDI  R30,LOW(255)
00009c bbe1      	OUT  0x11,R30
                 ; 0000 0044 // State: Bit7=0 Bit6=0 Bit5=0 Bit4=0 Bit3=0 Bit2=0 Bit1=0 Bit0=0
                 ; 0000 0045 PORTD=(0<<PORTD7) | (0<<PORTD6) | (0<<PORTD5) | (0<<PORTD4) | (0<<PORTD3) | (0<<PORTD2) | (0<<PORTD1) | (0<<PORTD0);
00009d e0e0      	LDI  R30,LOW(0)
00009e bbe2      	OUT  0x12,R30
                 ; 0000 0046 
                 ; 0000 0047 // Timer/Counter 0 initialization
                 ; 0000 0048 // Clock source: System Clock
                 ; 0000 0049 // Clock value: Timer 0 Stopped
                 ; 0000 004A // Mode: Normal top=0xFF
                 ; 0000 004B // OC0 output: Disconnected
                 ; 0000 004C TCCR0=(0<<WGM00) | (0<<COM01) | (0<<COM00) | (0<<WGM01) | (0<<CS02) | (0<<CS01) | (0<<CS00);
00009f bfe3      	OUT  0x33,R30
                 ; 0000 004D TCNT0=0x00;
0000a0 bfe2      	OUT  0x32,R30
                 ; 0000 004E OCR0=0x00;
0000a1 bfec      	OUT  0x3C,R30
                 ; 0000 004F 
                 ; 0000 0050 // Timer/Counter 1 initialization
                 ; 0000 0051 // Clock source: System Clock
                 ; 0000 0052 // Clock value: 31.250 kHz
                 ; 0000 0053 // Mode: CTC top=OCR1A
                 ; 0000 0054 // OC1A output: Disconnected
                 ; 0000 0055 // OC1B output: Disconnected
                 ; 0000 0056 // Noise Canceler: Off
                 ; 0000 0057 // Input Capture on Falling Edge
                 ; 0000 0058 // Timer Period: 1 s
                 ; 0000 0059 // Timer1 Overflow Interrupt: Off
                 ; 0000 005A // Input Capture Interrupt: Off
                 ; 0000 005B // Compare A Match Interrupt: On
                 ; 0000 005C // Compare B Match Interrupt: Off
                 ; 0000 005D TCCR1A=(0<<COM1A1) | (0<<COM1A0) | (0<<COM1B1) | (0<<COM1B0) | (0<<WGM11) | (0<<WGM10);
0000a2 bdef      	OUT  0x2F,R30
                 ; 0000 005E TCCR1B=(0<<ICNC1) | (0<<ICES1) | (0<<WGM13) | (1<<WGM12) | (1<<CS12) | (0<<CS11) | (0<<CS10);
0000a3 e0ec      	LDI  R30,LOW(12)
0000a4 bdee      	OUT  0x2E,R30
                 ; 0000 005F TCNT1H=0x00;
0000a5 e0e0      	LDI  R30,LOW(0)
0000a6 bded      	OUT  0x2D,R30
                 ; 0000 0060 TCNT1L=0x00;
0000a7 bdec      	OUT  0x2C,R30
                 ; 0000 0061 ICR1H=0x00;
0000a8 bde7      	OUT  0x27,R30
                 ; 0000 0062 ICR1L=0x00;
0000a9 bde6      	OUT  0x26,R30
                 ; 0000 0063 OCR1AH=0x7A;
0000aa e7ea      	LDI  R30,LOW(122)
0000ab bdeb      	OUT  0x2B,R30
                 ; 0000 0064 OCR1AL=0x12;
0000ac e1e2      	LDI  R30,LOW(18)
0000ad bdea      	OUT  0x2A,R30
                 ; 0000 0065 OCR1BH=0x00;
0000ae e0e0      	LDI  R30,LOW(0)
0000af bde9      	OUT  0x29,R30
                 ; 0000 0066 OCR1BL=0x00;
0000b0 bde8      	OUT  0x28,R30
                 ; 0000 0067 
                 ; 0000 0068 // Timer/Counter 2 initialization
                 ; 0000 0069 // Clock source: System Clock
                 ; 0000 006A // Clock value: Timer2 Stopped
                 ; 0000 006B // Mode: Normal top=0xFF
                 ; 0000 006C // OC2 output: Disconnected
                 ; 0000 006D ASSR=0<<AS2;
0000b1 bde2      	OUT  0x22,R30
                 ; 0000 006E TCCR2=(0<<PWM2) | (0<<COM21) | (0<<COM20) | (0<<CTC2) | (0<<CS22) | (0<<CS21) | (0<<CS20);
0000b2 bde5      	OUT  0x25,R30
                 ; 0000 006F TCNT2=0x00;
0000b3 bde4      	OUT  0x24,R30
                 ; 0000 0070 OCR2=0x00;
0000b4 bde3      	OUT  0x23,R30
                 ; 0000 0071 
                 ; 0000 0072 // Timer(s)/Counter(s) Interrupt(s) initialization
                 ; 0000 0073 TIMSK=(0<<OCIE2) | (0<<TOIE2) | (0<<TICIE1) | (1<<OCIE1A) | (0<<OCIE1B) | (0<<TOIE1) | (0<<OCIE0) | (0<<TOIE0);
0000b5 e1e0      	LDI  R30,LOW(16)
0000b6 bfe9      	OUT  0x39,R30
                 ; 0000 0074 
                 ; 0000 0075 // External Interrupt(s) initialization
                 ; 0000 0076 // INT0: Off
                 ; 0000 0077 // INT1: Off
                 ; 0000 0078 // INT2: Off
                 ; 0000 0079 MCUCR=(0<<ISC11) | (0<<ISC10) | (0<<ISC01) | (0<<ISC00);
0000b7 e0e0      	LDI  R30,LOW(0)
0000b8 bfe5      	OUT  0x35,R30
                 ; 0000 007A MCUCSR=(0<<ISC2);
0000b9 bfe4      	OUT  0x34,R30
                 ; 0000 007B 
                 ; 0000 007C // USART initialization
                 ; 0000 007D // USART disabled
                 ; 0000 007E UCSRB=(0<<RXCIE) | (0<<TXCIE) | (0<<UDRIE) | (0<<RXEN) | (0<<TXEN) | (0<<UCSZ2) | (0<<RXB8) | (0<<TXB8);
0000ba b9ea      	OUT  0xA,R30
                 ; 0000 007F 
                 ; 0000 0080 // Analog Comparator initialization
                 ; 0000 0081 // Analog Comparator: Off
                 ; 0000 0082 // The Analog Comparator's positive input is
                 ; 0000 0083 // connected to the AIN0 pin
                 ; 0000 0084 // The Analog Comparator's negative input is
                 ; 0000 0085 // connected to the AIN1 pin
                 ; 0000 0086 ACSR=(1<<ACD) | (0<<ACBG) | (0<<ACO) | (0<<ACI) | (0<<ACIE) | (0<<ACIC) | (0<<ACIS1) | (0<<ACIS0);
0000bb e8e0      	LDI  R30,LOW(128)
0000bc b9e8      	OUT  0x8,R30
                 ; 0000 0087 SFIOR=(0<<ACME);
0000bd e0e0      	LDI  R30,LOW(0)
0000be bfe0      	OUT  0x30,R30
                 ; 0000 0088 
                 ; 0000 0089 // ADC initialization
                 ; 0000 008A // ADC disabled
                 ; 0000 008B ADCSRA=(0<<ADEN) | (0<<ADSC) | (0<<ADATE) | (0<<ADIF) | (0<<ADIE) | (0<<ADPS2) | (0<<ADPS1) | (0<<ADPS0);
0000bf b9e6      	OUT  0x6,R30
                 ; 0000 008C 
                 ; 0000 008D // SPI initialization
                 ; 0000 008E // SPI disabled
                 ; 0000 008F SPCR=(0<<SPIE) | (0<<SPE) | (0<<DORD) | (0<<MSTR) | (0<<CPOL) | (0<<CPHA) | (0<<SPR1) | (0<<SPR0);
0000c0 b9ed      	OUT  0xD,R30
                 ; 0000 0090 
                 ; 0000 0091 // TWI initialization
                 ; 0000 0092 // TWI disabled
                 ; 0000 0093 TWCR=(0<<TWEA) | (0<<TWSTA) | (0<<TWSTO) | (0<<TWEN) | (0<<TWIE);
0000c1 bfe6      	OUT  0x36,R30
                 ; 0000 0094 
                 ; 0000 0095 // Alphanumeric LCD initialization
                 ; 0000 0096 // Connections are specified in the
                 ; 0000 0097 // Project|Configure|C Compiler|Libraries|Alphanumeric LCD menu:
                 ; 0000 0098 // RS - PORTD Bit 0
                 ; 0000 0099 // RD - PORTD Bit 1
                 ; 0000 009A // EN - PORTD Bit 2
                 ; 0000 009B // D4 - PORTD Bit 4
                 ; 0000 009C // D5 - PORTD Bit 5
                 ; 0000 009D // D6 - PORTD Bit 6
                 ; 0000 009E // D7 - PORTD Bit 7
                 ; 0000 009F // Characters/line: 16
                 ; 0000 00A0 lcd_init(16);
0000c2 e1a0      	LDI  R26,LOW(16)
0000c3 d08e      	RCALL _lcd_init
                 ; 0000 00A1 
                 ; 0000 00A2 // Global enable interrupts
                 ; 0000 00A3 #asm("sei")
0000c4 9478      	sei
                 ; 0000 00A4 
                 ; 0000 00A5 while (1)
                 _0x3:
                 ; 0000 00A6       {
                 ; 0000 00A7       char* name = "Alireza Azizi";
                 ; 0000 00A8       for( i=0; i < 13; i++)
0000c5 9722      	SBIW R28,2
0000c6 e6e0      	LDI  R30,LOW(_0x6)
0000c7 e0f2      	LDI  R31,HIGH(_0x6)
0000c8 83e8      	ST   Y,R30
0000c9 83f9      	STD  Y+1,R31
                 ;	*name -> Y+0
                +
0000ca e000     +LDI R16 , LOW ( 0 )
0000cb e010     +LDI R17 , HIGH ( 0 )
                 	__GETWRN 16,17,0
                 _0x8:
                +
0000cc 300d     +CPI R16 , LOW ( 13 )
0000cd e0e0     +LDI R30 , HIGH ( 13 )
0000ce 071e     +CPC R17 , R30
                 	__CPWRN 16,17,13
0000cf f584      	BRGE _0x9
                 ; 0000 00A9       {
                 ; 0000 00AA       posx = 15 - i - start;
0000d0 e0ef      	LDI  R30,LOW(15)
0000d1 e0f0      	LDI  R31,HIGH(15)
0000d2 1be0      	SUB  R30,R16
0000d3 0bf1      	SBC  R31,R17
0000d4 01df      	MOVW R26,R30
0000d5 2de5      	MOV  R30,R5
0000d6 e0f0      	LDI  R31,0
0000d7 1bae      	SUB  R26,R30
0000d8 0bbf      	SBC  R27,R31
0000d9 019d      	MOVW R18,R26
                 ; 0000 00AB       posy = 0;
                +
0000da e040     +LDI R20 , LOW ( 0 )
0000db e050     +LDI R21 , HIGH ( 0 )
                 	__GETWRN 20,21,0
                 ; 0000 00AC       if(posx < 0 && posy == 0)
0000dc 2333      	TST  R19
0000dd f422      	BRPL _0xB
0000de 2400      	CLR  R0
0000df 1604      	CP   R0,R20
0000e0 0605      	CPC  R0,R21
0000e1 f009      	BREQ _0xC
                 _0xB:
0000e2 c004      	RJMP _0xA
                 _0xC:
                 ; 0000 00AD       {
                 ; 0000 00AE       posy = 1;
                +
0000e3 e041     +LDI R20 , LOW ( 1 )
0000e4 e050     +LDI R21 , HIGH ( 1 )
                 	__GETWRN 20,21,1
                 ; 0000 00AF       posx += 16;
                +
0000e5 5f20     +SUBI R18 , LOW ( - 16 )
0000e6 4f3f     +SBCI R19 , HIGH ( - 16 )
                 	__ADDWRN 18,19,16
                 ; 0000 00B0       }
                 ; 0000 00B1       if(posx < 0 && posy == 1)
                 _0xA:
0000e7 2333      	TST  R19
0000e8 f42a      	BRPL _0xE
0000e9 e0e1      	LDI  R30,LOW(1)
0000ea e0f0      	LDI  R31,HIGH(1)
0000eb 17e4      	CP   R30,R20
0000ec 07f5      	CPC  R31,R21
0000ed f009      	BREQ _0xF
                 _0xE:
0000ee c004      	RJMP _0xD
                 _0xF:
                 ; 0000 00B2       {
                 ; 0000 00B3       posy = 0;
                +
0000ef e040     +LDI R20 , LOW ( 0 )
0000f0 e050     +LDI R21 , HIGH ( 0 )
                 	__GETWRN 20,21,0
                 ; 0000 00B4       posx += 16;
                +
0000f1 5f20     +SUBI R18 , LOW ( - 16 )
0000f2 4f3f     +SBCI R19 , HIGH ( - 16 )
                 	__ADDWRN 18,19,16
                 ; 0000 00B5       }
                 ; 0000 00B6       lcd_gotoxy( posx, posy);
                 _0xD:
0000f3 932a      	ST   -Y,R18
0000f4 2fa4      	MOV  R26,R20
0000f5 d031      	RCALL _lcd_gotoxy
                 ; 0000 00B7       lcd_putchar(name[i]);
0000f6 01f8      	MOVW R30,R16
0000f7 81a8      	LD   R26,Y
0000f8 81b9      	LDD  R27,Y+1
0000f9 0fae      	ADD  R26,R30
0000fa 1fbf      	ADC  R27,R31
0000fb 91ac      	LD   R26,X
0000fc d041      	RCALL _lcd_putchar
                 ; 0000 00B8       }
                +
0000fd 5f0f     +SUBI R16 , LOW ( - 1 )
0000fe 4f1f     +SBCI R17 , HIGH ( - 1 )
                 	__ADDWRN 16,17,1
0000ff cfcc      	RJMP _0x8
                 _0x9:
                 ; 0000 00B9       delay_ms(100);
000100 e6a4      	LDI  R26,LOW(100)
000101 e0b0      	LDI  R27,0
000102 940e 0189 	CALL _delay_ms
                 ; 0000 00BA       }
000104 9622      	ADIW R28,2
000105 cfbf      	RJMP _0x3
                 ; 0000 00BB }
                 _0x10:
000106 cfff      	RJMP _0x10
                 ; .FEND
                 
                 	.DSEG
                 _0x6:
000260           	.BYTE 0xE
                 	#ifndef __SLEEP_DEFINED__
                 	#endif
                 
                 	.DSEG
                 
                 	.CSEG
                 __lcd_write_nibble_G100:
                 ; .FSTART __lcd_write_nibble_G100
000107 93aa      	ST   -Y,R26
000108 b3e2      	IN   R30,0x12
000109 70ef      	ANDI R30,LOW(0xF)
00010a 2fae      	MOV  R26,R30
00010b 81e8      	LD   R30,Y
00010c 7fe0      	ANDI R30,LOW(0xF0)
00010d 2bea      	OR   R30,R26
00010e bbe2      	OUT  0x12,R30
                +
00010f e08d     +LDI R24 , LOW ( 13 )
                +__DELAY_USB_LOOP :
000110 958a     +DEC R24
000111 f7f1     +BRNE __DELAY_USB_LOOP
                 	__DELAY_USB 13
000112 9a92      	SBI  0x12,2
                +
000113 e08d     +LDI R24 , LOW ( 13 )
                +__DELAY_USB_LOOP :
000114 958a     +DEC R24
000115 f7f1     +BRNE __DELAY_USB_LOOP
                 	__DELAY_USB 13
000116 9892      	CBI  0x12,2
                +
000117 e08d     +LDI R24 , LOW ( 13 )
                +__DELAY_USB_LOOP :
000118 958a     +DEC R24
000119 f7f1     +BRNE __DELAY_USB_LOOP
                 	__DELAY_USB 13
00011a c060      	RJMP _0x2020001
                 ; .FEND
                 __lcd_write_data:
                 ; .FSTART __lcd_write_data
00011b 93aa      	ST   -Y,R26
00011c 81a8      	LD   R26,Y
00011d dfe9      	RCALL __lcd_write_nibble_G100
00011e 81e8          ld    r30,y
00011f 95e2          swap  r30
000120 83e8          st    y,r30
000121 81a8      	LD   R26,Y
000122 dfe4      	RCALL __lcd_write_nibble_G100
                +
000123 e885     +LDI R24 , LOW ( 133 )
                +__DELAY_USB_LOOP :
000124 958a     +DEC R24
000125 f7f1     +BRNE __DELAY_USB_LOOP
                 	__DELAY_USB 133
000126 c054      	RJMP _0x2020001
                 ; .FEND
                 _lcd_gotoxy:
                 ; .FSTART _lcd_gotoxy
000127 93aa      	ST   -Y,R26
000128 81e8      	LD   R30,Y
000129 e0f0      	LDI  R31,0
00012a 59e2      	SUBI R30,LOW(-__base_y_G100)
00012b 4ffd      	SBCI R31,HIGH(-__base_y_G100)
00012c 81e0      	LD   R30,Z
00012d 81a9      	LDD  R26,Y+1
00012e 0fae      	ADD  R26,R30
00012f dfeb      	RCALL __lcd_write_data
000130 8049      	LDD  R4,Y+1
000131 8078      	LDD  R7,Y+0
000132 9622      	ADIW R28,2
000133 9508      	RET
                 ; .FEND
                 _lcd_clear:
                 ; .FSTART _lcd_clear
000134 e0a2      	LDI  R26,LOW(2)
000135 d047      	RCALL SUBOPT_0x0
000136 e0ac      	LDI  R26,LOW(12)
000137 dfe3      	RCALL __lcd_write_data
000138 e0a1      	LDI  R26,LOW(1)
000139 d043      	RCALL SUBOPT_0x0
00013a e0e0      	LDI  R30,LOW(0)
00013b 2e7e      	MOV  R7,R30
00013c 2e4e      	MOV  R4,R30
00013d 9508      	RET
                 ; .FEND
                 _lcd_putchar:
                 ; .FSTART _lcd_putchar
00013e 93aa      	ST   -Y,R26
00013f 81a8      	LD   R26,Y
000140 30aa      	CPI  R26,LOW(0xA)
000141 f011      	BREQ _0x2000005
000142 1446      	CP   R4,R6
000143 f040      	BRLO _0x2000004
                 _0x2000005:
000144 e0e0      	LDI  R30,LOW(0)
000145 93ea      	ST   -Y,R30
000146 9473      	INC  R7
000147 2da7      	MOV  R26,R7
000148 dfde      	RCALL _lcd_gotoxy
000149 81a8      	LD   R26,Y
00014a 30aa      	CPI  R26,LOW(0xA)
00014b f179      	BREQ _0x2020001
                 _0x2000004:
00014c 9443      	INC  R4
00014d 9a90      	SBI  0x12,0
00014e 81a8      	LD   R26,Y
00014f dfcb      	RCALL __lcd_write_data
000150 9890      	CBI  0x12,0
000151 c029      	RJMP _0x2020001
                 ; .FEND
                 _lcd_init:
                 ; .FSTART _lcd_init
000152 93aa      	ST   -Y,R26
000153 b3e1      	IN   R30,0x11
000154 6fe0      	ORI  R30,LOW(0xF0)
000155 bbe1      	OUT  0x11,R30
000156 9a8a      	SBI  0x11,2
000157 9a88      	SBI  0x11,0
000158 9a89      	SBI  0x11,1
000159 9892      	CBI  0x12,2
00015a 9890      	CBI  0x12,0
00015b 9891      	CBI  0x12,1
00015c 8068      	LDD  R6,Y+0
00015d 81e8      	LD   R30,Y
00015e 58e0      	SUBI R30,-LOW(128)
                +
00015f 93e0 0270+STS __base_y_G100 + ( 2 ) , R30
                 	__PUTB1MN __base_y_G100,2
000161 81e8      	LD   R30,Y
000162 54e0      	SUBI R30,-LOW(192)
                +
000163 93e0 0271+STS __base_y_G100 + ( 3 ) , R30
                 	__PUTB1MN __base_y_G100,3
000165 e1a4      	LDI  R26,LOW(20)
000166 e0b0      	LDI  R27,0
000167 940e 0189 	CALL _delay_ms
000169 d018      	RCALL SUBOPT_0x1
00016a d017      	RCALL SUBOPT_0x1
00016b d016      	RCALL SUBOPT_0x1
00016c e2a0      	LDI  R26,LOW(32)
00016d df99      	RCALL __lcd_write_nibble_G100
                +
00016e ec88     +LDI R24 , LOW ( 200 )
00016f e090     +LDI R25 , HIGH ( 200 )
                +__DELAY_USW_LOOP :
000170 9701     +SBIW R24 , 1
000171 f7f1     +BRNE __DELAY_USW_LOOP
                 	__DELAY_USW 200
000172 e2a8      	LDI  R26,LOW(40)
000173 dfa7      	RCALL __lcd_write_data
000174 e0a4      	LDI  R26,LOW(4)
000175 dfa5      	RCALL __lcd_write_data
000176 e8a5      	LDI  R26,LOW(133)
000177 dfa3      	RCALL __lcd_write_data
000178 e0a6      	LDI  R26,LOW(6)
000179 dfa1      	RCALL __lcd_write_data
00017a dfb9      	RCALL _lcd_clear
                 _0x2020001:
00017b 9621      	ADIW R28,1
00017c 9508      	RET
                 ; .FEND
                 
                 	.DSEG
                 __base_y_G100:
00026e           	.BYTE 0x4
                 
                 	.CSEG
                 ;OPTIMIZER ADDED SUBROUTINE, CALLED 2 TIMES, CODE SIZE REDUCTION:1 WORDS
                 SUBOPT_0x0:
00017d df9d      	RCALL __lcd_write_data
00017e e0a3      	LDI  R26,LOW(3)
00017f e0b0      	LDI  R27,0
000180 940c 0189 	JMP  _delay_ms
                 
                 ;OPTIMIZER ADDED SUBROUTINE, CALLED 3 TIMES, CODE SIZE REDUCTION:7 WORDS
                 SUBOPT_0x1:
000182 e3a0      	LDI  R26,LOW(48)
000183 df83      	RCALL __lcd_write_nibble_G100
                +
000184 ec88     +LDI R24 , LOW ( 200 )
000185 e090     +LDI R25 , HIGH ( 200 )
                +__DELAY_USW_LOOP :
000186 9701     +SBIW R24 , 1
000187 f7f1     +BRNE __DELAY_USW_LOOP
                 	__DELAY_USW 200
000188 9508      	RET
                 
                 
                 	.CSEG
                 _delay_ms:
000189 9610      	adiw r26,0
00018a f039      	breq __delay_ms1
                 __delay_ms0:
00018b 95a8      	wdr
                +
00018c ed80     +LDI R24 , LOW ( 0x7D0 )
00018d e097     +LDI R25 , HIGH ( 0x7D0 )
                +__DELAY_USW_LOOP :
00018e 9701     +SBIW R24 , 1
00018f f7f1     +BRNE __DELAY_USW_LOOP
                 	__DELAY_USW 0x7D0
000190 9711      	sbiw r26,1
000191 f7c9      	brne __delay_ms0
                 __delay_ms1:
000192 9508      	ret
                 
                 __ANEGW1:
000193 95f1      	NEG  R31
000194 95e1      	NEG  R30
000195 40f0      	SBCI R31,0
000196 9508      	RET
                 
                 __MANDW12:
000197 94e8      	CLT
000198 fff7      	SBRS R31,7
000199 c002      	RJMP __MANDW121
00019a dff8      	RCALL __ANEGW1
00019b 9468      	SET
                 __MANDW121:
00019c 23ea      	AND  R30,R26
00019d 23fb      	AND  R31,R27
00019e f40e      	BRTC __MANDW122
00019f dff3      	RCALL __ANEGW1
                 __MANDW122:
0001a0 9508      	RET
                 
                 ;END OF CODE MARKER
                 __END_OF_CODE:


RESOURCE USE INFORMATION
------------------------

Notice:
The register and instruction counts are symbol table hit counts,
and hence implicitly used resources are not counted, eg, the
'lpm' instruction without operands implicitly uses r0 and z,
none of which are counted.

x,y,z are separate entities in the symbol table and are
counted separately from r26..r31 here.

.dseg memory usage only counts static data declared with .byte

ATmega32 register use summary:
r0 :   9 r1 :   3 r2 :   0 r3 :   0 r4 :   4 r5 :   4 r6 :   2 r7 :   4 
r8 :   0 r9 :   0 r10:   0 r11:   0 r12:   0 r13:   0 r14:   0 r15:   2 
r16:   6 r17:   5 r18:   5 r19:   5 r20:   7 r21:   6 r22:   4 r23:   2 
r24:  23 r25:   7 r26:  46 r27:  12 r28:   5 r29:   1 r30: 111 r31:  21 
x  :   4 y  :  50 z  :   8 
Registers used: 26 out of 35 (74.3%)

ATmega32 instruction use summary:
.lds  :   0 .lds.l:   0 .sts  :   0 .sts.l:   0 adc   :   1 add   :   2 
adiw  :   4 and   :   2 andi  :   2 asr   :   0 bclr  :   0 bld   :   0 
brbc  :   0 brbs  :   0 brcc  :   0 brcs  :   0 break :   0 breq  :   6 
brge  :   1 brhc  :   0 brhs  :   0 brid  :   0 brie  :   0 brlo  :   1 
brlt  :   0 brmi  :   0 brne  :  11 brpl  :   2 brsh  :   0 brtc  :   1 
brts  :   0 brvc  :   0 brvs  :   0 bset  :   0 bst   :   0 call  :   3 
cbi   :   5 cbr   :   0 clc   :   0 clh   :   0 cli   :   1 cln   :   0 
clr   :   3 cls   :   0 clt   :   1 clv   :   0 clz   :   0 com   :   0 
cp    :   3 cpc   :   3 cpi   :   3 cpse  :   0 dec   :   5 des   :   0 
eor   :   0 fmul  :   0 fmuls :   0 fmulsu:   0 icall :   0 ijmp  :   0 
in    :   3 inc   :   3 jmp   :  23 ld    :  25 ldd   :   5 ldi   :  78 
lds   :   0 lpm   :   7 lsl   :   0 lsr   :   0 mov   :   8 movw  :   6 
mul   :   0 muls  :   0 mulsu :   0 neg   :   2 nop   :   0 or    :   1 
ori   :   1 out   :  43 pop   :   0 push  :   0 rcall :  25 ret   :   7 
reti  :   1 rjmp  :  10 rol   :   0 ror   :   0 sbc   :   2 sbci  :   5 
sbi   :   5 sbic  :   0 sbis  :   0 sbiw  :   8 sbr   :   0 sbrc  :   0 
sbrs  :   1 sec   :   0 seh   :   0 sei   :   1 sen   :   0 ser   :   0 
ses   :   0 set   :   1 sev   :   0 sez   :   0 sleep :   0 spm   :   0 
st    :  24 std   :   1 sts   :   2 sub   :   2 subi  :   6 swap  :   1 
tst   :   2 wdr   :   1 
Instructions used: 52 out of 116 (44.8%)

ATmega32 memory use summary [bytes]:
Segment   Begin    End      Code   Data   Used    Size   Use%
---------------------------------------------------------------
[.cseg] 0x000000 0x000342    796     38    834   32768   2.5%
[.dseg] 0x000060 0x000272      0     18     18    2048   0.9%
[.eseg] 0x000000 0x000000      0      0      0    1024   0.0%

Assembly complete, 0 errors, 5 warnings
