
AVRASM ver. 2.1.30  C:\Users\local home\Desktop\RIZPAR\final\List\finalpr.asm Sat Jul 18 16:22:31 2020

C:\Users\local home\Desktop\RIZPAR\final\List\finalpr.asm(1072): warning: Register r5 already defined by the .DEF directive
C:\Users\local home\Desktop\RIZPAR\final\List\finalpr.asm(1073): warning: Register r4 already defined by the .DEF directive
C:\Users\local home\Desktop\RIZPAR\final\List\finalpr.asm(1074): warning: Register r6 already defined by the .DEF directive
C:\Users\local home\Desktop\RIZPAR\final\List\finalpr.asm(1075): warning: Register r8 already defined by the .DEF directive
C:\Users\local home\Desktop\RIZPAR\final\List\finalpr.asm(1076): warning: Register r13 already defined by the .DEF directive
C:\Users\local home\Desktop\RIZPAR\final\List\finalpr.asm(1077): warning: Register r12 already defined by the .DEF directive
                 
                 
                 ;CodeVisionAVR C Compiler V2.05.3 Standard
                 ;(C) Copyright 1998-2011 Pavel Haiduc, HP InfoTech s.r.l.
                 ;http://www.hpinfotech.com
                 
                 ;Chip type                : ATmega32
                 ;Program type             : Application
                 ;Clock frequency          : 8/000000 MHz
                 ;Memory model             : Small
                 ;Optimize for             : Size
                 ;(s)printf features       : int, width
                 ;(s)scanf features        : int, width
                 ;External RAM size        : 0
                 ;Data Stack size          : 512 byte(s)
                 ;Heap size                : 0 byte(s)
                 ;Promote 'char' to 'int'  : Yes
                 ;'char' is unsigned       : Yes
                 ;8 bit enums              : Yes
                 ;Global 'const' stored in FLASH     : No
                 ;Enhanced function parameter passing: Yes
                 ;Enhanced core instructions         : On
                 ;Smart register allocation          : On
                 ;Automatic register allocation      : On
                 
                 	#pragma AVRPART ADMIN PART_NAME ATmega32
                 	#pragma AVRPART MEMORY PROG_FLASH 32768
                 	#pragma AVRPART MEMORY EEPROM 1024
                 	#pragma AVRPART MEMORY INT_SRAM SIZE 2143
                 	#pragma AVRPART MEMORY INT_SRAM START_ADDR 0x60
                 
                 	#define CALL_SUPPORTED 1
                 
                 	.LISTMAC
                 	.EQU UDRE=0x5
                 	.EQU RXC=0x7
                 	.EQU USR=0xB
                 	.EQU UDR=0xC
                 	.EQU SPSR=0xE
                 	.EQU SPDR=0xF
                 	.EQU EERE=0x0
                 	.EQU EEWE=0x1
                 	.EQU EEMWE=0x2
                 	.EQU EECR=0x1C
                 	.EQU EEDR=0x1D
                 	.EQU EEARL=0x1E
                 	.EQU EEARH=0x1F
                 	.EQU WDTCR=0x21
                 	.EQU MCUCR=0x35
                 	.EQU GICR=0x3B
                 	.EQU SPL=0x3D
                 	.EQU SPH=0x3E
                 	.EQU SREG=0x3F
                 
                 	.DEF R0X0=R0
                 	.DEF R0X1=R1
                 	.DEF R0X2=R2
                 	.DEF R0X3=R3
                 	.DEF R0X4=R4
                 	.DEF R0X5=R5
                 	.DEF R0X6=R6
                 	.DEF R0X7=R7
                 	.DEF R0X8=R8
                 	.DEF R0X9=R9
                 	.DEF R0XA=R10
                 	.DEF R0XB=R11
                 	.DEF R0XC=R12
                 	.DEF R0XD=R13
                 	.DEF R0XE=R14
                 	.DEF R0XF=R15
                 	.DEF R0X10=R16
                 	.DEF R0X11=R17
                 	.DEF R0X12=R18
                 	.DEF R0X13=R19
                 	.DEF R0X14=R20
                 	.DEF R0X15=R21
                 	.DEF R0X16=R22
                 	.DEF R0X17=R23
                 	.DEF R0X18=R24
                 	.DEF R0X19=R25
                 	.DEF R0X1A=R26
                 	.DEF R0X1B=R27
                 	.DEF R0X1C=R28
                 	.DEF R0X1D=R29
                 	.DEF R0X1E=R30
                 	.DEF R0X1F=R31
                 
                 	.EQU __SRAM_START=0x0060
                 	.EQU __SRAM_END=0x085F
                 	.EQU __DSTACK_SIZE=0x0200
                 	.EQU __HEAP_SIZE=0x0000
                 	.EQU __CLEAR_SRAM_SIZE=__SRAM_END-__SRAM_START+1
                 
                 	.MACRO __CPD1N
                 	CPI  R30,LOW(@0)
                 	LDI  R26,HIGH(@0)
                 	CPC  R31,R26
                 	LDI  R26,BYTE3(@0)
                 	CPC  R22,R26
                 	LDI  R26,BYTE4(@0)
                 	CPC  R23,R26
                 	.ENDM
                 
                 	.MACRO __CPD2N
                 	CPI  R26,LOW(@0)
                 	LDI  R30,HIGH(@0)
                 	CPC  R27,R30
                 	LDI  R30,BYTE3(@0)
                 	CPC  R24,R30
                 	LDI  R30,BYTE4(@0)
                 	CPC  R25,R30
                 	.ENDM
                 
                 	.MACRO __CPWRR
                 	CP   R@0,R@2
                 	CPC  R@1,R@3
                 	.ENDM
                 
                 	.MACRO __CPWRN
                 	CPI  R@0,LOW(@2)
                 	LDI  R30,HIGH(@2)
                 	CPC  R@1,R30
                 	.ENDM
                 
                 	.MACRO __ADDB1MN
                 	SUBI R30,LOW(-@0-(@1))
                 	.ENDM
                 
                 	.MACRO __ADDB2MN
                 	SUBI R26,LOW(-@0-(@1))
                 	.ENDM
                 
                 	.MACRO __ADDW1MN
                 	SUBI R30,LOW(-@0-(@1))
                 	SBCI R31,HIGH(-@0-(@1))
                 	.ENDM
                 
                 	.MACRO __ADDW2MN
                 	SUBI R26,LOW(-@0-(@1))
                 	SBCI R27,HIGH(-@0-(@1))
                 	.ENDM
                 
                 	.MACRO __ADDW1FN
                 	SUBI R30,LOW(-2*@0-(@1))
                 	SBCI R31,HIGH(-2*@0-(@1))
                 	.ENDM
                 
                 	.MACRO __ADDD1FN
                 	SUBI R30,LOW(-2*@0-(@1))
                 	SBCI R31,HIGH(-2*@0-(@1))
                 	SBCI R22,BYTE3(-2*@0-(@1))
                 	.ENDM
                 
                 	.MACRO __ADDD1N
                 	SUBI R30,LOW(-@0)
                 	SBCI R31,HIGH(-@0)
                 	SBCI R22,BYTE3(-@0)
                 	SBCI R23,BYTE4(-@0)
                 	.ENDM
                 
                 	.MACRO __ADDD2N
                 	SUBI R26,LOW(-@0)
                 	SBCI R27,HIGH(-@0)
                 	SBCI R24,BYTE3(-@0)
                 	SBCI R25,BYTE4(-@0)
                 	.ENDM
                 
                 	.MACRO __SUBD1N
                 	SUBI R30,LOW(@0)
                 	SBCI R31,HIGH(@0)
                 	SBCI R22,BYTE3(@0)
                 	SBCI R23,BYTE4(@0)
                 	.ENDM
                 
                 	.MACRO __SUBD2N
                 	SUBI R26,LOW(@0)
                 	SBCI R27,HIGH(@0)
                 	SBCI R24,BYTE3(@0)
                 	SBCI R25,BYTE4(@0)
                 	.ENDM
                 
                 	.MACRO __ANDBMNN
                 	LDS  R30,@0+(@1)
                 	ANDI R30,LOW(@2)
                 	STS  @0+(@1),R30
                 	.ENDM
                 
                 	.MACRO __ANDWMNN
                 	LDS  R30,@0+(@1)
                 	ANDI R30,LOW(@2)
                 	STS  @0+(@1),R30
                 	LDS  R30,@0+(@1)+1
                 	ANDI R30,HIGH(@2)
                 	STS  @0+(@1)+1,R30
                 	.ENDM
                 
                 	.MACRO __ANDD1N
                 	ANDI R30,LOW(@0)
                 	ANDI R31,HIGH(@0)
                 	ANDI R22,BYTE3(@0)
                 	ANDI R23,BYTE4(@0)
                 	.ENDM
                 
                 	.MACRO __ANDD2N
                 	ANDI R26,LOW(@0)
                 	ANDI R27,HIGH(@0)
                 	ANDI R24,BYTE3(@0)
                 	ANDI R25,BYTE4(@0)
                 	.ENDM
                 
                 	.MACRO __ORBMNN
                 	LDS  R30,@0+(@1)
                 	ORI  R30,LOW(@2)
                 	STS  @0+(@1),R30
                 	.ENDM
                 
                 	.MACRO __ORWMNN
                 	LDS  R30,@0+(@1)
                 	ORI  R30,LOW(@2)
                 	STS  @0+(@1),R30
                 	LDS  R30,@0+(@1)+1
                 	ORI  R30,HIGH(@2)
                 	STS  @0+(@1)+1,R30
                 	.ENDM
                 
                 	.MACRO __ORD1N
                 	ORI  R30,LOW(@0)
                 	ORI  R31,HIGH(@0)
                 	ORI  R22,BYTE3(@0)
                 	ORI  R23,BYTE4(@0)
                 	.ENDM
                 
                 	.MACRO __ORD2N
                 	ORI  R26,LOW(@0)
                 	ORI  R27,HIGH(@0)
                 	ORI  R24,BYTE3(@0)
                 	ORI  R25,BYTE4(@0)
                 	.ENDM
                 
                 	.MACRO __DELAY_USB
                 	LDI  R24,LOW(@0)
                 __DELAY_USB_LOOP:
                 	DEC  R24
                 	BRNE __DELAY_USB_LOOP
                 	.ENDM
                 
                 	.MACRO __DELAY_USW
                 	LDI  R24,LOW(@0)
                 	LDI  R25,HIGH(@0)
                 __DELAY_USW_LOOP:
                 	SBIW R24,1
                 	BRNE __DELAY_USW_LOOP
                 	.ENDM
                 
                 	.MACRO __GETD1S
                 	LDD  R30,Y+@0
                 	LDD  R31,Y+@0+1
                 	LDD  R22,Y+@0+2
                 	LDD  R23,Y+@0+3
                 	.ENDM
                 
                 	.MACRO __GETD2S
                 	LDD  R26,Y+@0
                 	LDD  R27,Y+@0+1
                 	LDD  R24,Y+@0+2
                 	LDD  R25,Y+@0+3
                 	.ENDM
                 
                 	.MACRO __PUTD1S
                 	STD  Y+@0,R30
                 	STD  Y+@0+1,R31
                 	STD  Y+@0+2,R22
                 	STD  Y+@0+3,R23
                 	.ENDM
                 
                 	.MACRO __PUTD2S
                 	STD  Y+@0,R26
                 	STD  Y+@0+1,R27
                 	STD  Y+@0+2,R24
                 	STD  Y+@0+3,R25
                 	.ENDM
                 
                 	.MACRO __PUTDZ2
                 	STD  Z+@0,R26
                 	STD  Z+@0+1,R27
                 	STD  Z+@0+2,R24
                 	STD  Z+@0+3,R25
                 	.ENDM
                 
                 	.MACRO __CLRD1S
                 	STD  Y+@0,R30
                 	STD  Y+@0+1,R30
                 	STD  Y+@0+2,R30
                 	STD  Y+@0+3,R30
                 	.ENDM
                 
                 	.MACRO __POINTB1MN
                 	LDI  R30,LOW(@0+(@1))
                 	.ENDM
                 
                 	.MACRO __POINTW1MN
                 	LDI  R30,LOW(@0+(@1))
                 	LDI  R31,HIGH(@0+(@1))
                 	.ENDM
                 
                 	.MACRO __POINTD1M
                 	LDI  R30,LOW(@0)
                 	LDI  R31,HIGH(@0)
                 	LDI  R22,BYTE3(@0)
                 	LDI  R23,BYTE4(@0)
                 	.ENDM
                 
                 	.MACRO __POINTW1FN
                 	LDI  R30,LOW(2*@0+(@1))
                 	LDI  R31,HIGH(2*@0+(@1))
                 	.ENDM
                 
                 	.MACRO __POINTD1FN
                 	LDI  R30,LOW(2*@0+(@1))
                 	LDI  R31,HIGH(2*@0+(@1))
                 	LDI  R22,BYTE3(2*@0+(@1))
                 	LDI  R23,BYTE4(2*@0+(@1))
                 	.ENDM
                 
                 	.MACRO __POINTB2MN
                 	LDI  R26,LOW(@0+(@1))
                 	.ENDM
                 
                 	.MACRO __POINTW2MN
                 	LDI  R26,LOW(@0+(@1))
                 	LDI  R27,HIGH(@0+(@1))
                 	.ENDM
                 
                 	.MACRO __POINTW2FN
                 	LDI  R26,LOW(2*@0+(@1))
                 	LDI  R27,HIGH(2*@0+(@1))
                 	.ENDM
                 
                 	.MACRO __POINTD2FN
                 	LDI  R26,LOW(2*@0+(@1))
                 	LDI  R27,HIGH(2*@0+(@1))
                 	LDI  R24,BYTE3(2*@0+(@1))
                 	LDI  R25,BYTE4(2*@0+(@1))
                 	.ENDM
                 
                 	.MACRO __POINTBRM
                 	LDI  R@0,LOW(@1)
                 	.ENDM
                 
                 	.MACRO __POINTWRM
                 	LDI  R@0,LOW(@2)
                 	LDI  R@1,HIGH(@2)
                 	.ENDM
                 
                 	.MACRO __POINTBRMN
                 	LDI  R@0,LOW(@1+(@2))
                 	.ENDM
                 
                 	.MACRO __POINTWRMN
                 	LDI  R@0,LOW(@2+(@3))
                 	LDI  R@1,HIGH(@2+(@3))
                 	.ENDM
                 
                 	.MACRO __POINTWRFN
                 	LDI  R@0,LOW(@2*2+(@3))
                 	LDI  R@1,HIGH(@2*2+(@3))
                 	.ENDM
                 
                 	.MACRO __GETD1N
                 	LDI  R30,LOW(@0)
                 	LDI  R31,HIGH(@0)
                 	LDI  R22,BYTE3(@0)
                 	LDI  R23,BYTE4(@0)
                 	.ENDM
                 
                 	.MACRO __GETD2N
                 	LDI  R26,LOW(@0)
                 	LDI  R27,HIGH(@0)
                 	LDI  R24,BYTE3(@0)
                 	LDI  R25,BYTE4(@0)
                 	.ENDM
                 
                 	.MACRO __GETB1MN
                 	LDS  R30,@0+(@1)
                 	.ENDM
                 
                 	.MACRO __GETB1HMN
                 	LDS  R31,@0+(@1)
                 	.ENDM
                 
                 	.MACRO __GETW1MN
                 	LDS  R30,@0+(@1)
                 	LDS  R31,@0+(@1)+1
                 	.ENDM
                 
                 	.MACRO __GETD1MN
                 	LDS  R30,@0+(@1)
                 	LDS  R31,@0+(@1)+1
                 	LDS  R22,@0+(@1)+2
                 	LDS  R23,@0+(@1)+3
                 	.ENDM
                 
                 	.MACRO __GETBRMN
                 	LDS  R@0,@1+(@2)
                 	.ENDM
                 
                 	.MACRO __GETWRMN
                 	LDS  R@0,@2+(@3)
                 	LDS  R@1,@2+(@3)+1
                 	.ENDM
                 
                 	.MACRO __GETWRZ
                 	LDD  R@0,Z+@2
                 	LDD  R@1,Z+@2+1
                 	.ENDM
                 
                 	.MACRO __GETD2Z
                 	LDD  R26,Z+@0
                 	LDD  R27,Z+@0+1
                 	LDD  R24,Z+@0+2
                 	LDD  R25,Z+@0+3
                 	.ENDM
                 
                 	.MACRO __GETB2MN
                 	LDS  R26,@0+(@1)
                 	.ENDM
                 
                 	.MACRO __GETW2MN
                 	LDS  R26,@0+(@1)
                 	LDS  R27,@0+(@1)+1
                 	.ENDM
                 
                 	.MACRO __GETD2MN
                 	LDS  R26,@0+(@1)
                 	LDS  R27,@0+(@1)+1
                 	LDS  R24,@0+(@1)+2
                 	LDS  R25,@0+(@1)+3
                 	.ENDM
                 
                 	.MACRO __PUTB1MN
                 	STS  @0+(@1),R30
                 	.ENDM
                 
                 	.MACRO __PUTW1MN
                 	STS  @0+(@1),R30
                 	STS  @0+(@1)+1,R31
                 	.ENDM
                 
                 	.MACRO __PUTD1MN
                 	STS  @0+(@1),R30
                 	STS  @0+(@1)+1,R31
                 	STS  @0+(@1)+2,R22
                 	STS  @0+(@1)+3,R23
                 	.ENDM
                 
                 	.MACRO __PUTB1EN
                 	LDI  R26,LOW(@0+(@1))
                 	LDI  R27,HIGH(@0+(@1))
                 	CALL __EEPROMWRB
                 	.ENDM
                 
                 	.MACRO __PUTW1EN
                 	LDI  R26,LOW(@0+(@1))
                 	LDI  R27,HIGH(@0+(@1))
                 	CALL __EEPROMWRW
                 	.ENDM
                 
                 	.MACRO __PUTD1EN
                 	LDI  R26,LOW(@0+(@1))
                 	LDI  R27,HIGH(@0+(@1))
                 	CALL __EEPROMWRD
                 	.ENDM
                 
                 	.MACRO __PUTBR0MN
                 	STS  @0+(@1),R0
                 	.ENDM
                 
                 	.MACRO __PUTBMRN
                 	STS  @0+(@1),R@2
                 	.ENDM
                 
                 	.MACRO __PUTWMRN
                 	STS  @0+(@1),R@2
                 	STS  @0+(@1)+1,R@3
                 	.ENDM
                 
                 	.MACRO __PUTBZR
                 	STD  Z+@1,R@0
                 	.ENDM
                 
                 	.MACRO __PUTWZR
                 	STD  Z+@2,R@0
                 	STD  Z+@2+1,R@1
                 	.ENDM
                 
                 	.MACRO __GETW1R
                 	MOV  R30,R@0
                 	MOV  R31,R@1
                 	.ENDM
                 
                 	.MACRO __GETW2R
                 	MOV  R26,R@0
                 	MOV  R27,R@1
                 	.ENDM
                 
                 	.MACRO __GETWRN
                 	LDI  R@0,LOW(@2)
                 	LDI  R@1,HIGH(@2)
                 	.ENDM
                 
                 	.MACRO __PUTW1R
                 	MOV  R@0,R30
                 	MOV  R@1,R31
                 	.ENDM
                 
                 	.MACRO __PUTW2R
                 	MOV  R@0,R26
                 	MOV  R@1,R27
                 	.ENDM
                 
                 	.MACRO __ADDWRN
                 	SUBI R@0,LOW(-@2)
                 	SBCI R@1,HIGH(-@2)
                 	.ENDM
                 
                 	.MACRO __ADDWRR
                 	ADD  R@0,R@2
                 	ADC  R@1,R@3
                 	.ENDM
                 
                 	.MACRO __SUBWRN
                 	SUBI R@0,LOW(@2)
                 	SBCI R@1,HIGH(@2)
                 	.ENDM
                 
                 	.MACRO __SUBWRR
                 	SUB  R@0,R@2
                 	SBC  R@1,R@3
                 	.ENDM
                 
                 	.MACRO __ANDWRN
                 	ANDI R@0,LOW(@2)
                 	ANDI R@1,HIGH(@2)
                 	.ENDM
                 
                 	.MACRO __ANDWRR
                 	AND  R@0,R@2
                 	AND  R@1,R@3
                 	.ENDM
                 
                 	.MACRO __ORWRN
                 	ORI  R@0,LOW(@2)
                 	ORI  R@1,HIGH(@2)
                 	.ENDM
                 
                 	.MACRO __ORWRR
                 	OR   R@0,R@2
                 	OR   R@1,R@3
                 	.ENDM
                 
                 	.MACRO __EORWRR
                 	EOR  R@0,R@2
                 	EOR  R@1,R@3
                 	.ENDM
                 
                 	.MACRO __GETWRS
                 	LDD  R@0,Y+@2
                 	LDD  R@1,Y+@2+1
                 	.ENDM
                 
                 	.MACRO __PUTBSR
                 	STD  Y+@1,R@0
                 	.ENDM
                 
                 	.MACRO __PUTWSR
                 	STD  Y+@2,R@0
                 	STD  Y+@2+1,R@1
                 	.ENDM
                 
                 	.MACRO __MOVEWRR
                 	MOV  R@0,R@2
                 	MOV  R@1,R@3
                 	.ENDM
                 
                 	.MACRO __INWR
                 	IN   R@0,@2
                 	IN   R@1,@2+1
                 	.ENDM
                 
                 	.MACRO __OUTWR
                 	OUT  @2+1,R@1
                 	OUT  @2,R@0
                 	.ENDM
                 
                 	.MACRO __CALL1MN
                 	LDS  R30,@0+(@1)
                 	LDS  R31,@0+(@1)+1
                 	ICALL
                 	.ENDM
                 
                 	.MACRO __CALL1FN
                 	LDI  R30,LOW(2*@0+(@1))
                 	LDI  R31,HIGH(2*@0+(@1))
                 	CALL __GETW1PF
                 	ICALL
                 	.ENDM
                 
                 	.MACRO __CALL2EN
                 	LDI  R26,LOW(@0+(@1))
                 	LDI  R27,HIGH(@0+(@1))
                 	CALL __EEPROMRDW
                 	ICALL
                 	.ENDM
                 
                 	.MACRO __GETW1STACK
                 	IN   R26,SPL
                 	IN   R27,SPH
                 	ADIW R26,@0+1
                 	LD   R30,X+
                 	LD   R31,X
                 	.ENDM
                 
                 	.MACRO __GETD1STACK
                 	IN   R26,SPL
                 	IN   R27,SPH
                 	ADIW R26,@0+1
                 	LD   R30,X+
                 	LD   R31,X+
                 	LD   R22,X
                 	.ENDM
                 
                 	.MACRO __NBST
                 	BST  R@0,@1
                 	IN   R30,SREG
                 	LDI  R31,0x40
                 	EOR  R30,R31
                 	OUT  SREG,R30
                 	.ENDM
                 
                 
                 	.MACRO __PUTB1SN
                 	LDD  R26,Y+@0
                 	LDD  R27,Y+@0+1
                 	SUBI R26,LOW(-@1)
                 	SBCI R27,HIGH(-@1)
                 	ST   X,R30
                 	.ENDM
                 
                 	.MACRO __PUTW1SN
                 	LDD  R26,Y+@0
                 	LDD  R27,Y+@0+1
                 	SUBI R26,LOW(-@1)
                 	SBCI R27,HIGH(-@1)
                 	ST   X+,R30
                 	ST   X,R31
                 	.ENDM
                 
                 	.MACRO __PUTD1SN
                 	LDD  R26,Y+@0
                 	LDD  R27,Y+@0+1
                 	SUBI R26,LOW(-@1)
                 	SBCI R27,HIGH(-@1)
                 	CALL __PUTDP1
                 	.ENDM
                 
                 	.MACRO __PUTB1SNS
                 	LDD  R26,Y+@0
                 	LDD  R27,Y+@0+1
                 	ADIW R26,@1
                 	ST   X,R30
                 	.ENDM
                 
                 	.MACRO __PUTW1SNS
                 	LDD  R26,Y+@0
                 	LDD  R27,Y+@0+1
                 	ADIW R26,@1
                 	ST   X+,R30
                 	ST   X,R31
                 	.ENDM
                 
                 	.MACRO __PUTD1SNS
                 	LDD  R26,Y+@0
                 	LDD  R27,Y+@0+1
                 	ADIW R26,@1
                 	CALL __PUTDP1
                 	.ENDM
                 
                 	.MACRO __PUTB1PMN
                 	LDS  R26,@0
                 	LDS  R27,@0+1
                 	SUBI R26,LOW(-@1)
                 	SBCI R27,HIGH(-@1)
                 	ST   X,R30
                 	.ENDM
                 
                 	.MACRO __PUTW1PMN
                 	LDS  R26,@0
                 	LDS  R27,@0+1
                 	SUBI R26,LOW(-@1)
                 	SBCI R27,HIGH(-@1)
                 	ST   X+,R30
                 	ST   X,R31
                 	.ENDM
                 
                 	.MACRO __PUTD1PMN
                 	LDS  R26,@0
                 	LDS  R27,@0+1
                 	SUBI R26,LOW(-@1)
                 	SBCI R27,HIGH(-@1)
                 	CALL __PUTDP1
                 	.ENDM
                 
                 	.MACRO __PUTB1PMNS
                 	LDS  R26,@0
                 	LDS  R27,@0+1
                 	ADIW R26,@1
                 	ST   X,R30
                 	.ENDM
                 
                 	.MACRO __PUTW1PMNS
                 	LDS  R26,@0
                 	LDS  R27,@0+1
                 	ADIW R26,@1
                 	ST   X+,R30
                 	ST   X,R31
                 	.ENDM
                 
                 	.MACRO __PUTD1PMNS
                 	LDS  R26,@0
                 	LDS  R27,@0+1
                 	ADIW R26,@1
                 	CALL __PUTDP1
                 	.ENDM
                 
                 	.MACRO __PUTB1RN
                 	MOVW R26,R@0
                 	SUBI R26,LOW(-@1)
                 	SBCI R27,HIGH(-@1)
                 	ST   X,R30
                 	.ENDM
                 
                 	.MACRO __PUTW1RN
                 	MOVW R26,R@0
                 	SUBI R26,LOW(-@1)
                 	SBCI R27,HIGH(-@1)
                 	ST   X+,R30
                 	ST   X,R31
                 	.ENDM
                 
                 	.MACRO __PUTD1RN
                 	MOVW R26,R@0
                 	SUBI R26,LOW(-@1)
                 	SBCI R27,HIGH(-@1)
                 	CALL __PUTDP1
                 	.ENDM
                 
                 	.MACRO __PUTB1RNS
                 	MOVW R26,R@0
                 	ADIW R26,@1
                 	ST   X,R30
                 	.ENDM
                 
                 	.MACRO __PUTW1RNS
                 	MOVW R26,R@0
                 	ADIW R26,@1
                 	ST   X+,R30
                 	ST   X,R31
                 	.ENDM
                 
                 	.MACRO __PUTD1RNS
                 	MOVW R26,R@0
                 	ADIW R26,@1
                 	CALL __PUTDP1
                 	.ENDM
                 
                 	.MACRO __PUTB1RON
                 	MOV  R26,R@0
                 	MOV  R27,R@1
                 	SUBI R26,LOW(-@2)
                 	SBCI R27,HIGH(-@2)
                 	ST   X,R30
                 	.ENDM
                 
                 	.MACRO __PUTW1RON
                 	MOV  R26,R@0
                 	MOV  R27,R@1
                 	SUBI R26,LOW(-@2)
                 	SBCI R27,HIGH(-@2)
                 	ST   X+,R30
                 	ST   X,R31
                 	.ENDM
                 
                 	.MACRO __PUTD1RON
                 	MOV  R26,R@0
                 	MOV  R27,R@1
                 	SUBI R26,LOW(-@2)
                 	SBCI R27,HIGH(-@2)
                 	CALL __PUTDP1
                 	.ENDM
                 
                 	.MACRO __PUTB1RONS
                 	MOV  R26,R@0
                 	MOV  R27,R@1
                 	ADIW R26,@2
                 	ST   X,R30
                 	.ENDM
                 
                 	.MACRO __PUTW1RONS
                 	MOV  R26,R@0
                 	MOV  R27,R@1
                 	ADIW R26,@2
                 	ST   X+,R30
                 	ST   X,R31
                 	.ENDM
                 
                 	.MACRO __PUTD1RONS
                 	MOV  R26,R@0
                 	MOV  R27,R@1
                 	ADIW R26,@2
                 	CALL __PUTDP1
                 	.ENDM
                 
                 
                 	.MACRO __GETB1SX
                 	MOVW R30,R28
                 	SUBI R30,LOW(-@0)
                 	SBCI R31,HIGH(-@0)
                 	LD   R30,Z
                 	.ENDM
                 
                 	.MACRO __GETB1HSX
                 	MOVW R30,R28
                 	SUBI R30,LOW(-@0)
                 	SBCI R31,HIGH(-@0)
                 	LD   R31,Z
                 	.ENDM
                 
                 	.MACRO __GETW1SX
                 	MOVW R30,R28
                 	SUBI R30,LOW(-@0)
                 	SBCI R31,HIGH(-@0)
                 	LD   R0,Z+
                 	LD   R31,Z
                 	MOV  R30,R0
                 	.ENDM
                 
                 	.MACRO __GETD1SX
                 	MOVW R30,R28
                 	SUBI R30,LOW(-@0)
                 	SBCI R31,HIGH(-@0)
                 	LD   R0,Z+
                 	LD   R1,Z+
                 	LD   R22,Z+
                 	LD   R23,Z
                 	MOVW R30,R0
                 	.ENDM
                 
                 	.MACRO __GETB2SX
                 	MOVW R26,R28
                 	SUBI R26,LOW(-@0)
                 	SBCI R27,HIGH(-@0)
                 	LD   R26,X
                 	.ENDM
                 
                 	.MACRO __GETW2SX
                 	MOVW R26,R28
                 	SUBI R26,LOW(-@0)
                 	SBCI R27,HIGH(-@0)
                 	LD   R0,X+
                 	LD   R27,X
                 	MOV  R26,R0
                 	.ENDM
                 
                 	.MACRO __GETD2SX
                 	MOVW R26,R28
                 	SUBI R26,LOW(-@0)
                 	SBCI R27,HIGH(-@0)
                 	LD   R0,X+
                 	LD   R1,X+
                 	LD   R24,X+
                 	LD   R25,X
                 	MOVW R26,R0
                 	.ENDM
                 
                 	.MACRO __GETBRSX
                 	MOVW R30,R28
                 	SUBI R30,LOW(-@1)
                 	SBCI R31,HIGH(-@1)
                 	LD   R@0,Z
                 	.ENDM
                 
                 	.MACRO __GETWRSX
                 	MOVW R30,R28
                 	SUBI R30,LOW(-@2)
                 	SBCI R31,HIGH(-@2)
                 	LD   R@0,Z+
                 	LD   R@1,Z
                 	.ENDM
                 
                 	.MACRO __GETBRSX2
                 	MOVW R26,R28
                 	SUBI R26,LOW(-@1)
                 	SBCI R27,HIGH(-@1)
                 	LD   R@0,X
                 	.ENDM
                 
                 	.MACRO __GETWRSX2
                 	MOVW R26,R28
                 	SUBI R26,LOW(-@2)
                 	SBCI R27,HIGH(-@2)
                 	LD   R@0,X+
                 	LD   R@1,X
                 	.ENDM
                 
                 	.MACRO __LSLW8SX
                 	MOVW R30,R28
                 	SUBI R30,LOW(-@0)
                 	SBCI R31,HIGH(-@0)
                 	LD   R31,Z
                 	CLR  R30
                 	.ENDM
                 
                 	.MACRO __PUTB1SX
                 	MOVW R26,R28
                 	SUBI R26,LOW(-@0)
                 	SBCI R27,HIGH(-@0)
                 	ST   X,R30
                 	.ENDM
                 
                 	.MACRO __PUTW1SX
                 	MOVW R26,R28
                 	SUBI R26,LOW(-@0)
                 	SBCI R27,HIGH(-@0)
                 	ST   X+,R30
                 	ST   X,R31
                 	.ENDM
                 
                 	.MACRO __PUTD1SX
                 	MOVW R26,R28
                 	SUBI R26,LOW(-@0)
                 	SBCI R27,HIGH(-@0)
                 	ST   X+,R30
                 	ST   X+,R31
                 	ST   X+,R22
                 	ST   X,R23
                 	.ENDM
                 
                 	.MACRO __CLRW1SX
                 	MOVW R26,R28
                 	SUBI R26,LOW(-@0)
                 	SBCI R27,HIGH(-@0)
                 	ST   X+,R30
                 	ST   X,R30
                 	.ENDM
                 
                 	.MACRO __CLRD1SX
                 	MOVW R26,R28
                 	SUBI R26,LOW(-@0)
                 	SBCI R27,HIGH(-@0)
                 	ST   X+,R30
                 	ST   X+,R30
                 	ST   X+,R30
                 	ST   X,R30
                 	.ENDM
                 
                 	.MACRO __PUTB2SX
                 	MOVW R30,R28
                 	SUBI R30,LOW(-@0)
                 	SBCI R31,HIGH(-@0)
                 	ST   Z,R26
                 	.ENDM
                 
                 	.MACRO __PUTW2SX
                 	MOVW R30,R28
                 	SUBI R30,LOW(-@0)
                 	SBCI R31,HIGH(-@0)
                 	ST   Z+,R26
                 	ST   Z,R27
                 	.ENDM
                 
                 	.MACRO __PUTD2SX
                 	MOVW R30,R28
                 	SUBI R30,LOW(-@0)
                 	SBCI R31,HIGH(-@0)
                 	ST   Z+,R26
                 	ST   Z+,R27
                 	ST   Z+,R24
                 	ST   Z,R25
                 	.ENDM
                 
                 	.MACRO __PUTBSRX
                 	MOVW R30,R28
                 	SUBI R30,LOW(-@1)
                 	SBCI R31,HIGH(-@1)
                 	ST   Z,R@0
                 	.ENDM
                 
                 	.MACRO __PUTWSRX
                 	MOVW R30,R28
                 	SUBI R30,LOW(-@2)
                 	SBCI R31,HIGH(-@2)
                 	ST   Z+,R@0
                 	ST   Z,R@1
                 	.ENDM
                 
                 	.MACRO __PUTB1SNX
                 	MOVW R26,R28
                 	SUBI R26,LOW(-@0)
                 	SBCI R27,HIGH(-@0)
                 	LD   R0,X+
                 	LD   R27,X
                 	MOV  R26,R0
                 	SUBI R26,LOW(-@1)
                 	SBCI R27,HIGH(-@1)
                 	ST   X,R30
                 	.ENDM
                 
                 	.MACRO __PUTW1SNX
                 	MOVW R26,R28
                 	SUBI R26,LOW(-@0)
                 	SBCI R27,HIGH(-@0)
                 	LD   R0,X+
                 	LD   R27,X
                 	MOV  R26,R0
                 	SUBI R26,LOW(-@1)
                 	SBCI R27,HIGH(-@1)
                 	ST   X+,R30
                 	ST   X,R31
                 	.ENDM
                 
                 	.MACRO __PUTD1SNX
                 	MOVW R26,R28
                 	SUBI R26,LOW(-@0)
                 	SBCI R27,HIGH(-@0)
                 	LD   R0,X+
                 	LD   R27,X
                 	MOV  R26,R0
                 	SUBI R26,LOW(-@1)
                 	SBCI R27,HIGH(-@1)
                 	ST   X+,R30
                 	ST   X+,R31
                 	ST   X+,R22
                 	ST   X,R23
                 	.ENDM
                 
                 	.MACRO __MULBRR
                 	MULS R@0,R@1
                 	MOVW R30,R0
                 	.ENDM
                 
                 	.MACRO __MULBRRU
                 	MUL  R@0,R@1
                 	MOVW R30,R0
                 	.ENDM
                 
                 	.MACRO __MULBRR0
                 	MULS R@0,R@1
                 	.ENDM
                 
                 	.MACRO __MULBRRU0
                 	MUL  R@0,R@1
                 	.ENDM
                 
                 	.MACRO __MULBNWRU
                 	LDI  R26,@2
                 	MUL  R26,R@0
                 	MOVW R30,R0
                 	MUL  R26,R@1
                 	ADD  R31,R0
                 	.ENDM
                 
                 ;NAME DEFINITIONS FOR GLOBAL VARIABLES ALLOCATED TO REGISTERS
                 	.DEF _CR=R5
                 	.DEF _LF=R4
                 	.DEF _first_name=R6
                 	.DEF _last_name=R8
                 	.DEF __lcd_x=R13
                 	.DEF __lcd_y=R12
                 
                 	.CSEG
                 	.ORG 0x00
                 
                 ;START OF CODE MARKER
                 __START_OF_CODE:
                 
                 ;INTERRUPT VECTORS
000000 940c 0054 	JMP  __RESET
000002 940c 0000 	JMP  0x00
000004 940c 0000 	JMP  0x00
000006 940c 0000 	JMP  0x00
000008 940c 0000 	JMP  0x00
00000a 940c 0000 	JMP  0x00
00000c 940c 0000 	JMP  0x00
00000e 940c 0000 	JMP  0x00
000010 940c 0000 	JMP  0x00
000012 940c 0000 	JMP  0x00
000014 940c 0000 	JMP  0x00
000016 940c 0000 	JMP  0x00
000018 940c 0000 	JMP  0x00
00001a 940c 0000 	JMP  0x00
00001c 940c 0000 	JMP  0x00
00001e 940c 0000 	JMP  0x00
000020 940c 0000 	JMP  0x00
000022 940c 0000 	JMP  0x00
000024 940c 0000 	JMP  0x00
000026 940c 0000 	JMP  0x00
000028 940c 0000 	JMP  0x00
                 
                 _tbl10_G101:
00002a 2710
00002b 03e8
00002c 0064
00002d 000a      	.DB  0x10,0x27,0xE8,0x3,0x64,0x0,0xA,0x0
00002e 0001      	.DB  0x1,0x0
                 _tbl16_G101:
00002f 1000
000030 0100
000031 0010
000032 0001      	.DB  0x0,0x10,0x0,0x1,0x10,0x0,0x1,0x0
                 
                 _0x1B:
000033 0d0a
000034 0260
000035 0270      	.DB  0xA,0xD,LOW(_0x3),HIGH(_0x3),LOW(_0x4),HIGH(_0x4)
                 _0x0:
000036 6f4d
000037 6168
000038 6d6d
000039 6461      	.DB  0x4D,0x6F,0x68,0x61,0x6D,0x6D,0x61,0x64
00003a 5320
00003b 6461
00003c 6765
00003d 0068      	.DB  0x20,0x53,0x61,0x64,0x65,0x67,0x68,0x0
00003e 684b
00003f 7661
000040 7261
000041 0069      	.DB  0x4B,0x68,0x61,0x76,0x61,0x72,0x69,0x0
000042 0020      	.DB  0x20,0x0
                 _0x2000003:
000043 c080      	.DB  0x80,0xC0
                 
                 __GLOBAL_INI_TBL:
000044 0010      	.DW  0x10
000045 0260      	.DW  _0x3
000046 006c      	.DW  _0x0*2
                 
000047 0008      	.DW  0x08
000048 0270      	.DW  _0x4
000049 007c      	.DW  _0x0*2+16
                 
00004a 0002      	.DW  0x02
00004b 0278      	.DW  _0x11
00004c 0084      	.DW  _0x0*2+24
                 
00004d 0006      	.DW  0x06
00004e 0004      	.DW  0x04
00004f 0066      	.DW  _0x1B*2
                 
000050 0002      	.DW  0x02
000051 027a      	.DW  __base_y_G100
000052 0086      	.DW  _0x2000003*2
                 
                 _0xFFFFFFFF:
000053 0000      	.DW  0
                 
                 __RESET:
000054 94f8      	CLI
000055 27ee      	CLR  R30
000056 bbec      	OUT  EECR,R30
                 
                 ;INTERRUPT VECTORS ARE PLACED
                 ;AT THE START OF FLASH
000057 e0f1      	LDI  R31,1
000058 bffb      	OUT  GICR,R31
000059 bfeb      	OUT  GICR,R30
00005a bfe5      	OUT  MCUCR,R30
                 
                 ;DISABLE WATCHDOG
00005b e1f8      	LDI  R31,0x18
00005c bdf1      	OUT  WDTCR,R31
00005d bde1      	OUT  WDTCR,R30
                 
                 ;CLEAR R2-R14
00005e e08d      	LDI  R24,(14-2)+1
00005f e0a2      	LDI  R26,2
000060 27bb      	CLR  R27
                 __CLEAR_REG:
000061 93ed      	ST   X+,R30
000062 958a      	DEC  R24
000063 f7e9      	BRNE __CLEAR_REG
                 
                 ;CLEAR SRAM
000064 e080      	LDI  R24,LOW(__CLEAR_SRAM_SIZE)
000065 e098      	LDI  R25,HIGH(__CLEAR_SRAM_SIZE)
000066 e6a0      	LDI  R26,__SRAM_START
                 __CLEAR_SRAM:
000067 93ed      	ST   X+,R30
000068 9701      	SBIW R24,1
000069 f7e9      	BRNE __CLEAR_SRAM
                 
                 ;GLOBAL VARIABLES INITIALIZATION
00006a e8e8      	LDI  R30,LOW(__GLOBAL_INI_TBL*2)
00006b e0f0      	LDI  R31,HIGH(__GLOBAL_INI_TBL*2)
                 __GLOBAL_INI_NEXT:
00006c 9185      	LPM  R24,Z+
00006d 9195      	LPM  R25,Z+
00006e 9700      	SBIW R24,0
00006f f061      	BREQ __GLOBAL_INI_END
000070 91a5      	LPM  R26,Z+
000071 91b5      	LPM  R27,Z+
000072 9005      	LPM  R0,Z+
000073 9015      	LPM  R1,Z+
000074 01bf      	MOVW R22,R30
000075 01f0      	MOVW R30,R0
                 __GLOBAL_INI_LOOP:
000076 9005      	LPM  R0,Z+
000077 920d      	ST   X+,R0
000078 9701      	SBIW R24,1
000079 f7e1      	BRNE __GLOBAL_INI_LOOP
00007a 01fb      	MOVW R30,R22
00007b cff0      	RJMP __GLOBAL_INI_NEXT
                 __GLOBAL_INI_END:
                 
                 ;HARDWARE STACK POINTER INITIALIZATION
00007c e5ef      	LDI  R30,LOW(__SRAM_END-__HEAP_SIZE)
00007d bfed      	OUT  SPL,R30
00007e e0e8      	LDI  R30,HIGH(__SRAM_END-__HEAP_SIZE)
00007f bfee      	OUT  SPH,R30
                 
                 ;DATA STACK POINTER INITIALIZATION
000080 e6c0      	LDI  R28,LOW(__SRAM_START+__DSTACK_SIZE)
000081 e0d2      	LDI  R29,HIGH(__SRAM_START+__DSTACK_SIZE)
                 
000082 940c 008b 	JMP  _main
                 
                 	.ESEG
                 	.ORG 0
                 
                 	.DSEG
                 	.ORG 0x260
                 
                 	.CSEG
                 ;/*****************************************************
                 ;This program was produced by the
                 ;CodeWizardAVR V2.05.3 Standard
                 ;Automatic Program Generator
                 ;© Copyright 1998-2011 Pavel Haiduc, HP InfoTech s.r.l.
                 ;http://www.hpinfotech.com
                 ;
                 ;Project :
                 ;Version :
                 ;Date    : 18/07/2020
                 ;Author  : local home
                 ;Company :
                 ;Comments:
                 ;
                 ;
                 ;Chip type               : ATmega32
                 ;Program type            : Application
                 ;AVR Core Clock frequency: 8/000000 MHz
                 ;Memory model            : Small
                 ;External RAM size       : 0
                 ;Data Stack size         : 512
                 ;*****************************************************/
                 ;
                 ;#include <mega32.h>
                 	#ifndef __SLEEP_DEFINED__
                 	#define __SLEEP_DEFINED__
                 	.EQU __se_bit=0x80
                 	.EQU __sm_mask=0x70
                 	.EQU __sm_powerdown=0x20
                 	.EQU __sm_powersave=0x30
                 	.EQU __sm_standby=0x60
                 	.EQU __sm_ext_standby=0x70
                 	.EQU __sm_adc_noise_red=0x10
                 	.SET power_ctrl_reg=mcucr
                 	#endif
                 ;
                 ;// Alphanumeric LCD functions
                 ;#include <alcd.h>
                 ;
                 ;// Standard Input/Output functions
                 ;#include <stdio.h>
                 ;
                 ;#include <delay.h>
                 ;// Declare your global variables here
                 ;
                 ;unsigned char CR = 0x0d, LF =  0x0a;
                 ;unsigned char* first_name = "Mohammad Sadegh", *last_name= "Khavari";
                 
                 	.DSEG
                 _0x3:
000260           	.BYTE 0x10
                 _0x4:
000270           	.BYTE 0x8
                 ;
                 ;void newline(){
                 ; 0000 0026 void newline(){
                 
                 	.CSEG
                 _newline:
                 ; 0000 0027 
                 ; 0000 0028         putchar(LF);
000084 2da4      	MOV  R26,R4
000085 940e 018e 	CALL _putchar
                 ; 0000 0029         putchar(CR);
000087 2da5      	MOV  R26,R5
000088 940e 018e 	CALL _putchar
                 ; 0000 002A }
00008a 9508      	RET
                 ;
                 ;
                 ;// Declare your global variables here
                 ;
                 ;void main(void)
                 ; 0000 0030 {
                 _main:
                 ; 0000 0031 // Declare your local variables here
                 ; 0000 0032 char input;
                 ; 0000 0033 unsigned char* to_lcd;
                 ; 0000 0034 
                 ; 0000 0035 // Input/Output Ports initialization
                 ; 0000 0036 // Port A initialization
                 ; 0000 0037 // Func7=In Func6=In Func5=In Func4=In Func3=In Func2=In Func1=In Func0=In
                 ; 0000 0038 // State7=T State6=T State5=T State4=T State3=T State2=T State1=T State0=T
                 ; 0000 0039 PORTA=0x00;
                 ;	input -> R17
                 ;	*to_lcd -> R18,R19
00008b e0e0      	LDI  R30,LOW(0)
00008c bbeb      	OUT  0x1B,R30
                 ; 0000 003A DDRA=0x00;
00008d bbea      	OUT  0x1A,R30
                 ; 0000 003B 
                 ; 0000 003C // Port B initialization
                 ; 0000 003D // Func7=In Func6=In Func5=In Func4=In Func3=In Func2=In Func1=In Func0=In
                 ; 0000 003E // State7=T State6=T State5=T State4=T State3=T State2=T State1=T State0=T
                 ; 0000 003F PORTB=0x00;
00008e bbe8      	OUT  0x18,R30
                 ; 0000 0040 DDRB=0x00;
00008f bbe7      	OUT  0x17,R30
                 ; 0000 0041 
                 ; 0000 0042 // Port C initialization
                 ; 0000 0043 // Func7=In Func6=In Func5=In Func4=In Func3=In Func2=In Func1=In Func0=In
                 ; 0000 0044 // State7=T State6=T State5=T State4=T State3=T State2=T State1=T State0=T
                 ; 0000 0045 PORTC=0x00;
000090 bbe5      	OUT  0x15,R30
                 ; 0000 0046 DDRC=0x00;
000091 bbe4      	OUT  0x14,R30
                 ; 0000 0047 
                 ; 0000 0048 // Port D initialization
                 ; 0000 0049 // Func7=In Func6=In Func5=In Func4=In Func3=In Func2=In Func1=In Func0=In
                 ; 0000 004A // State7=T State6=T State5=T State4=T State3=T State2=T State1=T State0=T
                 ; 0000 004B PORTD=0x00;
000092 bbe2      	OUT  0x12,R30
                 ; 0000 004C DDRD=0x00;
000093 bbe1      	OUT  0x11,R30
                 ; 0000 004D 
                 ; 0000 004E // Timer/Counter 0 initialization
                 ; 0000 004F // Clock source: System Clock
                 ; 0000 0050 // Clock value: Timer 0 Stopped
                 ; 0000 0051 // Mode: Normal top=0xFF
                 ; 0000 0052 // OC0 output: Disconnected
                 ; 0000 0053 TCCR0=0x00;
000094 bfe3      	OUT  0x33,R30
                 ; 0000 0054 TCNT0=0x00;
000095 bfe2      	OUT  0x32,R30
                 ; 0000 0055 OCR0=0x00;
000096 bfec      	OUT  0x3C,R30
                 ; 0000 0056 
                 ; 0000 0057 // Timer/Counter 1 initialization
                 ; 0000 0058 // Clock source: System Clock
                 ; 0000 0059 // Clock value: Timer1 Stopped
                 ; 0000 005A // Mode: Normal top=0xFFFF
                 ; 0000 005B // OC1A output: Discon.
                 ; 0000 005C // OC1B output: Discon.
                 ; 0000 005D // Noise Canceler: Off
                 ; 0000 005E // Input Capture on Falling Edge
                 ; 0000 005F // Timer1 Overflow Interrupt: Off
                 ; 0000 0060 // Input Capture Interrupt: Off
                 ; 0000 0061 // Compare A Match Interrupt: Off
                 ; 0000 0062 // Compare B Match Interrupt: Off
                 ; 0000 0063 TCCR1A=0x00;
000097 bdef      	OUT  0x2F,R30
                 ; 0000 0064 TCCR1B=0x00;
000098 bdee      	OUT  0x2E,R30
                 ; 0000 0065 TCNT1H=0x00;
000099 bded      	OUT  0x2D,R30
                 ; 0000 0066 TCNT1L=0x00;
00009a bdec      	OUT  0x2C,R30
                 ; 0000 0067 ICR1H=0x00;
00009b bde7      	OUT  0x27,R30
                 ; 0000 0068 ICR1L=0x00;
00009c bde6      	OUT  0x26,R30
                 ; 0000 0069 OCR1AH=0x00;
00009d bdeb      	OUT  0x2B,R30
                 ; 0000 006A OCR1AL=0x00;
00009e bdea      	OUT  0x2A,R30
                 ; 0000 006B OCR1BH=0x00;
00009f bde9      	OUT  0x29,R30
                 ; 0000 006C OCR1BL=0x00;
0000a0 bde8      	OUT  0x28,R30
                 ; 0000 006D 
                 ; 0000 006E // Timer/Counter 2 initialization
                 ; 0000 006F // Clock source: System Clock
                 ; 0000 0070 // Clock value: Timer2 Stopped
                 ; 0000 0071 // Mode: Normal top=0xFF
                 ; 0000 0072 // OC2 output: Disconnected
                 ; 0000 0073 ASSR=0x00;
0000a1 bde2      	OUT  0x22,R30
                 ; 0000 0074 TCCR2=0x00;
0000a2 bde5      	OUT  0x25,R30
                 ; 0000 0075 TCNT2=0x00;
0000a3 bde4      	OUT  0x24,R30
                 ; 0000 0076 OCR2=0x00;
0000a4 bde3      	OUT  0x23,R30
                 ; 0000 0077 
                 ; 0000 0078 // External Interrupt(s) initialization
                 ; 0000 0079 // INT0: Off
                 ; 0000 007A // INT1: Off
                 ; 0000 007B // INT2: Off
                 ; 0000 007C MCUCR=0x00;
0000a5 bfe5      	OUT  0x35,R30
                 ; 0000 007D MCUCSR=0x00;
0000a6 bfe4      	OUT  0x34,R30
                 ; 0000 007E 
                 ; 0000 007F // Timer(s)/Counter(s) Interrupt(s) initialization
                 ; 0000 0080 TIMSK=0x00;
0000a7 bfe9      	OUT  0x39,R30
                 ; 0000 0081 
                 ; 0000 0082 // USART initialization
                 ; 0000 0083 // Communication Parameters: 8 Data, 1 Stop, No Parity
                 ; 0000 0084 // USART Receiver: On
                 ; 0000 0085 // USART Transmitter: On
                 ; 0000 0086 // USART Mode: Asynchronous
                 ; 0000 0087 // USART Baud Rate: 9600
                 ; 0000 0088 UCSRA=0x00;
0000a8 b9eb      	OUT  0xB,R30
                 ; 0000 0089 UCSRB=0x18;
0000a9 e1e8      	LDI  R30,LOW(24)
0000aa b9ea      	OUT  0xA,R30
                 ; 0000 008A UCSRC=0x86;
0000ab e8e6      	LDI  R30,LOW(134)
0000ac bde0      	OUT  0x20,R30
                 ; 0000 008B UBRRH=0x00;
0000ad e0e0      	LDI  R30,LOW(0)
0000ae bde0      	OUT  0x20,R30
                 ; 0000 008C UBRRL=0x33;
0000af e3e3      	LDI  R30,LOW(51)
0000b0 b9e9      	OUT  0x9,R30
                 ; 0000 008D 
                 ; 0000 008E // Analog Comparator initialization
                 ; 0000 008F // Analog Comparator: Off
                 ; 0000 0090 // Analog Comparator Input Capture by Timer/Counter 1: Off
                 ; 0000 0091 ACSR=0x80;
0000b1 e8e0      	LDI  R30,LOW(128)
0000b2 b9e8      	OUT  0x8,R30
                 ; 0000 0092 SFIOR=0x00;
0000b3 e0e0      	LDI  R30,LOW(0)
0000b4 bfe0      	OUT  0x30,R30
                 ; 0000 0093 
                 ; 0000 0094 // ADC initialization
                 ; 0000 0095 // ADC disabled
                 ; 0000 0096 ADCSRA=0x00;
0000b5 b9e6      	OUT  0x6,R30
                 ; 0000 0097 
                 ; 0000 0098 // SPI initialization
                 ; 0000 0099 // SPI disabled
                 ; 0000 009A SPCR=0x00;
0000b6 b9ed      	OUT  0xD,R30
                 ; 0000 009B 
                 ; 0000 009C // TWI initialization
                 ; 0000 009D // TWI disabled
                 ; 0000 009E TWCR=0x00;
0000b7 bfe6      	OUT  0x36,R30
                 ; 0000 009F 
                 ; 0000 00A0 
                 ; 0000 00A1 // Characters/line: 16
                 ; 0000 00A2 lcd_init(16);
0000b8 e1a0      	LDI  R26,LOW(16)
0000b9 d0a1      	RCALL _lcd_init
                 ; 0000 00A3 
                 ; 0000 00A4 while (1)
                 ; 0000 00A5       while (1)
                 _0x8:
                 ; 0000 00A6       {
                 ; 0000 00A7 
                 ; 0000 00A8           input = getchar();
0000ba 940e 018a 	CALL _getchar
0000bc 2f1e      	MOV  R17,R30
                 ; 0000 00A9           putchar(input);
0000bd 2fa1      	MOV  R26,R17
0000be 940e 018e 	CALL _putchar
                 ; 0000 00AA           switch(input){
0000c0 2fe1      	MOV  R30,R17
0000c1 e0f0      	LDI  R31,0
                 ; 0000 00AB             case '5':
0000c2 33e5      	CPI  R30,LOW(0x35)
0000c3 e0a0      	LDI  R26,HIGH(0x35)
0000c4 07fa      	CPC  R31,R26
0000c5 f469      	BRNE _0xE
                 ; 0000 00AC                 lcd_clear();
0000c6 d064      	RCALL _lcd_clear
                 ; 0000 00AD                 lcd_gotoxy(0,0);
0000c7 e0e0      	LDI  R30,LOW(0)
0000c8 93ea      	ST   -Y,R30
0000c9 e0a0      	LDI  R26,LOW(0)
0000ca d053      	RCALL _lcd_gotoxy
                 ; 0000 00AE                 lcd_puts(first_name);
0000cb 01d3      	MOVW R26,R6
0000cc d083      	RCALL _lcd_puts
                 ; 0000 00AF                 lcd_gotoxy(0,1);
0000cd e0e0      	LDI  R30,LOW(0)
0000ce 93ea      	ST   -Y,R30
0000cf e0a1      	LDI  R26,LOW(1)
0000d0 d04d      	RCALL _lcd_gotoxy
                 ; 0000 00B0                 lcd_puts(last_name);
0000d1 01d4      	MOVW R26,R8
0000d2 c026      	RJMP _0x1A
                 ; 0000 00B1                 break;
                 ; 0000 00B2             case '7':
                 _0xE:
0000d3 33e7      	CPI  R30,LOW(0x37)
0000d4 e0a0      	LDI  R26,HIGH(0x37)
0000d5 07fa      	CPC  R31,R26
0000d6 f411      	BRNE _0xF
                 ; 0000 00B3                 lcd_clear();
0000d7 d053      	RCALL _lcd_clear
                 ; 0000 00B4                 break;
0000d8 c021      	RJMP _0xD
                 ; 0000 00B5             case '6':
                 _0xF:
0000d9 33e6      	CPI  R30,LOW(0x36)
0000da e0a0      	LDI  R26,HIGH(0x36)
0000db 07fa      	CPC  R31,R26
0000dc f469      	BRNE _0x12
                 ; 0000 00B6                 newline();
0000dd dfa6      	RCALL _newline
                 ; 0000 00B7                 puts(first_name);
0000de 01d3      	MOVW R26,R6
0000df 940e 0195 	CALL _puts
                 ; 0000 00B8                 puts(" ");
                +
0000e1 e7a8     +LDI R26 , LOW ( _0x11 + ( 0 ) )
0000e2 e0b2     +LDI R27 , HIGH ( _0x11 + ( 0 ) )
                 	__POINTW2MN _0x11,0
0000e3 940e 0195 	CALL _puts
                 ; 0000 00B9                 puts(last_name);
0000e5 01d4      	MOVW R26,R8
0000e6 940e 0195 	CALL _puts
                 ; 0000 00BA                 newline();
0000e8 df9b      	RCALL _newline
                 ; 0000 00BB                 break;
0000e9 c010      	RJMP _0xD
                 ; 0000 00BC 
                 ; 0000 00BD             default:
                 _0x12:
                 ; 0000 00BE                 to_lcd = &input;
                +
0000ea e121     +LDI R18 , LOW ( 17 )
0000eb e030     +LDI R19 , HIGH ( 17 )
                 	__GETWRN 18,19,17
                 ; 0000 00BF                 if(input <= 122 && input >= 97){
0000ec 371b      	CPI  R17,123
0000ed f410      	BRSH _0x14
0000ee 3611      	CPI  R17,97
0000ef f408      	BRSH _0x15
                 _0x14:
0000f0 c002      	RJMP _0x13
                 _0x15:
                 ; 0000 00C0                      lcd_puts(to_lcd);
0000f1 01d9      	MOVW R26,R18
0000f2 d05d      	RCALL _lcd_puts
                 ; 0000 00C1                      }
                 ; 0000 00C2                 if(input <= 90 && input >= 65){
                 _0x13:
0000f3 351b      	CPI  R17,91
0000f4 f410      	BRSH _0x17
0000f5 3411      	CPI  R17,65
0000f6 f408      	BRSH _0x18
                 _0x17:
0000f7 c002      	RJMP _0x16
                 _0x18:
                 ; 0000 00C3                      lcd_puts(to_lcd);
0000f8 01d9      	MOVW R26,R18
                 _0x1A:
0000f9 d056      	RCALL _lcd_puts
                 ; 0000 00C4                      }
                 ; 0000 00C5                 break;
                 _0x16:
                 ; 0000 00C6           }
                 _0xD:
                 ; 0000 00C7 
                 ; 0000 00C8       }
0000fa cfbf      	RJMP _0x8
                 ; 0000 00C9 }
                 _0x19:
0000fb cfff      	RJMP _0x19
                 
                 	.DSEG
                 _0x11:
000278           	.BYTE 0x2
                 	#ifndef __SLEEP_DEFINED__
                 	#endif
                 
                 	.DSEG
                 
                 	.CSEG
                 __lcd_write_nibble_G100:
0000fc 93aa      	ST   -Y,R26
0000fd b3e5      	IN   R30,0x15
0000fe 70ef      	ANDI R30,LOW(0xF)
0000ff 2fae      	MOV  R26,R30
000100 81e8      	LD   R30,Y
000101 7fe0      	ANDI R30,LOW(0xF0)
000102 2bea      	OR   R30,R26
000103 bbe5      	OUT  0x15,R30
                +
000104 e085     +LDI R24 , LOW ( 5 )
                +__DELAY_USB_LOOP :
000105 958a     +DEC R24
000106 f7f1     +BRNE __DELAY_USB_LOOP
                 	__DELAY_USB 5
000107 9aaa      	SBI  0x15,2
                +
000108 e08d     +LDI R24 , LOW ( 13 )
                +__DELAY_USB_LOOP :
000109 958a     +DEC R24
00010a f7f1     +BRNE __DELAY_USB_LOOP
                 	__DELAY_USB 13
00010b 98aa      	CBI  0x15,2
                +
00010c e08d     +LDI R24 , LOW ( 13 )
                +__DELAY_USB_LOOP :
00010d 958a     +DEC R24
00010e f7f1     +BRNE __DELAY_USB_LOOP
                 	__DELAY_USB 13
00010f 940c 0193 	JMP  _0x2080002
                 __lcd_write_data:
000111 93aa      	ST   -Y,R26
000112 81a8      	LD   R26,Y
000113 dfe8      	RCALL __lcd_write_nibble_G100
000114 81e8          ld    r30,y
000115 95e2          swap  r30
000116 83e8          st    y,r30
000117 81a8      	LD   R26,Y
000118 dfe3      	RCALL __lcd_write_nibble_G100
                +
000119 e885     +LDI R24 , LOW ( 133 )
                +__DELAY_USB_LOOP :
00011a 958a     +DEC R24
00011b f7f1     +BRNE __DELAY_USB_LOOP
                 	__DELAY_USB 133
00011c 940c 0193 	JMP  _0x2080002
                 _lcd_gotoxy:
00011e 93aa      	ST   -Y,R26
00011f 81e8      	LD   R30,Y
000120 e0f0      	LDI  R31,0
000121 58e6      	SUBI R30,LOW(-__base_y_G100)
000122 4ffd      	SBCI R31,HIGH(-__base_y_G100)
000123 81e0      	LD   R30,Z
000124 81a9      	LDD  R26,Y+1
000125 0fae      	ADD  R26,R30
000126 dfea      	RCALL __lcd_write_data
000127 80d9      	LDD  R13,Y+1
000128 80c8      	LDD  R12,Y+0
000129 9622      	ADIW R28,2
00012a 9508      	RET
                 _lcd_clear:
00012b e0a2      	LDI  R26,LOW(2)
00012c 940e 01a3 	CALL SUBOPT_0x0
00012e e0ac      	LDI  R26,LOW(12)
00012f dfe1      	RCALL __lcd_write_data
000130 e0a1      	LDI  R26,LOW(1)
000131 940e 01a3 	CALL SUBOPT_0x0
000133 e0e0      	LDI  R30,LOW(0)
000134 2ece      	MOV  R12,R30
000135 2ede      	MOV  R13,R30
000136 9508      	RET
                 _lcd_putchar:
000137 93aa      	ST   -Y,R26
000138 81a8      	LD   R26,Y
000139 30aa      	CPI  R26,LOW(0xA)
00013a f021      	BREQ _0x2000005
00013b 91e0 027e 	LDS  R30,__lcd_maxx
00013d 16de      	CP   R13,R30
00013e f050      	BRLO _0x2000004
                 _0x2000005:
00013f e0e0      	LDI  R30,LOW(0)
000140 93ea      	ST   -Y,R30
000141 94c3      	INC  R12
000142 2dac      	MOV  R26,R12
000143 dfda      	RCALL _lcd_gotoxy
000144 81a8      	LD   R26,Y
000145 30aa      	CPI  R26,LOW(0xA)
000146 f411      	BRNE _0x2000007
000147 940c 0193 	JMP  _0x2080002
                 _0x2000007:
                 _0x2000004:
000149 94d3      	INC  R13
00014a 9aa8      	SBI  0x15,0
00014b 81a8      	LD   R26,Y
00014c dfc4      	RCALL __lcd_write_data
00014d 98a8      	CBI  0x15,0
00014e 940c 0193 	JMP  _0x2080002
                 _lcd_puts:
000150 93ba      	ST   -Y,R27
000151 93aa      	ST   -Y,R26
000152 931a      	ST   -Y,R17
                 _0x2000008:
000153 940e 01a9 	CALL SUBOPT_0x1
000155 f019      	BREQ _0x200000A
000156 2fa1      	MOV  R26,R17
000157 dfdf      	RCALL _lcd_putchar
000158 cffa      	RJMP _0x2000008
                 _0x200000A:
000159 940c 01a0 	JMP  _0x2080001
                 _lcd_init:
00015b 93aa      	ST   -Y,R26
00015c b3e4      	IN   R30,0x14
00015d 6fe0      	ORI  R30,LOW(0xF0)
00015e bbe4      	OUT  0x14,R30
00015f 9aa2      	SBI  0x14,2
000160 9aa0      	SBI  0x14,0
000161 9aa1      	SBI  0x14,1
000162 98aa      	CBI  0x15,2
000163 98a8      	CBI  0x15,0
000164 98a9      	CBI  0x15,1
000165 81e8      	LD   R30,Y
000166 93e0 027e 	STS  __lcd_maxx,R30
000168 58e0      	SUBI R30,-LOW(128)
                +
000169 93e0 027c+STS __base_y_G100 + ( 2 ) , R30
                 	__PUTB1MN __base_y_G100,2
00016b 81e8      	LD   R30,Y
00016c 54e0      	SUBI R30,-LOW(192)
                +
00016d 93e0 027d+STS __base_y_G100 + ( 3 ) , R30
                 	__PUTB1MN __base_y_G100,3
00016f e1a4      	LDI  R26,LOW(20)
000170 e0b0      	LDI  R27,0
000171 940e 01b9 	CALL _delay_ms
000173 940e 01b1 	CALL SUBOPT_0x2
000175 940e 01b1 	CALL SUBOPT_0x2
000177 940e 01b1 	CALL SUBOPT_0x2
000179 e2a0      	LDI  R26,LOW(32)
00017a df81      	RCALL __lcd_write_nibble_G100
                +
00017b ec88     +LDI R24 , LOW ( 200 )
00017c e090     +LDI R25 , HIGH ( 200 )
                +__DELAY_USW_LOOP :
00017d 9701     +SBIW R24 , 1
00017e f7f1     +BRNE __DELAY_USW_LOOP
                 	__DELAY_USW 200
00017f e2a8      	LDI  R26,LOW(40)
000180 df90      	RCALL __lcd_write_data
000181 e0a4      	LDI  R26,LOW(4)
000182 df8e      	RCALL __lcd_write_data
000183 e8a5      	LDI  R26,LOW(133)
000184 df8c      	RCALL __lcd_write_data
000185 e0a6      	LDI  R26,LOW(6)
000186 df8a      	RCALL __lcd_write_data
000187 dfa3      	RCALL _lcd_clear
000188 940c 0193 	JMP  _0x2080002
                 	#ifndef __SLEEP_DEFINED__
                 	#endif
                 
                 	.CSEG
                 _getchar:
                 getchar0:
00018a 9b5f           sbis usr,rxc
00018b cffe           rjmp getchar0
00018c b1ec           in   r30,udr
00018d 9508      	RET
                 _putchar:
00018e 93aa      	ST   -Y,R26
                 putchar0:
00018f 9b5d           sbis usr,udre
000190 cffe           rjmp putchar0
000191 81e8           ld   r30,y
000192 b9ec           out  udr,r30
                 _0x2080002:
000193 9621      	ADIW R28,1
000194 9508      	RET
                 _puts:
000195 93ba      	ST   -Y,R27
000196 93aa      	ST   -Y,R26
000197 931a      	ST   -Y,R17
                 _0x2020003:
000198 940e 01a9 	CALL SUBOPT_0x1
00019a f019      	BREQ _0x2020005
00019b 2fa1      	MOV  R26,R17
00019c dff1      	RCALL _putchar
00019d cffa      	RJMP _0x2020003
                 _0x2020005:
00019e e0aa      	LDI  R26,LOW(10)
00019f dfee      	RCALL _putchar
                 _0x2080001:
0001a0 8118      	LDD  R17,Y+0
0001a1 9623      	ADIW R28,3
0001a2 9508      	RET
                 
                 	.CSEG
                 
                 	.CSEG
                 
                 	.DSEG
                 __base_y_G100:
00027a           	.BYTE 0x4
                 __lcd_maxx:
00027e           	.BYTE 0x1
                 
                 	.CSEG
                 ;OPTIMIZER ADDED SUBROUTINE, CALLED 2 TIMES, CODE SIZE REDUCTION:3 WORDS
                 SUBOPT_0x0:
0001a3 940e 0111 	CALL __lcd_write_data
0001a5 e0a3      	LDI  R26,LOW(3)
0001a6 e0b0      	LDI  R27,0
0001a7 940c 01b9 	JMP  _delay_ms
                 
                 ;OPTIMIZER ADDED SUBROUTINE, CALLED 2 TIMES, CODE SIZE REDUCTION:2 WORDS
                 SUBOPT_0x1:
0001a9 81a9      	LDD  R26,Y+1
0001aa 81ba      	LDD  R27,Y+1+1
0001ab 91ed      	LD   R30,X+
0001ac 83a9      	STD  Y+1,R26
0001ad 83ba      	STD  Y+1+1,R27
0001ae 2f1e      	MOV  R17,R30
0001af 30e0      	CPI  R30,0
0001b0 9508      	RET
                 
                 ;OPTIMIZER ADDED SUBROUTINE, CALLED 3 TIMES, CODE SIZE REDUCTION:7 WORDS
                 SUBOPT_0x2:
0001b1 e3a0      	LDI  R26,LOW(48)
0001b2 940e 00fc 	CALL __lcd_write_nibble_G100
                +
0001b4 ec88     +LDI R24 , LOW ( 200 )
0001b5 e090     +LDI R25 , HIGH ( 200 )
                +__DELAY_USW_LOOP :
0001b6 9701     +SBIW R24 , 1
0001b7 f7f1     +BRNE __DELAY_USW_LOOP
                 	__DELAY_USW 200
0001b8 9508      	RET
                 
                 
                 	.CSEG
                 _delay_ms:
0001b9 9610      	adiw r26,0
0001ba f039      	breq __delay_ms1
                 __delay_ms0:
                +
0001bb ed80     +LDI R24 , LOW ( 0x7D0 )
0001bc e097     +LDI R25 , HIGH ( 0x7D0 )
                +__DELAY_USW_LOOP :
0001bd 9701     +SBIW R24 , 1
0001be f7f1     +BRNE __DELAY_USW_LOOP
                 	__DELAY_USW 0x7D0
0001bf 95a8      	wdr
0001c0 9711      	sbiw r26,1
0001c1 f7c9      	brne __delay_ms0
                 __delay_ms1:
0001c2 9508      	ret
                 
                 ;END OF CODE MARKER
                 __END_OF_CODE:


RESOURCE USE INFORMATION
------------------------

Notice:
The register and instruction counts are symbol table hit counts,
and hence implicitly used resources are not counted, eg, the
'lpm' instruction without operands implicitly uses r0 and z,
none of which are counted.

x,y,z are separate entities in the symbol table and are
counted separately from r26..r31 here.

.dseg memory usage only counts static data declared with .byte

ATmega32 register use summary:
r0 :   4 r1 :   1 r2 :   0 r3 :   0 r4 :   1 r5 :   1 r6 :   2 r7 :   0 
r8 :   2 r9 :   0 r10:   0 r11:   0 r12:   4 r13:   4 r14:   0 r15:   0 
r16:   0 r17:  13 r18:   3 r19:   1 r20:   0 r21:   0 r22:   2 r23:   0 
r24:  21 r25:   5 r26:  60 r27:   9 r28:   4 r29:   1 r30: 106 r31:  11 
x  :   4 y  :  35 z  :   8 
Registers used: 23 out of 35 (65.7%)

ATmega32 instruction use summary:
.lds  :   0 .lds.l:   0 .sts  :   0 .sts.l:   0 adc   :   0 add   :   1 
adiw  :   4 and   :   0 andi  :   2 asr   :   0 bclr  :   0 bld   :   0 
brbc  :   0 brbs  :   0 brcc  :   0 brcs  :   0 break :   0 breq  :   5 
brge  :   0 brhc  :   0 brhs  :   0 brid  :   0 brie  :   0 brlo  :   1 
brlt  :   0 brmi  :   0 brne  :  15 brpl  :   0 brsh  :   4 brtc  :   0 
brts  :   0 brvc  :   0 brvs  :   0 bset  :   0 bst   :   0 call  :  17 
cbi   :   5 cbr   :   0 clc   :   0 clh   :   0 cli   :   1 cln   :   0 
clr   :   2 cls   :   0 clt   :   0 clv   :   0 clz   :   0 com   :   0 
cp    :   1 cpc   :   3 cpi   :  10 cpse  :   0 dec   :   5 des   :   0 
eor   :   0 fmul  :   0 fmuls :   0 fmulsu:   0 icall :   0 ijmp  :   0 
in    :   3 inc   :   2 jmp   :  29 ld    :  13 ldd   :   6 ldi   :  60 
lds   :   1 lpm   :   7 lsl   :   0 lsr   :   0 mov   :  12 movw  :   9 
mul   :   0 muls  :   0 mulsu :   0 neg   :   0 nop   :   0 or    :   1 
ori   :   1 out   :  49 pop   :   0 push  :   0 rcall :  25 ret   :   9 
reti  :   0 rjmp  :  12 rol   :   0 ror   :   0 sbc   :   0 sbci  :   1 
sbi   :   5 sbic  :   0 sbis  :   2 sbiw  :   7 sbr   :   0 sbrc  :   0 
sbrs  :   0 sec   :   0 seh   :   0 sei   :   0 sen   :   0 ser   :   0 
ses   :   0 set   :   0 sev   :   0 sez   :   0 sleep :   0 spm   :   0 
st    :  19 std   :   2 sts   :   3 sub   :   0 subi  :   3 swap  :   1 
tst   :   0 wdr   :   1 
Instructions used: 41 out of 116 (35.3%)

ATmega32 memory use summary [bytes]:
Segment   Begin    End      Code   Data   Used    Size   Use%
---------------------------------------------------------------
[.cseg] 0x000000 0x000386    818     84    902   32768   2.8%
[.dseg] 0x000060 0x00027f      0     31     31    2143   1.4%
[.eseg] 0x000000 0x000000      0      0      0    1024   0.0%

Assembly complete, 0 errors, 6 warnings
