
AVRASM ver. 2.1.30  C:\Users\Sara\Desktop\Final_96521443\List\Final.asm Sat Jul 18 17:42:45 2020

C:\Users\Sara\Desktop\Final_96521443\List\Final.asm(1072): warning: Register r5 already defined by the .DEF directive
C:\Users\Sara\Desktop\Final_96521443\List\Final.asm(1073): warning: Register r4 already defined by the .DEF directive
C:\Users\Sara\Desktop\Final_96521443\List\Final.asm(1074): warning: Register r7 already defined by the .DEF directive
                 
                 
                 ;CodeVisionAVR C Compiler V2.05.3 Standard
                 ;(C) Copyright 1998-2011 Pavel Haiduc, HP InfoTech s.r.l.
                 ;http://www.hpinfotech.com
                 
                 ;Chip type                : ATmega32
                 ;Program type             : Application
                 ;Clock frequency          : 8.000000 MHz
                 ;Memory model             : Small
                 ;Optimize for             : Size
                 ;(s)printf features       : int, width
                 ;(s)scanf features        : int, width
                 ;External RAM size        : 0
                 ;Data Stack size          : 512 byte(s)
                 ;Heap size                : 0 byte(s)
                 ;Promote 'char' to 'int'  : Yes
                 ;'char' is unsigned       : Yes
                 ;8 bit enums              : Yes
                 ;Global 'const' stored in FLASH     : No
                 ;Enhanced function parameter passing: Yes
                 ;Enhanced core instructions         : On
                 ;Smart register allocation          : On
                 ;Automatic register allocation      : On
                 
                 	#pragma AVRPART ADMIN PART_NAME ATmega32
                 	#pragma AVRPART MEMORY PROG_FLASH 32768
                 	#pragma AVRPART MEMORY EEPROM 1024
                 	#pragma AVRPART MEMORY INT_SRAM SIZE 2143
                 	#pragma AVRPART MEMORY INT_SRAM START_ADDR 0x60
                 
                 	#define CALL_SUPPORTED 1
                 
                 	.LISTMAC
                 	.EQU UDRE=0x5
                 	.EQU RXC=0x7
                 	.EQU USR=0xB
                 	.EQU UDR=0xC
                 	.EQU SPSR=0xE
                 	.EQU SPDR=0xF
                 	.EQU EERE=0x0
                 	.EQU EEWE=0x1
                 	.EQU EEMWE=0x2
                 	.EQU EECR=0x1C
                 	.EQU EEDR=0x1D
                 	.EQU EEARL=0x1E
                 	.EQU EEARH=0x1F
                 	.EQU WDTCR=0x21
                 	.EQU MCUCR=0x35
                 	.EQU GICR=0x3B
                 	.EQU SPL=0x3D
                 	.EQU SPH=0x3E
                 	.EQU SREG=0x3F
                 
                 	.DEF R0X0=R0
                 	.DEF R0X1=R1
                 	.DEF R0X2=R2
                 	.DEF R0X3=R3
                 	.DEF R0X4=R4
                 	.DEF R0X5=R5
                 	.DEF R0X6=R6
                 	.DEF R0X7=R7
                 	.DEF R0X8=R8
                 	.DEF R0X9=R9
                 	.DEF R0XA=R10
                 	.DEF R0XB=R11
                 	.DEF R0XC=R12
                 	.DEF R0XD=R13
                 	.DEF R0XE=R14
                 	.DEF R0XF=R15
                 	.DEF R0X10=R16
                 	.DEF R0X11=R17
                 	.DEF R0X12=R18
                 	.DEF R0X13=R19
                 	.DEF R0X14=R20
                 	.DEF R0X15=R21
                 	.DEF R0X16=R22
                 	.DEF R0X17=R23
                 	.DEF R0X18=R24
                 	.DEF R0X19=R25
                 	.DEF R0X1A=R26
                 	.DEF R0X1B=R27
                 	.DEF R0X1C=R28
                 	.DEF R0X1D=R29
                 	.DEF R0X1E=R30
                 	.DEF R0X1F=R31
                 
                 	.EQU __SRAM_START=0x0060
                 	.EQU __SRAM_END=0x085F
                 	.EQU __DSTACK_SIZE=0x0200
                 	.EQU __HEAP_SIZE=0x0000
                 	.EQU __CLEAR_SRAM_SIZE=__SRAM_END-__SRAM_START+1
                 
                 	.MACRO __CPD1N
                 	CPI  R30,LOW(@0)
                 	LDI  R26,HIGH(@0)
                 	CPC  R31,R26
                 	LDI  R26,BYTE3(@0)
                 	CPC  R22,R26
                 	LDI  R26,BYTE4(@0)
                 	CPC  R23,R26
                 	.ENDM
                 
                 	.MACRO __CPD2N
                 	CPI  R26,LOW(@0)
                 	LDI  R30,HIGH(@0)
                 	CPC  R27,R30
                 	LDI  R30,BYTE3(@0)
                 	CPC  R24,R30
                 	LDI  R30,BYTE4(@0)
                 	CPC  R25,R30
                 	.ENDM
                 
                 	.MACRO __CPWRR
                 	CP   R@0,R@2
                 	CPC  R@1,R@3
                 	.ENDM
                 
                 	.MACRO __CPWRN
                 	CPI  R@0,LOW(@2)
                 	LDI  R30,HIGH(@2)
                 	CPC  R@1,R30
                 	.ENDM
                 
                 	.MACRO __ADDB1MN
                 	SUBI R30,LOW(-@0-(@1))
                 	.ENDM
                 
                 	.MACRO __ADDB2MN
                 	SUBI R26,LOW(-@0-(@1))
                 	.ENDM
                 
                 	.MACRO __ADDW1MN
                 	SUBI R30,LOW(-@0-(@1))
                 	SBCI R31,HIGH(-@0-(@1))
                 	.ENDM
                 
                 	.MACRO __ADDW2MN
                 	SUBI R26,LOW(-@0-(@1))
                 	SBCI R27,HIGH(-@0-(@1))
                 	.ENDM
                 
                 	.MACRO __ADDW1FN
                 	SUBI R30,LOW(-2*@0-(@1))
                 	SBCI R31,HIGH(-2*@0-(@1))
                 	.ENDM
                 
                 	.MACRO __ADDD1FN
                 	SUBI R30,LOW(-2*@0-(@1))
                 	SBCI R31,HIGH(-2*@0-(@1))
                 	SBCI R22,BYTE3(-2*@0-(@1))
                 	.ENDM
                 
                 	.MACRO __ADDD1N
                 	SUBI R30,LOW(-@0)
                 	SBCI R31,HIGH(-@0)
                 	SBCI R22,BYTE3(-@0)
                 	SBCI R23,BYTE4(-@0)
                 	.ENDM
                 
                 	.MACRO __ADDD2N
                 	SUBI R26,LOW(-@0)
                 	SBCI R27,HIGH(-@0)
                 	SBCI R24,BYTE3(-@0)
                 	SBCI R25,BYTE4(-@0)
                 	.ENDM
                 
                 	.MACRO __SUBD1N
                 	SUBI R30,LOW(@0)
                 	SBCI R31,HIGH(@0)
                 	SBCI R22,BYTE3(@0)
                 	SBCI R23,BYTE4(@0)
                 	.ENDM
                 
                 	.MACRO __SUBD2N
                 	SUBI R26,LOW(@0)
                 	SBCI R27,HIGH(@0)
                 	SBCI R24,BYTE3(@0)
                 	SBCI R25,BYTE4(@0)
                 	.ENDM
                 
                 	.MACRO __ANDBMNN
                 	LDS  R30,@0+(@1)
                 	ANDI R30,LOW(@2)
                 	STS  @0+(@1),R30
                 	.ENDM
                 
                 	.MACRO __ANDWMNN
                 	LDS  R30,@0+(@1)
                 	ANDI R30,LOW(@2)
                 	STS  @0+(@1),R30
                 	LDS  R30,@0+(@1)+1
                 	ANDI R30,HIGH(@2)
                 	STS  @0+(@1)+1,R30
                 	.ENDM
                 
                 	.MACRO __ANDD1N
                 	ANDI R30,LOW(@0)
                 	ANDI R31,HIGH(@0)
                 	ANDI R22,BYTE3(@0)
                 	ANDI R23,BYTE4(@0)
                 	.ENDM
                 
                 	.MACRO __ANDD2N
                 	ANDI R26,LOW(@0)
                 	ANDI R27,HIGH(@0)
                 	ANDI R24,BYTE3(@0)
                 	ANDI R25,BYTE4(@0)
                 	.ENDM
                 
                 	.MACRO __ORBMNN
                 	LDS  R30,@0+(@1)
                 	ORI  R30,LOW(@2)
                 	STS  @0+(@1),R30
                 	.ENDM
                 
                 	.MACRO __ORWMNN
                 	LDS  R30,@0+(@1)
                 	ORI  R30,LOW(@2)
                 	STS  @0+(@1),R30
                 	LDS  R30,@0+(@1)+1
                 	ORI  R30,HIGH(@2)
                 	STS  @0+(@1)+1,R30
                 	.ENDM
                 
                 	.MACRO __ORD1N
                 	ORI  R30,LOW(@0)
                 	ORI  R31,HIGH(@0)
                 	ORI  R22,BYTE3(@0)
                 	ORI  R23,BYTE4(@0)
                 	.ENDM
                 
                 	.MACRO __ORD2N
                 	ORI  R26,LOW(@0)
                 	ORI  R27,HIGH(@0)
                 	ORI  R24,BYTE3(@0)
                 	ORI  R25,BYTE4(@0)
                 	.ENDM
                 
                 	.MACRO __DELAY_USB
                 	LDI  R24,LOW(@0)
                 __DELAY_USB_LOOP:
                 	DEC  R24
                 	BRNE __DELAY_USB_LOOP
                 	.ENDM
                 
                 	.MACRO __DELAY_USW
                 	LDI  R24,LOW(@0)
                 	LDI  R25,HIGH(@0)
                 __DELAY_USW_LOOP:
                 	SBIW R24,1
                 	BRNE __DELAY_USW_LOOP
                 	.ENDM
                 
                 	.MACRO __GETD1S
                 	LDD  R30,Y+@0
                 	LDD  R31,Y+@0+1
                 	LDD  R22,Y+@0+2
                 	LDD  R23,Y+@0+3
                 	.ENDM
                 
                 	.MACRO __GETD2S
                 	LDD  R26,Y+@0
                 	LDD  R27,Y+@0+1
                 	LDD  R24,Y+@0+2
                 	LDD  R25,Y+@0+3
                 	.ENDM
                 
                 	.MACRO __PUTD1S
                 	STD  Y+@0,R30
                 	STD  Y+@0+1,R31
                 	STD  Y+@0+2,R22
                 	STD  Y+@0+3,R23
                 	.ENDM
                 
                 	.MACRO __PUTD2S
                 	STD  Y+@0,R26
                 	STD  Y+@0+1,R27
                 	STD  Y+@0+2,R24
                 	STD  Y+@0+3,R25
                 	.ENDM
                 
                 	.MACRO __PUTDZ2
                 	STD  Z+@0,R26
                 	STD  Z+@0+1,R27
                 	STD  Z+@0+2,R24
                 	STD  Z+@0+3,R25
                 	.ENDM
                 
                 	.MACRO __CLRD1S
                 	STD  Y+@0,R30
                 	STD  Y+@0+1,R30
                 	STD  Y+@0+2,R30
                 	STD  Y+@0+3,R30
                 	.ENDM
                 
                 	.MACRO __POINTB1MN
                 	LDI  R30,LOW(@0+(@1))
                 	.ENDM
                 
                 	.MACRO __POINTW1MN
                 	LDI  R30,LOW(@0+(@1))
                 	LDI  R31,HIGH(@0+(@1))
                 	.ENDM
                 
                 	.MACRO __POINTD1M
                 	LDI  R30,LOW(@0)
                 	LDI  R31,HIGH(@0)
                 	LDI  R22,BYTE3(@0)
                 	LDI  R23,BYTE4(@0)
                 	.ENDM
                 
                 	.MACRO __POINTW1FN
                 	LDI  R30,LOW(2*@0+(@1))
                 	LDI  R31,HIGH(2*@0+(@1))
                 	.ENDM
                 
                 	.MACRO __POINTD1FN
                 	LDI  R30,LOW(2*@0+(@1))
                 	LDI  R31,HIGH(2*@0+(@1))
                 	LDI  R22,BYTE3(2*@0+(@1))
                 	LDI  R23,BYTE4(2*@0+(@1))
                 	.ENDM
                 
                 	.MACRO __POINTB2MN
                 	LDI  R26,LOW(@0+(@1))
                 	.ENDM
                 
                 	.MACRO __POINTW2MN
                 	LDI  R26,LOW(@0+(@1))
                 	LDI  R27,HIGH(@0+(@1))
                 	.ENDM
                 
                 	.MACRO __POINTW2FN
                 	LDI  R26,LOW(2*@0+(@1))
                 	LDI  R27,HIGH(2*@0+(@1))
                 	.ENDM
                 
                 	.MACRO __POINTD2FN
                 	LDI  R26,LOW(2*@0+(@1))
                 	LDI  R27,HIGH(2*@0+(@1))
                 	LDI  R24,BYTE3(2*@0+(@1))
                 	LDI  R25,BYTE4(2*@0+(@1))
                 	.ENDM
                 
                 	.MACRO __POINTBRM
                 	LDI  R@0,LOW(@1)
                 	.ENDM
                 
                 	.MACRO __POINTWRM
                 	LDI  R@0,LOW(@2)
                 	LDI  R@1,HIGH(@2)
                 	.ENDM
                 
                 	.MACRO __POINTBRMN
                 	LDI  R@0,LOW(@1+(@2))
                 	.ENDM
                 
                 	.MACRO __POINTWRMN
                 	LDI  R@0,LOW(@2+(@3))
                 	LDI  R@1,HIGH(@2+(@3))
                 	.ENDM
                 
                 	.MACRO __POINTWRFN
                 	LDI  R@0,LOW(@2*2+(@3))
                 	LDI  R@1,HIGH(@2*2+(@3))
                 	.ENDM
                 
                 	.MACRO __GETD1N
                 	LDI  R30,LOW(@0)
                 	LDI  R31,HIGH(@0)
                 	LDI  R22,BYTE3(@0)
                 	LDI  R23,BYTE4(@0)
                 	.ENDM
                 
                 	.MACRO __GETD2N
                 	LDI  R26,LOW(@0)
                 	LDI  R27,HIGH(@0)
                 	LDI  R24,BYTE3(@0)
                 	LDI  R25,BYTE4(@0)
                 	.ENDM
                 
                 	.MACRO __GETB1MN
                 	LDS  R30,@0+(@1)
                 	.ENDM
                 
                 	.MACRO __GETB1HMN
                 	LDS  R31,@0+(@1)
                 	.ENDM
                 
                 	.MACRO __GETW1MN
                 	LDS  R30,@0+(@1)
                 	LDS  R31,@0+(@1)+1
                 	.ENDM
                 
                 	.MACRO __GETD1MN
                 	LDS  R30,@0+(@1)
                 	LDS  R31,@0+(@1)+1
                 	LDS  R22,@0+(@1)+2
                 	LDS  R23,@0+(@1)+3
                 	.ENDM
                 
                 	.MACRO __GETBRMN
                 	LDS  R@0,@1+(@2)
                 	.ENDM
                 
                 	.MACRO __GETWRMN
                 	LDS  R@0,@2+(@3)
                 	LDS  R@1,@2+(@3)+1
                 	.ENDM
                 
                 	.MACRO __GETWRZ
                 	LDD  R@0,Z+@2
                 	LDD  R@1,Z+@2+1
                 	.ENDM
                 
                 	.MACRO __GETD2Z
                 	LDD  R26,Z+@0
                 	LDD  R27,Z+@0+1
                 	LDD  R24,Z+@0+2
                 	LDD  R25,Z+@0+3
                 	.ENDM
                 
                 	.MACRO __GETB2MN
                 	LDS  R26,@0+(@1)
                 	.ENDM
                 
                 	.MACRO __GETW2MN
                 	LDS  R26,@0+(@1)
                 	LDS  R27,@0+(@1)+1
                 	.ENDM
                 
                 	.MACRO __GETD2MN
                 	LDS  R26,@0+(@1)
                 	LDS  R27,@0+(@1)+1
                 	LDS  R24,@0+(@1)+2
                 	LDS  R25,@0+(@1)+3
                 	.ENDM
                 
                 	.MACRO __PUTB1MN
                 	STS  @0+(@1),R30
                 	.ENDM
                 
                 	.MACRO __PUTW1MN
                 	STS  @0+(@1),R30
                 	STS  @0+(@1)+1,R31
                 	.ENDM
                 
                 	.MACRO __PUTD1MN
                 	STS  @0+(@1),R30
                 	STS  @0+(@1)+1,R31
                 	STS  @0+(@1)+2,R22
                 	STS  @0+(@1)+3,R23
                 	.ENDM
                 
                 	.MACRO __PUTB1EN
                 	LDI  R26,LOW(@0+(@1))
                 	LDI  R27,HIGH(@0+(@1))
                 	CALL __EEPROMWRB
                 	.ENDM
                 
                 	.MACRO __PUTW1EN
                 	LDI  R26,LOW(@0+(@1))
                 	LDI  R27,HIGH(@0+(@1))
                 	CALL __EEPROMWRW
                 	.ENDM
                 
                 	.MACRO __PUTD1EN
                 	LDI  R26,LOW(@0+(@1))
                 	LDI  R27,HIGH(@0+(@1))
                 	CALL __EEPROMWRD
                 	.ENDM
                 
                 	.MACRO __PUTBR0MN
                 	STS  @0+(@1),R0
                 	.ENDM
                 
                 	.MACRO __PUTBMRN
                 	STS  @0+(@1),R@2
                 	.ENDM
                 
                 	.MACRO __PUTWMRN
                 	STS  @0+(@1),R@2
                 	STS  @0+(@1)+1,R@3
                 	.ENDM
                 
                 	.MACRO __PUTBZR
                 	STD  Z+@1,R@0
                 	.ENDM
                 
                 	.MACRO __PUTWZR
                 	STD  Z+@2,R@0
                 	STD  Z+@2+1,R@1
                 	.ENDM
                 
                 	.MACRO __GETW1R
                 	MOV  R30,R@0
                 	MOV  R31,R@1
                 	.ENDM
                 
                 	.MACRO __GETW2R
                 	MOV  R26,R@0
                 	MOV  R27,R@1
                 	.ENDM
                 
                 	.MACRO __GETWRN
                 	LDI  R@0,LOW(@2)
                 	LDI  R@1,HIGH(@2)
                 	.ENDM
                 
                 	.MACRO __PUTW1R
                 	MOV  R@0,R30
                 	MOV  R@1,R31
                 	.ENDM
                 
                 	.MACRO __PUTW2R
                 	MOV  R@0,R26
                 	MOV  R@1,R27
                 	.ENDM
                 
                 	.MACRO __ADDWRN
                 	SUBI R@0,LOW(-@2)
                 	SBCI R@1,HIGH(-@2)
                 	.ENDM
                 
                 	.MACRO __ADDWRR
                 	ADD  R@0,R@2
                 	ADC  R@1,R@3
                 	.ENDM
                 
                 	.MACRO __SUBWRN
                 	SUBI R@0,LOW(@2)
                 	SBCI R@1,HIGH(@2)
                 	.ENDM
                 
                 	.MACRO __SUBWRR
                 	SUB  R@0,R@2
                 	SBC  R@1,R@3
                 	.ENDM
                 
                 	.MACRO __ANDWRN
                 	ANDI R@0,LOW(@2)
                 	ANDI R@1,HIGH(@2)
                 	.ENDM
                 
                 	.MACRO __ANDWRR
                 	AND  R@0,R@2
                 	AND  R@1,R@3
                 	.ENDM
                 
                 	.MACRO __ORWRN
                 	ORI  R@0,LOW(@2)
                 	ORI  R@1,HIGH(@2)
                 	.ENDM
                 
                 	.MACRO __ORWRR
                 	OR   R@0,R@2
                 	OR   R@1,R@3
                 	.ENDM
                 
                 	.MACRO __EORWRR
                 	EOR  R@0,R@2
                 	EOR  R@1,R@3
                 	.ENDM
                 
                 	.MACRO __GETWRS
                 	LDD  R@0,Y+@2
                 	LDD  R@1,Y+@2+1
                 	.ENDM
                 
                 	.MACRO __PUTBSR
                 	STD  Y+@1,R@0
                 	.ENDM
                 
                 	.MACRO __PUTWSR
                 	STD  Y+@2,R@0
                 	STD  Y+@2+1,R@1
                 	.ENDM
                 
                 	.MACRO __MOVEWRR
                 	MOV  R@0,R@2
                 	MOV  R@1,R@3
                 	.ENDM
                 
                 	.MACRO __INWR
                 	IN   R@0,@2
                 	IN   R@1,@2+1
                 	.ENDM
                 
                 	.MACRO __OUTWR
                 	OUT  @2+1,R@1
                 	OUT  @2,R@0
                 	.ENDM
                 
                 	.MACRO __CALL1MN
                 	LDS  R30,@0+(@1)
                 	LDS  R31,@0+(@1)+1
                 	ICALL
                 	.ENDM
                 
                 	.MACRO __CALL1FN
                 	LDI  R30,LOW(2*@0+(@1))
                 	LDI  R31,HIGH(2*@0+(@1))
                 	CALL __GETW1PF
                 	ICALL
                 	.ENDM
                 
                 	.MACRO __CALL2EN
                 	LDI  R26,LOW(@0+(@1))
                 	LDI  R27,HIGH(@0+(@1))
                 	CALL __EEPROMRDW
                 	ICALL
                 	.ENDM
                 
                 	.MACRO __GETW1STACK
                 	IN   R26,SPL
                 	IN   R27,SPH
                 	ADIW R26,@0+1
                 	LD   R30,X+
                 	LD   R31,X
                 	.ENDM
                 
                 	.MACRO __GETD1STACK
                 	IN   R26,SPL
                 	IN   R27,SPH
                 	ADIW R26,@0+1
                 	LD   R30,X+
                 	LD   R31,X+
                 	LD   R22,X
                 	.ENDM
                 
                 	.MACRO __NBST
                 	BST  R@0,@1
                 	IN   R30,SREG
                 	LDI  R31,0x40
                 	EOR  R30,R31
                 	OUT  SREG,R30
                 	.ENDM
                 
                 
                 	.MACRO __PUTB1SN
                 	LDD  R26,Y+@0
                 	LDD  R27,Y+@0+1
                 	SUBI R26,LOW(-@1)
                 	SBCI R27,HIGH(-@1)
                 	ST   X,R30
                 	.ENDM
                 
                 	.MACRO __PUTW1SN
                 	LDD  R26,Y+@0
                 	LDD  R27,Y+@0+1
                 	SUBI R26,LOW(-@1)
                 	SBCI R27,HIGH(-@1)
                 	ST   X+,R30
                 	ST   X,R31
                 	.ENDM
                 
                 	.MACRO __PUTD1SN
                 	LDD  R26,Y+@0
                 	LDD  R27,Y+@0+1
                 	SUBI R26,LOW(-@1)
                 	SBCI R27,HIGH(-@1)
                 	CALL __PUTDP1
                 	.ENDM
                 
                 	.MACRO __PUTB1SNS
                 	LDD  R26,Y+@0
                 	LDD  R27,Y+@0+1
                 	ADIW R26,@1
                 	ST   X,R30
                 	.ENDM
                 
                 	.MACRO __PUTW1SNS
                 	LDD  R26,Y+@0
                 	LDD  R27,Y+@0+1
                 	ADIW R26,@1
                 	ST   X+,R30
                 	ST   X,R31
                 	.ENDM
                 
                 	.MACRO __PUTD1SNS
                 	LDD  R26,Y+@0
                 	LDD  R27,Y+@0+1
                 	ADIW R26,@1
                 	CALL __PUTDP1
                 	.ENDM
                 
                 	.MACRO __PUTB1PMN
                 	LDS  R26,@0
                 	LDS  R27,@0+1
                 	SUBI R26,LOW(-@1)
                 	SBCI R27,HIGH(-@1)
                 	ST   X,R30
                 	.ENDM
                 
                 	.MACRO __PUTW1PMN
                 	LDS  R26,@0
                 	LDS  R27,@0+1
                 	SUBI R26,LOW(-@1)
                 	SBCI R27,HIGH(-@1)
                 	ST   X+,R30
                 	ST   X,R31
                 	.ENDM
                 
                 	.MACRO __PUTD1PMN
                 	LDS  R26,@0
                 	LDS  R27,@0+1
                 	SUBI R26,LOW(-@1)
                 	SBCI R27,HIGH(-@1)
                 	CALL __PUTDP1
                 	.ENDM
                 
                 	.MACRO __PUTB1PMNS
                 	LDS  R26,@0
                 	LDS  R27,@0+1
                 	ADIW R26,@1
                 	ST   X,R30
                 	.ENDM
                 
                 	.MACRO __PUTW1PMNS
                 	LDS  R26,@0
                 	LDS  R27,@0+1
                 	ADIW R26,@1
                 	ST   X+,R30
                 	ST   X,R31
                 	.ENDM
                 
                 	.MACRO __PUTD1PMNS
                 	LDS  R26,@0
                 	LDS  R27,@0+1
                 	ADIW R26,@1
                 	CALL __PUTDP1
                 	.ENDM
                 
                 	.MACRO __PUTB1RN
                 	MOVW R26,R@0
                 	SUBI R26,LOW(-@1)
                 	SBCI R27,HIGH(-@1)
                 	ST   X,R30
                 	.ENDM
                 
                 	.MACRO __PUTW1RN
                 	MOVW R26,R@0
                 	SUBI R26,LOW(-@1)
                 	SBCI R27,HIGH(-@1)
                 	ST   X+,R30
                 	ST   X,R31
                 	.ENDM
                 
                 	.MACRO __PUTD1RN
                 	MOVW R26,R@0
                 	SUBI R26,LOW(-@1)
                 	SBCI R27,HIGH(-@1)
                 	CALL __PUTDP1
                 	.ENDM
                 
                 	.MACRO __PUTB1RNS
                 	MOVW R26,R@0
                 	ADIW R26,@1
                 	ST   X,R30
                 	.ENDM
                 
                 	.MACRO __PUTW1RNS
                 	MOVW R26,R@0
                 	ADIW R26,@1
                 	ST   X+,R30
                 	ST   X,R31
                 	.ENDM
                 
                 	.MACRO __PUTD1RNS
                 	MOVW R26,R@0
                 	ADIW R26,@1
                 	CALL __PUTDP1
                 	.ENDM
                 
                 	.MACRO __PUTB1RON
                 	MOV  R26,R@0
                 	MOV  R27,R@1
                 	SUBI R26,LOW(-@2)
                 	SBCI R27,HIGH(-@2)
                 	ST   X,R30
                 	.ENDM
                 
                 	.MACRO __PUTW1RON
                 	MOV  R26,R@0
                 	MOV  R27,R@1
                 	SUBI R26,LOW(-@2)
                 	SBCI R27,HIGH(-@2)
                 	ST   X+,R30
                 	ST   X,R31
                 	.ENDM
                 
                 	.MACRO __PUTD1RON
                 	MOV  R26,R@0
                 	MOV  R27,R@1
                 	SUBI R26,LOW(-@2)
                 	SBCI R27,HIGH(-@2)
                 	CALL __PUTDP1
                 	.ENDM
                 
                 	.MACRO __PUTB1RONS
                 	MOV  R26,R@0
                 	MOV  R27,R@1
                 	ADIW R26,@2
                 	ST   X,R30
                 	.ENDM
                 
                 	.MACRO __PUTW1RONS
                 	MOV  R26,R@0
                 	MOV  R27,R@1
                 	ADIW R26,@2
                 	ST   X+,R30
                 	ST   X,R31
                 	.ENDM
                 
                 	.MACRO __PUTD1RONS
                 	MOV  R26,R@0
                 	MOV  R27,R@1
                 	ADIW R26,@2
                 	CALL __PUTDP1
                 	.ENDM
                 
                 
                 	.MACRO __GETB1SX
                 	MOVW R30,R28
                 	SUBI R30,LOW(-@0)
                 	SBCI R31,HIGH(-@0)
                 	LD   R30,Z
                 	.ENDM
                 
                 	.MACRO __GETB1HSX
                 	MOVW R30,R28
                 	SUBI R30,LOW(-@0)
                 	SBCI R31,HIGH(-@0)
                 	LD   R31,Z
                 	.ENDM
                 
                 	.MACRO __GETW1SX
                 	MOVW R30,R28
                 	SUBI R30,LOW(-@0)
                 	SBCI R31,HIGH(-@0)
                 	LD   R0,Z+
                 	LD   R31,Z
                 	MOV  R30,R0
                 	.ENDM
                 
                 	.MACRO __GETD1SX
                 	MOVW R30,R28
                 	SUBI R30,LOW(-@0)
                 	SBCI R31,HIGH(-@0)
                 	LD   R0,Z+
                 	LD   R1,Z+
                 	LD   R22,Z+
                 	LD   R23,Z
                 	MOVW R30,R0
                 	.ENDM
                 
                 	.MACRO __GETB2SX
                 	MOVW R26,R28
                 	SUBI R26,LOW(-@0)
                 	SBCI R27,HIGH(-@0)
                 	LD   R26,X
                 	.ENDM
                 
                 	.MACRO __GETW2SX
                 	MOVW R26,R28
                 	SUBI R26,LOW(-@0)
                 	SBCI R27,HIGH(-@0)
                 	LD   R0,X+
                 	LD   R27,X
                 	MOV  R26,R0
                 	.ENDM
                 
                 	.MACRO __GETD2SX
                 	MOVW R26,R28
                 	SUBI R26,LOW(-@0)
                 	SBCI R27,HIGH(-@0)
                 	LD   R0,X+
                 	LD   R1,X+
                 	LD   R24,X+
                 	LD   R25,X
                 	MOVW R26,R0
                 	.ENDM
                 
                 	.MACRO __GETBRSX
                 	MOVW R30,R28
                 	SUBI R30,LOW(-@1)
                 	SBCI R31,HIGH(-@1)
                 	LD   R@0,Z
                 	.ENDM
                 
                 	.MACRO __GETWRSX
                 	MOVW R30,R28
                 	SUBI R30,LOW(-@2)
                 	SBCI R31,HIGH(-@2)
                 	LD   R@0,Z+
                 	LD   R@1,Z
                 	.ENDM
                 
                 	.MACRO __GETBRSX2
                 	MOVW R26,R28
                 	SUBI R26,LOW(-@1)
                 	SBCI R27,HIGH(-@1)
                 	LD   R@0,X
                 	.ENDM
                 
                 	.MACRO __GETWRSX2
                 	MOVW R26,R28
                 	SUBI R26,LOW(-@2)
                 	SBCI R27,HIGH(-@2)
                 	LD   R@0,X+
                 	LD   R@1,X
                 	.ENDM
                 
                 	.MACRO __LSLW8SX
                 	MOVW R30,R28
                 	SUBI R30,LOW(-@0)
                 	SBCI R31,HIGH(-@0)
                 	LD   R31,Z
                 	CLR  R30
                 	.ENDM
                 
                 	.MACRO __PUTB1SX
                 	MOVW R26,R28
                 	SUBI R26,LOW(-@0)
                 	SBCI R27,HIGH(-@0)
                 	ST   X,R30
                 	.ENDM
                 
                 	.MACRO __PUTW1SX
                 	MOVW R26,R28
                 	SUBI R26,LOW(-@0)
                 	SBCI R27,HIGH(-@0)
                 	ST   X+,R30
                 	ST   X,R31
                 	.ENDM
                 
                 	.MACRO __PUTD1SX
                 	MOVW R26,R28
                 	SUBI R26,LOW(-@0)
                 	SBCI R27,HIGH(-@0)
                 	ST   X+,R30
                 	ST   X+,R31
                 	ST   X+,R22
                 	ST   X,R23
                 	.ENDM
                 
                 	.MACRO __CLRW1SX
                 	MOVW R26,R28
                 	SUBI R26,LOW(-@0)
                 	SBCI R27,HIGH(-@0)
                 	ST   X+,R30
                 	ST   X,R30
                 	.ENDM
                 
                 	.MACRO __CLRD1SX
                 	MOVW R26,R28
                 	SUBI R26,LOW(-@0)
                 	SBCI R27,HIGH(-@0)
                 	ST   X+,R30
                 	ST   X+,R30
                 	ST   X+,R30
                 	ST   X,R30
                 	.ENDM
                 
                 	.MACRO __PUTB2SX
                 	MOVW R30,R28
                 	SUBI R30,LOW(-@0)
                 	SBCI R31,HIGH(-@0)
                 	ST   Z,R26
                 	.ENDM
                 
                 	.MACRO __PUTW2SX
                 	MOVW R30,R28
                 	SUBI R30,LOW(-@0)
                 	SBCI R31,HIGH(-@0)
                 	ST   Z+,R26
                 	ST   Z,R27
                 	.ENDM
                 
                 	.MACRO __PUTD2SX
                 	MOVW R30,R28
                 	SUBI R30,LOW(-@0)
                 	SBCI R31,HIGH(-@0)
                 	ST   Z+,R26
                 	ST   Z+,R27
                 	ST   Z+,R24
                 	ST   Z,R25
                 	.ENDM
                 
                 	.MACRO __PUTBSRX
                 	MOVW R30,R28
                 	SUBI R30,LOW(-@1)
                 	SBCI R31,HIGH(-@1)
                 	ST   Z,R@0
                 	.ENDM
                 
                 	.MACRO __PUTWSRX
                 	MOVW R30,R28
                 	SUBI R30,LOW(-@2)
                 	SBCI R31,HIGH(-@2)
                 	ST   Z+,R@0
                 	ST   Z,R@1
                 	.ENDM
                 
                 	.MACRO __PUTB1SNX
                 	MOVW R26,R28
                 	SUBI R26,LOW(-@0)
                 	SBCI R27,HIGH(-@0)
                 	LD   R0,X+
                 	LD   R27,X
                 	MOV  R26,R0
                 	SUBI R26,LOW(-@1)
                 	SBCI R27,HIGH(-@1)
                 	ST   X,R30
                 	.ENDM
                 
                 	.MACRO __PUTW1SNX
                 	MOVW R26,R28
                 	SUBI R26,LOW(-@0)
                 	SBCI R27,HIGH(-@0)
                 	LD   R0,X+
                 	LD   R27,X
                 	MOV  R26,R0
                 	SUBI R26,LOW(-@1)
                 	SBCI R27,HIGH(-@1)
                 	ST   X+,R30
                 	ST   X,R31
                 	.ENDM
                 
                 	.MACRO __PUTD1SNX
                 	MOVW R26,R28
                 	SUBI R26,LOW(-@0)
                 	SBCI R27,HIGH(-@0)
                 	LD   R0,X+
                 	LD   R27,X
                 	MOV  R26,R0
                 	SUBI R26,LOW(-@1)
                 	SBCI R27,HIGH(-@1)
                 	ST   X+,R30
                 	ST   X+,R31
                 	ST   X+,R22
                 	ST   X,R23
                 	.ENDM
                 
                 	.MACRO __MULBRR
                 	MULS R@0,R@1
                 	MOVW R30,R0
                 	.ENDM
                 
                 	.MACRO __MULBRRU
                 	MUL  R@0,R@1
                 	MOVW R30,R0
                 	.ENDM
                 
                 	.MACRO __MULBRR0
                 	MULS R@0,R@1
                 	.ENDM
                 
                 	.MACRO __MULBRRU0
                 	MUL  R@0,R@1
                 	.ENDM
                 
                 	.MACRO __MULBNWRU
                 	LDI  R26,@2
                 	MUL  R26,R@0
                 	MOVW R30,R0
                 	MUL  R26,R@1
                 	ADD  R31,R0
                 	.ENDM
                 
                 ;NAME DEFINITIONS FOR GLOBAL VARIABLES ALLOCATED TO REGISTERS
                 	.DEF __lcd_x=R5
                 	.DEF __lcd_y=R4
                 	.DEF __lcd_maxx=R7
                 
                 	.CSEG
                 	.ORG 0x00
                 
                 ;START OF CODE MARKER
                 __START_OF_CODE:
                 
                 ;INTERRUPT VECTORS
000000 940c 0045 	JMP  __RESET
000002 940c 0000 	JMP  0x00
000004 940c 0000 	JMP  0x00
000006 940c 0000 	JMP  0x00
000008 940c 0000 	JMP  0x00
00000a 940c 0000 	JMP  0x00
00000c 940c 0000 	JMP  0x00
00000e 940c 0000 	JMP  0x00
000010 940c 0000 	JMP  0x00
000012 940c 0000 	JMP  0x00
000014 940c 0000 	JMP  0x00
000016 940c 0000 	JMP  0x00
000018 940c 0000 	JMP  0x00
00001a 940c 0000 	JMP  0x00
00001c 940c 0000 	JMP  0x00
00001e 940c 0000 	JMP  0x00
000020 940c 0000 	JMP  0x00
000022 940c 0000 	JMP  0x00
000024 940c 0000 	JMP  0x00
000026 940c 0000 	JMP  0x00
000028 940c 0000 	JMP  0x00
                 
                 _tbl10_G101:
00002a 2710
00002b 03e8
00002c 0064
00002d 000a      	.DB  0x10,0x27,0xE8,0x3,0x64,0x0,0xA,0x0
00002e 0001      	.DB  0x1,0x0
                 _tbl16_G101:
00002f 1000
000030 0100
000031 0010
000032 0001      	.DB  0x0,0x10,0x0,0x1,0x10,0x0,0x1,0x0
                 
                 _0x3:
000033 6f4b
000034 6564
000035 7269
000036 0069      	.DB  0x4B,0x6F,0x64,0x65,0x69,0x72,0x69,0x0
000037 6153
000038 6172
000039 5300
00003a 7261      	.DB  0x53,0x61,0x72,0x61,0x0,0x53,0x61,0x72
00003b 2061
00003c 6f4b
00003d 6564
00003e 7269      	.DB  0x61,0x20,0x4B,0x6F,0x64,0x65,0x69,0x72
00003f 0069      	.DB  0x69,0x0
                 _0x2000003:
000040 c080      	.DB  0x80,0xC0
                 
                 __GLOBAL_INI_TBL:
000041 0002      	.DW  0x02
000042 0260      	.DW  __base_y_G100
000043 0080      	.DW  _0x2000003*2
                 
                 _0xFFFFFFFF:
000044 0000      	.DW  0
                 
                 __RESET:
000045 94f8      	CLI
000046 27ee      	CLR  R30
000047 bbec      	OUT  EECR,R30
                 
                 ;INTERRUPT VECTORS ARE PLACED
                 ;AT THE START OF FLASH
000048 e0f1      	LDI  R31,1
000049 bffb      	OUT  GICR,R31
00004a bfeb      	OUT  GICR,R30
00004b bfe5      	OUT  MCUCR,R30
                 
                 ;DISABLE WATCHDOG
00004c e1f8      	LDI  R31,0x18
00004d bdf1      	OUT  WDTCR,R31
00004e bde1      	OUT  WDTCR,R30
                 
                 ;CLEAR R2-R14
00004f e08d      	LDI  R24,(14-2)+1
000050 e0a2      	LDI  R26,2
000051 27bb      	CLR  R27
                 __CLEAR_REG:
000052 93ed      	ST   X+,R30
000053 958a      	DEC  R24
000054 f7e9      	BRNE __CLEAR_REG
                 
                 ;CLEAR SRAM
000055 e080      	LDI  R24,LOW(__CLEAR_SRAM_SIZE)
000056 e098      	LDI  R25,HIGH(__CLEAR_SRAM_SIZE)
000057 e6a0      	LDI  R26,__SRAM_START
                 __CLEAR_SRAM:
000058 93ed      	ST   X+,R30
000059 9701      	SBIW R24,1
00005a f7e9      	BRNE __CLEAR_SRAM
                 
                 ;GLOBAL VARIABLES INITIALIZATION
00005b e8e2      	LDI  R30,LOW(__GLOBAL_INI_TBL*2)
00005c e0f0      	LDI  R31,HIGH(__GLOBAL_INI_TBL*2)
                 __GLOBAL_INI_NEXT:
00005d 9185      	LPM  R24,Z+
00005e 9195      	LPM  R25,Z+
00005f 9700      	SBIW R24,0
000060 f061      	BREQ __GLOBAL_INI_END
000061 91a5      	LPM  R26,Z+
000062 91b5      	LPM  R27,Z+
000063 9005      	LPM  R0,Z+
000064 9015      	LPM  R1,Z+
000065 01bf      	MOVW R22,R30
000066 01f0      	MOVW R30,R0
                 __GLOBAL_INI_LOOP:
000067 9005      	LPM  R0,Z+
000068 920d      	ST   X+,R0
000069 9701      	SBIW R24,1
00006a f7e1      	BRNE __GLOBAL_INI_LOOP
00006b 01fb      	MOVW R30,R22
00006c cff0      	RJMP __GLOBAL_INI_NEXT
                 __GLOBAL_INI_END:
                 
                 ;HARDWARE STACK POINTER INITIALIZATION
00006d e5ef      	LDI  R30,LOW(__SRAM_END-__HEAP_SIZE)
00006e bfed      	OUT  SPL,R30
00006f e0e8      	LDI  R30,HIGH(__SRAM_END-__HEAP_SIZE)
000070 bfee      	OUT  SPH,R30
                 
                 ;DATA STACK POINTER INITIALIZATION
000071 e6c0      	LDI  R28,LOW(__SRAM_START+__DSTACK_SIZE)
000072 e0d2      	LDI  R29,HIGH(__SRAM_START+__DSTACK_SIZE)
                 
000073 940c 0075 	JMP  _main
                 
                 	.ESEG
                 	.ORG 0
                 
                 	.DSEG
                 	.ORG 0x260
                 
                 	.CSEG
                 ;/*****************************************************
                 ;This program was produced by the
                 ;CodeWizardAVR V2.05.3 Standard
                 ;Automatic Program Generator
                 ;© Copyright 1998-2011 Pavel Haiduc, HP InfoTech s.r.l.
                 ;http://www.hpinfotech.com
                 ;
                 ;Project :
                 ;Version :
                 ;Date    : 7/18/2020
                 ;Author  : Sara
                 ;Company : IUST
                 ;Comments:
                 ;
                 ;
                 ;Chip type               : ATmega32
                 ;Program type            : Application
                 ;AVR Core Clock frequency: 8.000000 MHz
                 ;Memory model            : Small
                 ;External RAM size       : 0
                 ;Data Stack size         : 512
                 ;*****************************************************/
                 ;
                 ;#include <mega32.h>
                 	#ifndef __SLEEP_DEFINED__
                 	#define __SLEEP_DEFINED__
                 	.EQU __se_bit=0x80
                 	.EQU __sm_mask=0x70
                 	.EQU __sm_powerdown=0x20
                 	.EQU __sm_powersave=0x30
                 	.EQU __sm_standby=0x60
                 	.EQU __sm_ext_standby=0x70
                 	.EQU __sm_adc_noise_red=0x10
                 	.SET power_ctrl_reg=mcucr
                 	#endif
                 ;#include <delay.h>
                 ;// Alphanumeric LCD functions
                 ;#include <alcd.h>
                 ;
                 ;// Declare your global variables here
                 ;
                 ;// Standard Input/Output functions
                 ;#include <stdio.h>
                 ;
                 ;void main(void)
                 ; 0000 0023 {
                 
                 	.CSEG
                 _main:
                 ; 0000 0024     // Declare your local variables here
                 ; 0000 0025     char input;
                 ; 0000 0026     char sarakodeiri[] = "Sara Kodeiri";
                 ; 0000 0027     char sara[] ="Sara";
                 ; 0000 0028     char kodeiri[] = "Kodeiri";
                 ; 0000 0029 
                 ; 0000 002A     // Input/Output Ports initialization
                 ; 0000 002B     // Port A initialization
                 ; 0000 002C     // Function: Bit7=In Bit6=In Bit5=In Bit4=In Bit3=In Bit2=In Bit1=In Bit0=In
                 ; 0000 002D     DDRA=(0<<DDA7) | (0<<DDA6) | (0<<DDA5) | (0<<DDA4) | (0<<DDA3) | (0<<DDA2) | (0<<DDA1) | (0<<DDA0);
000075 976a      	SBIW R28,26
000076 e18a      	LDI  R24,26
000077 e0a0      	LDI  R26,LOW(0)
000078 e0b0      	LDI  R27,HIGH(0)
000079 e6e6      	LDI  R30,LOW(_0x3*2)
00007a e0f0      	LDI  R31,HIGH(_0x3*2)
00007b 940e 01c2 	CALL __INITLOCB
                 ;	input -> R17
                 ;	sarakodeiri -> Y+13
                 ;	sara -> Y+8
                 ;	kodeiri -> Y+0
00007d e0e0      	LDI  R30,LOW(0)
00007e bbea      	OUT  0x1A,R30
                 ; 0000 002E     // State: Bit7=T Bit6=T Bit5=T Bit4=T Bit3=T Bit2=T Bit1=T Bit0=T
                 ; 0000 002F     PORTA=(0<<PORTA7) | (0<<PORTA6) | (0<<PORTA5) | (0<<PORTA4) | (0<<PORTA3) | (0<<PORTA2) | (0<<PORTA1) | (0<<PORTA0);
00007f bbeb      	OUT  0x1B,R30
                 ; 0000 0030 
                 ; 0000 0031     // Port B initialization
                 ; 0000 0032     // Function: Bit7=In Bit6=In Bit5=In Bit4=In Bit3=In Bit2=In Bit1=In Bit0=In
                 ; 0000 0033     DDRB=(0<<DDB7) | (0<<DDB6) | (0<<DDB5) | (0<<DDB4) | (0<<DDB3) | (0<<DDB2) | (0<<DDB1) | (0<<DDB0);
000080 bbe7      	OUT  0x17,R30
                 ; 0000 0034     // State: Bit7=T Bit6=T Bit5=T Bit4=T Bit3=T Bit2=T Bit1=T Bit0=T
                 ; 0000 0035     PORTB=(0<<PORTB7) | (0<<PORTB6) | (0<<PORTB5) | (0<<PORTB4) | (0<<PORTB3) | (0<<PORTB2) | (0<<PORTB1) | (0<<PORTB0);
000081 bbe8      	OUT  0x18,R30
                 ; 0000 0036 
                 ; 0000 0037     // Port C initialization
                 ; 0000 0038     // Function: Bit7=In Bit6=In Bit5=In Bit4=In Bit3=In Bit2=In Bit1=In Bit0=In
                 ; 0000 0039     DDRC=(0<<DDC7) | (0<<DDC6) | (0<<DDC5) | (0<<DDC4) | (0<<DDC3) | (0<<DDC2) | (0<<DDC1) | (0<<DDC0);
000082 bbe4      	OUT  0x14,R30
                 ; 0000 003A     // State: Bit7=T Bit6=T Bit5=T Bit4=T Bit3=T Bit2=T Bit1=T Bit0=T
                 ; 0000 003B     PORTC=(0<<PORTC7) | (0<<PORTC6) | (0<<PORTC5) | (0<<PORTC4) | (0<<PORTC3) | (0<<PORTC2) | (0<<PORTC1) | (0<<PORTC0);
000083 bbe5      	OUT  0x15,R30
                 ; 0000 003C 
                 ; 0000 003D     // Port D initialization
                 ; 0000 003E     // Function: Bit7=In Bit6=In Bit5=In Bit4=In Bit3=In Bit2=In Bit1=In Bit0=In
                 ; 0000 003F     DDRD=(0<<DDD7) | (0<<DDD6) | (0<<DDD5) | (0<<DDD4) | (0<<DDD3) | (0<<DDD2) | (0<<DDD1) | (0<<DDD0);
000084 bbe1      	OUT  0x11,R30
                 ; 0000 0040     // State: Bit7=T Bit6=T Bit5=T Bit4=T Bit3=T Bit2=T Bit1=T Bit0=T
                 ; 0000 0041     PORTD=(0<<PORTD7) | (0<<PORTD6) | (0<<PORTD5) | (0<<PORTD4) | (0<<PORTD3) | (0<<PORTD2) | (0<<PORTD1) | (0<<PORTD0);
000085 bbe2      	OUT  0x12,R30
                 ; 0000 0042 
                 ; 0000 0043     // Timer/Counter 0 initialization
                 ; 0000 0044     // Clock source: System Clock
                 ; 0000 0045     // Clock value: Timer 0 Stopped
                 ; 0000 0046     // Mode: Normal top=0xFF
                 ; 0000 0047     // OC0 output: Disconnected
                 ; 0000 0048     TCCR0=(0<<WGM00) | (0<<COM01) | (0<<COM00) | (0<<WGM01) | (0<<CS02) | (0<<CS01) | (0<<CS00);
000086 bfe3      	OUT  0x33,R30
                 ; 0000 0049     TCNT0=0x00;
000087 bfe2      	OUT  0x32,R30
                 ; 0000 004A     OCR0=0x00;
000088 bfec      	OUT  0x3C,R30
                 ; 0000 004B 
                 ; 0000 004C     // Timer/Counter 1 initialization
                 ; 0000 004D     // Clock source: System Clock
                 ; 0000 004E     // Clock value: Timer1 Stopped
                 ; 0000 004F     // Mode: Normal top=0xFFFF
                 ; 0000 0050     // OC1A output: Disconnected
                 ; 0000 0051     // OC1B output: Disconnected
                 ; 0000 0052     // Noise Canceler: Off
                 ; 0000 0053     // Input Capture on Falling Edge
                 ; 0000 0054     // Timer1 Overflow Interrupt: Off
                 ; 0000 0055     // Input Capture Interrupt: Off
                 ; 0000 0056     // Compare A Match Interrupt: Off
                 ; 0000 0057     // Compare B Match Interrupt: Off
                 ; 0000 0058     TCCR1A=(0<<COM1A1) | (0<<COM1A0) | (0<<COM1B1) | (0<<COM1B0) | (0<<WGM11) | (0<<WGM10);
000089 bdef      	OUT  0x2F,R30
                 ; 0000 0059     TCCR1B=(0<<ICNC1) | (0<<ICES1) | (0<<WGM13) | (0<<WGM12) | (0<<CS12) | (0<<CS11) | (0<<CS10);
00008a bdee      	OUT  0x2E,R30
                 ; 0000 005A     TCNT1H=0x00;
00008b bded      	OUT  0x2D,R30
                 ; 0000 005B     TCNT1L=0x00;
00008c bdec      	OUT  0x2C,R30
                 ; 0000 005C     ICR1H=0x00;
00008d bde7      	OUT  0x27,R30
                 ; 0000 005D     ICR1L=0x00;
00008e bde6      	OUT  0x26,R30
                 ; 0000 005E     OCR1AH=0x00;
00008f bdeb      	OUT  0x2B,R30
                 ; 0000 005F     OCR1AL=0x00;
000090 bdea      	OUT  0x2A,R30
                 ; 0000 0060     OCR1BH=0x00;
000091 bde9      	OUT  0x29,R30
                 ; 0000 0061     OCR1BL=0x00;
000092 bde8      	OUT  0x28,R30
                 ; 0000 0062 
                 ; 0000 0063     // Timer/Counter 2 initialization
                 ; 0000 0064     // Clock source: System Clock
                 ; 0000 0065     // Clock value: Timer2 Stopped
                 ; 0000 0066     // Mode: Normal top=0xFF
                 ; 0000 0067     // OC2 output: Disconnected
                 ; 0000 0068     ASSR=0<<AS2;
000093 bde2      	OUT  0x22,R30
                 ; 0000 0069     TCCR2=(0<<PWM2) | (0<<COM21) | (0<<COM20) | (0<<CTC2) | (0<<CS22) | (0<<CS21) | (0<<CS20);
000094 bde5      	OUT  0x25,R30
                 ; 0000 006A     TCNT2=0x00;
000095 bde4      	OUT  0x24,R30
                 ; 0000 006B     OCR2=0x00;
000096 bde3      	OUT  0x23,R30
                 ; 0000 006C 
                 ; 0000 006D     // Timer(s)/Counter(s) Interrupt(s) initialization
                 ; 0000 006E     TIMSK=(0<<OCIE2) | (0<<TOIE2) | (0<<TICIE1) | (0<<OCIE1A) | (0<<OCIE1B) | (0<<TOIE1) | (0<<OCIE0) | (0<<TOIE0);
000097 bfe9      	OUT  0x39,R30
                 ; 0000 006F 
                 ; 0000 0070     // External Interrupt(s) initialization
                 ; 0000 0071     // INT0: Off
                 ; 0000 0072     // INT1: Off
                 ; 0000 0073     // INT2: Off
                 ; 0000 0074     MCUCR=(0<<ISC11) | (0<<ISC10) | (0<<ISC01) | (0<<ISC00);
000098 bfe5      	OUT  0x35,R30
                 ; 0000 0075     MCUCSR=(0<<ISC2);
000099 bfe4      	OUT  0x34,R30
                 ; 0000 0076 
                 ; 0000 0077     // USART initialization
                 ; 0000 0078     // Communication Parameters: 8 Data, 1 Stop, No Parity
                 ; 0000 0079     // USART Receiver: On
                 ; 0000 007A     // USART Transmitter: On
                 ; 0000 007B     // USART Mode: Asynchronous
                 ; 0000 007C     // USART Baud Rate: 9600
                 ; 0000 007D     UCSRA=(0<<RXC) | (0<<TXC) | (0<<UDRE) | (0<<FE) | (0<<DOR) | (0<<UPE) | (0<<U2X) | (0<<MPCM);
00009a b9eb      	OUT  0xB,R30
                 ; 0000 007E     UCSRB=(0<<RXCIE) | (0<<TXCIE) | (0<<UDRIE) | (1<<RXEN) | (1<<TXEN) | (0<<UCSZ2) | (0<<RXB8) | (0<<TXB8);
00009b e1e8      	LDI  R30,LOW(24)
00009c b9ea      	OUT  0xA,R30
                 ; 0000 007F     UCSRC=(1<<URSEL) | (0<<UMSEL) | (0<<UPM1) | (0<<UPM0) | (0<<USBS) | (1<<UCSZ1) | (1<<UCSZ0) | (0<<UCPOL);
00009d e8e6      	LDI  R30,LOW(134)
00009e bde0      	OUT  0x20,R30
                 ; 0000 0080     UBRRH=0x00;
00009f e0e0      	LDI  R30,LOW(0)
0000a0 bde0      	OUT  0x20,R30
                 ; 0000 0081     UBRRL=0x33;
0000a1 e3e3      	LDI  R30,LOW(51)
0000a2 b9e9      	OUT  0x9,R30
                 ; 0000 0082 
                 ; 0000 0083     // Analog Comparator initialization
                 ; 0000 0084     // Analog Comparator: Off
                 ; 0000 0085     // The Analog Comparator's positive input is
                 ; 0000 0086     // connected to the AIN0 pin
                 ; 0000 0087     // The Analog Comparator's negative input is
                 ; 0000 0088     // connected to the AIN1 pin
                 ; 0000 0089     ACSR=(1<<ACD) | (0<<ACBG) | (0<<ACO) | (0<<ACI) | (0<<ACIE) | (0<<ACIC) | (0<<ACIS1) | (0<<ACIS0);
0000a3 e8e0      	LDI  R30,LOW(128)
0000a4 b9e8      	OUT  0x8,R30
                 ; 0000 008A     SFIOR=(0<<ACME);
0000a5 e0e0      	LDI  R30,LOW(0)
0000a6 bfe0      	OUT  0x30,R30
                 ; 0000 008B 
                 ; 0000 008C     // ADC initialization
                 ; 0000 008D     // ADC disabled
                 ; 0000 008E     ADCSRA=(0<<ADEN) | (0<<ADSC) | (0<<ADATE) | (0<<ADIF) | (0<<ADIE) | (0<<ADPS2) | (0<<ADPS1) | (0<<ADPS0);
0000a7 b9e6      	OUT  0x6,R30
                 ; 0000 008F 
                 ; 0000 0090     // SPI initialization
                 ; 0000 0091     // SPI disabled
                 ; 0000 0092     SPCR=(0<<SPIE) | (0<<SPE) | (0<<DORD) | (0<<MSTR) | (0<<CPOL) | (0<<CPHA) | (0<<SPR1) | (0<<SPR0);
0000a8 b9ed      	OUT  0xD,R30
                 ; 0000 0093 
                 ; 0000 0094     // TWI initialization
                 ; 0000 0095     // TWI disabled
                 ; 0000 0096     TWCR=(0<<TWEA) | (0<<TWSTA) | (0<<TWSTO) | (0<<TWEN) | (0<<TWIE);
0000a9 bfe6      	OUT  0x36,R30
                 ; 0000 0097 
                 ; 0000 0098     // Alphanumeric LCD initialization
                 ; 0000 0099     // Connections are specified in the
                 ; 0000 009A     // Project|Configure|C Compiler|Libraries|Alphanumeric LCD menu:
                 ; 0000 009B     // RS - PORTC Bit 0
                 ; 0000 009C     // RD - PORTC Bit 1
                 ; 0000 009D     // EN - PORTC Bit 2
                 ; 0000 009E     // D4 - PORTC Bit 4
                 ; 0000 009F     // D5 - PORTC Bit 5
                 ; 0000 00A0     // D6 - PORTC Bit 6
                 ; 0000 00A1     // D7 - PORTC Bit 7
                 ; 0000 00A2     // Characters/line: 16
                 ; 0000 00A3     lcd_init(16);
0000aa e1a0      	LDI  R26,LOW(16)
0000ab d0a5      	RCALL _lcd_init
                 ; 0000 00A4 
                 ; 0000 00A5     while (1)
                 _0x4:
                 ; 0000 00A6     {
                 ; 0000 00A7         input = getchar();
0000ac 940e 017f 	CALL _getchar
0000ae 2f1e      	MOV  R17,R30
                 ; 0000 00A8         if (((int)input >= 65 && (int)input <= 90) || ((int)input >= 97 && (int)input <= 122)){              //Checking ascii codes
0000af 2fa1      	MOV  R26,R17
0000b0 27bb      	CLR  R27
0000b1 34a1      	CPI  R26,LOW(0x41)
0000b2 e0e0      	LDI  R30,HIGH(0x41)
0000b3 07be      	CPC  R27,R30
0000b4 f034      	BRLT _0x8
0000b5 2fa1      	MOV  R26,R17
0000b6 27bb      	CLR  R27
0000b7 35ab      	CPI  R26,LOW(0x5B)
0000b8 e0e0      	LDI  R30,HIGH(0x5B)
0000b9 07be      	CPC  R27,R30
0000ba f06c      	BRLT _0xA
                 _0x8:
0000bb 2fa1      	MOV  R26,R17
0000bc 27bb      	CLR  R27
0000bd 36a1      	CPI  R26,LOW(0x61)
0000be e0e0      	LDI  R30,HIGH(0x61)
0000bf 07be      	CPC  R27,R30
0000c0 f034      	BRLT _0xB
0000c1 2fa1      	MOV  R26,R17
0000c2 27bb      	CLR  R27
0000c3 37ab      	CPI  R26,LOW(0x7B)
0000c4 e0e0      	LDI  R30,HIGH(0x7B)
0000c5 07be      	CPC  R27,R30
0000c6 f00c      	BRLT _0xA
                 _0xB:
0000c7 c007      	RJMP _0x7
                 _0xA:
                 ; 0000 00A9                 putchar(input);
0000c8 2fa1      	MOV  R26,R17
0000c9 940e 0183 	CALL _putchar
                 ; 0000 00AA                 lcd_putchar(input);
0000cb 2fa1      	MOV  R26,R17
0000cc d062      	RCALL _lcd_putchar
                 ; 0000 00AB                 putchar(0x0d);
0000cd 940e 0198 	CALL SUBOPT_0x0
                 ; 0000 00AC                 putchar(0x0a);
                 ; 0000 00AD         }
                 ; 0000 00AE 
                 ; 0000 00AF         if(input == '5'){
                 _0x7:
0000cf 3315      	CPI  R17,53
0000d0 f489      	BRNE _0xE
                 ; 0000 00B0             putchar(input);
0000d1 940e 019e 	CALL SUBOPT_0x1
                 ; 0000 00B1             putchar(0x0d);
                 ; 0000 00B2             putchar(0x0a);
                 ; 0000 00B3             lcd_clear();
0000d3 d04f      	RCALL _lcd_clear
                 ; 0000 00B4             lcd_gotoxy(0,0);
0000d4 e0e0      	LDI  R30,LOW(0)
0000d5 93ea      	ST   -Y,R30
0000d6 e0a0      	LDI  R26,LOW(0)
0000d7 d03e      	RCALL _lcd_gotoxy
                 ; 0000 00B5             lcd_puts(sara);
0000d8 01de      	MOVW R26,R28
0000d9 9618      	ADIW R26,8
0000da d06b      	RCALL _lcd_puts
                 ; 0000 00B6             lcd_gotoxy(0,1);
0000db e0e0      	LDI  R30,LOW(0)
0000dc 93ea      	ST   -Y,R30
0000dd e0a1      	LDI  R26,LOW(1)
0000de d037      	RCALL _lcd_gotoxy
                 ; 0000 00B7             lcd_puts(kodeiri);
0000df 01de      	MOVW R26,R28
0000e0 d065      	RCALL _lcd_puts
                 ; 0000 00B8         }
                 ; 0000 00B9         else if (input == '6'){
0000e1 c010      	RJMP _0xF
                 _0xE:
0000e2 3316      	CPI  R17,54
0000e3 f449      	BRNE _0x10
                 ; 0000 00BA 
                 ; 0000 00BB             putchar(input);
0000e4 940e 019e 	CALL SUBOPT_0x1
                 ; 0000 00BC             putchar(0x0d);
                 ; 0000 00BD             putchar(0x0a);
                 ; 0000 00BE             puts(sarakodeiri);
0000e6 01de      	MOVW R26,R28
0000e7 961d      	ADIW R26,13
0000e8 940e 018a 	CALL _puts
                 ; 0000 00BF             putchar(0x0d);
0000ea 940e 0198 	CALL SUBOPT_0x0
                 ; 0000 00C0             putchar(0x0a);
                 ; 0000 00C1             //lcd_gotoxy(0,0);
                 ; 0000 00C2             //lcd_puts("6");
                 ; 0000 00C3         }
                 ; 0000 00C4 
                 ; 0000 00C5         else if (input == '7'){
0000ec c005      	RJMP _0x11
                 _0x10:
0000ed 3317      	CPI  R17,55
0000ee f419      	BRNE _0x12
                 ; 0000 00C6             putchar(input);
0000ef 940e 019e 	CALL SUBOPT_0x1
                 ; 0000 00C7             putchar(0x0d);
                 ; 0000 00C8             putchar(0x0a);
                 ; 0000 00C9             lcd_clear();
0000f1 d031      	RCALL _lcd_clear
                 ; 0000 00CA         }
                 ; 0000 00CB     }
                 _0x12:
                 _0x11:
                 _0xF:
0000f2 cfb9      	RJMP _0x4
                 ; 0000 00CC }
                 _0x13:
0000f3 cfff      	RJMP _0x13
                 	#ifndef __SLEEP_DEFINED__
                 	#endif
                 
                 	.DSEG
                 
                 	.CSEG
                 __lcd_write_nibble_G100:
0000f4 93aa      	ST   -Y,R26
0000f5 b3e5      	IN   R30,0x15
0000f6 70ef      	ANDI R30,LOW(0xF)
0000f7 2fae      	MOV  R26,R30
0000f8 81e8      	LD   R30,Y
0000f9 7fe0      	ANDI R30,LOW(0xF0)
0000fa 2bea      	OR   R30,R26
0000fb bbe5      	OUT  0x15,R30
                +
0000fc e085     +LDI R24 , LOW ( 5 )
                +__DELAY_USB_LOOP :
0000fd 958a     +DEC R24
0000fe f7f1     +BRNE __DELAY_USB_LOOP
                 	__DELAY_USB 5
0000ff 9aaa      	SBI  0x15,2
                +
000100 e08d     +LDI R24 , LOW ( 13 )
                +__DELAY_USB_LOOP :
000101 958a     +DEC R24
000102 f7f1     +BRNE __DELAY_USB_LOOP
                 	__DELAY_USB 13
000103 98aa      	CBI  0x15,2
                +
000104 e08d     +LDI R24 , LOW ( 13 )
                +__DELAY_USB_LOOP :
000105 958a     +DEC R24
000106 f7f1     +BRNE __DELAY_USB_LOOP
                 	__DELAY_USB 13
000107 940c 0188 	JMP  _0x2080002
                 __lcd_write_data:
000109 93aa      	ST   -Y,R26
00010a 81a8      	LD   R26,Y
00010b dfe8      	RCALL __lcd_write_nibble_G100
00010c 81e8          ld    r30,y
00010d 95e2          swap  r30
00010e 83e8          st    y,r30
00010f 81a8      	LD   R26,Y
000110 dfe3      	RCALL __lcd_write_nibble_G100
                +
000111 e885     +LDI R24 , LOW ( 133 )
                +__DELAY_USB_LOOP :
000112 958a     +DEC R24
000113 f7f1     +BRNE __DELAY_USB_LOOP
                 	__DELAY_USB 133
000114 940c 0188 	JMP  _0x2080002
                 _lcd_gotoxy:
000116 93aa      	ST   -Y,R26
000117 81e8      	LD   R30,Y
000118 e0f0      	LDI  R31,0
000119 5ae0      	SUBI R30,LOW(-__base_y_G100)
00011a 4ffd      	SBCI R31,HIGH(-__base_y_G100)
00011b 81e0      	LD   R30,Z
00011c 81a9      	LDD  R26,Y+1
00011d 0fae      	ADD  R26,R30
00011e dfea      	RCALL __lcd_write_data
00011f 8059      	LDD  R5,Y+1
000120 8048      	LDD  R4,Y+0
000121 9622      	ADIW R28,2
000122 9508      	RET
                 _lcd_clear:
000123 e0a2      	LDI  R26,LOW(2)
000124 940e 01a2 	CALL SUBOPT_0x2
000126 e0ac      	LDI  R26,LOW(12)
000127 dfe1      	RCALL __lcd_write_data
000128 e0a1      	LDI  R26,LOW(1)
000129 940e 01a2 	CALL SUBOPT_0x2
00012b e0e0      	LDI  R30,LOW(0)
00012c 2e4e      	MOV  R4,R30
00012d 2e5e      	MOV  R5,R30
00012e 9508      	RET
                 _lcd_putchar:
00012f 93aa      	ST   -Y,R26
000130 81a8      	LD   R26,Y
000131 30aa      	CPI  R26,LOW(0xA)
000132 f011      	BREQ _0x2000005
000133 1457      	CP   R5,R7
000134 f050      	BRLO _0x2000004
                 _0x2000005:
000135 e0e0      	LDI  R30,LOW(0)
000136 93ea      	ST   -Y,R30
000137 9443      	INC  R4
000138 2da4      	MOV  R26,R4
000139 dfdc      	RCALL _lcd_gotoxy
00013a 81a8      	LD   R26,Y
00013b 30aa      	CPI  R26,LOW(0xA)
00013c f411      	BRNE _0x2000007
00013d 940c 0188 	JMP  _0x2080002
                 _0x2000007:
                 _0x2000004:
00013f 9453      	INC  R5
000140 9aa8      	SBI  0x15,0
000141 81a8      	LD   R26,Y
000142 dfc6      	RCALL __lcd_write_data
000143 98a8      	CBI  0x15,0
000144 940c 0188 	JMP  _0x2080002
                 _lcd_puts:
000146 93ba      	ST   -Y,R27
000147 93aa      	ST   -Y,R26
000148 931a      	ST   -Y,R17
                 _0x2000008:
000149 940e 01a8 	CALL SUBOPT_0x3
00014b f019      	BREQ _0x200000A
00014c 2fa1      	MOV  R26,R17
00014d dfe1      	RCALL _lcd_putchar
00014e cffa      	RJMP _0x2000008
                 _0x200000A:
00014f 940c 0195 	JMP  _0x2080001
                 _lcd_init:
000151 93aa      	ST   -Y,R26
000152 b3e4      	IN   R30,0x14
000153 6fe0      	ORI  R30,LOW(0xF0)
000154 bbe4      	OUT  0x14,R30
000155 9aa2      	SBI  0x14,2
000156 9aa0      	SBI  0x14,0
000157 9aa1      	SBI  0x14,1
000158 98aa      	CBI  0x15,2
000159 98a8      	CBI  0x15,0
00015a 98a9      	CBI  0x15,1
00015b 8078      	LDD  R7,Y+0
00015c 81e8      	LD   R30,Y
00015d 58e0      	SUBI R30,-LOW(128)
                +
00015e 93e0 0262+STS __base_y_G100 + ( 2 ) , R30
                 	__PUTB1MN __base_y_G100,2
000160 81e8      	LD   R30,Y
000161 54e0      	SUBI R30,-LOW(192)
                +
000162 93e0 0263+STS __base_y_G100 + ( 3 ) , R30
                 	__PUTB1MN __base_y_G100,3
000164 e1a4      	LDI  R26,LOW(20)
000165 e0b0      	LDI  R27,0
000166 940e 01b8 	CALL _delay_ms
000168 940e 01b0 	CALL SUBOPT_0x4
00016a 940e 01b0 	CALL SUBOPT_0x4
00016c 940e 01b0 	CALL SUBOPT_0x4
00016e e2a0      	LDI  R26,LOW(32)
00016f df84      	RCALL __lcd_write_nibble_G100
                +
000170 ec88     +LDI R24 , LOW ( 200 )
000171 e090     +LDI R25 , HIGH ( 200 )
                +__DELAY_USW_LOOP :
000172 9701     +SBIW R24 , 1
000173 f7f1     +BRNE __DELAY_USW_LOOP
                 	__DELAY_USW 200
000174 e2a8      	LDI  R26,LOW(40)
000175 df93      	RCALL __lcd_write_data
000176 e0a4      	LDI  R26,LOW(4)
000177 df91      	RCALL __lcd_write_data
000178 e8a5      	LDI  R26,LOW(133)
000179 df8f      	RCALL __lcd_write_data
00017a e0a6      	LDI  R26,LOW(6)
00017b df8d      	RCALL __lcd_write_data
00017c dfa6      	RCALL _lcd_clear
00017d 940c 0188 	JMP  _0x2080002
                 	#ifndef __SLEEP_DEFINED__
                 	#endif
                 
                 	.CSEG
                 _getchar:
                 getchar0:
00017f 9b5f           sbis usr,rxc
000180 cffe           rjmp getchar0
000181 b1ec           in   r30,udr
000182 9508      	RET
                 _putchar:
000183 93aa      	ST   -Y,R26
                 putchar0:
000184 9b5d           sbis usr,udre
000185 cffe           rjmp putchar0
000186 81e8           ld   r30,y
000187 b9ec           out  udr,r30
                 _0x2080002:
000188 9621      	ADIW R28,1
000189 9508      	RET
                 _puts:
00018a 93ba      	ST   -Y,R27
00018b 93aa      	ST   -Y,R26
00018c 931a      	ST   -Y,R17
                 _0x2020003:
00018d 940e 01a8 	CALL SUBOPT_0x3
00018f f019      	BREQ _0x2020005
000190 2fa1      	MOV  R26,R17
000191 dff1      	RCALL _putchar
000192 cffa      	RJMP _0x2020003
                 _0x2020005:
000193 e0aa      	LDI  R26,LOW(10)
000194 dfee      	RCALL _putchar
                 _0x2080001:
000195 8118      	LDD  R17,Y+0
000196 9623      	ADIW R28,3
000197 9508      	RET
                 
                 	.CSEG
                 
                 	.CSEG
                 
                 	.DSEG
                 __base_y_G100:
000260           	.BYTE 0x4
                 
                 	.CSEG
                 ;OPTIMIZER ADDED SUBROUTINE, CALLED 5 TIMES, CODE SIZE REDUCTION:13 WORDS
                 SUBOPT_0x0:
000198 e0ad      	LDI  R26,LOW(13)
000199 940e 0183 	CALL _putchar
00019b e0aa      	LDI  R26,LOW(10)
00019c 940c 0183 	JMP  _putchar
                 
                 ;OPTIMIZER ADDED SUBROUTINE, CALLED 3 TIMES, CODE SIZE REDUCTION:3 WORDS
                 SUBOPT_0x1:
00019e 2fa1      	MOV  R26,R17
00019f 940e 0183 	CALL _putchar
0001a1 cff6      	RJMP SUBOPT_0x0
                 
                 ;OPTIMIZER ADDED SUBROUTINE, CALLED 2 TIMES, CODE SIZE REDUCTION:3 WORDS
                 SUBOPT_0x2:
0001a2 940e 0109 	CALL __lcd_write_data
0001a4 e0a3      	LDI  R26,LOW(3)
0001a5 e0b0      	LDI  R27,0
0001a6 940c 01b8 	JMP  _delay_ms
                 
                 ;OPTIMIZER ADDED SUBROUTINE, CALLED 2 TIMES, CODE SIZE REDUCTION:2 WORDS
                 SUBOPT_0x3:
0001a8 81a9      	LDD  R26,Y+1
0001a9 81ba      	LDD  R27,Y+1+1
0001aa 91ed      	LD   R30,X+
0001ab 83a9      	STD  Y+1,R26
0001ac 83ba      	STD  Y+1+1,R27
0001ad 2f1e      	MOV  R17,R30
0001ae 30e0      	CPI  R30,0
0001af 9508      	RET
                 
                 ;OPTIMIZER ADDED SUBROUTINE, CALLED 3 TIMES, CODE SIZE REDUCTION:7 WORDS
                 SUBOPT_0x4:
0001b0 e3a0      	LDI  R26,LOW(48)
0001b1 940e 00f4 	CALL __lcd_write_nibble_G100
                +
0001b3 ec88     +LDI R24 , LOW ( 200 )
0001b4 e090     +LDI R25 , HIGH ( 200 )
                +__DELAY_USW_LOOP :
0001b5 9701     +SBIW R24 , 1
0001b6 f7f1     +BRNE __DELAY_USW_LOOP
                 	__DELAY_USW 200
0001b7 9508      	RET
                 
                 
                 	.CSEG
                 _delay_ms:
0001b8 9610      	adiw r26,0
0001b9 f039      	breq __delay_ms1
                 __delay_ms0:
                +
0001ba ed80     +LDI R24 , LOW ( 0x7D0 )
0001bb e097     +LDI R25 , HIGH ( 0x7D0 )
                +__DELAY_USW_LOOP :
0001bc 9701     +SBIW R24 , 1
0001bd f7f1     +BRNE __DELAY_USW_LOOP
                 	__DELAY_USW 0x7D0
0001be 95a8      	wdr
0001bf 9711      	sbiw r26,1
0001c0 f7c9      	brne __delay_ms0
                 __delay_ms1:
0001c1 9508      	ret
                 
                 __INITLOCB:
                 __INITLOCW:
0001c2 0fac      	ADD  R26,R28
0001c3 1fbd      	ADC  R27,R29
                 __INITLOC0:
0001c4 9005      	LPM  R0,Z+
0001c5 920d      	ST   X+,R0
0001c6 958a      	DEC  R24
0001c7 f7e1      	BRNE __INITLOC0
0001c8 9508      	RET
                 
                 ;END OF CODE MARKER
                 __END_OF_CODE:


RESOURCE USE INFORMATION
------------------------

Notice:
The register and instruction counts are symbol table hit counts,
and hence implicitly used resources are not counted, eg, the
'lpm' instruction without operands implicitly uses r0 and z,
none of which are counted.

x,y,z are separate entities in the symbol table and are
counted separately from r26..r31 here.

.dseg memory usage only counts static data declared with .byte

ATmega32 register use summary:
r0 :   6 r1 :   1 r2 :   0 r3 :   0 r4 :   4 r5 :   4 r6 :   0 r7 :   2 
r8 :   0 r9 :   0 r10:   0 r11:   0 r12:   0 r13:   0 r14:   0 r15:   0 
r16:   0 r17:  17 r18:   0 r19:   0 r20:   0 r21:   0 r22:   2 r23:   0 
r24:  23 r25:   5 r26:  64 r27:  18 r28:   9 r29:   2 r30: 108 r31:   8 
x  :   5 y  :  36 z  :   9 
Registers used: 18 out of 35 (51.4%)

ATmega32 instruction use summary:
.lds  :   0 .lds.l:   0 .sts  :   0 .sts.l:   0 adc   :   1 add   :   2 
adiw  :   6 and   :   0 andi  :   2 asr   :   0 bclr  :   0 bld   :   0 
brbc  :   0 brbs  :   0 brcc  :   0 brcs  :   0 break :   0 breq  :   5 
brge  :   0 brhc  :   0 brhs  :   0 brid  :   0 brie  :   0 brlo  :   1 
brlt  :   4 brmi  :   0 brne  :  16 brpl  :   0 brsh  :   0 brtc  :   0 
brts  :   0 brvc  :   0 brvs  :   0 bset  :   0 bst   :   0 call  :  21 
cbi   :   5 cbr   :   0 clc   :   0 clh   :   0 cli   :   1 cln   :   0 
clr   :   6 cls   :   0 clt   :   0 clv   :   0 clz   :   0 com   :   0 
cp    :   1 cpc   :   4 cpi   :  10 cpse  :   0 dec   :   6 des   :   0 
eor   :   0 fmul  :   0 fmuls :   0 fmulsu:   0 icall :   0 ijmp  :   0 
in    :   3 inc   :   2 jmp   :  30 ld    :  13 ldd   :   7 ldi   :  63 
lds   :   0 lpm   :   8 lsl   :   0 lsr   :   0 mov   :  15 movw  :   6 
mul   :   0 muls  :   0 mulsu :   0 neg   :   0 nop   :   0 or    :   1 
ori   :   1 out   :  49 pop   :   0 push  :   0 rcall :  23 ret   :   9 
reti  :   0 rjmp  :  11 rol   :   0 ror   :   0 sbc   :   0 sbci  :   1 
sbi   :   5 sbic  :   0 sbis  :   2 sbiw  :   8 sbr   :   0 sbrc  :   0 
sbrs  :   0 sec   :   0 seh   :   0 sei   :   0 sen   :   0 ser   :   0 
ses   :   0 set   :   0 sev   :   0 sez   :   0 sleep :   0 spm   :   0 
st    :  20 std   :   2 sts   :   2 sub   :   0 subi  :   3 swap  :   1 
tst   :   0 wdr   :   1 
Instructions used: 41 out of 116 (35.3%)

ATmega32 memory use summary [bytes]:
Segment   Begin    End      Code   Data   Used    Size   Use%
---------------------------------------------------------------
[.cseg] 0x000000 0x000392    860     54    914   32768   2.8%
[.dseg] 0x000060 0x000264      0      4      4    2143   0.2%
[.eseg] 0x000000 0x000000      0      0      0    1024   0.0%

Assembly complete, 0 errors, 3 warnings
