
AVRASM ver. 2.1.30  F:\Classes\Az Rizpar\Final2-main\Debug\List\final.asm Mon Jul 27 16:34:46 2020

F:\Classes\Az Rizpar\Final2-main\Debug\List\final.asm(1088): warning: Register r5 already defined by the .DEF directive
F:\Classes\Az Rizpar\Final2-main\Debug\List\final.asm(1089): warning: Register r4 already defined by the .DEF directive
F:\Classes\Az Rizpar\Final2-main\Debug\List\final.asm(1090): warning: Register r7 already defined by the .DEF directive
F:\Classes\Az Rizpar\Final2-main\Debug\List\final.asm(1091): warning: Register r6 already defined by the .DEF directive
F:\Classes\Az Rizpar\Final2-main\Debug\List\final.asm(1092): warning: Register r8 already defined by the .DEF directive
F:\Classes\Az Rizpar\Final2-main\Debug\List\final.asm(1093): warning: Register r9 already defined by the .DEF directive
F:\Classes\Az Rizpar\Final2-main\Debug\List\final.asm(1094): warning: Register r11 already defined by the .DEF directive
F:\Classes\Az Rizpar\Final2-main\Debug\List\final.asm(1095): warning: Register r10 already defined by the .DEF directive
F:\Classes\Az Rizpar\Final2-main\Debug\List\final.asm(1096): warning: Register r13 already defined by the .DEF directive
                 
                 
                 ;CodeVisionAVR C Compiler V3.12 Advanced
                 ;(C) Copyright 1998-2014 Pavel Haiduc, HP InfoTech s.r.l.
                 ;http://www.hpinfotech.com
                 
                 ;Build configuration    : Debug
                 ;Chip type              : ATmega32
                 ;Program type           : Application
                 ;Clock frequency        : 8/000000 MHz
                 ;Memory model           : Small
                 ;Optimize for           : Size
                 ;(s)printf features     : int, width
                 ;(s)scanf features      : int, width
                 ;External RAM size      : 0
                 ;Data Stack size        : 512 byte(s)
                 ;Heap size              : 0 byte(s)
                 ;Promote 'char' to 'int': Yes
                 ;'char' is unsigned     : Yes
                 ;8 bit enums            : Yes
                 ;Global 'const' stored in FLASH: Yes
                 ;Enhanced function parameter passing: Yes
                 ;Enhanced core instructions: On
                 ;Automatic register allocation for global variables: On
                 ;Smart register allocation: On
                 
                 	#define _MODEL_SMALL_
                 
                 	#pragma AVRPART ADMIN PART_NAME ATmega32
                 	#pragma AVRPART MEMORY PROG_FLASH 32768
                 	#pragma AVRPART MEMORY EEPROM 1024
                 	#pragma AVRPART MEMORY INT_SRAM SIZE 2048
                 	#pragma AVRPART MEMORY INT_SRAM START_ADDR 0x60
                 
                 	#define CALL_SUPPORTED 1
                 
                 	.LISTMAC
                 	.EQU UDRE=0x5
                 	.EQU RXC=0x7
                 	.EQU USR=0xB
                 	.EQU UDR=0xC
                 	.EQU SPSR=0xE
                 	.EQU SPDR=0xF
                 	.EQU EERE=0x0
                 	.EQU EEWE=0x1
                 	.EQU EEMWE=0x2
                 	.EQU EECR=0x1C
                 	.EQU EEDR=0x1D
                 	.EQU EEARL=0x1E
                 	.EQU EEARH=0x1F
                 	.EQU WDTCR=0x21
                 	.EQU MCUCR=0x35
                 	.EQU GICR=0x3B
                 	.EQU SPL=0x3D
                 	.EQU SPH=0x3E
                 	.EQU SREG=0x3F
                 
                 	.DEF R0X0=R0
                 	.DEF R0X1=R1
                 	.DEF R0X2=R2
                 	.DEF R0X3=R3
                 	.DEF R0X4=R4
                 	.DEF R0X5=R5
                 	.DEF R0X6=R6
                 	.DEF R0X7=R7
                 	.DEF R0X8=R8
                 	.DEF R0X9=R9
                 	.DEF R0XA=R10
                 	.DEF R0XB=R11
                 	.DEF R0XC=R12
                 	.DEF R0XD=R13
                 	.DEF R0XE=R14
                 	.DEF R0XF=R15
                 	.DEF R0X10=R16
                 	.DEF R0X11=R17
                 	.DEF R0X12=R18
                 	.DEF R0X13=R19
                 	.DEF R0X14=R20
                 	.DEF R0X15=R21
                 	.DEF R0X16=R22
                 	.DEF R0X17=R23
                 	.DEF R0X18=R24
                 	.DEF R0X19=R25
                 	.DEF R0X1A=R26
                 	.DEF R0X1B=R27
                 	.DEF R0X1C=R28
                 	.DEF R0X1D=R29
                 	.DEF R0X1E=R30
                 	.DEF R0X1F=R31
                 
                 	.EQU __SRAM_START=0x0060
                 	.EQU __SRAM_END=0x085F
                 	.EQU __DSTACK_SIZE=0x0200
                 	.EQU __HEAP_SIZE=0x0000
                 	.EQU __CLEAR_SRAM_SIZE=__SRAM_END-__SRAM_START+1
                 
                 	.MACRO __CPD1N
                 	CPI  R30,LOW(@0)
                 	LDI  R26,HIGH(@0)
                 	CPC  R31,R26
                 	LDI  R26,BYTE3(@0)
                 	CPC  R22,R26
                 	LDI  R26,BYTE4(@0)
                 	CPC  R23,R26
                 	.ENDM
                 
                 	.MACRO __CPD2N
                 	CPI  R26,LOW(@0)
                 	LDI  R30,HIGH(@0)
                 	CPC  R27,R30
                 	LDI  R30,BYTE3(@0)
                 	CPC  R24,R30
                 	LDI  R30,BYTE4(@0)
                 	CPC  R25,R30
                 	.ENDM
                 
                 	.MACRO __CPWRR
                 	CP   R@0,R@2
                 	CPC  R@1,R@3
                 	.ENDM
                 
                 	.MACRO __CPWRN
                 	CPI  R@0,LOW(@2)
                 	LDI  R30,HIGH(@2)
                 	CPC  R@1,R30
                 	.ENDM
                 
                 	.MACRO __ADDB1MN
                 	SUBI R30,LOW(-@0-(@1))
                 	.ENDM
                 
                 	.MACRO __ADDB2MN
                 	SUBI R26,LOW(-@0-(@1))
                 	.ENDM
                 
                 	.MACRO __ADDW1MN
                 	SUBI R30,LOW(-@0-(@1))
                 	SBCI R31,HIGH(-@0-(@1))
                 	.ENDM
                 
                 	.MACRO __ADDW2MN
                 	SUBI R26,LOW(-@0-(@1))
                 	SBCI R27,HIGH(-@0-(@1))
                 	.ENDM
                 
                 	.MACRO __ADDW1FN
                 	SUBI R30,LOW(-2*@0-(@1))
                 	SBCI R31,HIGH(-2*@0-(@1))
                 	.ENDM
                 
                 	.MACRO __ADDD1FN
                 	SUBI R30,LOW(-2*@0-(@1))
                 	SBCI R31,HIGH(-2*@0-(@1))
                 	SBCI R22,BYTE3(-2*@0-(@1))
                 	.ENDM
                 
                 	.MACRO __ADDD1N
                 	SUBI R30,LOW(-@0)
                 	SBCI R31,HIGH(-@0)
                 	SBCI R22,BYTE3(-@0)
                 	SBCI R23,BYTE4(-@0)
                 	.ENDM
                 
                 	.MACRO __ADDD2N
                 	SUBI R26,LOW(-@0)
                 	SBCI R27,HIGH(-@0)
                 	SBCI R24,BYTE3(-@0)
                 	SBCI R25,BYTE4(-@0)
                 	.ENDM
                 
                 	.MACRO __SUBD1N
                 	SUBI R30,LOW(@0)
                 	SBCI R31,HIGH(@0)
                 	SBCI R22,BYTE3(@0)
                 	SBCI R23,BYTE4(@0)
                 	.ENDM
                 
                 	.MACRO __SUBD2N
                 	SUBI R26,LOW(@0)
                 	SBCI R27,HIGH(@0)
                 	SBCI R24,BYTE3(@0)
                 	SBCI R25,BYTE4(@0)
                 	.ENDM
                 
                 	.MACRO __ANDBMNN
                 	LDS  R30,@0+(@1)
                 	ANDI R30,LOW(@2)
                 	STS  @0+(@1),R30
                 	.ENDM
                 
                 	.MACRO __ANDWMNN
                 	LDS  R30,@0+(@1)
                 	ANDI R30,LOW(@2)
                 	STS  @0+(@1),R30
                 	LDS  R30,@0+(@1)+1
                 	ANDI R30,HIGH(@2)
                 	STS  @0+(@1)+1,R30
                 	.ENDM
                 
                 	.MACRO __ANDD1N
                 	ANDI R30,LOW(@0)
                 	ANDI R31,HIGH(@0)
                 	ANDI R22,BYTE3(@0)
                 	ANDI R23,BYTE4(@0)
                 	.ENDM
                 
                 	.MACRO __ANDD2N
                 	ANDI R26,LOW(@0)
                 	ANDI R27,HIGH(@0)
                 	ANDI R24,BYTE3(@0)
                 	ANDI R25,BYTE4(@0)
                 	.ENDM
                 
                 	.MACRO __ORBMNN
                 	LDS  R30,@0+(@1)
                 	ORI  R30,LOW(@2)
                 	STS  @0+(@1),R30
                 	.ENDM
                 
                 	.MACRO __ORWMNN
                 	LDS  R30,@0+(@1)
                 	ORI  R30,LOW(@2)
                 	STS  @0+(@1),R30
                 	LDS  R30,@0+(@1)+1
                 	ORI  R30,HIGH(@2)
                 	STS  @0+(@1)+1,R30
                 	.ENDM
                 
                 	.MACRO __ORD1N
                 	ORI  R30,LOW(@0)
                 	ORI  R31,HIGH(@0)
                 	ORI  R22,BYTE3(@0)
                 	ORI  R23,BYTE4(@0)
                 	.ENDM
                 
                 	.MACRO __ORD2N
                 	ORI  R26,LOW(@0)
                 	ORI  R27,HIGH(@0)
                 	ORI  R24,BYTE3(@0)
                 	ORI  R25,BYTE4(@0)
                 	.ENDM
                 
                 	.MACRO __DELAY_USB
                 	LDI  R24,LOW(@0)
                 __DELAY_USB_LOOP:
                 	DEC  R24
                 	BRNE __DELAY_USB_LOOP
                 	.ENDM
                 
                 	.MACRO __DELAY_USW
                 	LDI  R24,LOW(@0)
                 	LDI  R25,HIGH(@0)
                 __DELAY_USW_LOOP:
                 	SBIW R24,1
                 	BRNE __DELAY_USW_LOOP
                 	.ENDM
                 
                 	.MACRO __GETD1S
                 	LDD  R30,Y+@0
                 	LDD  R31,Y+@0+1
                 	LDD  R22,Y+@0+2
                 	LDD  R23,Y+@0+3
                 	.ENDM
                 
                 	.MACRO __GETD2S
                 	LDD  R26,Y+@0
                 	LDD  R27,Y+@0+1
                 	LDD  R24,Y+@0+2
                 	LDD  R25,Y+@0+3
                 	.ENDM
                 
                 	.MACRO __PUTD1S
                 	STD  Y+@0,R30
                 	STD  Y+@0+1,R31
                 	STD  Y+@0+2,R22
                 	STD  Y+@0+3,R23
                 	.ENDM
                 
                 	.MACRO __PUTD2S
                 	STD  Y+@0,R26
                 	STD  Y+@0+1,R27
                 	STD  Y+@0+2,R24
                 	STD  Y+@0+3,R25
                 	.ENDM
                 
                 	.MACRO __PUTDZ2
                 	STD  Z+@0,R26
                 	STD  Z+@0+1,R27
                 	STD  Z+@0+2,R24
                 	STD  Z+@0+3,R25
                 	.ENDM
                 
                 	.MACRO __CLRD1S
                 	STD  Y+@0,R30
                 	STD  Y+@0+1,R30
                 	STD  Y+@0+2,R30
                 	STD  Y+@0+3,R30
                 	.ENDM
                 
                 	.MACRO __POINTB1MN
                 	LDI  R30,LOW(@0+(@1))
                 	.ENDM
                 
                 	.MACRO __POINTW1MN
                 	LDI  R30,LOW(@0+(@1))
                 	LDI  R31,HIGH(@0+(@1))
                 	.ENDM
                 
                 	.MACRO __POINTD1M
                 	LDI  R30,LOW(@0)
                 	LDI  R31,HIGH(@0)
                 	LDI  R22,BYTE3(@0)
                 	LDI  R23,BYTE4(@0)
                 	.ENDM
                 
                 	.MACRO __POINTW1FN
                 	LDI  R30,LOW(2*@0+(@1))
                 	LDI  R31,HIGH(2*@0+(@1))
                 	.ENDM
                 
                 	.MACRO __POINTD1FN
                 	LDI  R30,LOW(2*@0+(@1))
                 	LDI  R31,HIGH(2*@0+(@1))
                 	LDI  R22,BYTE3(2*@0+(@1))
                 	LDI  R23,BYTE4(2*@0+(@1))
                 	.ENDM
                 
                 	.MACRO __POINTB2MN
                 	LDI  R26,LOW(@0+(@1))
                 	.ENDM
                 
                 	.MACRO __POINTW2MN
                 	LDI  R26,LOW(@0+(@1))
                 	LDI  R27,HIGH(@0+(@1))
                 	.ENDM
                 
                 	.MACRO __POINTW2FN
                 	LDI  R26,LOW(2*@0+(@1))
                 	LDI  R27,HIGH(2*@0+(@1))
                 	.ENDM
                 
                 	.MACRO __POINTD2FN
                 	LDI  R26,LOW(2*@0+(@1))
                 	LDI  R27,HIGH(2*@0+(@1))
                 	LDI  R24,BYTE3(2*@0+(@1))
                 	LDI  R25,BYTE4(2*@0+(@1))
                 	.ENDM
                 
                 	.MACRO __POINTBRM
                 	LDI  R@0,LOW(@1)
                 	.ENDM
                 
                 	.MACRO __POINTWRM
                 	LDI  R@0,LOW(@2)
                 	LDI  R@1,HIGH(@2)
                 	.ENDM
                 
                 	.MACRO __POINTBRMN
                 	LDI  R@0,LOW(@1+(@2))
                 	.ENDM
                 
                 	.MACRO __POINTWRMN
                 	LDI  R@0,LOW(@2+(@3))
                 	LDI  R@1,HIGH(@2+(@3))
                 	.ENDM
                 
                 	.MACRO __POINTWRFN
                 	LDI  R@0,LOW(@2*2+(@3))
                 	LDI  R@1,HIGH(@2*2+(@3))
                 	.ENDM
                 
                 	.MACRO __GETD1N
                 	LDI  R30,LOW(@0)
                 	LDI  R31,HIGH(@0)
                 	LDI  R22,BYTE3(@0)
                 	LDI  R23,BYTE4(@0)
                 	.ENDM
                 
                 	.MACRO __GETD2N
                 	LDI  R26,LOW(@0)
                 	LDI  R27,HIGH(@0)
                 	LDI  R24,BYTE3(@0)
                 	LDI  R25,BYTE4(@0)
                 	.ENDM
                 
                 	.MACRO __GETB1MN
                 	LDS  R30,@0+(@1)
                 	.ENDM
                 
                 	.MACRO __GETB1HMN
                 	LDS  R31,@0+(@1)
                 	.ENDM
                 
                 	.MACRO __GETW1MN
                 	LDS  R30,@0+(@1)
                 	LDS  R31,@0+(@1)+1
                 	.ENDM
                 
                 	.MACRO __GETD1MN
                 	LDS  R30,@0+(@1)
                 	LDS  R31,@0+(@1)+1
                 	LDS  R22,@0+(@1)+2
                 	LDS  R23,@0+(@1)+3
                 	.ENDM
                 
                 	.MACRO __GETBRMN
                 	LDS  R@0,@1+(@2)
                 	.ENDM
                 
                 	.MACRO __GETWRMN
                 	LDS  R@0,@2+(@3)
                 	LDS  R@1,@2+(@3)+1
                 	.ENDM
                 
                 	.MACRO __GETWRZ
                 	LDD  R@0,Z+@2
                 	LDD  R@1,Z+@2+1
                 	.ENDM
                 
                 	.MACRO __GETD2Z
                 	LDD  R26,Z+@0
                 	LDD  R27,Z+@0+1
                 	LDD  R24,Z+@0+2
                 	LDD  R25,Z+@0+3
                 	.ENDM
                 
                 	.MACRO __GETB2MN
                 	LDS  R26,@0+(@1)
                 	.ENDM
                 
                 	.MACRO __GETW2MN
                 	LDS  R26,@0+(@1)
                 	LDS  R27,@0+(@1)+1
                 	.ENDM
                 
                 	.MACRO __GETD2MN
                 	LDS  R26,@0+(@1)
                 	LDS  R27,@0+(@1)+1
                 	LDS  R24,@0+(@1)+2
                 	LDS  R25,@0+(@1)+3
                 	.ENDM
                 
                 	.MACRO __PUTB1MN
                 	STS  @0+(@1),R30
                 	.ENDM
                 
                 	.MACRO __PUTW1MN
                 	STS  @0+(@1),R30
                 	STS  @0+(@1)+1,R31
                 	.ENDM
                 
                 	.MACRO __PUTD1MN
                 	STS  @0+(@1),R30
                 	STS  @0+(@1)+1,R31
                 	STS  @0+(@1)+2,R22
                 	STS  @0+(@1)+3,R23
                 	.ENDM
                 
                 	.MACRO __PUTB1EN
                 	LDI  R26,LOW(@0+(@1))
                 	LDI  R27,HIGH(@0+(@1))
                 	CALL __EEPROMWRB
                 	.ENDM
                 
                 	.MACRO __PUTW1EN
                 	LDI  R26,LOW(@0+(@1))
                 	LDI  R27,HIGH(@0+(@1))
                 	CALL __EEPROMWRW
                 	.ENDM
                 
                 	.MACRO __PUTD1EN
                 	LDI  R26,LOW(@0+(@1))
                 	LDI  R27,HIGH(@0+(@1))
                 	CALL __EEPROMWRD
                 	.ENDM
                 
                 	.MACRO __PUTBR0MN
                 	STS  @0+(@1),R0
                 	.ENDM
                 
                 	.MACRO __PUTBMRN
                 	STS  @0+(@1),R@2
                 	.ENDM
                 
                 	.MACRO __PUTWMRN
                 	STS  @0+(@1),R@2
                 	STS  @0+(@1)+1,R@3
                 	.ENDM
                 
                 	.MACRO __PUTBZR
                 	STD  Z+@1,R@0
                 	.ENDM
                 
                 	.MACRO __PUTWZR
                 	STD  Z+@2,R@0
                 	STD  Z+@2+1,R@1
                 	.ENDM
                 
                 	.MACRO __GETW1R
                 	MOV  R30,R@0
                 	MOV  R31,R@1
                 	.ENDM
                 
                 	.MACRO __GETW2R
                 	MOV  R26,R@0
                 	MOV  R27,R@1
                 	.ENDM
                 
                 	.MACRO __GETWRN
                 	LDI  R@0,LOW(@2)
                 	LDI  R@1,HIGH(@2)
                 	.ENDM
                 
                 	.MACRO __PUTW1R
                 	MOV  R@0,R30
                 	MOV  R@1,R31
                 	.ENDM
                 
                 	.MACRO __PUTW2R
                 	MOV  R@0,R26
                 	MOV  R@1,R27
                 	.ENDM
                 
                 	.MACRO __ADDWRN
                 	SUBI R@0,LOW(-@2)
                 	SBCI R@1,HIGH(-@2)
                 	.ENDM
                 
                 	.MACRO __ADDWRR
                 	ADD  R@0,R@2
                 	ADC  R@1,R@3
                 	.ENDM
                 
                 	.MACRO __SUBWRN
                 	SUBI R@0,LOW(@2)
                 	SBCI R@1,HIGH(@2)
                 	.ENDM
                 
                 	.MACRO __SUBWRR
                 	SUB  R@0,R@2
                 	SBC  R@1,R@3
                 	.ENDM
                 
                 	.MACRO __ANDWRN
                 	ANDI R@0,LOW(@2)
                 	ANDI R@1,HIGH(@2)
                 	.ENDM
                 
                 	.MACRO __ANDWRR
                 	AND  R@0,R@2
                 	AND  R@1,R@3
                 	.ENDM
                 
                 	.MACRO __ORWRN
                 	ORI  R@0,LOW(@2)
                 	ORI  R@1,HIGH(@2)
                 	.ENDM
                 
                 	.MACRO __ORWRR
                 	OR   R@0,R@2
                 	OR   R@1,R@3
                 	.ENDM
                 
                 	.MACRO __EORWRR
                 	EOR  R@0,R@2
                 	EOR  R@1,R@3
                 	.ENDM
                 
                 	.MACRO __GETWRS
                 	LDD  R@0,Y+@2
                 	LDD  R@1,Y+@2+1
                 	.ENDM
                 
                 	.MACRO __PUTBSR
                 	STD  Y+@1,R@0
                 	.ENDM
                 
                 	.MACRO __PUTWSR
                 	STD  Y+@2,R@0
                 	STD  Y+@2+1,R@1
                 	.ENDM
                 
                 	.MACRO __MOVEWRR
                 	MOV  R@0,R@2
                 	MOV  R@1,R@3
                 	.ENDM
                 
                 	.MACRO __INWR
                 	IN   R@0,@2
                 	IN   R@1,@2+1
                 	.ENDM
                 
                 	.MACRO __OUTWR
                 	OUT  @2+1,R@1
                 	OUT  @2,R@0
                 	.ENDM
                 
                 	.MACRO __CALL1MN
                 	LDS  R30,@0+(@1)
                 	LDS  R31,@0+(@1)+1
                 	ICALL
                 	.ENDM
                 
                 	.MACRO __CALL1FN
                 	LDI  R30,LOW(2*@0+(@1))
                 	LDI  R31,HIGH(2*@0+(@1))
                 	CALL __GETW1PF
                 	ICALL
                 	.ENDM
                 
                 	.MACRO __CALL2EN
                 	PUSH R26
                 	PUSH R27
                 	LDI  R26,LOW(@0+(@1))
                 	LDI  R27,HIGH(@0+(@1))
                 	CALL __EEPROMRDW
                 	POP  R27
                 	POP  R26
                 	ICALL
                 	.ENDM
                 
                 	.MACRO __CALL2EX
                 	SUBI R26,LOW(-@0)
                 	SBCI R27,HIGH(-@0)
                 	CALL __EEPROMRDD
                 	ICALL
                 	.ENDM
                 
                 	.MACRO __GETW1STACK
                 	IN   R30,SPL
                 	IN   R31,SPH
                 	ADIW R30,@0+1
                 	LD   R0,Z+
                 	LD   R31,Z
                 	MOV  R30,R0
                 	.ENDM
                 
                 	.MACRO __GETD1STACK
                 	IN   R30,SPL
                 	IN   R31,SPH
                 	ADIW R30,@0+1
                 	LD   R0,Z+
                 	LD   R1,Z+
                 	LD   R22,Z
                 	MOVW R30,R0
                 	.ENDM
                 
                 	.MACRO __NBST
                 	BST  R@0,@1
                 	IN   R30,SREG
                 	LDI  R31,0x40
                 	EOR  R30,R31
                 	OUT  SREG,R30
                 	.ENDM
                 
                 
                 	.MACRO __PUTB1SN
                 	LDD  R26,Y+@0
                 	LDD  R27,Y+@0+1
                 	SUBI R26,LOW(-@1)
                 	SBCI R27,HIGH(-@1)
                 	ST   X,R30
                 	.ENDM
                 
                 	.MACRO __PUTW1SN
                 	LDD  R26,Y+@0
                 	LDD  R27,Y+@0+1
                 	SUBI R26,LOW(-@1)
                 	SBCI R27,HIGH(-@1)
                 	ST   X+,R30
                 	ST   X,R31
                 	.ENDM
                 
                 	.MACRO __PUTD1SN
                 	LDD  R26,Y+@0
                 	LDD  R27,Y+@0+1
                 	SUBI R26,LOW(-@1)
                 	SBCI R27,HIGH(-@1)
                 	CALL __PUTDP1
                 	.ENDM
                 
                 	.MACRO __PUTB1SNS
                 	LDD  R26,Y+@0
                 	LDD  R27,Y+@0+1
                 	ADIW R26,@1
                 	ST   X,R30
                 	.ENDM
                 
                 	.MACRO __PUTW1SNS
                 	LDD  R26,Y+@0
                 	LDD  R27,Y+@0+1
                 	ADIW R26,@1
                 	ST   X+,R30
                 	ST   X,R31
                 	.ENDM
                 
                 	.MACRO __PUTD1SNS
                 	LDD  R26,Y+@0
                 	LDD  R27,Y+@0+1
                 	ADIW R26,@1
                 	CALL __PUTDP1
                 	.ENDM
                 
                 	.MACRO __PUTB1PMN
                 	LDS  R26,@0
                 	LDS  R27,@0+1
                 	SUBI R26,LOW(-@1)
                 	SBCI R27,HIGH(-@1)
                 	ST   X,R30
                 	.ENDM
                 
                 	.MACRO __PUTW1PMN
                 	LDS  R26,@0
                 	LDS  R27,@0+1
                 	SUBI R26,LOW(-@1)
                 	SBCI R27,HIGH(-@1)
                 	ST   X+,R30
                 	ST   X,R31
                 	.ENDM
                 
                 	.MACRO __PUTD1PMN
                 	LDS  R26,@0
                 	LDS  R27,@0+1
                 	SUBI R26,LOW(-@1)
                 	SBCI R27,HIGH(-@1)
                 	CALL __PUTDP1
                 	.ENDM
                 
                 	.MACRO __PUTB1PMNS
                 	LDS  R26,@0
                 	LDS  R27,@0+1
                 	ADIW R26,@1
                 	ST   X,R30
                 	.ENDM
                 
                 	.MACRO __PUTW1PMNS
                 	LDS  R26,@0
                 	LDS  R27,@0+1
                 	ADIW R26,@1
                 	ST   X+,R30
                 	ST   X,R31
                 	.ENDM
                 
                 	.MACRO __PUTD1PMNS
                 	LDS  R26,@0
                 	LDS  R27,@0+1
                 	ADIW R26,@1
                 	CALL __PUTDP1
                 	.ENDM
                 
                 	.MACRO __PUTB1RN
                 	MOVW R26,R@0
                 	SUBI R26,LOW(-@1)
                 	SBCI R27,HIGH(-@1)
                 	ST   X,R30
                 	.ENDM
                 
                 	.MACRO __PUTW1RN
                 	MOVW R26,R@0
                 	SUBI R26,LOW(-@1)
                 	SBCI R27,HIGH(-@1)
                 	ST   X+,R30
                 	ST   X,R31
                 	.ENDM
                 
                 	.MACRO __PUTD1RN
                 	MOVW R26,R@0
                 	SUBI R26,LOW(-@1)
                 	SBCI R27,HIGH(-@1)
                 	CALL __PUTDP1
                 	.ENDM
                 
                 	.MACRO __PUTB1RNS
                 	MOVW R26,R@0
                 	ADIW R26,@1
                 	ST   X,R30
                 	.ENDM
                 
                 	.MACRO __PUTW1RNS
                 	MOVW R26,R@0
                 	ADIW R26,@1
                 	ST   X+,R30
                 	ST   X,R31
                 	.ENDM
                 
                 	.MACRO __PUTD1RNS
                 	MOVW R26,R@0
                 	ADIW R26,@1
                 	CALL __PUTDP1
                 	.ENDM
                 
                 	.MACRO __PUTB1RON
                 	MOV  R26,R@0
                 	MOV  R27,R@1
                 	SUBI R26,LOW(-@2)
                 	SBCI R27,HIGH(-@2)
                 	ST   X,R30
                 	.ENDM
                 
                 	.MACRO __PUTW1RON
                 	MOV  R26,R@0
                 	MOV  R27,R@1
                 	SUBI R26,LOW(-@2)
                 	SBCI R27,HIGH(-@2)
                 	ST   X+,R30
                 	ST   X,R31
                 	.ENDM
                 
                 	.MACRO __PUTD1RON
                 	MOV  R26,R@0
                 	MOV  R27,R@1
                 	SUBI R26,LOW(-@2)
                 	SBCI R27,HIGH(-@2)
                 	CALL __PUTDP1
                 	.ENDM
                 
                 	.MACRO __PUTB1RONS
                 	MOV  R26,R@0
                 	MOV  R27,R@1
                 	ADIW R26,@2
                 	ST   X,R30
                 	.ENDM
                 
                 	.MACRO __PUTW1RONS
                 	MOV  R26,R@0
                 	MOV  R27,R@1
                 	ADIW R26,@2
                 	ST   X+,R30
                 	ST   X,R31
                 	.ENDM
                 
                 	.MACRO __PUTD1RONS
                 	MOV  R26,R@0
                 	MOV  R27,R@1
                 	ADIW R26,@2
                 	CALL __PUTDP1
                 	.ENDM
                 
                 
                 	.MACRO __GETB1SX
                 	MOVW R30,R28
                 	SUBI R30,LOW(-@0)
                 	SBCI R31,HIGH(-@0)
                 	LD   R30,Z
                 	.ENDM
                 
                 	.MACRO __GETB1HSX
                 	MOVW R30,R28
                 	SUBI R30,LOW(-@0)
                 	SBCI R31,HIGH(-@0)
                 	LD   R31,Z
                 	.ENDM
                 
                 	.MACRO __GETW1SX
                 	MOVW R30,R28
                 	SUBI R30,LOW(-@0)
                 	SBCI R31,HIGH(-@0)
                 	LD   R0,Z+
                 	LD   R31,Z
                 	MOV  R30,R0
                 	.ENDM
                 
                 	.MACRO __GETD1SX
                 	MOVW R30,R28
                 	SUBI R30,LOW(-@0)
                 	SBCI R31,HIGH(-@0)
                 	LD   R0,Z+
                 	LD   R1,Z+
                 	LD   R22,Z+
                 	LD   R23,Z
                 	MOVW R30,R0
                 	.ENDM
                 
                 	.MACRO __GETB2SX
                 	MOVW R26,R28
                 	SUBI R26,LOW(-@0)
                 	SBCI R27,HIGH(-@0)
                 	LD   R26,X
                 	.ENDM
                 
                 	.MACRO __GETW2SX
                 	MOVW R26,R28
                 	SUBI R26,LOW(-@0)
                 	SBCI R27,HIGH(-@0)
                 	LD   R0,X+
                 	LD   R27,X
                 	MOV  R26,R0
                 	.ENDM
                 
                 	.MACRO __GETD2SX
                 	MOVW R26,R28
                 	SUBI R26,LOW(-@0)
                 	SBCI R27,HIGH(-@0)
                 	LD   R0,X+
                 	LD   R1,X+
                 	LD   R24,X+
                 	LD   R25,X
                 	MOVW R26,R0
                 	.ENDM
                 
                 	.MACRO __GETBRSX
                 	MOVW R30,R28
                 	SUBI R30,LOW(-@1)
                 	SBCI R31,HIGH(-@1)
                 	LD   R@0,Z
                 	.ENDM
                 
                 	.MACRO __GETWRSX
                 	MOVW R30,R28
                 	SUBI R30,LOW(-@2)
                 	SBCI R31,HIGH(-@2)
                 	LD   R@0,Z+
                 	LD   R@1,Z
                 	.ENDM
                 
                 	.MACRO __GETBRSX2
                 	MOVW R26,R28
                 	SUBI R26,LOW(-@1)
                 	SBCI R27,HIGH(-@1)
                 	LD   R@0,X
                 	.ENDM
                 
                 	.MACRO __GETWRSX2
                 	MOVW R26,R28
                 	SUBI R26,LOW(-@2)
                 	SBCI R27,HIGH(-@2)
                 	LD   R@0,X+
                 	LD   R@1,X
                 	.ENDM
                 
                 	.MACRO __LSLW8SX
                 	MOVW R30,R28
                 	SUBI R30,LOW(-@0)
                 	SBCI R31,HIGH(-@0)
                 	LD   R31,Z
                 	CLR  R30
                 	.ENDM
                 
                 	.MACRO __PUTB1SX
                 	MOVW R26,R28
                 	SUBI R26,LOW(-@0)
                 	SBCI R27,HIGH(-@0)
                 	ST   X,R30
                 	.ENDM
                 
                 	.MACRO __PUTW1SX
                 	MOVW R26,R28
                 	SUBI R26,LOW(-@0)
                 	SBCI R27,HIGH(-@0)
                 	ST   X+,R30
                 	ST   X,R31
                 	.ENDM
                 
                 	.MACRO __PUTD1SX
                 	MOVW R26,R28
                 	SUBI R26,LOW(-@0)
                 	SBCI R27,HIGH(-@0)
                 	ST   X+,R30
                 	ST   X+,R31
                 	ST   X+,R22
                 	ST   X,R23
                 	.ENDM
                 
                 	.MACRO __CLRW1SX
                 	MOVW R26,R28
                 	SUBI R26,LOW(-@0)
                 	SBCI R27,HIGH(-@0)
                 	ST   X+,R30
                 	ST   X,R30
                 	.ENDM
                 
                 	.MACRO __CLRD1SX
                 	MOVW R26,R28
                 	SUBI R26,LOW(-@0)
                 	SBCI R27,HIGH(-@0)
                 	ST   X+,R30
                 	ST   X+,R30
                 	ST   X+,R30
                 	ST   X,R30
                 	.ENDM
                 
                 	.MACRO __PUTB2SX
                 	MOVW R30,R28
                 	SUBI R30,LOW(-@0)
                 	SBCI R31,HIGH(-@0)
                 	ST   Z,R26
                 	.ENDM
                 
                 	.MACRO __PUTW2SX
                 	MOVW R30,R28
                 	SUBI R30,LOW(-@0)
                 	SBCI R31,HIGH(-@0)
                 	ST   Z+,R26
                 	ST   Z,R27
                 	.ENDM
                 
                 	.MACRO __PUTD2SX
                 	MOVW R30,R28
                 	SUBI R30,LOW(-@0)
                 	SBCI R31,HIGH(-@0)
                 	ST   Z+,R26
                 	ST   Z+,R27
                 	ST   Z+,R24
                 	ST   Z,R25
                 	.ENDM
                 
                 	.MACRO __PUTBSRX
                 	MOVW R30,R28
                 	SUBI R30,LOW(-@1)
                 	SBCI R31,HIGH(-@1)
                 	ST   Z,R@0
                 	.ENDM
                 
                 	.MACRO __PUTWSRX
                 	MOVW R30,R28
                 	SUBI R30,LOW(-@2)
                 	SBCI R31,HIGH(-@2)
                 	ST   Z+,R@0
                 	ST   Z,R@1
                 	.ENDM
                 
                 	.MACRO __PUTB1SNX
                 	MOVW R26,R28
                 	SUBI R26,LOW(-@0)
                 	SBCI R27,HIGH(-@0)
                 	LD   R0,X+
                 	LD   R27,X
                 	MOV  R26,R0
                 	SUBI R26,LOW(-@1)
                 	SBCI R27,HIGH(-@1)
                 	ST   X,R30
                 	.ENDM
                 
                 	.MACRO __PUTW1SNX
                 	MOVW R26,R28
                 	SUBI R26,LOW(-@0)
                 	SBCI R27,HIGH(-@0)
                 	LD   R0,X+
                 	LD   R27,X
                 	MOV  R26,R0
                 	SUBI R26,LOW(-@1)
                 	SBCI R27,HIGH(-@1)
                 	ST   X+,R30
                 	ST   X,R31
                 	.ENDM
                 
                 	.MACRO __PUTD1SNX
                 	MOVW R26,R28
                 	SUBI R26,LOW(-@0)
                 	SBCI R27,HIGH(-@0)
                 	LD   R0,X+
                 	LD   R27,X
                 	MOV  R26,R0
                 	SUBI R26,LOW(-@1)
                 	SBCI R27,HIGH(-@1)
                 	ST   X+,R30
                 	ST   X+,R31
                 	ST   X+,R22
                 	ST   X,R23
                 	.ENDM
                 
                 	.MACRO __MULBRR
                 	MULS R@0,R@1
                 	MOVW R30,R0
                 	.ENDM
                 
                 	.MACRO __MULBRRU
                 	MUL  R@0,R@1
                 	MOVW R30,R0
                 	.ENDM
                 
                 	.MACRO __MULBRR0
                 	MULS R@0,R@1
                 	.ENDM
                 
                 	.MACRO __MULBRRU0
                 	MUL  R@0,R@1
                 	.ENDM
                 
                 	.MACRO __MULBNWRU
                 	LDI  R26,@2
                 	MUL  R26,R@0
                 	MOVW R30,R0
                 	MUL  R26,R@1
                 	ADD  R31,R0
                 	.ENDM
                 
                 ;NAME DEFINITIONS FOR GLOBAL VARIABLES ALLOCATED TO REGISTERS
                 	.DEF _hour=R5
                 	.DEF _minute=R4
                 	.DEF _second=R7
                 	.DEF _decisecond=R6
                 	.DEF _is_started=R8
                 	.DEF _is_started_msb=R9
                 	.DEF __lcd_x=R11
                 	.DEF __lcd_y=R10
                 	.DEF __lcd_maxx=R13
                 
                 	.CSEG
                 	.ORG 0x00
                 
                 ;START OF CODE MARKER
                 __START_OF_CODE:
                 
                 ;INTERRUPT VECTORS
000000 940c 003b 	JMP  __RESET
000002 940c 0000 	JMP  0x00
000004 940c 007f 	JMP  _ext_int1_isr
000006 940c 0088 	JMP  _ext_int2_isr
000008 940c 0000 	JMP  0x00
00000a 940c 0000 	JMP  0x00
00000c 940c 0000 	JMP  0x00
00000e 940c 009e 	JMP  _timer1_compa_isr
000010 940c 0000 	JMP  0x00
000012 940c 0000 	JMP  0x00
000014 940c 0000 	JMP  0x00
000016 940c 0000 	JMP  0x00
000018 940c 0000 	JMP  0x00
00001a 940c 0000 	JMP  0x00
00001c 940c 0000 	JMP  0x00
00001e 940c 0000 	JMP  0x00
000020 940c 0000 	JMP  0x00
000022 940c 0000 	JMP  0x00
000024 940c 0000 	JMP  0x00
000026 940c 0000 	JMP  0x00
000028 940c 0000 	JMP  0x00
                 
                 ;GLOBAL REGISTER VARIABLES INITIALIZATION
                 __REG_VARS:
00002a 173a
00002b 0000      	.DB  0x3A,0x17,0x0,0x0
00002c 0000      	.DB  0x0,0x0
                 
                 _0x0:
00002d 6954
00002e 656d
00002f 0072      	.DB  0x54,0x69,0x6D,0x65,0x72,0x0
                 _0x2000003:
000030 c080      	.DB  0x80,0xC0
                 
                 __GLOBAL_INI_TBL:
000031 0006      	.DW  0x06
000032 0004      	.DW  0x04
000033 0054      	.DW  __REG_VARS*2
                 
000034 0006      	.DW  0x06
000035 0260      	.DW  _0xA
000036 005a      	.DW  _0x0*2
                 
000037 0002      	.DW  0x02
000038 0266      	.DW  __base_y_G100
000039 0060      	.DW  _0x2000003*2
                 
                 _0xFFFFFFFF:
00003a 0000      	.DW  0
                 
                 #define __GLOBAL_INI_TBL_PRESENT 1
                 
                 __RESET:
00003b 94f8      	CLI
00003c 27ee      	CLR  R30
00003d bbec      	OUT  EECR,R30
                 
                 ;INTERRUPT VECTORS ARE PLACED
                 ;AT THE START OF FLASH
00003e e0f1      	LDI  R31,1
00003f bffb      	OUT  GICR,R31
000040 bfeb      	OUT  GICR,R30
000041 bfe5      	OUT  MCUCR,R30
                 
                 ;CLEAR R2-R14
000042 e08d      	LDI  R24,(14-2)+1
000043 e0a2      	LDI  R26,2
000044 27bb      	CLR  R27
                 __CLEAR_REG:
000045 93ed      	ST   X+,R30
000046 958a      	DEC  R24
000047 f7e9      	BRNE __CLEAR_REG
                 
                 ;CLEAR SRAM
000048 e080      	LDI  R24,LOW(__CLEAR_SRAM_SIZE)
000049 e098      	LDI  R25,HIGH(__CLEAR_SRAM_SIZE)
00004a e6a0      	LDI  R26,__SRAM_START
                 __CLEAR_SRAM:
00004b 93ed      	ST   X+,R30
00004c 9701      	SBIW R24,1
00004d f7e9      	BRNE __CLEAR_SRAM
                 
                 ;GLOBAL VARIABLES INITIALIZATION
00004e e6e2      	LDI  R30,LOW(__GLOBAL_INI_TBL*2)
00004f e0f0      	LDI  R31,HIGH(__GLOBAL_INI_TBL*2)
                 __GLOBAL_INI_NEXT:
000050 9185      	LPM  R24,Z+
000051 9195      	LPM  R25,Z+
000052 9700      	SBIW R24,0
000053 f061      	BREQ __GLOBAL_INI_END
000054 91a5      	LPM  R26,Z+
000055 91b5      	LPM  R27,Z+
000056 9005      	LPM  R0,Z+
000057 9015      	LPM  R1,Z+
000058 01bf      	MOVW R22,R30
000059 01f0      	MOVW R30,R0
                 __GLOBAL_INI_LOOP:
00005a 9005      	LPM  R0,Z+
00005b 920d      	ST   X+,R0
00005c 9701      	SBIW R24,1
00005d f7e1      	BRNE __GLOBAL_INI_LOOP
00005e 01fb      	MOVW R30,R22
00005f cff0      	RJMP __GLOBAL_INI_NEXT
                 __GLOBAL_INI_END:
                 
                 ;HARDWARE STACK POINTER INITIALIZATION
000060 e5ef      	LDI  R30,LOW(__SRAM_END-__HEAP_SIZE)
000061 bfed      	OUT  SPL,R30
000062 e0e8      	LDI  R30,HIGH(__SRAM_END-__HEAP_SIZE)
000063 bfee      	OUT  SPH,R30
                 
                 ;DATA STACK POINTER INITIALIZATION
000064 e6c0      	LDI  R28,LOW(__SRAM_START+__DSTACK_SIZE)
000065 e0d2      	LDI  R29,HIGH(__SRAM_START+__DSTACK_SIZE)
                 
000066 940c 00bf 	JMP  _main
                 
                 	.ESEG
                 	.ORG 0
                 
                 	.DSEG
                 	.ORG 0x260
                 
                 	.CSEG
                 ;/*******************************************************
                 ;This program was created by the
                 ;CodeWizardAVR V3.12 Advanced
                 ;Automatic Program Generator
                 ;© Copyright 1998-2014 Pavel Haiduc, HP InfoTech s.r.l.
                 ;http://www.hpinfotech.com
                 ;
                 ;Project :
                 ;Version :
                 ;Date    : 27/07/2020
                 ;Author  :
                 ;Company :
                 ;Comments:
                 ;
                 ;
                 ;Chip type               : ATmega32
                 ;Program type            : Application
                 ;AVR Core Clock frequency: 8/000000 MHz
                 ;Memory model            : Small
                 ;External RAM size       : 0
                 ;Data Stack size         : 512
                 ;*******************************************************/
                 ;
                 ;#include <mega32.h>
                 	#ifndef __SLEEP_DEFINED__
                 	#define __SLEEP_DEFINED__
                 	.EQU __se_bit=0x80
                 	.EQU __sm_mask=0x70
                 	.EQU __sm_powerdown=0x20
                 	.EQU __sm_powersave=0x30
                 	.EQU __sm_standby=0x60
                 	.EQU __sm_ext_standby=0x70
                 	.EQU __sm_adc_noise_red=0x10
                 	.SET power_ctrl_reg=mcucr
                 	#endif
                 ;
                 ;// Alphanumeric LCD functions
                 ;#include <alcd.h>
                 ;
                 ;// Declare your global variables here
                 ;
                 ;unsigned char hour = 23;
                 ;
                 ;unsigned char minute = 58;
                 ;
                 ;unsigned char second = 0;
                 ;
                 ;unsigned char decisecond = 0;
                 ;
                 ;int is_started = 0;
                 ;
                 ;void get_time()
                 ; 0000 002A {
                 
                 	.CSEG
                 _get_time:
                 ; .FSTART _get_time
                 ; 0000 002B     decisecond++;
000068 9463      	INC  R6
                 ; 0000 002C 
                 ; 0000 002D     if(decisecond == 10)
000069 e0ea      	LDI  R30,LOW(10)
00006a 15e6      	CP   R30,R6
00006b f411      	BRNE _0x3
                 ; 0000 002E     {
                 ; 0000 002F         second++;
00006c 9473      	INC  R7
                 ; 0000 0030         decisecond = 0;
00006d 2466      	CLR  R6
                 ; 0000 0031     }
                 ; 0000 0032     if(second == 60)
                 _0x3:
00006e e3ec      	LDI  R30,LOW(60)
00006f 15e7      	CP   R30,R7
000070 f411      	BRNE _0x4
                 ; 0000 0033     {
                 ; 0000 0034         minute++;
000071 9443      	INC  R4
                 ; 0000 0035         second = 0;
000072 2477      	CLR  R7
                 ; 0000 0036     }
                 ; 0000 0037     if(minute == 60)
                 _0x4:
000073 e3ec      	LDI  R30,LOW(60)
000074 15e4      	CP   R30,R4
000075 f411      	BRNE _0x5
                 ; 0000 0038     {
                 ; 0000 0039         hour++;
000076 9453      	INC  R5
                 ; 0000 003A         minute = 0;
000077 2444      	CLR  R4
                 ; 0000 003B     }
                 ; 0000 003C     if(hour == 24)
                 _0x5:
000078 e1e8      	LDI  R30,LOW(24)
000079 15e5      	CP   R30,R5
00007a f419      	BRNE _0x6
                 ; 0000 003D     {
                 ; 0000 003E         second = 0;
00007b 2477      	CLR  R7
                 ; 0000 003F         minute = 0;
00007c 2444      	CLR  R4
                 ; 0000 0040         hour = 0;
00007d 2455      	CLR  R5
                 ; 0000 0041     }
                 ; 0000 0042 }
                 _0x6:
00007e 9508      	RET
                 ; .FEND
                 ;
                 ;// External Interrupt 1 service routine
                 ;interrupt [EXT_INT1] void ext_int1_isr(void)
                 ; 0000 0046 {
                 _ext_int1_isr:
                 ; .FSTART _ext_int1_isr
00007f 93ea      	ST   -Y,R30
000080 b7ef      	IN   R30,SREG
                 ; 0000 0047     hour = 0;
000081 2455      	CLR  R5
                 ; 0000 0048     minute = 0;
000082 2444      	CLR  R4
                 ; 0000 0049     second = 0;
000083 2477      	CLR  R7
                 ; 0000 004A     decisecond = 0;
000084 2466      	CLR  R6
                 ; 0000 004B 
                 ; 0000 004C }
000085 bfef      	OUT  SREG,R30
000086 91e9      	LD   R30,Y+
000087 9518      	RETI
                 ; .FEND
                 ;
                 ;// External Interrupt 2 service routine
                 ;interrupt [EXT_INT2] void ext_int2_isr(void)
                 ; 0000 0050 {
                 _ext_int2_isr:
                 ; .FSTART _ext_int2_isr
000088 920a      	ST   -Y,R0
000089 93ea      	ST   -Y,R30
00008a 93fa      	ST   -Y,R31
00008b b7ef      	IN   R30,SREG
00008c 93ea      	ST   -Y,R30
                 ; 0000 0051 if (is_started == 0)
00008d 2c08      	MOV  R0,R8
00008e 2809      	OR   R0,R9
00008f f421      	BRNE _0x7
                 ; 0000 0052     {
                 ; 0000 0053         is_started = 1;
000090 e0e1      	LDI  R30,LOW(1)
000091 e0f0      	LDI  R31,HIGH(1)
000092 014f      	MOVW R8,R30
                 ; 0000 0054     }
                 ; 0000 0055     else
000093 c002      	RJMP _0x8
                 _0x7:
                 ; 0000 0056     {
                 ; 0000 0057         is_started = 0;
000094 2488      	CLR  R8
000095 2499      	CLR  R9
                 ; 0000 0058     }
                 _0x8:
                 ; 0000 0059 hour = 9;
000096 e0e9      	LDI  R30,LOW(9)
000097 2e5e      	MOV  R5,R30
                 ; 0000 005A 
                 ; 0000 005B }
000098 91e9      	LD   R30,Y+
000099 bfef      	OUT  SREG,R30
00009a 91f9      	LD   R31,Y+
00009b 91e9      	LD   R30,Y+
00009c 9009      	LD   R0,Y+
00009d 9518      	RETI
                 ; .FEND
                 ;
                 ;// Timer1 output compare A interrupt service routine
                 ;interrupt [TIM1_COMPA] void timer1_compa_isr(void)
                 ; 0000 005F {
                 _timer1_compa_isr:
                 ; .FSTART _timer1_compa_isr
00009e 920a      	ST   -Y,R0
00009f 921a      	ST   -Y,R1
0000a0 92fa      	ST   -Y,R15
0000a1 936a      	ST   -Y,R22
0000a2 937a      	ST   -Y,R23
0000a3 938a      	ST   -Y,R24
0000a4 939a      	ST   -Y,R25
0000a5 93aa      	ST   -Y,R26
0000a6 93ba      	ST   -Y,R27
0000a7 93ea      	ST   -Y,R30
0000a8 93fa      	ST   -Y,R31
0000a9 b7ef      	IN   R30,SREG
0000aa 93ea      	ST   -Y,R30
                 ; 0000 0060 if(is_started == 1){
0000ab e0e1      	LDI  R30,LOW(1)
0000ac e0f0      	LDI  R31,HIGH(1)
0000ad 15e8      	CP   R30,R8
0000ae 05f9      	CPC  R31,R9
0000af f409      	BRNE _0x9
                 ; 0000 0061         get_time();
0000b0 dfb7      	RCALL _get_time
                 ; 0000 0062     }
                 ; 0000 0063 
                 ; 0000 0064 }
                 _0x9:
0000b1 91e9      	LD   R30,Y+
0000b2 bfef      	OUT  SREG,R30
0000b3 91f9      	LD   R31,Y+
0000b4 91e9      	LD   R30,Y+
0000b5 91b9      	LD   R27,Y+
0000b6 91a9      	LD   R26,Y+
0000b7 9199      	LD   R25,Y+
0000b8 9189      	LD   R24,Y+
0000b9 9179      	LD   R23,Y+
0000ba 9169      	LD   R22,Y+
0000bb 90f9      	LD   R15,Y+
0000bc 9019      	LD   R1,Y+
0000bd 9009      	LD   R0,Y+
0000be 9518      	RETI
                 ; .FEND
                 ;
                 ;void main(void)
                 ; 0000 0067 {
                 _main:
                 ; .FSTART _main
                 ; 0000 0068 // Declare your local variables here
                 ; 0000 0069 
                 ; 0000 006A // Input/Output Ports initialization
                 ; 0000 006B // Port A initialization
                 ; 0000 006C // Function: Bit7=Out Bit6=Out Bit5=Out Bit4=Out Bit3=Out Bit2=Out Bit1=Out Bit0=Out
                 ; 0000 006D DDRA=(1<<DDA7) | (1<<DDA6) | (1<<DDA5) | (1<<DDA4) | (1<<DDA3) | (1<<DDA2) | (1<<DDA1) | (1<<DDA0);
0000bf efef      	LDI  R30,LOW(255)
0000c0 bbea      	OUT  0x1A,R30
                 ; 0000 006E // State: Bit7=0 Bit6=0 Bit5=0 Bit4=0 Bit3=0 Bit2=0 Bit1=0 Bit0=0
                 ; 0000 006F PORTA=(0<<PORTA7) | (0<<PORTA6) | (0<<PORTA5) | (0<<PORTA4) | (0<<PORTA3) | (0<<PORTA2) | (0<<PORTA1) | (0<<PORTA0);
0000c1 e0e0      	LDI  R30,LOW(0)
0000c2 bbeb      	OUT  0x1B,R30
                 ; 0000 0070 
                 ; 0000 0071 // Port B initialization
                 ; 0000 0072 // Function: Bit7=In Bit6=In Bit5=In Bit4=In Bit3=In Bit2=In Bit1=In Bit0=In
                 ; 0000 0073 DDRB=(0<<DDB7) | (0<<DDB6) | (0<<DDB5) | (0<<DDB4) | (0<<DDB3) | (0<<DDB2) | (0<<DDB1) | (0<<DDB0);
0000c3 bbe7      	OUT  0x17,R30
                 ; 0000 0074 // State: Bit7=T Bit6=T Bit5=T Bit4=T Bit3=T Bit2=T Bit1=T Bit0=T
                 ; 0000 0075 PORTB=(0<<PORTB7) | (0<<PORTB6) | (0<<PORTB5) | (0<<PORTB4) | (0<<PORTB3) | (0<<PORTB2) | (0<<PORTB1) | (0<<PORTB0);
0000c4 bbe8      	OUT  0x18,R30
                 ; 0000 0076 
                 ; 0000 0077 // Port C initialization
                 ; 0000 0078 // Function: Bit7=In Bit6=In Bit5=In Bit4=In Bit3=In Bit2=In Bit1=In Bit0=In
                 ; 0000 0079 DDRC=(0<<DDC7) | (0<<DDC6) | (0<<DDC5) | (0<<DDC4) | (0<<DDC3) | (0<<DDC2) | (0<<DDC1) | (0<<DDC0);
0000c5 bbe4      	OUT  0x14,R30
                 ; 0000 007A // State: Bit7=T Bit6=T Bit5=T Bit4=T Bit3=T Bit2=T Bit1=T Bit0=T
                 ; 0000 007B PORTC=(0<<PORTC7) | (0<<PORTC6) | (0<<PORTC5) | (0<<PORTC4) | (0<<PORTC3) | (0<<PORTC2) | (0<<PORTC1) | (0<<PORTC0);
0000c6 bbe5      	OUT  0x15,R30
                 ; 0000 007C 
                 ; 0000 007D // Port D initialization
                 ; 0000 007E // Function: Bit7=In Bit6=In Bit5=In Bit4=In Bit3=In Bit2=In Bit1=In Bit0=In
                 ; 0000 007F DDRD=(0<<DDD7) | (0<<DDD6) | (0<<DDD5) | (0<<DDD4) | (0<<DDD3) | (0<<DDD2) | (0<<DDD1) | (0<<DDD0);
0000c7 bbe1      	OUT  0x11,R30
                 ; 0000 0080 // State: Bit7=T Bit6=T Bit5=T Bit4=T Bit3=T Bit2=T Bit1=T Bit0=T
                 ; 0000 0081 PORTD=(0<<PORTD7) | (0<<PORTD6) | (0<<PORTD5) | (0<<PORTD4) | (0<<PORTD3) | (0<<PORTD2) | (0<<PORTD1) | (0<<PORTD0);
0000c8 bbe2      	OUT  0x12,R30
                 ; 0000 0082 
                 ; 0000 0083 // Timer/Counter 0 initialization
                 ; 0000 0084 // Clock source: System Clock
                 ; 0000 0085 // Clock value: Timer 0 Stopped
                 ; 0000 0086 // Mode: Normal top=0xFF
                 ; 0000 0087 // OC0 output: Disconnected
                 ; 0000 0088 TCCR0=(0<<WGM00) | (0<<COM01) | (0<<COM00) | (0<<WGM01) | (0<<CS02) | (0<<CS01) | (0<<CS00);
0000c9 bfe3      	OUT  0x33,R30
                 ; 0000 0089 TCNT0=0x00;
0000ca bfe2      	OUT  0x32,R30
                 ; 0000 008A OCR0=0x00;
0000cb bfec      	OUT  0x3C,R30
                 ; 0000 008B 
                 ; 0000 008C // Timer/Counter 1 initialization
                 ; 0000 008D // Clock source: System Clock
                 ; 0000 008E // Clock value: 31/250 kHz
                 ; 0000 008F // Mode: CTC top=OCR1A
                 ; 0000 0090 // OC1A output: Disconnected
                 ; 0000 0091 // OC1B output: Disconnected
                 ; 0000 0092 // Noise Canceler: Off
                 ; 0000 0093 // Input Capture on Falling Edge
                 ; 0000 0094 // Timer Period: 0/10003 s
                 ; 0000 0095 // Timer1 Overflow Interrupt: Off
                 ; 0000 0096 // Input Capture Interrupt: Off
                 ; 0000 0097 // Compare A Match Interrupt: On
                 ; 0000 0098 // Compare B Match Interrupt: Off
                 ; 0000 0099 TCCR1A=(0<<COM1A1) | (0<<COM1A0) | (0<<COM1B1) | (0<<COM1B0) | (0<<WGM11) | (0<<WGM10);
0000cc bdef      	OUT  0x2F,R30
                 ; 0000 009A TCCR1B=(0<<ICNC1) | (0<<ICES1) | (0<<WGM13) | (1<<WGM12) | (1<<CS12) | (0<<CS11) | (0<<CS10);
0000cd e0ec      	LDI  R30,LOW(12)
0000ce bdee      	OUT  0x2E,R30
                 ; 0000 009B TCNT1H=0x00;
0000cf e0e0      	LDI  R30,LOW(0)
0000d0 bded      	OUT  0x2D,R30
                 ; 0000 009C TCNT1L=0x00;
0000d1 bdec      	OUT  0x2C,R30
                 ; 0000 009D ICR1H=0x00;
0000d2 bde7      	OUT  0x27,R30
                 ; 0000 009E ICR1L=0x00;
0000d3 bde6      	OUT  0x26,R30
                 ; 0000 009F OCR1AH=0x0C;
0000d4 e0ec      	LDI  R30,LOW(12)
0000d5 bdeb      	OUT  0x2B,R30
                 ; 0000 00A0 OCR1AL=0x35;
0000d6 e3e5      	LDI  R30,LOW(53)
0000d7 bdea      	OUT  0x2A,R30
                 ; 0000 00A1 OCR1BH=0x00;
0000d8 e0e0      	LDI  R30,LOW(0)
0000d9 bde9      	OUT  0x29,R30
                 ; 0000 00A2 OCR1BL=0x00;
0000da bde8      	OUT  0x28,R30
                 ; 0000 00A3 
                 ; 0000 00A4 // Timer/Counter 2 initialization
                 ; 0000 00A5 // Clock source: System Clock
                 ; 0000 00A6 // Clock value: Timer2 Stopped
                 ; 0000 00A7 // Mode: Normal top=0xFF
                 ; 0000 00A8 // OC2 output: Disconnected
                 ; 0000 00A9 ASSR=0<<AS2;
0000db bde2      	OUT  0x22,R30
                 ; 0000 00AA TCCR2=(0<<PWM2) | (0<<COM21) | (0<<COM20) | (0<<CTC2) | (0<<CS22) | (0<<CS21) | (0<<CS20);
0000dc bde5      	OUT  0x25,R30
                 ; 0000 00AB TCNT2=0x00;
0000dd bde4      	OUT  0x24,R30
                 ; 0000 00AC OCR2=0x00;
0000de bde3      	OUT  0x23,R30
                 ; 0000 00AD 
                 ; 0000 00AE // Timer(s)/Counter(s) Interrupt(s) initialization
                 ; 0000 00AF TIMSK=(0<<OCIE2) | (0<<TOIE2) | (0<<TICIE1) | (1<<OCIE1A) | (0<<OCIE1B) | (0<<TOIE1) | (0<<OCIE0) | (0<<TOIE0);
0000df e1e0      	LDI  R30,LOW(16)
0000e0 bfe9      	OUT  0x39,R30
                 ; 0000 00B0 
                 ; 0000 00B1 // External Interrupt(s) initialization
                 ; 0000 00B2 // INT0: Off
                 ; 0000 00B3 // INT1: On
                 ; 0000 00B4 // INT1 Mode: Falling Edge
                 ; 0000 00B5 // INT2: On
                 ; 0000 00B6 // INT2 Mode: Falling Edge
                 ; 0000 00B7 GICR|=(1<<INT1) | (0<<INT0) | (1<<INT2);
0000e1 b7eb      	IN   R30,0x3B
0000e2 6ae0      	ORI  R30,LOW(0xA0)
0000e3 bfeb      	OUT  0x3B,R30
                 ; 0000 00B8 MCUCR=(1<<ISC11) | (0<<ISC10) | (0<<ISC01) | (0<<ISC00);
0000e4 e0e8      	LDI  R30,LOW(8)
0000e5 bfe5      	OUT  0x35,R30
                 ; 0000 00B9 MCUCSR=(0<<ISC2);
0000e6 e0e0      	LDI  R30,LOW(0)
0000e7 bfe4      	OUT  0x34,R30
                 ; 0000 00BA GIFR=(1<<INTF1) | (0<<INTF0) | (1<<INTF2);
0000e8 eae0      	LDI  R30,LOW(160)
0000e9 bfea      	OUT  0x3A,R30
                 ; 0000 00BB 
                 ; 0000 00BC // USART initialization
                 ; 0000 00BD // USART disabled
                 ; 0000 00BE UCSRB=(0<<RXCIE) | (0<<TXCIE) | (0<<UDRIE) | (0<<RXEN) | (0<<TXEN) | (0<<UCSZ2) | (0<<RXB8) | (0<<TXB8);
0000ea e0e0      	LDI  R30,LOW(0)
0000eb b9ea      	OUT  0xA,R30
                 ; 0000 00BF 
                 ; 0000 00C0 // Analog Comparator initialization
                 ; 0000 00C1 // Analog Comparator: Off
                 ; 0000 00C2 // The Analog Comparator's positive input is
                 ; 0000 00C3 // connected to the AIN0 pin
                 ; 0000 00C4 // The Analog Comparator's negative input is
                 ; 0000 00C5 // connected to the AIN1 pin
                 ; 0000 00C6 ACSR=(1<<ACD) | (0<<ACBG) | (0<<ACO) | (0<<ACI) | (0<<ACIE) | (0<<ACIC) | (0<<ACIS1) | (0<<ACIS0);
0000ec e8e0      	LDI  R30,LOW(128)
0000ed b9e8      	OUT  0x8,R30
                 ; 0000 00C7 SFIOR=(0<<ACME);
0000ee e0e0      	LDI  R30,LOW(0)
0000ef bfe0      	OUT  0x30,R30
                 ; 0000 00C8 
                 ; 0000 00C9 // ADC initialization
                 ; 0000 00CA // ADC disabled
                 ; 0000 00CB ADCSRA=(0<<ADEN) | (0<<ADSC) | (0<<ADATE) | (0<<ADIF) | (0<<ADIE) | (0<<ADPS2) | (0<<ADPS1) | (0<<ADPS0);
0000f0 b9e6      	OUT  0x6,R30
                 ; 0000 00CC 
                 ; 0000 00CD // SPI initialization
                 ; 0000 00CE // SPI disabled
                 ; 0000 00CF SPCR=(0<<SPIE) | (0<<SPE) | (0<<DORD) | (0<<MSTR) | (0<<CPOL) | (0<<CPHA) | (0<<SPR1) | (0<<SPR0);
0000f1 b9ed      	OUT  0xD,R30
                 ; 0000 00D0 
                 ; 0000 00D1 // TWI initialization
                 ; 0000 00D2 // TWI disabled
                 ; 0000 00D3 TWCR=(0<<TWEA) | (0<<TWSTA) | (0<<TWSTO) | (0<<TWEN) | (0<<TWIE);
0000f2 bfe6      	OUT  0x36,R30
                 ; 0000 00D4 
                 ; 0000 00D5 // Alphanumeric LCD initialization
                 ; 0000 00D6 // Connections are specified in the
                 ; 0000 00D7 // Project|Configure|C Compiler|Libraries|Alphanumeric LCD menu:
                 ; 0000 00D8 // RS - PORTA Bit 0
                 ; 0000 00D9 // RD - PORTA Bit 1
                 ; 0000 00DA // EN - PORTA Bit 2
                 ; 0000 00DB // D4 - PORTA Bit 4
                 ; 0000 00DC // D5 - PORTA Bit 5
                 ; 0000 00DD // D6 - PORTA Bit 6
                 ; 0000 00DE // D7 - PORTA Bit 7
                 ; 0000 00DF // Characters/line: 16
                 ; 0000 00E0 lcd_init(16);
0000f3 e1a0      	LDI  R26,LOW(16)
0000f4 d086      	RCALL _lcd_init
                 ; 0000 00E1 
                 ; 0000 00E2 // Global enable interrupts
                 ; 0000 00E3 #asm("sei")
0000f5 9478      	sei
                 ; 0000 00E4 
                 ; 0000 00E5 
                 ; 0000 00E6 lcd_gotoxy(6, 0);
0000f6 e0e6      	LDI  R30,LOW(6)
0000f7 93ea      	ST   -Y,R30
0000f8 e0a0      	LDI  R26,LOW(0)
0000f9 d044      	RCALL _lcd_gotoxy
                 ; 0000 00E7 lcd_puts("Timer");
                +
0000fa e6a0     +LDI R26 , LOW ( _0xA + ( 0 ) )
0000fb e0b2     +LDI R27 , HIGH ( _0xA + ( 0 ) )
                 	__POINTW2MN _0xA,0
0000fc d06d      	RCALL _lcd_puts
                 ; 0000 00E8 while (1)
                 _0xB:
                 ; 0000 00E9       {
                 ; 0000 00EA 
                 ; 0000 00EB         lcd_gotoxy(3,1);
0000fd e0e3      	LDI  R30,LOW(3)
0000fe 93ea      	ST   -Y,R30
0000ff e0a1      	LDI  R26,LOW(1)
000100 d03d      	RCALL _lcd_gotoxy
                 ; 0000 00EC         lcd_putchar(hour / 10 + '0');
000101 2da5      	MOV  R26,R5
000102 d0a3      	RCALL SUBOPT_0x0
                 ; 0000 00ED 
                 ; 0000 00EE         lcd_gotoxy(4,1);
000103 e0e4      	LDI  R30,LOW(4)
000104 d0a9      	RCALL SUBOPT_0x1
                 ; 0000 00EF         lcd_putchar( hour % 10 + '0');
000105 2da5      	MOV  R26,R5
000106 d0aa      	RCALL SUBOPT_0x2
                 ; 0000 00F0 
                 ; 0000 00F1         lcd_gotoxy(6,1);
000107 e0e6      	LDI  R30,LOW(6)
000108 d0a5      	RCALL SUBOPT_0x1
                 ; 0000 00F2         lcd_putchar(minute / 10 + '0');
000109 2da4      	MOV  R26,R4
00010a d09b      	RCALL SUBOPT_0x0
                 ; 0000 00F3 
                 ; 0000 00F4         lcd_gotoxy(7,1);
00010b e0e7      	LDI  R30,LOW(7)
00010c d0a1      	RCALL SUBOPT_0x1
                 ; 0000 00F5         lcd_putchar( minute % 10 + '0');
00010d 2da4      	MOV  R26,R4
00010e d0a2      	RCALL SUBOPT_0x2
                 ; 0000 00F6 
                 ; 0000 00F7         lcd_gotoxy(9,1);
00010f e0e9      	LDI  R30,LOW(9)
000110 d09d      	RCALL SUBOPT_0x1
                 ; 0000 00F8         lcd_putchar(second / 10 + '0');
000111 2da7      	MOV  R26,R7
000112 d093      	RCALL SUBOPT_0x0
                 ; 0000 00F9 
                 ; 0000 00FA         lcd_gotoxy(10,1);
000113 e0ea      	LDI  R30,LOW(10)
000114 d099      	RCALL SUBOPT_0x1
                 ; 0000 00FB         lcd_putchar(second % 10 + '0');
000115 2da7      	MOV  R26,R7
000116 d09a      	RCALL SUBOPT_0x2
                 ; 0000 00FC 
                 ; 0000 00FD         lcd_gotoxy(12,1);
000117 e0ec      	LDI  R30,LOW(12)
000118 d095      	RCALL SUBOPT_0x1
                 ; 0000 00FE         lcd_putchar(decisecond + '0');
000119 2da6      	MOV  R26,R6
00011a 5da0      	SUBI R26,-LOW(48)
00011b d039      	RCALL _lcd_putchar
                 ; 0000 00FF 
                 ; 0000 0100       }
00011c cfe0      	RJMP _0xB
                 ; 0000 0101 }
                 _0xE:
00011d cfff      	RJMP _0xE
                 ; .FEND
                 
                 	.DSEG
                 _0xA:
000260           	.BYTE 0x6
                 	#ifndef __SLEEP_DEFINED__
                 	#endif
                 
                 	.DSEG
                 
                 	.CSEG
                 __lcd_write_nibble_G100:
                 ; .FSTART __lcd_write_nibble_G100
00011e 93aa      	ST   -Y,R26
00011f b3eb      	IN   R30,0x1B
000120 70ef      	ANDI R30,LOW(0xF)
000121 2fae      	MOV  R26,R30
000122 81e8      	LD   R30,Y
000123 7fe0      	ANDI R30,LOW(0xF0)
000124 2bea      	OR   R30,R26
000125 bbeb      	OUT  0x1B,R30
                +
000126 e08d     +LDI R24 , LOW ( 13 )
                +__DELAY_USB_LOOP :
000127 958a     +DEC R24
000128 f7f1     +BRNE __DELAY_USB_LOOP
                 	__DELAY_USB 13
000129 9ada      	SBI  0x1B,2
                +
00012a e08d     +LDI R24 , LOW ( 13 )
                +__DELAY_USB_LOOP :
00012b 958a     +DEC R24
00012c f7f1     +BRNE __DELAY_USB_LOOP
                 	__DELAY_USB 13
00012d 98da      	CBI  0x1B,2
                +
00012e e08d     +LDI R24 , LOW ( 13 )
                +__DELAY_USB_LOOP :
00012f 958a     +DEC R24
000130 f7f1     +BRNE __DELAY_USB_LOOP
                 	__DELAY_USB 13
000131 c072      	RJMP _0x2020001
                 ; .FEND
                 __lcd_write_data:
                 ; .FSTART __lcd_write_data
000132 93aa      	ST   -Y,R26
000133 81a8      	LD   R26,Y
000134 dfe9      	RCALL __lcd_write_nibble_G100
000135 81e8          ld    r30,y
000136 95e2          swap  r30
000137 83e8          st    y,r30
000138 81a8      	LD   R26,Y
000139 dfe4      	RCALL __lcd_write_nibble_G100
                +
00013a e885     +LDI R24 , LOW ( 133 )
                +__DELAY_USB_LOOP :
00013b 958a     +DEC R24
00013c f7f1     +BRNE __DELAY_USB_LOOP
                 	__DELAY_USB 133
00013d c066      	RJMP _0x2020001
                 ; .FEND
                 _lcd_gotoxy:
                 ; .FSTART _lcd_gotoxy
00013e 93aa      	ST   -Y,R26
00013f 81e8      	LD   R30,Y
000140 e0f0      	LDI  R31,0
000141 59ea      	SUBI R30,LOW(-__base_y_G100)
000142 4ffd      	SBCI R31,HIGH(-__base_y_G100)
000143 81e0      	LD   R30,Z
000144 81a9      	LDD  R26,Y+1
000145 0fae      	ADD  R26,R30
000146 dfeb      	RCALL __lcd_write_data
000147 80b9      	LDD  R11,Y+1
000148 80a8      	LDD  R10,Y+0
000149 9622      	ADIW R28,2
00014a 9508      	RET
                 ; .FEND
                 _lcd_clear:
                 ; .FSTART _lcd_clear
00014b e0a2      	LDI  R26,LOW(2)
00014c d06c      	RCALL SUBOPT_0x3
00014d e0ac      	LDI  R26,LOW(12)
00014e dfe3      	RCALL __lcd_write_data
00014f e0a1      	LDI  R26,LOW(1)
000150 d068      	RCALL SUBOPT_0x3
000151 e0e0      	LDI  R30,LOW(0)
000152 2eae      	MOV  R10,R30
000153 2ebe      	MOV  R11,R30
000154 9508      	RET
                 ; .FEND
                 _lcd_putchar:
                 ; .FSTART _lcd_putchar
000155 93aa      	ST   -Y,R26
000156 81a8      	LD   R26,Y
000157 30aa      	CPI  R26,LOW(0xA)
000158 f011      	BREQ _0x2000005
000159 14bd      	CP   R11,R13
00015a f048      	BRLO _0x2000004
                 _0x2000005:
00015b e0e0      	LDI  R30,LOW(0)
00015c 93ea      	ST   -Y,R30
00015d 94a3      	INC  R10
00015e 2daa      	MOV  R26,R10
00015f dfde      	RCALL _lcd_gotoxy
000160 81a8      	LD   R26,Y
000161 30aa      	CPI  R26,LOW(0xA)
000162 f409      	BRNE _0x2000007
000163 c040      	RJMP _0x2020001
                 _0x2000007:
                 _0x2000004:
000164 94b3      	INC  R11
000165 9ad8      	SBI  0x1B,0
000166 81a8      	LD   R26,Y
000167 dfca      	RCALL __lcd_write_data
000168 98d8      	CBI  0x1B,0
000169 c03a      	RJMP _0x2020001
                 ; .FEND
                 _lcd_puts:
                 ; .FSTART _lcd_puts
00016a 93ba      	ST   -Y,R27
00016b 93aa      	ST   -Y,R26
00016c 931a      	ST   -Y,R17
                 _0x2000008:
00016d 81a9      	LDD  R26,Y+1
00016e 81ba      	LDD  R27,Y+1+1
00016f 91ed      	LD   R30,X+
000170 83a9      	STD  Y+1,R26
000171 83ba      	STD  Y+1+1,R27
000172 2f1e      	MOV  R17,R30
000173 30e0      	CPI  R30,0
000174 f019      	BREQ _0x200000A
000175 2fa1      	MOV  R26,R17
000176 dfde      	RCALL _lcd_putchar
000177 cff5      	RJMP _0x2000008
                 _0x200000A:
000178 8118      	LDD  R17,Y+0
000179 9623      	ADIW R28,3
00017a 9508      	RET
                 ; .FEND
                 _lcd_init:
                 ; .FSTART _lcd_init
00017b 93aa      	ST   -Y,R26
00017c b3ea      	IN   R30,0x1A
00017d 6fe0      	ORI  R30,LOW(0xF0)
00017e bbea      	OUT  0x1A,R30
00017f 9ad2      	SBI  0x1A,2
000180 9ad0      	SBI  0x1A,0
000181 9ad1      	SBI  0x1A,1
000182 98da      	CBI  0x1B,2
000183 98d8      	CBI  0x1B,0
000184 98d9      	CBI  0x1B,1
000185 80d8      	LDD  R13,Y+0
000186 81e8      	LD   R30,Y
000187 58e0      	SUBI R30,-LOW(128)
                +
000188 93e0 0268+STS __base_y_G100 + ( 2 ) , R30
                 	__PUTB1MN __base_y_G100,2
00018a 81e8      	LD   R30,Y
00018b 54e0      	SUBI R30,-LOW(192)
                +
00018c 93e0 0269+STS __base_y_G100 + ( 3 ) , R30
                 	__PUTB1MN __base_y_G100,3
00018e e1a4      	LDI  R26,LOW(20)
00018f e0b0      	LDI  R27,0
000190 940e 01c5 	CALL _delay_ms
000192 d02b      	RCALL SUBOPT_0x4
000193 d02a      	RCALL SUBOPT_0x4
000194 d029      	RCALL SUBOPT_0x4
000195 e2a0      	LDI  R26,LOW(32)
000196 df87      	RCALL __lcd_write_nibble_G100
                +
000197 ec88     +LDI R24 , LOW ( 200 )
000198 e090     +LDI R25 , HIGH ( 200 )
                +__DELAY_USW_LOOP :
000199 9701     +SBIW R24 , 1
00019a f7f1     +BRNE __DELAY_USW_LOOP
                 	__DELAY_USW 200
00019b e2a8      	LDI  R26,LOW(40)
00019c df95      	RCALL __lcd_write_data
00019d e0a4      	LDI  R26,LOW(4)
00019e df93      	RCALL __lcd_write_data
00019f e8a5      	LDI  R26,LOW(133)
0001a0 df91      	RCALL __lcd_write_data
0001a1 e0a6      	LDI  R26,LOW(6)
0001a2 df8f      	RCALL __lcd_write_data
0001a3 dfa7      	RCALL _lcd_clear
                 _0x2020001:
0001a4 9621      	ADIW R28,1
0001a5 9508      	RET
                 ; .FEND
                 
                 	.DSEG
                 __base_y_G100:
000266           	.BYTE 0x4
                 
                 	.CSEG
                 ;OPTIMIZER ADDED SUBROUTINE, CALLED 3 TIMES, CODE SIZE REDUCTION:11 WORDS
                 SUBOPT_0x0:
0001a6 e0b0      	LDI  R27,0
0001a7 e0ea      	LDI  R30,LOW(10)
0001a8 e0f0      	LDI  R31,HIGH(10)
0001a9 940e 01e6 	CALL __DIVW21
0001ab 5de0      	SUBI R30,-LOW(48)
0001ac 2fae      	MOV  R26,R30
0001ad cfa7      	RJMP _lcd_putchar
                 
                 ;OPTIMIZER ADDED SUBROUTINE, CALLED 6 TIMES, CODE SIZE REDUCTION:7 WORDS
                 SUBOPT_0x1:
0001ae 93ea      	ST   -Y,R30
0001af e0a1      	LDI  R26,LOW(1)
0001b0 cf8d      	RJMP _lcd_gotoxy
                 
                 ;OPTIMIZER ADDED SUBROUTINE, CALLED 3 TIMES, CODE SIZE REDUCTION:11 WORDS
                 SUBOPT_0x2:
0001b1 27bb      	CLR  R27
0001b2 e0ea      	LDI  R30,LOW(10)
0001b3 e0f0      	LDI  R31,HIGH(10)
0001b4 940e 01eb 	CALL __MODW21
0001b6 5de0      	SUBI R30,-LOW(48)
0001b7 2fae      	MOV  R26,R30
0001b8 cf9c      	RJMP _lcd_putchar
                 
                 ;OPTIMIZER ADDED SUBROUTINE, CALLED 2 TIMES, CODE SIZE REDUCTION:1 WORDS
                 SUBOPT_0x3:
0001b9 df78      	RCALL __lcd_write_data
0001ba e0a3      	LDI  R26,LOW(3)
0001bb e0b0      	LDI  R27,0
0001bc 940c 01c5 	JMP  _delay_ms
                 
                 ;OPTIMIZER ADDED SUBROUTINE, CALLED 3 TIMES, CODE SIZE REDUCTION:7 WORDS
                 SUBOPT_0x4:
0001be e3a0      	LDI  R26,LOW(48)
0001bf df5e      	RCALL __lcd_write_nibble_G100
                +
0001c0 ec88     +LDI R24 , LOW ( 200 )
0001c1 e090     +LDI R25 , HIGH ( 200 )
                +__DELAY_USW_LOOP :
0001c2 9701     +SBIW R24 , 1
0001c3 f7f1     +BRNE __DELAY_USW_LOOP
                 	__DELAY_USW 200
0001c4 9508      	RET
                 
                 
                 	.CSEG
                 _delay_ms:
0001c5 9610      	adiw r26,0
0001c6 f039      	breq __delay_ms1
                 __delay_ms0:
                +
0001c7 ed80     +LDI R24 , LOW ( 0x7D0 )
0001c8 e097     +LDI R25 , HIGH ( 0x7D0 )
                +__DELAY_USW_LOOP :
0001c9 9701     +SBIW R24 , 1
0001ca f7f1     +BRNE __DELAY_USW_LOOP
                 	__DELAY_USW 0x7D0
0001cb 95a8      	wdr
0001cc 9711      	sbiw r26,1
0001cd f7c9      	brne __delay_ms0
                 __delay_ms1:
0001ce 9508      	ret
                 
                 __ANEGW1:
0001cf 95f1      	NEG  R31
0001d0 95e1      	NEG  R30
0001d1 40f0      	SBCI R31,0
0001d2 9508      	RET
                 
                 __DIVW21U:
0001d3 2400      	CLR  R0
0001d4 2411      	CLR  R1
0001d5 e190      	LDI  R25,16
                 __DIVW21U1:
0001d6 0faa      	LSL  R26
0001d7 1fbb      	ROL  R27
0001d8 1c00      	ROL  R0
0001d9 1c11      	ROL  R1
0001da 1a0e      	SUB  R0,R30
0001db 0a1f      	SBC  R1,R31
0001dc f418      	BRCC __DIVW21U2
0001dd 0e0e      	ADD  R0,R30
0001de 1e1f      	ADC  R1,R31
0001df c001      	RJMP __DIVW21U3
                 __DIVW21U2:
0001e0 60a1      	SBR  R26,1
                 __DIVW21U3:
0001e1 959a      	DEC  R25
0001e2 f799      	BRNE __DIVW21U1
0001e3 01fd      	MOVW R30,R26
0001e4 01d0      	MOVW R26,R0
0001e5 9508      	RET
                 
                 __DIVW21:
0001e6 d012      	RCALL __CHKSIGNW
0001e7 dfeb      	RCALL __DIVW21U
0001e8 f40e      	BRTC __DIVW211
0001e9 dfe5      	RCALL __ANEGW1
                 __DIVW211:
0001ea 9508      	RET
                 
                 __MODW21:
0001eb 94e8      	CLT
0001ec ffb7      	SBRS R27,7
0001ed c004      	RJMP __MODW211
0001ee 95a0      	COM  R26
0001ef 95b0      	COM  R27
0001f0 9611      	ADIW R26,1
0001f1 9468      	SET
                 __MODW211:
0001f2 fdf7      	SBRC R31,7
0001f3 dfdb      	RCALL __ANEGW1
0001f4 dfde      	RCALL __DIVW21U
0001f5 01fd      	MOVW R30,R26
0001f6 f40e      	BRTC __MODW212
0001f7 dfd7      	RCALL __ANEGW1
                 __MODW212:
0001f8 9508      	RET
                 
                 __CHKSIGNW:
0001f9 94e8      	CLT
0001fa fff7      	SBRS R31,7
0001fb c002      	RJMP __CHKSW1
0001fc dfd2      	RCALL __ANEGW1
0001fd 9468      	SET
                 __CHKSW1:
0001fe ffb7      	SBRS R27,7
0001ff c006      	RJMP __CHKSW2
000200 95a0      	COM  R26
000201 95b0      	COM  R27
000202 9611      	ADIW R26,1
000203 f800      	BLD  R0,0
000204 9403      	INC  R0
000205 fa00      	BST  R0,0
                 __CHKSW2:
000206 9508      	RET
                 
                 ;END OF CODE MARKER
                 __END_OF_CODE:


RESOURCE USE INFORMATION
------------------------

Notice:
The register and instruction counts are symbol table hit counts,
and hence implicitly used resources are not counted, eg, the
'lpm' instruction without operands implicitly uses r0 and z,
none of which are counted.

x,y,z are separate entities in the symbol table and are
counted separately from r26..r31 here.

.dseg memory usage only counts static data declared with .byte

ATmega32 register use summary:
r0 :  18 r1 :   7 r2 :   0 r3 :   0 r4 :   7 r5 :   7 r6 :   5 r7 :   7 
r8 :   4 r9 :   3 r10:   4 r11:   4 r12:   0 r13:   2 r14:   0 r15:   2 
r16:   0 r17:   4 r18:   0 r19:   0 r20:   0 r21:   0 r22:   4 r23:   2 
r24:  23 r25:   9 r26:  63 r27:  17 r28:   4 r29:   1 r30: 149 r31:  20 
x  :   4 y  :  66 z  :   8 
Registers used: 26 out of 35 (74.3%)

ATmega32 instruction use summary:
.lds  :   0 .lds.l:   0 .sts  :   0 .sts.l:   0 adc   :   1 add   :   2 
adiw  :   6 and   :   0 andi  :   2 asr   :   0 bclr  :   0 bld   :   1 
brbc  :   0 brbs  :   0 brcc  :   1 brcs  :   0 break :   0 breq  :   4 
brge  :   0 brhc  :   0 brhs  :   0 brid  :   0 brie  :   0 brlo  :   1 
brlt  :   0 brmi  :   0 brne  :  19 brpl  :   0 brsh  :   0 brtc  :   2 
brts  :   0 brvc  :   0 brvs  :   0 bset  :   0 bst   :   1 call  :   3 
cbi   :   5 cbr   :   0 clc   :   0 clh   :   0 cli   :   1 cln   :   0 
clr   :  17 cls   :   0 clt   :   2 clv   :   0 clz   :   0 com   :   4 
cp    :   6 cpc   :   1 cpi   :   3 cpse  :   0 dec   :   6 des   :   0 
eor   :   0 fmul  :   0 fmuls :   0 fmulsu:   0 icall :   0 ijmp  :   0 
in    :   6 inc   :   7 jmp   :  23 ld    :  29 ldd   :   7 ldi   :  81 
lds   :   0 lpm   :   7 lsl   :   1 lsr   :   0 mov   :  17 movw  :   7 
mul   :   0 muls  :   0 mulsu :   0 neg   :   2 nop   :   0 or    :   2 
ori   :   2 out   :  47 pop   :   0 push  :   0 rcall :  45 ret   :  12 
reti  :   3 rjmp  :  16 rol   :   3 ror   :   0 sbc   :   1 sbci  :   2 
sbi   :   5 sbic  :   0 sbis  :   0 sbiw  :   7 sbr   :   1 sbrc  :   1 
sbrs  :   3 sec   :   0 seh   :   0 sei   :   1 sen   :   0 ser   :   0 
ses   :   0 set   :   2 sev   :   0 sez   :   0 sleep :   0 spm   :   0 
st    :  33 std   :   2 sts   :   2 sub   :   1 subi  :   6 swap  :   1 
tst   :   0 wdr   :   1 
Instructions used: 56 out of 116 (48.3%)

ATmega32 memory use summary [bytes]:
Segment   Begin    End      Code   Data   Used    Size   Use%
---------------------------------------------------------------
[.cseg] 0x000000 0x00040e   1004     34   1038   32768   3.2%
[.dseg] 0x000060 0x00026a      0     10     10    2048   0.5%
[.eseg] 0x000000 0x000000      0      0      0    1024   0.0%

Assembly complete, 0 errors, 9 warnings
