
AVRASM ver. 2.1.30  C:\Users\alrzazz\Downloads\Rizpar kharkose\az\az09\Debug\List\az09.asm Fri Jul 10 23:55:57 2020

C:\Users\alrzazz\Downloads\Rizpar kharkose\az\az09\Debug\List\az09.asm(1088): warning: Register r5 already defined by the .DEF directive
C:\Users\alrzazz\Downloads\Rizpar kharkose\az\az09\Debug\List\az09.asm(1089): warning: Register r4 already defined by the .DEF directive
C:\Users\alrzazz\Downloads\Rizpar kharkose\az\az09\Debug\List\az09.asm(1090): warning: Register r7 already defined by the .DEF directive
                 
                 
                 ;CodeVisionAVR C Compiler V3.14 Advanced
                 ;(C) Copyright 1998-2014 Pavel Haiduc, HP InfoTech s.r.l.
                 ;http://www.hpinfotech.com
                 
                 ;Build configuration    : Debug
                 ;Chip type              : ATmega32
                 ;Program type           : Application
                 ;Clock frequency        : 8.000000 MHz
                 ;Memory model           : Small
                 ;Optimize for           : Size
                 ;(s)printf features     : int, width
                 ;(s)scanf features      : int, width
                 ;External RAM size      : 0
                 ;Data Stack size        : 512 byte(s)
                 ;Heap size              : 0 byte(s)
                 ;Promote 'char' to 'int': Yes
                 ;'char' is unsigned     : Yes
                 ;8 bit enums            : Yes
                 ;Global 'const' stored in FLASH: Yes
                 ;Enhanced function parameter passing: Yes
                 ;Enhanced core instructions: On
                 ;Automatic register allocation for global variables: On
                 ;Smart register allocation: On
                 
                 	#define _MODEL_SMALL_
                 
                 	#pragma AVRPART ADMIN PART_NAME ATmega32
                 	#pragma AVRPART MEMORY PROG_FLASH 32768
                 	#pragma AVRPART MEMORY EEPROM 1024
                 	#pragma AVRPART MEMORY INT_SRAM SIZE 2048
                 	#pragma AVRPART MEMORY INT_SRAM START_ADDR 0x60
                 
                 	#define CALL_SUPPORTED 1
                 
                 	.LISTMAC
                 	.EQU UDRE=0x5
                 	.EQU RXC=0x7
                 	.EQU USR=0xB
                 	.EQU UDR=0xC
                 	.EQU SPSR=0xE
                 	.EQU SPDR=0xF
                 	.EQU EERE=0x0
                 	.EQU EEWE=0x1
                 	.EQU EEMWE=0x2
                 	.EQU EECR=0x1C
                 	.EQU EEDR=0x1D
                 	.EQU EEARL=0x1E
                 	.EQU EEARH=0x1F
                 	.EQU WDTCR=0x21
                 	.EQU MCUCR=0x35
                 	.EQU GICR=0x3B
                 	.EQU SPL=0x3D
                 	.EQU SPH=0x3E
                 	.EQU SREG=0x3F
                 
                 	.DEF R0X0=R0
                 	.DEF R0X1=R1
                 	.DEF R0X2=R2
                 	.DEF R0X3=R3
                 	.DEF R0X4=R4
                 	.DEF R0X5=R5
                 	.DEF R0X6=R6
                 	.DEF R0X7=R7
                 	.DEF R0X8=R8
                 	.DEF R0X9=R9
                 	.DEF R0XA=R10
                 	.DEF R0XB=R11
                 	.DEF R0XC=R12
                 	.DEF R0XD=R13
                 	.DEF R0XE=R14
                 	.DEF R0XF=R15
                 	.DEF R0X10=R16
                 	.DEF R0X11=R17
                 	.DEF R0X12=R18
                 	.DEF R0X13=R19
                 	.DEF R0X14=R20
                 	.DEF R0X15=R21
                 	.DEF R0X16=R22
                 	.DEF R0X17=R23
                 	.DEF R0X18=R24
                 	.DEF R0X19=R25
                 	.DEF R0X1A=R26
                 	.DEF R0X1B=R27
                 	.DEF R0X1C=R28
                 	.DEF R0X1D=R29
                 	.DEF R0X1E=R30
                 	.DEF R0X1F=R31
                 
                 	.EQU __SRAM_START=0x0060
                 	.EQU __SRAM_END=0x085F
                 	.EQU __DSTACK_SIZE=0x0200
                 	.EQU __HEAP_SIZE=0x0000
                 	.EQU __CLEAR_SRAM_SIZE=__SRAM_END-__SRAM_START+1
                 
                 	.MACRO __CPD1N
                 	CPI  R30,LOW(@0)
                 	LDI  R26,HIGH(@0)
                 	CPC  R31,R26
                 	LDI  R26,BYTE3(@0)
                 	CPC  R22,R26
                 	LDI  R26,BYTE4(@0)
                 	CPC  R23,R26
                 	.ENDM
                 
                 	.MACRO __CPD2N
                 	CPI  R26,LOW(@0)
                 	LDI  R30,HIGH(@0)
                 	CPC  R27,R30
                 	LDI  R30,BYTE3(@0)
                 	CPC  R24,R30
                 	LDI  R30,BYTE4(@0)
                 	CPC  R25,R30
                 	.ENDM
                 
                 	.MACRO __CPWRR
                 	CP   R@0,R@2
                 	CPC  R@1,R@3
                 	.ENDM
                 
                 	.MACRO __CPWRN
                 	CPI  R@0,LOW(@2)
                 	LDI  R30,HIGH(@2)
                 	CPC  R@1,R30
                 	.ENDM
                 
                 	.MACRO __ADDB1MN
                 	SUBI R30,LOW(-@0-(@1))
                 	.ENDM
                 
                 	.MACRO __ADDB2MN
                 	SUBI R26,LOW(-@0-(@1))
                 	.ENDM
                 
                 	.MACRO __ADDW1MN
                 	SUBI R30,LOW(-@0-(@1))
                 	SBCI R31,HIGH(-@0-(@1))
                 	.ENDM
                 
                 	.MACRO __ADDW2MN
                 	SUBI R26,LOW(-@0-(@1))
                 	SBCI R27,HIGH(-@0-(@1))
                 	.ENDM
                 
                 	.MACRO __ADDW1FN
                 	SUBI R30,LOW(-2*@0-(@1))
                 	SBCI R31,HIGH(-2*@0-(@1))
                 	.ENDM
                 
                 	.MACRO __ADDD1FN
                 	SUBI R30,LOW(-2*@0-(@1))
                 	SBCI R31,HIGH(-2*@0-(@1))
                 	SBCI R22,BYTE3(-2*@0-(@1))
                 	.ENDM
                 
                 	.MACRO __ADDD1N
                 	SUBI R30,LOW(-@0)
                 	SBCI R31,HIGH(-@0)
                 	SBCI R22,BYTE3(-@0)
                 	SBCI R23,BYTE4(-@0)
                 	.ENDM
                 
                 	.MACRO __ADDD2N
                 	SUBI R26,LOW(-@0)
                 	SBCI R27,HIGH(-@0)
                 	SBCI R24,BYTE3(-@0)
                 	SBCI R25,BYTE4(-@0)
                 	.ENDM
                 
                 	.MACRO __SUBD1N
                 	SUBI R30,LOW(@0)
                 	SBCI R31,HIGH(@0)
                 	SBCI R22,BYTE3(@0)
                 	SBCI R23,BYTE4(@0)
                 	.ENDM
                 
                 	.MACRO __SUBD2N
                 	SUBI R26,LOW(@0)
                 	SBCI R27,HIGH(@0)
                 	SBCI R24,BYTE3(@0)
                 	SBCI R25,BYTE4(@0)
                 	.ENDM
                 
                 	.MACRO __ANDBMNN
                 	LDS  R30,@0+(@1)
                 	ANDI R30,LOW(@2)
                 	STS  @0+(@1),R30
                 	.ENDM
                 
                 	.MACRO __ANDWMNN
                 	LDS  R30,@0+(@1)
                 	ANDI R30,LOW(@2)
                 	STS  @0+(@1),R30
                 	LDS  R30,@0+(@1)+1
                 	ANDI R30,HIGH(@2)
                 	STS  @0+(@1)+1,R30
                 	.ENDM
                 
                 	.MACRO __ANDD1N
                 	ANDI R30,LOW(@0)
                 	ANDI R31,HIGH(@0)
                 	ANDI R22,BYTE3(@0)
                 	ANDI R23,BYTE4(@0)
                 	.ENDM
                 
                 	.MACRO __ANDD2N
                 	ANDI R26,LOW(@0)
                 	ANDI R27,HIGH(@0)
                 	ANDI R24,BYTE3(@0)
                 	ANDI R25,BYTE4(@0)
                 	.ENDM
                 
                 	.MACRO __ORBMNN
                 	LDS  R30,@0+(@1)
                 	ORI  R30,LOW(@2)
                 	STS  @0+(@1),R30
                 	.ENDM
                 
                 	.MACRO __ORWMNN
                 	LDS  R30,@0+(@1)
                 	ORI  R30,LOW(@2)
                 	STS  @0+(@1),R30
                 	LDS  R30,@0+(@1)+1
                 	ORI  R30,HIGH(@2)
                 	STS  @0+(@1)+1,R30
                 	.ENDM
                 
                 	.MACRO __ORD1N
                 	ORI  R30,LOW(@0)
                 	ORI  R31,HIGH(@0)
                 	ORI  R22,BYTE3(@0)
                 	ORI  R23,BYTE4(@0)
                 	.ENDM
                 
                 	.MACRO __ORD2N
                 	ORI  R26,LOW(@0)
                 	ORI  R27,HIGH(@0)
                 	ORI  R24,BYTE3(@0)
                 	ORI  R25,BYTE4(@0)
                 	.ENDM
                 
                 	.MACRO __DELAY_USB
                 	LDI  R24,LOW(@0)
                 __DELAY_USB_LOOP:
                 	DEC  R24
                 	BRNE __DELAY_USB_LOOP
                 	.ENDM
                 
                 	.MACRO __DELAY_USW
                 	LDI  R24,LOW(@0)
                 	LDI  R25,HIGH(@0)
                 __DELAY_USW_LOOP:
                 	SBIW R24,1
                 	BRNE __DELAY_USW_LOOP
                 	.ENDM
                 
                 	.MACRO __GETD1S
                 	LDD  R30,Y+@0
                 	LDD  R31,Y+@0+1
                 	LDD  R22,Y+@0+2
                 	LDD  R23,Y+@0+3
                 	.ENDM
                 
                 	.MACRO __GETD2S
                 	LDD  R26,Y+@0
                 	LDD  R27,Y+@0+1
                 	LDD  R24,Y+@0+2
                 	LDD  R25,Y+@0+3
                 	.ENDM
                 
                 	.MACRO __PUTD1S
                 	STD  Y+@0,R30
                 	STD  Y+@0+1,R31
                 	STD  Y+@0+2,R22
                 	STD  Y+@0+3,R23
                 	.ENDM
                 
                 	.MACRO __PUTD2S
                 	STD  Y+@0,R26
                 	STD  Y+@0+1,R27
                 	STD  Y+@0+2,R24
                 	STD  Y+@0+3,R25
                 	.ENDM
                 
                 	.MACRO __PUTDZ2
                 	STD  Z+@0,R26
                 	STD  Z+@0+1,R27
                 	STD  Z+@0+2,R24
                 	STD  Z+@0+3,R25
                 	.ENDM
                 
                 	.MACRO __CLRD1S
                 	STD  Y+@0,R30
                 	STD  Y+@0+1,R30
                 	STD  Y+@0+2,R30
                 	STD  Y+@0+3,R30
                 	.ENDM
                 
                 	.MACRO __POINTB1MN
                 	LDI  R30,LOW(@0+(@1))
                 	.ENDM
                 
                 	.MACRO __POINTW1MN
                 	LDI  R30,LOW(@0+(@1))
                 	LDI  R31,HIGH(@0+(@1))
                 	.ENDM
                 
                 	.MACRO __POINTD1M
                 	LDI  R30,LOW(@0)
                 	LDI  R31,HIGH(@0)
                 	LDI  R22,BYTE3(@0)
                 	LDI  R23,BYTE4(@0)
                 	.ENDM
                 
                 	.MACRO __POINTW1FN
                 	LDI  R30,LOW(2*@0+(@1))
                 	LDI  R31,HIGH(2*@0+(@1))
                 	.ENDM
                 
                 	.MACRO __POINTD1FN
                 	LDI  R30,LOW(2*@0+(@1))
                 	LDI  R31,HIGH(2*@0+(@1))
                 	LDI  R22,BYTE3(2*@0+(@1))
                 	LDI  R23,BYTE4(2*@0+(@1))
                 	.ENDM
                 
                 	.MACRO __POINTB2MN
                 	LDI  R26,LOW(@0+(@1))
                 	.ENDM
                 
                 	.MACRO __POINTW2MN
                 	LDI  R26,LOW(@0+(@1))
                 	LDI  R27,HIGH(@0+(@1))
                 	.ENDM
                 
                 	.MACRO __POINTW2FN
                 	LDI  R26,LOW(2*@0+(@1))
                 	LDI  R27,HIGH(2*@0+(@1))
                 	.ENDM
                 
                 	.MACRO __POINTD2FN
                 	LDI  R26,LOW(2*@0+(@1))
                 	LDI  R27,HIGH(2*@0+(@1))
                 	LDI  R24,BYTE3(2*@0+(@1))
                 	LDI  R25,BYTE4(2*@0+(@1))
                 	.ENDM
                 
                 	.MACRO __POINTBRM
                 	LDI  R@0,LOW(@1)
                 	.ENDM
                 
                 	.MACRO __POINTWRM
                 	LDI  R@0,LOW(@2)
                 	LDI  R@1,HIGH(@2)
                 	.ENDM
                 
                 	.MACRO __POINTBRMN
                 	LDI  R@0,LOW(@1+(@2))
                 	.ENDM
                 
                 	.MACRO __POINTWRMN
                 	LDI  R@0,LOW(@2+(@3))
                 	LDI  R@1,HIGH(@2+(@3))
                 	.ENDM
                 
                 	.MACRO __POINTWRFN
                 	LDI  R@0,LOW(@2*2+(@3))
                 	LDI  R@1,HIGH(@2*2+(@3))
                 	.ENDM
                 
                 	.MACRO __GETD1N
                 	LDI  R30,LOW(@0)
                 	LDI  R31,HIGH(@0)
                 	LDI  R22,BYTE3(@0)
                 	LDI  R23,BYTE4(@0)
                 	.ENDM
                 
                 	.MACRO __GETD2N
                 	LDI  R26,LOW(@0)
                 	LDI  R27,HIGH(@0)
                 	LDI  R24,BYTE3(@0)
                 	LDI  R25,BYTE4(@0)
                 	.ENDM
                 
                 	.MACRO __GETB1MN
                 	LDS  R30,@0+(@1)
                 	.ENDM
                 
                 	.MACRO __GETB1HMN
                 	LDS  R31,@0+(@1)
                 	.ENDM
                 
                 	.MACRO __GETW1MN
                 	LDS  R30,@0+(@1)
                 	LDS  R31,@0+(@1)+1
                 	.ENDM
                 
                 	.MACRO __GETD1MN
                 	LDS  R30,@0+(@1)
                 	LDS  R31,@0+(@1)+1
                 	LDS  R22,@0+(@1)+2
                 	LDS  R23,@0+(@1)+3
                 	.ENDM
                 
                 	.MACRO __GETBRMN
                 	LDS  R@0,@1+(@2)
                 	.ENDM
                 
                 	.MACRO __GETWRMN
                 	LDS  R@0,@2+(@3)
                 	LDS  R@1,@2+(@3)+1
                 	.ENDM
                 
                 	.MACRO __GETWRZ
                 	LDD  R@0,Z+@2
                 	LDD  R@1,Z+@2+1
                 	.ENDM
                 
                 	.MACRO __GETD2Z
                 	LDD  R26,Z+@0
                 	LDD  R27,Z+@0+1
                 	LDD  R24,Z+@0+2
                 	LDD  R25,Z+@0+3
                 	.ENDM
                 
                 	.MACRO __GETB2MN
                 	LDS  R26,@0+(@1)
                 	.ENDM
                 
                 	.MACRO __GETW2MN
                 	LDS  R26,@0+(@1)
                 	LDS  R27,@0+(@1)+1
                 	.ENDM
                 
                 	.MACRO __GETD2MN
                 	LDS  R26,@0+(@1)
                 	LDS  R27,@0+(@1)+1
                 	LDS  R24,@0+(@1)+2
                 	LDS  R25,@0+(@1)+3
                 	.ENDM
                 
                 	.MACRO __PUTB1MN
                 	STS  @0+(@1),R30
                 	.ENDM
                 
                 	.MACRO __PUTW1MN
                 	STS  @0+(@1),R30
                 	STS  @0+(@1)+1,R31
                 	.ENDM
                 
                 	.MACRO __PUTD1MN
                 	STS  @0+(@1),R30
                 	STS  @0+(@1)+1,R31
                 	STS  @0+(@1)+2,R22
                 	STS  @0+(@1)+3,R23
                 	.ENDM
                 
                 	.MACRO __PUTB1EN
                 	LDI  R26,LOW(@0+(@1))
                 	LDI  R27,HIGH(@0+(@1))
                 	CALL __EEPROMWRB
                 	.ENDM
                 
                 	.MACRO __PUTW1EN
                 	LDI  R26,LOW(@0+(@1))
                 	LDI  R27,HIGH(@0+(@1))
                 	CALL __EEPROMWRW
                 	.ENDM
                 
                 	.MACRO __PUTD1EN
                 	LDI  R26,LOW(@0+(@1))
                 	LDI  R27,HIGH(@0+(@1))
                 	CALL __EEPROMWRD
                 	.ENDM
                 
                 	.MACRO __PUTBR0MN
                 	STS  @0+(@1),R0
                 	.ENDM
                 
                 	.MACRO __PUTBMRN
                 	STS  @0+(@1),R@2
                 	.ENDM
                 
                 	.MACRO __PUTWMRN
                 	STS  @0+(@1),R@2
                 	STS  @0+(@1)+1,R@3
                 	.ENDM
                 
                 	.MACRO __PUTBZR
                 	STD  Z+@1,R@0
                 	.ENDM
                 
                 	.MACRO __PUTWZR
                 	STD  Z+@2,R@0
                 	STD  Z+@2+1,R@1
                 	.ENDM
                 
                 	.MACRO __GETW1R
                 	MOV  R30,R@0
                 	MOV  R31,R@1
                 	.ENDM
                 
                 	.MACRO __GETW2R
                 	MOV  R26,R@0
                 	MOV  R27,R@1
                 	.ENDM
                 
                 	.MACRO __GETWRN
                 	LDI  R@0,LOW(@2)
                 	LDI  R@1,HIGH(@2)
                 	.ENDM
                 
                 	.MACRO __PUTW1R
                 	MOV  R@0,R30
                 	MOV  R@1,R31
                 	.ENDM
                 
                 	.MACRO __PUTW2R
                 	MOV  R@0,R26
                 	MOV  R@1,R27
                 	.ENDM
                 
                 	.MACRO __ADDWRN
                 	SUBI R@0,LOW(-@2)
                 	SBCI R@1,HIGH(-@2)
                 	.ENDM
                 
                 	.MACRO __ADDWRR
                 	ADD  R@0,R@2
                 	ADC  R@1,R@3
                 	.ENDM
                 
                 	.MACRO __SUBWRN
                 	SUBI R@0,LOW(@2)
                 	SBCI R@1,HIGH(@2)
                 	.ENDM
                 
                 	.MACRO __SUBWRR
                 	SUB  R@0,R@2
                 	SBC  R@1,R@3
                 	.ENDM
                 
                 	.MACRO __ANDWRN
                 	ANDI R@0,LOW(@2)
                 	ANDI R@1,HIGH(@2)
                 	.ENDM
                 
                 	.MACRO __ANDWRR
                 	AND  R@0,R@2
                 	AND  R@1,R@3
                 	.ENDM
                 
                 	.MACRO __ORWRN
                 	ORI  R@0,LOW(@2)
                 	ORI  R@1,HIGH(@2)
                 	.ENDM
                 
                 	.MACRO __ORWRR
                 	OR   R@0,R@2
                 	OR   R@1,R@3
                 	.ENDM
                 
                 	.MACRO __EORWRR
                 	EOR  R@0,R@2
                 	EOR  R@1,R@3
                 	.ENDM
                 
                 	.MACRO __GETWRS
                 	LDD  R@0,Y+@2
                 	LDD  R@1,Y+@2+1
                 	.ENDM
                 
                 	.MACRO __PUTBSR
                 	STD  Y+@1,R@0
                 	.ENDM
                 
                 	.MACRO __PUTWSR
                 	STD  Y+@2,R@0
                 	STD  Y+@2+1,R@1
                 	.ENDM
                 
                 	.MACRO __MOVEWRR
                 	MOV  R@0,R@2
                 	MOV  R@1,R@3
                 	.ENDM
                 
                 	.MACRO __INWR
                 	IN   R@0,@2
                 	IN   R@1,@2+1
                 	.ENDM
                 
                 	.MACRO __OUTWR
                 	OUT  @2+1,R@1
                 	OUT  @2,R@0
                 	.ENDM
                 
                 	.MACRO __CALL1MN
                 	LDS  R30,@0+(@1)
                 	LDS  R31,@0+(@1)+1
                 	ICALL
                 	.ENDM
                 
                 	.MACRO __CALL1FN
                 	LDI  R30,LOW(2*@0+(@1))
                 	LDI  R31,HIGH(2*@0+(@1))
                 	CALL __GETW1PF
                 	ICALL
                 	.ENDM
                 
                 	.MACRO __CALL2EN
                 	PUSH R26
                 	PUSH R27
                 	LDI  R26,LOW(@0+(@1))
                 	LDI  R27,HIGH(@0+(@1))
                 	CALL __EEPROMRDW
                 	POP  R27
                 	POP  R26
                 	ICALL
                 	.ENDM
                 
                 	.MACRO __CALL2EX
                 	SUBI R26,LOW(-@0)
                 	SBCI R27,HIGH(-@0)
                 	CALL __EEPROMRDD
                 	ICALL
                 	.ENDM
                 
                 	.MACRO __GETW1STACK
                 	IN   R30,SPL
                 	IN   R31,SPH
                 	ADIW R30,@0+1
                 	LD   R0,Z+
                 	LD   R31,Z
                 	MOV  R30,R0
                 	.ENDM
                 
                 	.MACRO __GETD1STACK
                 	IN   R30,SPL
                 	IN   R31,SPH
                 	ADIW R30,@0+1
                 	LD   R0,Z+
                 	LD   R1,Z+
                 	LD   R22,Z
                 	MOVW R30,R0
                 	.ENDM
                 
                 	.MACRO __NBST
                 	BST  R@0,@1
                 	IN   R30,SREG
                 	LDI  R31,0x40
                 	EOR  R30,R31
                 	OUT  SREG,R30
                 	.ENDM
                 
                 
                 	.MACRO __PUTB1SN
                 	LDD  R26,Y+@0
                 	LDD  R27,Y+@0+1
                 	SUBI R26,LOW(-@1)
                 	SBCI R27,HIGH(-@1)
                 	ST   X,R30
                 	.ENDM
                 
                 	.MACRO __PUTW1SN
                 	LDD  R26,Y+@0
                 	LDD  R27,Y+@0+1
                 	SUBI R26,LOW(-@1)
                 	SBCI R27,HIGH(-@1)
                 	ST   X+,R30
                 	ST   X,R31
                 	.ENDM
                 
                 	.MACRO __PUTD1SN
                 	LDD  R26,Y+@0
                 	LDD  R27,Y+@0+1
                 	SUBI R26,LOW(-@1)
                 	SBCI R27,HIGH(-@1)
                 	CALL __PUTDP1
                 	.ENDM
                 
                 	.MACRO __PUTB1SNS
                 	LDD  R26,Y+@0
                 	LDD  R27,Y+@0+1
                 	ADIW R26,@1
                 	ST   X,R30
                 	.ENDM
                 
                 	.MACRO __PUTW1SNS
                 	LDD  R26,Y+@0
                 	LDD  R27,Y+@0+1
                 	ADIW R26,@1
                 	ST   X+,R30
                 	ST   X,R31
                 	.ENDM
                 
                 	.MACRO __PUTD1SNS
                 	LDD  R26,Y+@0
                 	LDD  R27,Y+@0+1
                 	ADIW R26,@1
                 	CALL __PUTDP1
                 	.ENDM
                 
                 	.MACRO __PUTB1PMN
                 	LDS  R26,@0
                 	LDS  R27,@0+1
                 	SUBI R26,LOW(-@1)
                 	SBCI R27,HIGH(-@1)
                 	ST   X,R30
                 	.ENDM
                 
                 	.MACRO __PUTW1PMN
                 	LDS  R26,@0
                 	LDS  R27,@0+1
                 	SUBI R26,LOW(-@1)
                 	SBCI R27,HIGH(-@1)
                 	ST   X+,R30
                 	ST   X,R31
                 	.ENDM
                 
                 	.MACRO __PUTD1PMN
                 	LDS  R26,@0
                 	LDS  R27,@0+1
                 	SUBI R26,LOW(-@1)
                 	SBCI R27,HIGH(-@1)
                 	CALL __PUTDP1
                 	.ENDM
                 
                 	.MACRO __PUTB1PMNS
                 	LDS  R26,@0
                 	LDS  R27,@0+1
                 	ADIW R26,@1
                 	ST   X,R30
                 	.ENDM
                 
                 	.MACRO __PUTW1PMNS
                 	LDS  R26,@0
                 	LDS  R27,@0+1
                 	ADIW R26,@1
                 	ST   X+,R30
                 	ST   X,R31
                 	.ENDM
                 
                 	.MACRO __PUTD1PMNS
                 	LDS  R26,@0
                 	LDS  R27,@0+1
                 	ADIW R26,@1
                 	CALL __PUTDP1
                 	.ENDM
                 
                 	.MACRO __PUTB1RN
                 	MOVW R26,R@0
                 	SUBI R26,LOW(-@1)
                 	SBCI R27,HIGH(-@1)
                 	ST   X,R30
                 	.ENDM
                 
                 	.MACRO __PUTW1RN
                 	MOVW R26,R@0
                 	SUBI R26,LOW(-@1)
                 	SBCI R27,HIGH(-@1)
                 	ST   X+,R30
                 	ST   X,R31
                 	.ENDM
                 
                 	.MACRO __PUTD1RN
                 	MOVW R26,R@0
                 	SUBI R26,LOW(-@1)
                 	SBCI R27,HIGH(-@1)
                 	CALL __PUTDP1
                 	.ENDM
                 
                 	.MACRO __PUTB1RNS
                 	MOVW R26,R@0
                 	ADIW R26,@1
                 	ST   X,R30
                 	.ENDM
                 
                 	.MACRO __PUTW1RNS
                 	MOVW R26,R@0
                 	ADIW R26,@1
                 	ST   X+,R30
                 	ST   X,R31
                 	.ENDM
                 
                 	.MACRO __PUTD1RNS
                 	MOVW R26,R@0
                 	ADIW R26,@1
                 	CALL __PUTDP1
                 	.ENDM
                 
                 	.MACRO __PUTB1RON
                 	MOV  R26,R@0
                 	MOV  R27,R@1
                 	SUBI R26,LOW(-@2)
                 	SBCI R27,HIGH(-@2)
                 	ST   X,R30
                 	.ENDM
                 
                 	.MACRO __PUTW1RON
                 	MOV  R26,R@0
                 	MOV  R27,R@1
                 	SUBI R26,LOW(-@2)
                 	SBCI R27,HIGH(-@2)
                 	ST   X+,R30
                 	ST   X,R31
                 	.ENDM
                 
                 	.MACRO __PUTD1RON
                 	MOV  R26,R@0
                 	MOV  R27,R@1
                 	SUBI R26,LOW(-@2)
                 	SBCI R27,HIGH(-@2)
                 	CALL __PUTDP1
                 	.ENDM
                 
                 	.MACRO __PUTB1RONS
                 	MOV  R26,R@0
                 	MOV  R27,R@1
                 	ADIW R26,@2
                 	ST   X,R30
                 	.ENDM
                 
                 	.MACRO __PUTW1RONS
                 	MOV  R26,R@0
                 	MOV  R27,R@1
                 	ADIW R26,@2
                 	ST   X+,R30
                 	ST   X,R31
                 	.ENDM
                 
                 	.MACRO __PUTD1RONS
                 	MOV  R26,R@0
                 	MOV  R27,R@1
                 	ADIW R26,@2
                 	CALL __PUTDP1
                 	.ENDM
                 
                 
                 	.MACRO __GETB1SX
                 	MOVW R30,R28
                 	SUBI R30,LOW(-@0)
                 	SBCI R31,HIGH(-@0)
                 	LD   R30,Z
                 	.ENDM
                 
                 	.MACRO __GETB1HSX
                 	MOVW R30,R28
                 	SUBI R30,LOW(-@0)
                 	SBCI R31,HIGH(-@0)
                 	LD   R31,Z
                 	.ENDM
                 
                 	.MACRO __GETW1SX
                 	MOVW R30,R28
                 	SUBI R30,LOW(-@0)
                 	SBCI R31,HIGH(-@0)
                 	LD   R0,Z+
                 	LD   R31,Z
                 	MOV  R30,R0
                 	.ENDM
                 
                 	.MACRO __GETD1SX
                 	MOVW R30,R28
                 	SUBI R30,LOW(-@0)
                 	SBCI R31,HIGH(-@0)
                 	LD   R0,Z+
                 	LD   R1,Z+
                 	LD   R22,Z+
                 	LD   R23,Z
                 	MOVW R30,R0
                 	.ENDM
                 
                 	.MACRO __GETB2SX
                 	MOVW R26,R28
                 	SUBI R26,LOW(-@0)
                 	SBCI R27,HIGH(-@0)
                 	LD   R26,X
                 	.ENDM
                 
                 	.MACRO __GETW2SX
                 	MOVW R26,R28
                 	SUBI R26,LOW(-@0)
                 	SBCI R27,HIGH(-@0)
                 	LD   R0,X+
                 	LD   R27,X
                 	MOV  R26,R0
                 	.ENDM
                 
                 	.MACRO __GETD2SX
                 	MOVW R26,R28
                 	SUBI R26,LOW(-@0)
                 	SBCI R27,HIGH(-@0)
                 	LD   R0,X+
                 	LD   R1,X+
                 	LD   R24,X+
                 	LD   R25,X
                 	MOVW R26,R0
                 	.ENDM
                 
                 	.MACRO __GETBRSX
                 	MOVW R30,R28
                 	SUBI R30,LOW(-@1)
                 	SBCI R31,HIGH(-@1)
                 	LD   R@0,Z
                 	.ENDM
                 
                 	.MACRO __GETWRSX
                 	MOVW R30,R28
                 	SUBI R30,LOW(-@2)
                 	SBCI R31,HIGH(-@2)
                 	LD   R@0,Z+
                 	LD   R@1,Z
                 	.ENDM
                 
                 	.MACRO __GETBRSX2
                 	MOVW R26,R28
                 	SUBI R26,LOW(-@1)
                 	SBCI R27,HIGH(-@1)
                 	LD   R@0,X
                 	.ENDM
                 
                 	.MACRO __GETWRSX2
                 	MOVW R26,R28
                 	SUBI R26,LOW(-@2)
                 	SBCI R27,HIGH(-@2)
                 	LD   R@0,X+
                 	LD   R@1,X
                 	.ENDM
                 
                 	.MACRO __LSLW8SX
                 	MOVW R30,R28
                 	SUBI R30,LOW(-@0)
                 	SBCI R31,HIGH(-@0)
                 	LD   R31,Z
                 	CLR  R30
                 	.ENDM
                 
                 	.MACRO __PUTB1SX
                 	MOVW R26,R28
                 	SUBI R26,LOW(-@0)
                 	SBCI R27,HIGH(-@0)
                 	ST   X,R30
                 	.ENDM
                 
                 	.MACRO __PUTW1SX
                 	MOVW R26,R28
                 	SUBI R26,LOW(-@0)
                 	SBCI R27,HIGH(-@0)
                 	ST   X+,R30
                 	ST   X,R31
                 	.ENDM
                 
                 	.MACRO __PUTD1SX
                 	MOVW R26,R28
                 	SUBI R26,LOW(-@0)
                 	SBCI R27,HIGH(-@0)
                 	ST   X+,R30
                 	ST   X+,R31
                 	ST   X+,R22
                 	ST   X,R23
                 	.ENDM
                 
                 	.MACRO __CLRW1SX
                 	MOVW R26,R28
                 	SUBI R26,LOW(-@0)
                 	SBCI R27,HIGH(-@0)
                 	ST   X+,R30
                 	ST   X,R30
                 	.ENDM
                 
                 	.MACRO __CLRD1SX
                 	MOVW R26,R28
                 	SUBI R26,LOW(-@0)
                 	SBCI R27,HIGH(-@0)
                 	ST   X+,R30
                 	ST   X+,R30
                 	ST   X+,R30
                 	ST   X,R30
                 	.ENDM
                 
                 	.MACRO __PUTB2SX
                 	MOVW R30,R28
                 	SUBI R30,LOW(-@0)
                 	SBCI R31,HIGH(-@0)
                 	ST   Z,R26
                 	.ENDM
                 
                 	.MACRO __PUTW2SX
                 	MOVW R30,R28
                 	SUBI R30,LOW(-@0)
                 	SBCI R31,HIGH(-@0)
                 	ST   Z+,R26
                 	ST   Z,R27
                 	.ENDM
                 
                 	.MACRO __PUTD2SX
                 	MOVW R30,R28
                 	SUBI R30,LOW(-@0)
                 	SBCI R31,HIGH(-@0)
                 	ST   Z+,R26
                 	ST   Z+,R27
                 	ST   Z+,R24
                 	ST   Z,R25
                 	.ENDM
                 
                 	.MACRO __PUTBSRX
                 	MOVW R30,R28
                 	SUBI R30,LOW(-@1)
                 	SBCI R31,HIGH(-@1)
                 	ST   Z,R@0
                 	.ENDM
                 
                 	.MACRO __PUTWSRX
                 	MOVW R30,R28
                 	SUBI R30,LOW(-@2)
                 	SBCI R31,HIGH(-@2)
                 	ST   Z+,R@0
                 	ST   Z,R@1
                 	.ENDM
                 
                 	.MACRO __PUTB1SNX
                 	MOVW R26,R28
                 	SUBI R26,LOW(-@0)
                 	SBCI R27,HIGH(-@0)
                 	LD   R0,X+
                 	LD   R27,X
                 	MOV  R26,R0
                 	SUBI R26,LOW(-@1)
                 	SBCI R27,HIGH(-@1)
                 	ST   X,R30
                 	.ENDM
                 
                 	.MACRO __PUTW1SNX
                 	MOVW R26,R28
                 	SUBI R26,LOW(-@0)
                 	SBCI R27,HIGH(-@0)
                 	LD   R0,X+
                 	LD   R27,X
                 	MOV  R26,R0
                 	SUBI R26,LOW(-@1)
                 	SBCI R27,HIGH(-@1)
                 	ST   X+,R30
                 	ST   X,R31
                 	.ENDM
                 
                 	.MACRO __PUTD1SNX
                 	MOVW R26,R28
                 	SUBI R26,LOW(-@0)
                 	SBCI R27,HIGH(-@0)
                 	LD   R0,X+
                 	LD   R27,X
                 	MOV  R26,R0
                 	SUBI R26,LOW(-@1)
                 	SBCI R27,HIGH(-@1)
                 	ST   X+,R30
                 	ST   X+,R31
                 	ST   X+,R22
                 	ST   X,R23
                 	.ENDM
                 
                 	.MACRO __MULBRR
                 	MULS R@0,R@1
                 	MOVW R30,R0
                 	.ENDM
                 
                 	.MACRO __MULBRRU
                 	MUL  R@0,R@1
                 	MOVW R30,R0
                 	.ENDM
                 
                 	.MACRO __MULBRR0
                 	MULS R@0,R@1
                 	.ENDM
                 
                 	.MACRO __MULBRRU0
                 	MUL  R@0,R@1
                 	.ENDM
                 
                 	.MACRO __MULBNWRU
                 	LDI  R26,@2
                 	MUL  R26,R@0
                 	MOVW R30,R0
                 	MUL  R26,R@1
                 	ADD  R31,R0
                 	.ENDM
                 
                 ;NAME DEFINITIONS FOR GLOBAL VARIABLES ALLOCATED TO REGISTERS
                 	.DEF __lcd_x=R5
                 	.DEF __lcd_y=R4
                 	.DEF __lcd_maxx=R7
                 
                 	.CSEG
                 	.ORG 0x00
                 
                 ;START OF CODE MARKER
                 __START_OF_CODE:
                 
                 ;INTERRUPT VECTORS
000000 940c 0045 	JMP  __RESET
000002 940c 0000 	JMP  0x00
000004 940c 0000 	JMP  0x00
000006 940c 0000 	JMP  0x00
000008 940c 0000 	JMP  0x00
00000a 940c 0000 	JMP  0x00
00000c 940c 0000 	JMP  0x00
00000e 940c 0000 	JMP  0x00
000010 940c 0000 	JMP  0x00
000012 940c 0000 	JMP  0x00
000014 940c 0000 	JMP  0x00
000016 940c 0000 	JMP  0x00
000018 940c 0000 	JMP  0x00
00001a 940c 0000 	JMP  0x00
00001c 940c 0000 	JMP  0x00
00001e 940c 0000 	JMP  0x00
000020 940c 0000 	JMP  0x00
000022 940c 0000 	JMP  0x00
000024 940c 0000 	JMP  0x00
000026 940c 0000 	JMP  0x00
000028 940c 0000 	JMP  0x00
                 
                 _tbl10_G101:
00002a 2710
00002b 03e8
00002c 0064
00002d 000a      	.DB  0x10,0x27,0xE8,0x3,0x64,0x0,0xA,0x0
00002e 0001      	.DB  0x1,0x0
                 _tbl16_G101:
00002f 1000
000030 0100
000031 0010
000032 0001      	.DB  0x0,0x10,0x0,0x1,0x10,0x0,0x1,0x0
                 
                 _0x0:
000033 6c41
000034 7269
000035 7a65
000036 2061      	.DB  0x41,0x6C,0x69,0x72,0x65,0x7A,0x61,0x20
000037 7a41
000038 7a69
000039 0069      	.DB  0x41,0x7A,0x69,0x7A,0x69,0x0
                 _0x2000003:
00003a c080      	.DB  0x80,0xC0
                 
                 __GLOBAL_INI_TBL:
00003b 000e      	.DW  0x0E
00003c 0260      	.DW  _0xB
00003d 0066      	.DW  _0x0*2
                 
00003e 000e      	.DW  0x0E
00003f 026e      	.DW  _0xB+14
000040 0066      	.DW  _0x0*2
                 
000041 0002      	.DW  0x02
000042 027c      	.DW  __base_y_G100
000043 0074      	.DW  _0x2000003*2
                 
                 _0xFFFFFFFF:
000044 0000      	.DW  0
                 
                 #define __GLOBAL_INI_TBL_PRESENT 1
                 
                 __RESET:
000045 94f8      	CLI
000046 27ee      	CLR  R30
000047 bbec      	OUT  EECR,R30
                 
                 ;INTERRUPT VECTORS ARE PLACED
                 ;AT THE START OF FLASH
000048 e0f1      	LDI  R31,1
000049 bffb      	OUT  GICR,R31
00004a bfeb      	OUT  GICR,R30
00004b bfe5      	OUT  MCUCR,R30
                 
                 ;CLEAR R2-R14
00004c e08d      	LDI  R24,(14-2)+1
00004d e0a2      	LDI  R26,2
00004e 27bb      	CLR  R27
                 __CLEAR_REG:
00004f 93ed      	ST   X+,R30
000050 958a      	DEC  R24
000051 f7e9      	BRNE __CLEAR_REG
                 
                 ;CLEAR SRAM
000052 e080      	LDI  R24,LOW(__CLEAR_SRAM_SIZE)
000053 e098      	LDI  R25,HIGH(__CLEAR_SRAM_SIZE)
000054 e6a0      	LDI  R26,__SRAM_START
                 __CLEAR_SRAM:
000055 93ed      	ST   X+,R30
000056 9701      	SBIW R24,1
000057 f7e9      	BRNE __CLEAR_SRAM
                 
                 ;GLOBAL VARIABLES INITIALIZATION
000058 e7e6      	LDI  R30,LOW(__GLOBAL_INI_TBL*2)
000059 e0f0      	LDI  R31,HIGH(__GLOBAL_INI_TBL*2)
                 __GLOBAL_INI_NEXT:
00005a 9185      	LPM  R24,Z+
00005b 9195      	LPM  R25,Z+
00005c 9700      	SBIW R24,0
00005d f061      	BREQ __GLOBAL_INI_END
00005e 91a5      	LPM  R26,Z+
00005f 91b5      	LPM  R27,Z+
000060 9005      	LPM  R0,Z+
000061 9015      	LPM  R1,Z+
000062 01bf      	MOVW R22,R30
000063 01f0      	MOVW R30,R0
                 __GLOBAL_INI_LOOP:
000064 9005      	LPM  R0,Z+
000065 920d      	ST   X+,R0
000066 9701      	SBIW R24,1
000067 f7e1      	BRNE __GLOBAL_INI_LOOP
000068 01fb      	MOVW R30,R22
000069 cff0      	RJMP __GLOBAL_INI_NEXT
                 __GLOBAL_INI_END:
                 
                 ;HARDWARE STACK POINTER INITIALIZATION
00006a e5ef      	LDI  R30,LOW(__SRAM_END-__HEAP_SIZE)
00006b bfed      	OUT  SPL,R30
00006c e0e8      	LDI  R30,HIGH(__SRAM_END-__HEAP_SIZE)
00006d bfee      	OUT  SPH,R30
                 
                 ;DATA STACK POINTER INITIALIZATION
00006e e6c0      	LDI  R28,LOW(__SRAM_START+__DSTACK_SIZE)
00006f e0d2      	LDI  R29,HIGH(__SRAM_START+__DSTACK_SIZE)
                 
000070 940c 0072 	JMP  _main
                 
                 	.ESEG
                 	.ORG 0
                 
                 	.DSEG
                 	.ORG 0x260
                 
                 	.CSEG
                 ;/*******************************************************
                 ;This program was created by the
                 ;CodeWizardAVR V3.14 Advanced
                 ;Automatic Program Generator
                 ;© Copyright 1998-2014 Pavel Haiduc, HP InfoTech s.r.l.
                 ;http://www.hpinfotech.com
                 ;
                 ;Project :
                 ;Version :
                 ;Date    : 7/10/2020
                 ;Author  : Alireza Azizi
                 ;Company :
                 ;Comments:
                 ;
                 ;
                 ;Chip type               : ATmega32
                 ;Program type            : Application
                 ;AVR Core Clock frequency: 8.000000 MHz
                 ;Memory model            : Small
                 ;External RAM size       : 0
                 ;Data Stack size         : 512
                 ;*******************************************************/
                 ;
                 ;#include <mega32.h>
                 	#ifndef __SLEEP_DEFINED__
                 	#define __SLEEP_DEFINED__
                 	.EQU __se_bit=0x80
                 	.EQU __sm_mask=0x70
                 	.EQU __sm_powerdown=0x20
                 	.EQU __sm_powersave=0x30
                 	.EQU __sm_standby=0x60
                 	.EQU __sm_ext_standby=0x70
                 	.EQU __sm_adc_noise_red=0x10
                 	.SET power_ctrl_reg=mcucr
                 	#endif
                 ;#include <alcd.h>
                 ;#include <stdio.h>
                 ;#include <delay.h>
                 ;void main(void)
                 ; 0000 001D {
                 
                 	.CSEG
                 _main:
                 ; .FSTART _main
                 ; 0000 001E // Declare your local variables here
                 ; 0000 001F char input;
                 ; 0000 0020 
                 ; 0000 0021 // USART initialization
                 ; 0000 0022 // Communication Parameters: 8 Data, 1 Stop, No Parity
                 ; 0000 0023 // USART Receiver: On
                 ; 0000 0024 // USART Transmitter: On
                 ; 0000 0025 // USART Mode: Asynchronous
                 ; 0000 0026 // USART Baud Rate: 9600
                 ; 0000 0027 UCSRA=(0<<RXC) | (0<<TXC) | (0<<UDRE) | (0<<FE) | (0<<DOR) | (0<<UPE) | (0<<U2X) | (0<<MPCM);
                 ;	input -> R17
000072 e0e0      	LDI  R30,LOW(0)
000073 b9eb      	OUT  0xB,R30
                 ; 0000 0028 UCSRB=(0<<RXCIE) | (0<<TXCIE) | (0<<UDRIE) | (1<<RXEN) | (1<<TXEN) | (0<<UCSZ2) | (0<<RXB8) | (0<<TXB8);
000074 e1e8      	LDI  R30,LOW(24)
000075 b9ea      	OUT  0xA,R30
                 ; 0000 0029 UCSRC=(1<<URSEL) | (0<<UMSEL) | (0<<UPM1) | (0<<UPM0) | (0<<USBS) | (1<<UCSZ1) | (1<<UCSZ0) | (0<<UCPOL);
000076 e8e6      	LDI  R30,LOW(134)
000077 bde0      	OUT  0x20,R30
                 ; 0000 002A UBRRH=0x00;
000078 e0e0      	LDI  R30,LOW(0)
000079 bde0      	OUT  0x20,R30
                 ; 0000 002B UBRRL=0x33;
00007a e3e3      	LDI  R30,LOW(51)
00007b b9e9      	OUT  0x9,R30
                 ; 0000 002C 
                 ; 0000 002D // Analog Comparator initialization
                 ; 0000 002E // Analog Comparator: Off
                 ; 0000 002F // The Analog Comparator's positive input is
                 ; 0000 0030 // connected to the AIN0 pin
                 ; 0000 0031 // The Analog Comparator's negative input is
                 ; 0000 0032 // connected to the AIN1 pin
                 ; 0000 0033 ACSR=(1<<ACD) | (0<<ACBG) | (0<<ACO) | (0<<ACI) | (0<<ACIE) | (0<<ACIC) | (0<<ACIS1) | (0<<ACIS0);
00007c e8e0      	LDI  R30,LOW(128)
00007d b9e8      	OUT  0x8,R30
                 ; 0000 0034 SFIOR=(0<<ACME);
00007e e0e0      	LDI  R30,LOW(0)
00007f bfe0      	OUT  0x30,R30
                 ; 0000 0035 
                 ; 0000 0036 // ADC initialization
                 ; 0000 0037 // ADC disabled
                 ; 0000 0038 ADCSRA=(0<<ADEN) | (0<<ADSC) | (0<<ADATE) | (0<<ADIF) | (0<<ADIE) | (0<<ADPS2) | (0<<ADPS1) | (0<<ADPS0);
000080 b9e6      	OUT  0x6,R30
                 ; 0000 0039 
                 ; 0000 003A // SPI initialization
                 ; 0000 003B // SPI disabled
                 ; 0000 003C SPCR=(0<<SPIE) | (0<<SPE) | (0<<DORD) | (0<<MSTR) | (0<<CPOL) | (0<<CPHA) | (0<<SPR1) | (0<<SPR0);
000081 b9ed      	OUT  0xD,R30
                 ; 0000 003D 
                 ; 0000 003E // TWI initialization
                 ; 0000 003F // TWI disabled
                 ; 0000 0040 TWCR=(0<<TWEA) | (0<<TWSTA) | (0<<TWSTO) | (0<<TWEN) | (0<<TWIE);
000082 bfe6      	OUT  0x36,R30
                 ; 0000 0041 
                 ; 0000 0042 // Alphanumeric LCD initialization
                 ; 0000 0043 // Connections are specified in the
                 ; 0000 0044 // Project|Configure|C Compiler|Libraries|Alphanumeric LCD menu:
                 ; 0000 0045 // RS - PORTC Bit 0
                 ; 0000 0046 // RD - PORTC Bit 1
                 ; 0000 0047 // EN - PORTC Bit 2
                 ; 0000 0048 // D4 - PORTC Bit 4
                 ; 0000 0049 // D5 - PORTC Bit 5
                 ; 0000 004A // D6 - PORTC Bit 6
                 ; 0000 004B // D7 - PORTC Bit 7
                 ; 0000 004C // Characters/line: 16
                 ; 0000 004D lcd_init(16);
000083 e1a0      	LDI  R26,LOW(16)
000084 d098      	RCALL _lcd_init
                 ; 0000 004E 
                 ; 0000 004F while (1)
                 _0x3:
                 ; 0000 0050       {
                 ; 0000 0051           int i;
                 ; 0000 0052           input = getchar();
000085 9722      	SBIW R28,2
                 ;	i -> Y+0
000086 940e 014b 	CALL _getchar
000088 2f1e      	MOV  R17,R30
                 ; 0000 0053           putchar(input);
000089 2fa1      	MOV  R26,R17
00008a 940e 014f 	CALL _putchar
                 ; 0000 0054           switch(input){
00008c 2fe1      	MOV  R30,R17
00008d e0f0      	LDI  R31,0
                 ; 0000 0055             case 'C':
00008e 34e3      	CPI  R30,LOW(0x43)
00008f e0a0      	LDI  R26,HIGH(0x43)
000090 07fa      	CPC  R31,R26
000091 f411      	BRNE _0x9
                 ; 0000 0056                 lcd_clear();
000092 d05c      	RCALL _lcd_clear
                 ; 0000 0057                 break;
000093 c029      	RJMP _0x8
                 ; 0000 0058             case 'N':
                 _0x9:
000094 34ee      	CPI  R30,LOW(0x4E)
000095 e0a0      	LDI  R26,HIGH(0x4E)
000096 07fa      	CPC  R31,R26
000097 f449      	BRNE _0xA
                 ; 0000 0059                 putchar(0x0a);
000098 940e 0164 	CALL SUBOPT_0x0
                 ; 0000 005A                 putchar(0x0d);
                 ; 0000 005B                 puts("Alireza Azizi");
                +
00009a e6a0     +LDI R26 , LOW ( _0xB + ( 0 ) )
00009b e0b2     +LDI R27 , HIGH ( _0xB + ( 0 ) )
                 	__POINTW2MN _0xB,0
00009c 940e 0156 	CALL _puts
                 ; 0000 005C                 putchar(0x0a);
00009e 940e 0164 	CALL SUBOPT_0x0
                 ; 0000 005D                 putchar(0x0d);
                 ; 0000 005E                 break;
0000a0 c01c      	RJMP _0x8
                 ; 0000 005F             case 'c':
                 _0xA:
0000a1 36e3      	CPI  R30,LOW(0x63)
0000a2 e0a0      	LDI  R26,HIGH(0x63)
0000a3 07fa      	CPC  R31,R26
0000a4 f481      	BRNE _0xC
                 ; 0000 0060                 for(i=0;i<24;i++)
0000a5 e0e0      	LDI  R30,LOW(0)
0000a6 83e8      	STD  Y+0,R30
0000a7 83e9      	STD  Y+0+1,R30
                 _0xE:
0000a8 81a8      	LD   R26,Y
0000a9 81b9      	LDD  R27,Y+1
0000aa 9758      	SBIW R26,24
0000ab f444      	BRGE _0xF
                 ; 0000 0061                 {
                 ; 0000 0062                     putchar(0x0a);
0000ac 940e 0164 	CALL SUBOPT_0x0
                 ; 0000 0063                     putchar(0x0d);
                 ; 0000 0064                 }
0000ae 81e8      	LD   R30,Y
0000af 81f9      	LDD  R31,Y+1
0000b0 9631      	ADIW R30,1
0000b1 83e8      	ST   Y,R30
0000b2 83f9      	STD  Y+1,R31
0000b3 cff4      	RJMP _0xE
                 _0xF:
                 ; 0000 0065                 break;
0000b4 c008      	RJMP _0x8
                 ; 0000 0066             case 'M':
                 _0xC:
0000b5 34ed      	CPI  R30,LOW(0x4D)
0000b6 e0a0      	LDI  R26,HIGH(0x4D)
0000b7 07fa      	CPC  R31,R26
0000b8 f421      	BRNE _0x8
                 ; 0000 0067                 lcd_clear();
0000b9 d035      	RCALL _lcd_clear
                 ; 0000 0068                 lcd_puts("Alireza Azizi");
                +
0000ba e6ae     +LDI R26 , LOW ( _0xB + ( 14 ) )
0000bb e0b2     +LDI R27 , HIGH ( _0xB + ( 14 ) )
                 	__POINTW2MN _0xB,14
0000bc d055      	RCALL _lcd_puts
                 ; 0000 0069                 break;
                 ; 0000 006A           }
                 _0x8:
                 ; 0000 006B       }
0000bd 9622      	ADIW R28,2
0000be cfc6      	RJMP _0x3
                 ; 0000 006C }
                 _0x11:
0000bf cfff      	RJMP _0x11
                 ; .FEND
                 
                 	.DSEG
                 _0xB:
000260           	.BYTE 0x1C
                 	#ifndef __SLEEP_DEFINED__
                 	#endif
                 
                 	.DSEG
                 
                 	.CSEG
                 __lcd_write_nibble_G100:
                 ; .FSTART __lcd_write_nibble_G100
0000c0 93aa      	ST   -Y,R26
0000c1 b3e5      	IN   R30,0x15
0000c2 70ef      	ANDI R30,LOW(0xF)
0000c3 2fae      	MOV  R26,R30
0000c4 81e8      	LD   R30,Y
0000c5 7fe0      	ANDI R30,LOW(0xF0)
0000c6 2bea      	OR   R30,R26
0000c7 bbe5      	OUT  0x15,R30
                +
0000c8 e08d     +LDI R24 , LOW ( 13 )
                +__DELAY_USB_LOOP :
0000c9 958a     +DEC R24
0000ca f7f1     +BRNE __DELAY_USB_LOOP
                 	__DELAY_USB 13
0000cb 9aaa      	SBI  0x15,2
                +
0000cc e08d     +LDI R24 , LOW ( 13 )
                +__DELAY_USB_LOOP :
0000cd 958a     +DEC R24
0000ce f7f1     +BRNE __DELAY_USB_LOOP
                 	__DELAY_USB 13
0000cf 98aa      	CBI  0x15,2
                +
0000d0 e08d     +LDI R24 , LOW ( 13 )
                +__DELAY_USB_LOOP :
0000d1 958a     +DEC R24
0000d2 f7f1     +BRNE __DELAY_USB_LOOP
                 	__DELAY_USB 13
0000d3 940c 0154 	JMP  _0x2080002
                 ; .FEND
                 __lcd_write_data:
                 ; .FSTART __lcd_write_data
0000d5 93aa      	ST   -Y,R26
0000d6 81a8      	LD   R26,Y
0000d7 dfe8      	RCALL __lcd_write_nibble_G100
0000d8 81e8          ld    r30,y
0000d9 95e2          swap  r30
0000da 83e8          st    y,r30
0000db 81a8      	LD   R26,Y
0000dc dfe3      	RCALL __lcd_write_nibble_G100
                +
0000dd e885     +LDI R24 , LOW ( 133 )
                +__DELAY_USB_LOOP :
0000de 958a     +DEC R24
0000df f7f1     +BRNE __DELAY_USB_LOOP
                 	__DELAY_USB 133
0000e0 940c 0154 	JMP  _0x2080002
                 ; .FEND
                 _lcd_gotoxy:
                 ; .FSTART _lcd_gotoxy
0000e2 93aa      	ST   -Y,R26
0000e3 81e8      	LD   R30,Y
0000e4 e0f0      	LDI  R31,0
0000e5 58e4      	SUBI R30,LOW(-__base_y_G100)
0000e6 4ffd      	SBCI R31,HIGH(-__base_y_G100)
0000e7 81e0      	LD   R30,Z
0000e8 81a9      	LDD  R26,Y+1
0000e9 0fae      	ADD  R26,R30
0000ea dfea      	RCALL __lcd_write_data
0000eb 8059      	LDD  R5,Y+1
0000ec 8048      	LDD  R4,Y+0
0000ed 9622      	ADIW R28,2
0000ee 9508      	RET
                 ; .FEND
                 _lcd_clear:
                 ; .FSTART _lcd_clear
0000ef e0a2      	LDI  R26,LOW(2)
0000f0 940e 016a 	CALL SUBOPT_0x1
0000f2 e0ac      	LDI  R26,LOW(12)
0000f3 dfe1      	RCALL __lcd_write_data
0000f4 e0a1      	LDI  R26,LOW(1)
0000f5 940e 016a 	CALL SUBOPT_0x1
0000f7 e0e0      	LDI  R30,LOW(0)
0000f8 2e4e      	MOV  R4,R30
0000f9 2e5e      	MOV  R5,R30
0000fa 9508      	RET
                 ; .FEND
                 _lcd_putchar:
                 ; .FSTART _lcd_putchar
0000fb 93aa      	ST   -Y,R26
0000fc 81a8      	LD   R26,Y
0000fd 30aa      	CPI  R26,LOW(0xA)
0000fe f011      	BREQ _0x2000005
0000ff 1457      	CP   R5,R7
000100 f050      	BRLO _0x2000004
                 _0x2000005:
000101 e0e0      	LDI  R30,LOW(0)
000102 93ea      	ST   -Y,R30
000103 9443      	INC  R4
000104 2da4      	MOV  R26,R4
000105 dfdc      	RCALL _lcd_gotoxy
000106 81a8      	LD   R26,Y
000107 30aa      	CPI  R26,LOW(0xA)
000108 f411      	BRNE _0x2000007
000109 940c 0154 	JMP  _0x2080002
                 _0x2000007:
                 _0x2000004:
00010b 9453      	INC  R5
00010c 9aa8      	SBI  0x15,0
00010d 81a8      	LD   R26,Y
00010e dfc6      	RCALL __lcd_write_data
00010f 98a8      	CBI  0x15,0
000110 940c 0154 	JMP  _0x2080002
                 ; .FEND
                 _lcd_puts:
                 ; .FSTART _lcd_puts
000112 93ba      	ST   -Y,R27
000113 93aa      	ST   -Y,R26
000114 931a      	ST   -Y,R17
                 _0x2000008:
000115 940e 0170 	CALL SUBOPT_0x2
000117 f019      	BREQ _0x200000A
000118 2fa1      	MOV  R26,R17
000119 dfe1      	RCALL _lcd_putchar
00011a cffa      	RJMP _0x2000008
                 _0x200000A:
00011b 940c 0161 	JMP  _0x2080001
                 ; .FEND
                 _lcd_init:
                 ; .FSTART _lcd_init
00011d 93aa      	ST   -Y,R26
00011e b3e4      	IN   R30,0x14
00011f 6fe0      	ORI  R30,LOW(0xF0)
000120 bbe4      	OUT  0x14,R30
000121 9aa2      	SBI  0x14,2
000122 9aa0      	SBI  0x14,0
000123 9aa1      	SBI  0x14,1
000124 98aa      	CBI  0x15,2
000125 98a8      	CBI  0x15,0
000126 98a9      	CBI  0x15,1
000127 8078      	LDD  R7,Y+0
000128 81e8      	LD   R30,Y
000129 58e0      	SUBI R30,-LOW(128)
                +
00012a 93e0 027e+STS __base_y_G100 + ( 2 ) , R30
                 	__PUTB1MN __base_y_G100,2
00012c 81e8      	LD   R30,Y
00012d 54e0      	SUBI R30,-LOW(192)
                +
00012e 93e0 027f+STS __base_y_G100 + ( 3 ) , R30
                 	__PUTB1MN __base_y_G100,3
000130 e1a4      	LDI  R26,LOW(20)
000131 e0b0      	LDI  R27,0
000132 940e 0180 	CALL _delay_ms
000134 940e 0178 	CALL SUBOPT_0x3
000136 940e 0178 	CALL SUBOPT_0x3
000138 940e 0178 	CALL SUBOPT_0x3
00013a e2a0      	LDI  R26,LOW(32)
00013b df84      	RCALL __lcd_write_nibble_G100
                +
00013c ec88     +LDI R24 , LOW ( 200 )
00013d e090     +LDI R25 , HIGH ( 200 )
                +__DELAY_USW_LOOP :
00013e 9701     +SBIW R24 , 1
00013f f7f1     +BRNE __DELAY_USW_LOOP
                 	__DELAY_USW 200
000140 e2a8      	LDI  R26,LOW(40)
000141 df93      	RCALL __lcd_write_data
000142 e0a4      	LDI  R26,LOW(4)
000143 df91      	RCALL __lcd_write_data
000144 e8a5      	LDI  R26,LOW(133)
000145 df8f      	RCALL __lcd_write_data
000146 e0a6      	LDI  R26,LOW(6)
000147 df8d      	RCALL __lcd_write_data
000148 dfa6      	RCALL _lcd_clear
000149 940c 0154 	JMP  _0x2080002
                 ; .FEND
                 	#ifndef __SLEEP_DEFINED__
                 	#endif
                 
                 	.CSEG
                 _getchar:
                 ; .FSTART _getchar
                 getchar0:
00014b 9b5f           sbis usr,rxc
00014c cffe           rjmp getchar0
00014d b1ec           in   r30,udr
00014e 9508      	RET
                 ; .FEND
                 _putchar:
                 ; .FSTART _putchar
00014f 93aa      	ST   -Y,R26
                 putchar0:
000150 9b5d           sbis usr,udre
000151 cffe           rjmp putchar0
000152 81e8           ld   r30,y
000153 b9ec           out  udr,r30
                 _0x2080002:
000154 9621      	ADIW R28,1
000155 9508      	RET
                 ; .FEND
                 _puts:
                 ; .FSTART _puts
000156 93ba      	ST   -Y,R27
000157 93aa      	ST   -Y,R26
000158 931a      	ST   -Y,R17
                 _0x2020003:
000159 940e 0170 	CALL SUBOPT_0x2
00015b f019      	BREQ _0x2020005
00015c 2fa1      	MOV  R26,R17
00015d dff1      	RCALL _putchar
00015e cffa      	RJMP _0x2020003
                 _0x2020005:
00015f e0aa      	LDI  R26,LOW(10)
000160 dfee      	RCALL _putchar
                 _0x2080001:
000161 8118      	LDD  R17,Y+0
000162 9623      	ADIW R28,3
000163 9508      	RET
                 ; .FEND
                 
                 	.CSEG
                 
                 	.CSEG
                 
                 	.DSEG
                 __base_y_G100:
00027c           	.BYTE 0x4
                 
                 	.CSEG
                 ;OPTIMIZER ADDED SUBROUTINE, CALLED 3 TIMES, CODE SIZE REDUCTION:5 WORDS
                 SUBOPT_0x0:
000164 e0aa      	LDI  R26,LOW(10)
000165 940e 014f 	CALL _putchar
000167 e0ad      	LDI  R26,LOW(13)
000168 940c 014f 	JMP  _putchar
                 
                 ;OPTIMIZER ADDED SUBROUTINE, CALLED 2 TIMES, CODE SIZE REDUCTION:1 WORDS
                 SUBOPT_0x1:
00016a 940e 00d5 	CALL __lcd_write_data
00016c e0a3      	LDI  R26,LOW(3)
00016d e0b0      	LDI  R27,0
00016e 940c 0180 	JMP  _delay_ms
                 
                 ;OPTIMIZER ADDED SUBROUTINE, CALLED 2 TIMES, CODE SIZE REDUCTION:2 WORDS
                 SUBOPT_0x2:
000170 81a9      	LDD  R26,Y+1
000171 81ba      	LDD  R27,Y+1+1
000172 91ed      	LD   R30,X+
000173 83a9      	STD  Y+1,R26
000174 83ba      	STD  Y+1+1,R27
000175 2f1e      	MOV  R17,R30
000176 30e0      	CPI  R30,0
000177 9508      	RET
                 
                 ;OPTIMIZER ADDED SUBROUTINE, CALLED 3 TIMES, CODE SIZE REDUCTION:7 WORDS
                 SUBOPT_0x3:
000178 e3a0      	LDI  R26,LOW(48)
000179 940e 00c0 	CALL __lcd_write_nibble_G100
                +
00017b ec88     +LDI R24 , LOW ( 200 )
00017c e090     +LDI R25 , HIGH ( 200 )
                +__DELAY_USW_LOOP :
00017d 9701     +SBIW R24 , 1
00017e f7f1     +BRNE __DELAY_USW_LOOP
                 	__DELAY_USW 200
00017f 9508      	RET
                 
                 
                 	.CSEG
                 _delay_ms:
000180 9610      	adiw r26,0
000181 f039      	breq __delay_ms1
                 __delay_ms0:
000182 95a8      	wdr
                +
000183 ed80     +LDI R24 , LOW ( 0x7D0 )
000184 e097     +LDI R25 , HIGH ( 0x7D0 )
                +__DELAY_USW_LOOP :
000185 9701     +SBIW R24 , 1
000186 f7f1     +BRNE __DELAY_USW_LOOP
                 	__DELAY_USW 0x7D0
000187 9711      	sbiw r26,1
000188 f7c9      	brne __delay_ms0
                 __delay_ms1:
000189 9508      	ret
                 
                 ;END OF CODE MARKER
                 __END_OF_CODE:


RESOURCE USE INFORMATION
------------------------

Notice:
The register and instruction counts are symbol table hit counts,
and hence implicitly used resources are not counted, eg, the
'lpm' instruction without operands implicitly uses r0 and z,
none of which are counted.

x,y,z are separate entities in the symbol table and are
counted separately from r26..r31 here.

.dseg memory usage only counts static data declared with .byte

ATmega32 register use summary:
r0 :   4 r1 :   1 r2 :   0 r3 :   0 r4 :   4 r5 :   4 r6 :   0 r7 :   2 
r8 :   0 r9 :   0 r10:   0 r11:   0 r12:   0 r13:   0 r14:   0 r15:   0 
r16:   0 r17:   9 r18:   0 r19:   0 r20:   0 r21:   0 r22:   2 r23:   0 
r24:  21 r25:   5 r26:  57 r27:  11 r28:   6 r29:   1 r30:  77 r31:  12 
x  :   4 y  :  42 z  :   8 
Registers used: 18 out of 35 (51.4%)

ATmega32 instruction use summary:
.lds  :   0 .lds.l:   0 .sts  :   0 .sts.l:   0 adc   :   0 add   :   1 
adiw  :   6 and   :   0 andi  :   2 asr   :   0 bclr  :   0 bld   :   0 
brbc  :   0 brbs  :   0 brcc  :   0 brcs  :   0 break :   0 breq  :   5 
brge  :   1 brhc  :   0 brhs  :   0 brid  :   0 brie  :   0 brlo  :   1 
brlt  :   0 brmi  :   0 brne  :  16 brpl  :   0 brsh  :   0 brtc  :   0 
brts  :   0 brvc  :   0 brvs  :   0 bset  :   0 bst   :   0 call  :  17 
cbi   :   5 cbr   :   0 clc   :   0 clh   :   0 cli   :   1 cln   :   0 
clr   :   2 cls   :   0 clt   :   0 clv   :   0 clz   :   0 com   :   0 
cp    :   1 cpc   :   4 cpi   :   7 cpse  :   0 dec   :   5 des   :   0 
eor   :   0 fmul  :   0 fmuls :   0 fmulsu:   0 icall :   0 ijmp  :   0 
in    :   3 inc   :   2 jmp   :  30 ld    :  15 ldd   :   9 ldi   :  59 
lds   :   0 lpm   :   7 lsl   :   0 lsr   :   0 mov   :  10 movw  :   3 
mul   :   0 muls  :   0 mulsu :   0 neg   :   0 nop   :   0 or    :   1 
ori   :   1 out   :  19 pop   :   0 push  :   0 rcall :  19 ret   :   8 
reti  :   0 rjmp  :  11 rol   :   0 ror   :   0 sbc   :   0 sbci  :   1 
sbi   :   5 sbic  :   0 sbis  :   2 sbiw  :   9 sbr   :   0 sbrc  :   0 
sbrs  :   0 sec   :   0 seh   :   0 sei   :   0 sen   :   0 ser   :   0 
ses   :   0 set   :   0 sev   :   0 sez   :   0 sleep :   0 spm   :   0 
st    :  18 std   :   5 sts   :   2 sub   :   0 subi  :   3 swap  :   1 
tst   :   0 wdr   :   1 
Instructions used: 40 out of 116 (34.5%)

ATmega32 memory use summary [bytes]:
Segment   Begin    End      Code   Data   Used    Size   Use%
---------------------------------------------------------------
[.cseg] 0x000000 0x000314    734     54    788   32768   2.4%
[.dseg] 0x000060 0x000280      0     32     32    2048   1.6%
[.eseg] 0x000000 0x000000      0      0      0    1024   0.0%

Assembly complete, 0 errors, 3 warnings
