
AVRASM ver. 2.1.30  E:\Micro proc Lab\exam\List\exam.asm Sat Jul 18 10:51:43 2020

E:\Micro proc Lab\exam\List\exam.asm(1072): warning: Register r4 already defined by the .DEF directive
E:\Micro proc Lab\exam\List\exam.asm(1073): warning: Register r6 already defined by the .DEF directive
E:\Micro proc Lab\exam\List\exam.asm(1074): warning: Register r8 already defined by the .DEF directive
E:\Micro proc Lab\exam\List\exam.asm(1075): warning: Register r10 already defined by the .DEF directive
E:\Micro proc Lab\exam\List\exam.asm(1076): warning: Register r12 already defined by the .DEF directive
                 
                 
                 ;CodeVisionAVR C Compiler V2.05.3 Standard
                 ;(C) Copyright 1998-2011 Pavel Haiduc, HP InfoTech s.r.l.
                 ;http://www.hpinfotech.com
                 
                 ;Chip type                : ATmega32
                 ;Program type             : Application
                 ;Clock frequency          : 8.000000 MHz
                 ;Memory model             : Small
                 ;Optimize for             : Size
                 ;(s)printf features       : int, width
                 ;(s)scanf features        : int, width
                 ;External RAM size        : 0
                 ;Data Stack size          : 512 byte(s)
                 ;Heap size                : 0 byte(s)
                 ;Promote 'char' to 'int'  : Yes
                 ;'char' is unsigned       : Yes
                 ;8 bit enums              : Yes
                 ;Global 'const' stored in FLASH     : No
                 ;Enhanced function parameter passing: Yes
                 ;Enhanced core instructions         : On
                 ;Smart register allocation          : On
                 ;Automatic register allocation      : On
                 
                 	#pragma AVRPART ADMIN PART_NAME ATmega32
                 	#pragma AVRPART MEMORY PROG_FLASH 32768
                 	#pragma AVRPART MEMORY EEPROM 1024
                 	#pragma AVRPART MEMORY INT_SRAM SIZE 2143
                 	#pragma AVRPART MEMORY INT_SRAM START_ADDR 0x60
                 
                 	#define CALL_SUPPORTED 1
                 
                 	.LISTMAC
                 	.EQU UDRE=0x5
                 	.EQU RXC=0x7
                 	.EQU USR=0xB
                 	.EQU UDR=0xC
                 	.EQU SPSR=0xE
                 	.EQU SPDR=0xF
                 	.EQU EERE=0x0
                 	.EQU EEWE=0x1
                 	.EQU EEMWE=0x2
                 	.EQU EECR=0x1C
                 	.EQU EEDR=0x1D
                 	.EQU EEARL=0x1E
                 	.EQU EEARH=0x1F
                 	.EQU WDTCR=0x21
                 	.EQU MCUCR=0x35
                 	.EQU GICR=0x3B
                 	.EQU SPL=0x3D
                 	.EQU SPH=0x3E
                 	.EQU SREG=0x3F
                 
                 	.DEF R0X0=R0
                 	.DEF R0X1=R1
                 	.DEF R0X2=R2
                 	.DEF R0X3=R3
                 	.DEF R0X4=R4
                 	.DEF R0X5=R5
                 	.DEF R0X6=R6
                 	.DEF R0X7=R7
                 	.DEF R0X8=R8
                 	.DEF R0X9=R9
                 	.DEF R0XA=R10
                 	.DEF R0XB=R11
                 	.DEF R0XC=R12
                 	.DEF R0XD=R13
                 	.DEF R0XE=R14
                 	.DEF R0XF=R15
                 	.DEF R0X10=R16
                 	.DEF R0X11=R17
                 	.DEF R0X12=R18
                 	.DEF R0X13=R19
                 	.DEF R0X14=R20
                 	.DEF R0X15=R21
                 	.DEF R0X16=R22
                 	.DEF R0X17=R23
                 	.DEF R0X18=R24
                 	.DEF R0X19=R25
                 	.DEF R0X1A=R26
                 	.DEF R0X1B=R27
                 	.DEF R0X1C=R28
                 	.DEF R0X1D=R29
                 	.DEF R0X1E=R30
                 	.DEF R0X1F=R31
                 
                 	.EQU __SRAM_START=0x0060
                 	.EQU __SRAM_END=0x085F
                 	.EQU __DSTACK_SIZE=0x0200
                 	.EQU __HEAP_SIZE=0x0000
                 	.EQU __CLEAR_SRAM_SIZE=__SRAM_END-__SRAM_START+1
                 
                 	.MACRO __CPD1N
                 	CPI  R30,LOW(@0)
                 	LDI  R26,HIGH(@0)
                 	CPC  R31,R26
                 	LDI  R26,BYTE3(@0)
                 	CPC  R22,R26
                 	LDI  R26,BYTE4(@0)
                 	CPC  R23,R26
                 	.ENDM
                 
                 	.MACRO __CPD2N
                 	CPI  R26,LOW(@0)
                 	LDI  R30,HIGH(@0)
                 	CPC  R27,R30
                 	LDI  R30,BYTE3(@0)
                 	CPC  R24,R30
                 	LDI  R30,BYTE4(@0)
                 	CPC  R25,R30
                 	.ENDM
                 
                 	.MACRO __CPWRR
                 	CP   R@0,R@2
                 	CPC  R@1,R@3
                 	.ENDM
                 
                 	.MACRO __CPWRN
                 	CPI  R@0,LOW(@2)
                 	LDI  R30,HIGH(@2)
                 	CPC  R@1,R30
                 	.ENDM
                 
                 	.MACRO __ADDB1MN
                 	SUBI R30,LOW(-@0-(@1))
                 	.ENDM
                 
                 	.MACRO __ADDB2MN
                 	SUBI R26,LOW(-@0-(@1))
                 	.ENDM
                 
                 	.MACRO __ADDW1MN
                 	SUBI R30,LOW(-@0-(@1))
                 	SBCI R31,HIGH(-@0-(@1))
                 	.ENDM
                 
                 	.MACRO __ADDW2MN
                 	SUBI R26,LOW(-@0-(@1))
                 	SBCI R27,HIGH(-@0-(@1))
                 	.ENDM
                 
                 	.MACRO __ADDW1FN
                 	SUBI R30,LOW(-2*@0-(@1))
                 	SBCI R31,HIGH(-2*@0-(@1))
                 	.ENDM
                 
                 	.MACRO __ADDD1FN
                 	SUBI R30,LOW(-2*@0-(@1))
                 	SBCI R31,HIGH(-2*@0-(@1))
                 	SBCI R22,BYTE3(-2*@0-(@1))
                 	.ENDM
                 
                 	.MACRO __ADDD1N
                 	SUBI R30,LOW(-@0)
                 	SBCI R31,HIGH(-@0)
                 	SBCI R22,BYTE3(-@0)
                 	SBCI R23,BYTE4(-@0)
                 	.ENDM
                 
                 	.MACRO __ADDD2N
                 	SUBI R26,LOW(-@0)
                 	SBCI R27,HIGH(-@0)
                 	SBCI R24,BYTE3(-@0)
                 	SBCI R25,BYTE4(-@0)
                 	.ENDM
                 
                 	.MACRO __SUBD1N
                 	SUBI R30,LOW(@0)
                 	SBCI R31,HIGH(@0)
                 	SBCI R22,BYTE3(@0)
                 	SBCI R23,BYTE4(@0)
                 	.ENDM
                 
                 	.MACRO __SUBD2N
                 	SUBI R26,LOW(@0)
                 	SBCI R27,HIGH(@0)
                 	SBCI R24,BYTE3(@0)
                 	SBCI R25,BYTE4(@0)
                 	.ENDM
                 
                 	.MACRO __ANDBMNN
                 	LDS  R30,@0+(@1)
                 	ANDI R30,LOW(@2)
                 	STS  @0+(@1),R30
                 	.ENDM
                 
                 	.MACRO __ANDWMNN
                 	LDS  R30,@0+(@1)
                 	ANDI R30,LOW(@2)
                 	STS  @0+(@1),R30
                 	LDS  R30,@0+(@1)+1
                 	ANDI R30,HIGH(@2)
                 	STS  @0+(@1)+1,R30
                 	.ENDM
                 
                 	.MACRO __ANDD1N
                 	ANDI R30,LOW(@0)
                 	ANDI R31,HIGH(@0)
                 	ANDI R22,BYTE3(@0)
                 	ANDI R23,BYTE4(@0)
                 	.ENDM
                 
                 	.MACRO __ANDD2N
                 	ANDI R26,LOW(@0)
                 	ANDI R27,HIGH(@0)
                 	ANDI R24,BYTE3(@0)
                 	ANDI R25,BYTE4(@0)
                 	.ENDM
                 
                 	.MACRO __ORBMNN
                 	LDS  R30,@0+(@1)
                 	ORI  R30,LOW(@2)
                 	STS  @0+(@1),R30
                 	.ENDM
                 
                 	.MACRO __ORWMNN
                 	LDS  R30,@0+(@1)
                 	ORI  R30,LOW(@2)
                 	STS  @0+(@1),R30
                 	LDS  R30,@0+(@1)+1
                 	ORI  R30,HIGH(@2)
                 	STS  @0+(@1)+1,R30
                 	.ENDM
                 
                 	.MACRO __ORD1N
                 	ORI  R30,LOW(@0)
                 	ORI  R31,HIGH(@0)
                 	ORI  R22,BYTE3(@0)
                 	ORI  R23,BYTE4(@0)
                 	.ENDM
                 
                 	.MACRO __ORD2N
                 	ORI  R26,LOW(@0)
                 	ORI  R27,HIGH(@0)
                 	ORI  R24,BYTE3(@0)
                 	ORI  R25,BYTE4(@0)
                 	.ENDM
                 
                 	.MACRO __DELAY_USB
                 	LDI  R24,LOW(@0)
                 __DELAY_USB_LOOP:
                 	DEC  R24
                 	BRNE __DELAY_USB_LOOP
                 	.ENDM
                 
                 	.MACRO __DELAY_USW
                 	LDI  R24,LOW(@0)
                 	LDI  R25,HIGH(@0)
                 __DELAY_USW_LOOP:
                 	SBIW R24,1
                 	BRNE __DELAY_USW_LOOP
                 	.ENDM
                 
                 	.MACRO __GETD1S
                 	LDD  R30,Y+@0
                 	LDD  R31,Y+@0+1
                 	LDD  R22,Y+@0+2
                 	LDD  R23,Y+@0+3
                 	.ENDM
                 
                 	.MACRO __GETD2S
                 	LDD  R26,Y+@0
                 	LDD  R27,Y+@0+1
                 	LDD  R24,Y+@0+2
                 	LDD  R25,Y+@0+3
                 	.ENDM
                 
                 	.MACRO __PUTD1S
                 	STD  Y+@0,R30
                 	STD  Y+@0+1,R31
                 	STD  Y+@0+2,R22
                 	STD  Y+@0+3,R23
                 	.ENDM
                 
                 	.MACRO __PUTD2S
                 	STD  Y+@0,R26
                 	STD  Y+@0+1,R27
                 	STD  Y+@0+2,R24
                 	STD  Y+@0+3,R25
                 	.ENDM
                 
                 	.MACRO __PUTDZ2
                 	STD  Z+@0,R26
                 	STD  Z+@0+1,R27
                 	STD  Z+@0+2,R24
                 	STD  Z+@0+3,R25
                 	.ENDM
                 
                 	.MACRO __CLRD1S
                 	STD  Y+@0,R30
                 	STD  Y+@0+1,R30
                 	STD  Y+@0+2,R30
                 	STD  Y+@0+3,R30
                 	.ENDM
                 
                 	.MACRO __POINTB1MN
                 	LDI  R30,LOW(@0+(@1))
                 	.ENDM
                 
                 	.MACRO __POINTW1MN
                 	LDI  R30,LOW(@0+(@1))
                 	LDI  R31,HIGH(@0+(@1))
                 	.ENDM
                 
                 	.MACRO __POINTD1M
                 	LDI  R30,LOW(@0)
                 	LDI  R31,HIGH(@0)
                 	LDI  R22,BYTE3(@0)
                 	LDI  R23,BYTE4(@0)
                 	.ENDM
                 
                 	.MACRO __POINTW1FN
                 	LDI  R30,LOW(2*@0+(@1))
                 	LDI  R31,HIGH(2*@0+(@1))
                 	.ENDM
                 
                 	.MACRO __POINTD1FN
                 	LDI  R30,LOW(2*@0+(@1))
                 	LDI  R31,HIGH(2*@0+(@1))
                 	LDI  R22,BYTE3(2*@0+(@1))
                 	LDI  R23,BYTE4(2*@0+(@1))
                 	.ENDM
                 
                 	.MACRO __POINTB2MN
                 	LDI  R26,LOW(@0+(@1))
                 	.ENDM
                 
                 	.MACRO __POINTW2MN
                 	LDI  R26,LOW(@0+(@1))
                 	LDI  R27,HIGH(@0+(@1))
                 	.ENDM
                 
                 	.MACRO __POINTW2FN
                 	LDI  R26,LOW(2*@0+(@1))
                 	LDI  R27,HIGH(2*@0+(@1))
                 	.ENDM
                 
                 	.MACRO __POINTD2FN
                 	LDI  R26,LOW(2*@0+(@1))
                 	LDI  R27,HIGH(2*@0+(@1))
                 	LDI  R24,BYTE3(2*@0+(@1))
                 	LDI  R25,BYTE4(2*@0+(@1))
                 	.ENDM
                 
                 	.MACRO __POINTBRM
                 	LDI  R@0,LOW(@1)
                 	.ENDM
                 
                 	.MACRO __POINTWRM
                 	LDI  R@0,LOW(@2)
                 	LDI  R@1,HIGH(@2)
                 	.ENDM
                 
                 	.MACRO __POINTBRMN
                 	LDI  R@0,LOW(@1+(@2))
                 	.ENDM
                 
                 	.MACRO __POINTWRMN
                 	LDI  R@0,LOW(@2+(@3))
                 	LDI  R@1,HIGH(@2+(@3))
                 	.ENDM
                 
                 	.MACRO __POINTWRFN
                 	LDI  R@0,LOW(@2*2+(@3))
                 	LDI  R@1,HIGH(@2*2+(@3))
                 	.ENDM
                 
                 	.MACRO __GETD1N
                 	LDI  R30,LOW(@0)
                 	LDI  R31,HIGH(@0)
                 	LDI  R22,BYTE3(@0)
                 	LDI  R23,BYTE4(@0)
                 	.ENDM
                 
                 	.MACRO __GETD2N
                 	LDI  R26,LOW(@0)
                 	LDI  R27,HIGH(@0)
                 	LDI  R24,BYTE3(@0)
                 	LDI  R25,BYTE4(@0)
                 	.ENDM
                 
                 	.MACRO __GETB1MN
                 	LDS  R30,@0+(@1)
                 	.ENDM
                 
                 	.MACRO __GETB1HMN
                 	LDS  R31,@0+(@1)
                 	.ENDM
                 
                 	.MACRO __GETW1MN
                 	LDS  R30,@0+(@1)
                 	LDS  R31,@0+(@1)+1
                 	.ENDM
                 
                 	.MACRO __GETD1MN
                 	LDS  R30,@0+(@1)
                 	LDS  R31,@0+(@1)+1
                 	LDS  R22,@0+(@1)+2
                 	LDS  R23,@0+(@1)+3
                 	.ENDM
                 
                 	.MACRO __GETBRMN
                 	LDS  R@0,@1+(@2)
                 	.ENDM
                 
                 	.MACRO __GETWRMN
                 	LDS  R@0,@2+(@3)
                 	LDS  R@1,@2+(@3)+1
                 	.ENDM
                 
                 	.MACRO __GETWRZ
                 	LDD  R@0,Z+@2
                 	LDD  R@1,Z+@2+1
                 	.ENDM
                 
                 	.MACRO __GETD2Z
                 	LDD  R26,Z+@0
                 	LDD  R27,Z+@0+1
                 	LDD  R24,Z+@0+2
                 	LDD  R25,Z+@0+3
                 	.ENDM
                 
                 	.MACRO __GETB2MN
                 	LDS  R26,@0+(@1)
                 	.ENDM
                 
                 	.MACRO __GETW2MN
                 	LDS  R26,@0+(@1)
                 	LDS  R27,@0+(@1)+1
                 	.ENDM
                 
                 	.MACRO __GETD2MN
                 	LDS  R26,@0+(@1)
                 	LDS  R27,@0+(@1)+1
                 	LDS  R24,@0+(@1)+2
                 	LDS  R25,@0+(@1)+3
                 	.ENDM
                 
                 	.MACRO __PUTB1MN
                 	STS  @0+(@1),R30
                 	.ENDM
                 
                 	.MACRO __PUTW1MN
                 	STS  @0+(@1),R30
                 	STS  @0+(@1)+1,R31
                 	.ENDM
                 
                 	.MACRO __PUTD1MN
                 	STS  @0+(@1),R30
                 	STS  @0+(@1)+1,R31
                 	STS  @0+(@1)+2,R22
                 	STS  @0+(@1)+3,R23
                 	.ENDM
                 
                 	.MACRO __PUTB1EN
                 	LDI  R26,LOW(@0+(@1))
                 	LDI  R27,HIGH(@0+(@1))
                 	CALL __EEPROMWRB
                 	.ENDM
                 
                 	.MACRO __PUTW1EN
                 	LDI  R26,LOW(@0+(@1))
                 	LDI  R27,HIGH(@0+(@1))
                 	CALL __EEPROMWRW
                 	.ENDM
                 
                 	.MACRO __PUTD1EN
                 	LDI  R26,LOW(@0+(@1))
                 	LDI  R27,HIGH(@0+(@1))
                 	CALL __EEPROMWRD
                 	.ENDM
                 
                 	.MACRO __PUTBR0MN
                 	STS  @0+(@1),R0
                 	.ENDM
                 
                 	.MACRO __PUTBMRN
                 	STS  @0+(@1),R@2
                 	.ENDM
                 
                 	.MACRO __PUTWMRN
                 	STS  @0+(@1),R@2
                 	STS  @0+(@1)+1,R@3
                 	.ENDM
                 
                 	.MACRO __PUTBZR
                 	STD  Z+@1,R@0
                 	.ENDM
                 
                 	.MACRO __PUTWZR
                 	STD  Z+@2,R@0
                 	STD  Z+@2+1,R@1
                 	.ENDM
                 
                 	.MACRO __GETW1R
                 	MOV  R30,R@0
                 	MOV  R31,R@1
                 	.ENDM
                 
                 	.MACRO __GETW2R
                 	MOV  R26,R@0
                 	MOV  R27,R@1
                 	.ENDM
                 
                 	.MACRO __GETWRN
                 	LDI  R@0,LOW(@2)
                 	LDI  R@1,HIGH(@2)
                 	.ENDM
                 
                 	.MACRO __PUTW1R
                 	MOV  R@0,R30
                 	MOV  R@1,R31
                 	.ENDM
                 
                 	.MACRO __PUTW2R
                 	MOV  R@0,R26
                 	MOV  R@1,R27
                 	.ENDM
                 
                 	.MACRO __ADDWRN
                 	SUBI R@0,LOW(-@2)
                 	SBCI R@1,HIGH(-@2)
                 	.ENDM
                 
                 	.MACRO __ADDWRR
                 	ADD  R@0,R@2
                 	ADC  R@1,R@3
                 	.ENDM
                 
                 	.MACRO __SUBWRN
                 	SUBI R@0,LOW(@2)
                 	SBCI R@1,HIGH(@2)
                 	.ENDM
                 
                 	.MACRO __SUBWRR
                 	SUB  R@0,R@2
                 	SBC  R@1,R@3
                 	.ENDM
                 
                 	.MACRO __ANDWRN
                 	ANDI R@0,LOW(@2)
                 	ANDI R@1,HIGH(@2)
                 	.ENDM
                 
                 	.MACRO __ANDWRR
                 	AND  R@0,R@2
                 	AND  R@1,R@3
                 	.ENDM
                 
                 	.MACRO __ORWRN
                 	ORI  R@0,LOW(@2)
                 	ORI  R@1,HIGH(@2)
                 	.ENDM
                 
                 	.MACRO __ORWRR
                 	OR   R@0,R@2
                 	OR   R@1,R@3
                 	.ENDM
                 
                 	.MACRO __EORWRR
                 	EOR  R@0,R@2
                 	EOR  R@1,R@3
                 	.ENDM
                 
                 	.MACRO __GETWRS
                 	LDD  R@0,Y+@2
                 	LDD  R@1,Y+@2+1
                 	.ENDM
                 
                 	.MACRO __PUTBSR
                 	STD  Y+@1,R@0
                 	.ENDM
                 
                 	.MACRO __PUTWSR
                 	STD  Y+@2,R@0
                 	STD  Y+@2+1,R@1
                 	.ENDM
                 
                 	.MACRO __MOVEWRR
                 	MOV  R@0,R@2
                 	MOV  R@1,R@3
                 	.ENDM
                 
                 	.MACRO __INWR
                 	IN   R@0,@2
                 	IN   R@1,@2+1
                 	.ENDM
                 
                 	.MACRO __OUTWR
                 	OUT  @2+1,R@1
                 	OUT  @2,R@0
                 	.ENDM
                 
                 	.MACRO __CALL1MN
                 	LDS  R30,@0+(@1)
                 	LDS  R31,@0+(@1)+1
                 	ICALL
                 	.ENDM
                 
                 	.MACRO __CALL1FN
                 	LDI  R30,LOW(2*@0+(@1))
                 	LDI  R31,HIGH(2*@0+(@1))
                 	CALL __GETW1PF
                 	ICALL
                 	.ENDM
                 
                 	.MACRO __CALL2EN
                 	LDI  R26,LOW(@0+(@1))
                 	LDI  R27,HIGH(@0+(@1))
                 	CALL __EEPROMRDW
                 	ICALL
                 	.ENDM
                 
                 	.MACRO __GETW1STACK
                 	IN   R26,SPL
                 	IN   R27,SPH
                 	ADIW R26,@0+1
                 	LD   R30,X+
                 	LD   R31,X
                 	.ENDM
                 
                 	.MACRO __GETD1STACK
                 	IN   R26,SPL
                 	IN   R27,SPH
                 	ADIW R26,@0+1
                 	LD   R30,X+
                 	LD   R31,X+
                 	LD   R22,X
                 	.ENDM
                 
                 	.MACRO __NBST
                 	BST  R@0,@1
                 	IN   R30,SREG
                 	LDI  R31,0x40
                 	EOR  R30,R31
                 	OUT  SREG,R30
                 	.ENDM
                 
                 
                 	.MACRO __PUTB1SN
                 	LDD  R26,Y+@0
                 	LDD  R27,Y+@0+1
                 	SUBI R26,LOW(-@1)
                 	SBCI R27,HIGH(-@1)
                 	ST   X,R30
                 	.ENDM
                 
                 	.MACRO __PUTW1SN
                 	LDD  R26,Y+@0
                 	LDD  R27,Y+@0+1
                 	SUBI R26,LOW(-@1)
                 	SBCI R27,HIGH(-@1)
                 	ST   X+,R30
                 	ST   X,R31
                 	.ENDM
                 
                 	.MACRO __PUTD1SN
                 	LDD  R26,Y+@0
                 	LDD  R27,Y+@0+1
                 	SUBI R26,LOW(-@1)
                 	SBCI R27,HIGH(-@1)
                 	CALL __PUTDP1
                 	.ENDM
                 
                 	.MACRO __PUTB1SNS
                 	LDD  R26,Y+@0
                 	LDD  R27,Y+@0+1
                 	ADIW R26,@1
                 	ST   X,R30
                 	.ENDM
                 
                 	.MACRO __PUTW1SNS
                 	LDD  R26,Y+@0
                 	LDD  R27,Y+@0+1
                 	ADIW R26,@1
                 	ST   X+,R30
                 	ST   X,R31
                 	.ENDM
                 
                 	.MACRO __PUTD1SNS
                 	LDD  R26,Y+@0
                 	LDD  R27,Y+@0+1
                 	ADIW R26,@1
                 	CALL __PUTDP1
                 	.ENDM
                 
                 	.MACRO __PUTB1PMN
                 	LDS  R26,@0
                 	LDS  R27,@0+1
                 	SUBI R26,LOW(-@1)
                 	SBCI R27,HIGH(-@1)
                 	ST   X,R30
                 	.ENDM
                 
                 	.MACRO __PUTW1PMN
                 	LDS  R26,@0
                 	LDS  R27,@0+1
                 	SUBI R26,LOW(-@1)
                 	SBCI R27,HIGH(-@1)
                 	ST   X+,R30
                 	ST   X,R31
                 	.ENDM
                 
                 	.MACRO __PUTD1PMN
                 	LDS  R26,@0
                 	LDS  R27,@0+1
                 	SUBI R26,LOW(-@1)
                 	SBCI R27,HIGH(-@1)
                 	CALL __PUTDP1
                 	.ENDM
                 
                 	.MACRO __PUTB1PMNS
                 	LDS  R26,@0
                 	LDS  R27,@0+1
                 	ADIW R26,@1
                 	ST   X,R30
                 	.ENDM
                 
                 	.MACRO __PUTW1PMNS
                 	LDS  R26,@0
                 	LDS  R27,@0+1
                 	ADIW R26,@1
                 	ST   X+,R30
                 	ST   X,R31
                 	.ENDM
                 
                 	.MACRO __PUTD1PMNS
                 	LDS  R26,@0
                 	LDS  R27,@0+1
                 	ADIW R26,@1
                 	CALL __PUTDP1
                 	.ENDM
                 
                 	.MACRO __PUTB1RN
                 	MOVW R26,R@0
                 	SUBI R26,LOW(-@1)
                 	SBCI R27,HIGH(-@1)
                 	ST   X,R30
                 	.ENDM
                 
                 	.MACRO __PUTW1RN
                 	MOVW R26,R@0
                 	SUBI R26,LOW(-@1)
                 	SBCI R27,HIGH(-@1)
                 	ST   X+,R30
                 	ST   X,R31
                 	.ENDM
                 
                 	.MACRO __PUTD1RN
                 	MOVW R26,R@0
                 	SUBI R26,LOW(-@1)
                 	SBCI R27,HIGH(-@1)
                 	CALL __PUTDP1
                 	.ENDM
                 
                 	.MACRO __PUTB1RNS
                 	MOVW R26,R@0
                 	ADIW R26,@1
                 	ST   X,R30
                 	.ENDM
                 
                 	.MACRO __PUTW1RNS
                 	MOVW R26,R@0
                 	ADIW R26,@1
                 	ST   X+,R30
                 	ST   X,R31
                 	.ENDM
                 
                 	.MACRO __PUTD1RNS
                 	MOVW R26,R@0
                 	ADIW R26,@1
                 	CALL __PUTDP1
                 	.ENDM
                 
                 	.MACRO __PUTB1RON
                 	MOV  R26,R@0
                 	MOV  R27,R@1
                 	SUBI R26,LOW(-@2)
                 	SBCI R27,HIGH(-@2)
                 	ST   X,R30
                 	.ENDM
                 
                 	.MACRO __PUTW1RON
                 	MOV  R26,R@0
                 	MOV  R27,R@1
                 	SUBI R26,LOW(-@2)
                 	SBCI R27,HIGH(-@2)
                 	ST   X+,R30
                 	ST   X,R31
                 	.ENDM
                 
                 	.MACRO __PUTD1RON
                 	MOV  R26,R@0
                 	MOV  R27,R@1
                 	SUBI R26,LOW(-@2)
                 	SBCI R27,HIGH(-@2)
                 	CALL __PUTDP1
                 	.ENDM
                 
                 	.MACRO __PUTB1RONS
                 	MOV  R26,R@0
                 	MOV  R27,R@1
                 	ADIW R26,@2
                 	ST   X,R30
                 	.ENDM
                 
                 	.MACRO __PUTW1RONS
                 	MOV  R26,R@0
                 	MOV  R27,R@1
                 	ADIW R26,@2
                 	ST   X+,R30
                 	ST   X,R31
                 	.ENDM
                 
                 	.MACRO __PUTD1RONS
                 	MOV  R26,R@0
                 	MOV  R27,R@1
                 	ADIW R26,@2
                 	CALL __PUTDP1
                 	.ENDM
                 
                 
                 	.MACRO __GETB1SX
                 	MOVW R30,R28
                 	SUBI R30,LOW(-@0)
                 	SBCI R31,HIGH(-@0)
                 	LD   R30,Z
                 	.ENDM
                 
                 	.MACRO __GETB1HSX
                 	MOVW R30,R28
                 	SUBI R30,LOW(-@0)
                 	SBCI R31,HIGH(-@0)
                 	LD   R31,Z
                 	.ENDM
                 
                 	.MACRO __GETW1SX
                 	MOVW R30,R28
                 	SUBI R30,LOW(-@0)
                 	SBCI R31,HIGH(-@0)
                 	LD   R0,Z+
                 	LD   R31,Z
                 	MOV  R30,R0
                 	.ENDM
                 
                 	.MACRO __GETD1SX
                 	MOVW R30,R28
                 	SUBI R30,LOW(-@0)
                 	SBCI R31,HIGH(-@0)
                 	LD   R0,Z+
                 	LD   R1,Z+
                 	LD   R22,Z+
                 	LD   R23,Z
                 	MOVW R30,R0
                 	.ENDM
                 
                 	.MACRO __GETB2SX
                 	MOVW R26,R28
                 	SUBI R26,LOW(-@0)
                 	SBCI R27,HIGH(-@0)
                 	LD   R26,X
                 	.ENDM
                 
                 	.MACRO __GETW2SX
                 	MOVW R26,R28
                 	SUBI R26,LOW(-@0)
                 	SBCI R27,HIGH(-@0)
                 	LD   R0,X+
                 	LD   R27,X
                 	MOV  R26,R0
                 	.ENDM
                 
                 	.MACRO __GETD2SX
                 	MOVW R26,R28
                 	SUBI R26,LOW(-@0)
                 	SBCI R27,HIGH(-@0)
                 	LD   R0,X+
                 	LD   R1,X+
                 	LD   R24,X+
                 	LD   R25,X
                 	MOVW R26,R0
                 	.ENDM
                 
                 	.MACRO __GETBRSX
                 	MOVW R30,R28
                 	SUBI R30,LOW(-@1)
                 	SBCI R31,HIGH(-@1)
                 	LD   R@0,Z
                 	.ENDM
                 
                 	.MACRO __GETWRSX
                 	MOVW R30,R28
                 	SUBI R30,LOW(-@2)
                 	SBCI R31,HIGH(-@2)
                 	LD   R@0,Z+
                 	LD   R@1,Z
                 	.ENDM
                 
                 	.MACRO __GETBRSX2
                 	MOVW R26,R28
                 	SUBI R26,LOW(-@1)
                 	SBCI R27,HIGH(-@1)
                 	LD   R@0,X
                 	.ENDM
                 
                 	.MACRO __GETWRSX2
                 	MOVW R26,R28
                 	SUBI R26,LOW(-@2)
                 	SBCI R27,HIGH(-@2)
                 	LD   R@0,X+
                 	LD   R@1,X
                 	.ENDM
                 
                 	.MACRO __LSLW8SX
                 	MOVW R30,R28
                 	SUBI R30,LOW(-@0)
                 	SBCI R31,HIGH(-@0)
                 	LD   R31,Z
                 	CLR  R30
                 	.ENDM
                 
                 	.MACRO __PUTB1SX
                 	MOVW R26,R28
                 	SUBI R26,LOW(-@0)
                 	SBCI R27,HIGH(-@0)
                 	ST   X,R30
                 	.ENDM
                 
                 	.MACRO __PUTW1SX
                 	MOVW R26,R28
                 	SUBI R26,LOW(-@0)
                 	SBCI R27,HIGH(-@0)
                 	ST   X+,R30
                 	ST   X,R31
                 	.ENDM
                 
                 	.MACRO __PUTD1SX
                 	MOVW R26,R28
                 	SUBI R26,LOW(-@0)
                 	SBCI R27,HIGH(-@0)
                 	ST   X+,R30
                 	ST   X+,R31
                 	ST   X+,R22
                 	ST   X,R23
                 	.ENDM
                 
                 	.MACRO __CLRW1SX
                 	MOVW R26,R28
                 	SUBI R26,LOW(-@0)
                 	SBCI R27,HIGH(-@0)
                 	ST   X+,R30
                 	ST   X,R30
                 	.ENDM
                 
                 	.MACRO __CLRD1SX
                 	MOVW R26,R28
                 	SUBI R26,LOW(-@0)
                 	SBCI R27,HIGH(-@0)
                 	ST   X+,R30
                 	ST   X+,R30
                 	ST   X+,R30
                 	ST   X,R30
                 	.ENDM
                 
                 	.MACRO __PUTB2SX
                 	MOVW R30,R28
                 	SUBI R30,LOW(-@0)
                 	SBCI R31,HIGH(-@0)
                 	ST   Z,R26
                 	.ENDM
                 
                 	.MACRO __PUTW2SX
                 	MOVW R30,R28
                 	SUBI R30,LOW(-@0)
                 	SBCI R31,HIGH(-@0)
                 	ST   Z+,R26
                 	ST   Z,R27
                 	.ENDM
                 
                 	.MACRO __PUTD2SX
                 	MOVW R30,R28
                 	SUBI R30,LOW(-@0)
                 	SBCI R31,HIGH(-@0)
                 	ST   Z+,R26
                 	ST   Z+,R27
                 	ST   Z+,R24
                 	ST   Z,R25
                 	.ENDM
                 
                 	.MACRO __PUTBSRX
                 	MOVW R30,R28
                 	SUBI R30,LOW(-@1)
                 	SBCI R31,HIGH(-@1)
                 	ST   Z,R@0
                 	.ENDM
                 
                 	.MACRO __PUTWSRX
                 	MOVW R30,R28
                 	SUBI R30,LOW(-@2)
                 	SBCI R31,HIGH(-@2)
                 	ST   Z+,R@0
                 	ST   Z,R@1
                 	.ENDM
                 
                 	.MACRO __PUTB1SNX
                 	MOVW R26,R28
                 	SUBI R26,LOW(-@0)
                 	SBCI R27,HIGH(-@0)
                 	LD   R0,X+
                 	LD   R27,X
                 	MOV  R26,R0
                 	SUBI R26,LOW(-@1)
                 	SBCI R27,HIGH(-@1)
                 	ST   X,R30
                 	.ENDM
                 
                 	.MACRO __PUTW1SNX
                 	MOVW R26,R28
                 	SUBI R26,LOW(-@0)
                 	SBCI R27,HIGH(-@0)
                 	LD   R0,X+
                 	LD   R27,X
                 	MOV  R26,R0
                 	SUBI R26,LOW(-@1)
                 	SBCI R27,HIGH(-@1)
                 	ST   X+,R30
                 	ST   X,R31
                 	.ENDM
                 
                 	.MACRO __PUTD1SNX
                 	MOVW R26,R28
                 	SUBI R26,LOW(-@0)
                 	SBCI R27,HIGH(-@0)
                 	LD   R0,X+
                 	LD   R27,X
                 	MOV  R26,R0
                 	SUBI R26,LOW(-@1)
                 	SBCI R27,HIGH(-@1)
                 	ST   X+,R30
                 	ST   X+,R31
                 	ST   X+,R22
                 	ST   X,R23
                 	.ENDM
                 
                 	.MACRO __MULBRR
                 	MULS R@0,R@1
                 	MOVW R30,R0
                 	.ENDM
                 
                 	.MACRO __MULBRRU
                 	MUL  R@0,R@1
                 	MOVW R30,R0
                 	.ENDM
                 
                 	.MACRO __MULBRR0
                 	MULS R@0,R@1
                 	.ENDM
                 
                 	.MACRO __MULBRRU0
                 	MUL  R@0,R@1
                 	.ENDM
                 
                 	.MACRO __MULBNWRU
                 	LDI  R26,@2
                 	MUL  R26,R@0
                 	MOVW R30,R0
                 	MUL  R26,R@1
                 	ADD  R31,R0
                 	.ENDM
                 
                 ;NAME DEFINITIONS FOR GLOBAL VARIABLES ALLOCATED TO REGISTERS
                 	.DEF _counter=R4
                 	.DEF _rem=R6
                 	.DEF _index=R8
                 	.DEF _i=R10
                 	.DEF _j=R12
                 
                 	.CSEG
                 	.ORG 0x00
                 
                 ;START OF CODE MARKER
                 __START_OF_CODE:
                 
                 ;INTERRUPT VECTORS
000000 940c 0048 	JMP  __RESET
000002 940c 0000 	JMP  0x00
000004 940c 0000 	JMP  0x00
000006 940c 0000 	JMP  0x00
000008 940c 0000 	JMP  0x00
00000a 940c 0000 	JMP  0x00
00000c 940c 0000 	JMP  0x00
00000e 940c 0000 	JMP  0x00
000010 940c 0000 	JMP  0x00
000012 940c 0000 	JMP  0x00
000014 940c 0078 	JMP  _timer0_comp_isr
000016 940c 0000 	JMP  0x00
000018 940c 0000 	JMP  0x00
00001a 940c 0000 	JMP  0x00
00001c 940c 0000 	JMP  0x00
00001e 940c 0000 	JMP  0x00
000020 940c 0000 	JMP  0x00
000022 940c 0000 	JMP  0x00
000024 940c 0000 	JMP  0x00
000026 940c 0000 	JMP  0x00
000028 940c 0000 	JMP  0x00
                 
                 _0x3:
00002a 3130
00002b 3332
00002c 3534
00002d 3736      	.DB  0x30,0x31,0x32,0x33,0x34,0x35,0x36,0x37
00002e 3938
00002f 4241
000030 4443
000031 4645      	.DB  0x38,0x39,0x41,0x42,0x43,0x44,0x45,0x46
                 _0x4:
000032 063f
000033 4f5b
000034 6d66
000035 077d      	.DB  0x3F,0x6,0x5B,0x4F,0x66,0x6D,0x7D,0x7
000036 6f7f
000037 7c77
000038 5e39
000039 7179      	.DB  0x7F,0x6F,0x77,0x7C,0x39,0x5E,0x79,0x71
                 _0x30:
00003a 0000
00003b 0000
00003c 0000
00003d 0000      	.DB  0x0,0x0,0x0,0x0,0x0,0x0,0x0,0x0
                 
                 __GLOBAL_INI_TBL:
00003e 0010      	.DW  0x10
00003f 0262      	.DW  _HEXVALUE
000040 0054      	.DW  _0x3*2
                 
000041 0010      	.DW  0x10
000042 0272      	.DW  _code
000043 0064      	.DW  _0x4*2
                 
000044 0008      	.DW  0x08
000045 0006      	.DW  0x06
000046 0074      	.DW  _0x30*2
                 
                 _0xFFFFFFFF:
000047 0000      	.DW  0
                 
                 __RESET:
000048 94f8      	CLI
000049 27ee      	CLR  R30
00004a bbec      	OUT  EECR,R30
                 
                 ;INTERRUPT VECTORS ARE PLACED
                 ;AT THE START OF FLASH
00004b e0f1      	LDI  R31,1
00004c bffb      	OUT  GICR,R31
00004d bfeb      	OUT  GICR,R30
00004e bfe5      	OUT  MCUCR,R30
                 
                 ;DISABLE WATCHDOG
00004f e1f8      	LDI  R31,0x18
000050 bdf1      	OUT  WDTCR,R31
000051 bde1      	OUT  WDTCR,R30
                 
                 ;CLEAR R2-R14
000052 e08d      	LDI  R24,(14-2)+1
000053 e0a2      	LDI  R26,2
000054 27bb      	CLR  R27
                 __CLEAR_REG:
000055 93ed      	ST   X+,R30
000056 958a      	DEC  R24
000057 f7e9      	BRNE __CLEAR_REG
                 
                 ;CLEAR SRAM
000058 e080      	LDI  R24,LOW(__CLEAR_SRAM_SIZE)
000059 e098      	LDI  R25,HIGH(__CLEAR_SRAM_SIZE)
00005a e6a0      	LDI  R26,__SRAM_START
                 __CLEAR_SRAM:
00005b 93ed      	ST   X+,R30
00005c 9701      	SBIW R24,1
00005d f7e9      	BRNE __CLEAR_SRAM
                 
                 ;GLOBAL VARIABLES INITIALIZATION
00005e e7ec      	LDI  R30,LOW(__GLOBAL_INI_TBL*2)
00005f e0f0      	LDI  R31,HIGH(__GLOBAL_INI_TBL*2)
                 __GLOBAL_INI_NEXT:
000060 9185      	LPM  R24,Z+
000061 9195      	LPM  R25,Z+
000062 9700      	SBIW R24,0
000063 f061      	BREQ __GLOBAL_INI_END
000064 91a5      	LPM  R26,Z+
000065 91b5      	LPM  R27,Z+
000066 9005      	LPM  R0,Z+
000067 9015      	LPM  R1,Z+
000068 01bf      	MOVW R22,R30
000069 01f0      	MOVW R30,R0
                 __GLOBAL_INI_LOOP:
00006a 9005      	LPM  R0,Z+
00006b 920d      	ST   X+,R0
00006c 9701      	SBIW R24,1
00006d f7e1      	BRNE __GLOBAL_INI_LOOP
00006e 01fb      	MOVW R30,R22
00006f cff0      	RJMP __GLOBAL_INI_NEXT
                 __GLOBAL_INI_END:
                 
                 ;HARDWARE STACK POINTER INITIALIZATION
000070 e5ef      	LDI  R30,LOW(__SRAM_END-__HEAP_SIZE)
000071 bfed      	OUT  SPL,R30
000072 e0e8      	LDI  R30,HIGH(__SRAM_END-__HEAP_SIZE)
000073 bfee      	OUT  SPH,R30
                 
                 ;DATA STACK POINTER INITIALIZATION
000074 e6c0      	LDI  R28,LOW(__SRAM_START+__DSTACK_SIZE)
000075 e0d2      	LDI  R29,HIGH(__SRAM_START+__DSTACK_SIZE)
                 
000076 940c 008b 	JMP  _main
                 
                 	.ESEG
                 	.ORG 0
                 
                 	.DSEG
                 	.ORG 0x260
                 
                 	.CSEG
                 ;/*****************************************************
                 ;This program was produced by the
                 ;CodeWizardAVR V2.05.3 Standard
                 ;Automatic Program Generator
                 ;© Copyright 1998-2011 Pavel Haiduc, HP InfoTech s.r.l.
                 ;http://www.hpinfotech.com
                 ;
                 ;Project :
                 ;Version :
                 ;Date    : 7/18/2020
                 ;Author  : Acer
                 ;Company :
                 ;Comments:
                 ;
                 ;
                 ;Chip type               : ATmega32
                 ;Program type            : Application
                 ;AVR Core Clock frequency: 8.000000 MHz
                 ;Memory model            : Small
                 ;External RAM size       : 0
                 ;Data Stack size         : 512
                 ;*****************************************************/
                 ;
                 ;#include <mega32.h>
                 	#ifndef __SLEEP_DEFINED__
                 	#define __SLEEP_DEFINED__
                 	.EQU __se_bit=0x80
                 	.EQU __sm_mask=0x70
                 	.EQU __sm_powerdown=0x20
                 	.EQU __sm_powersave=0x30
                 	.EQU __sm_standby=0x60
                 	.EQU __sm_ext_standby=0x70
                 	.EQU __sm_adc_noise_red=0x10
                 	.SET power_ctrl_reg=mcucr
                 	#endif
                 ;int counter , rem= 0, index;
                 ;char	hex[2];
                 ;#include <delay.h>
                 ;char HEXVALUE[] = {'0', '1', '2', '3', '4', '5', '6', '7', '8', '9', 'A', 'B', 'C', 'D', 'E', 'F'};
                 
                 	.DSEG
                 ;char code[] = { 0x3F, 0x06, 0x5B, 0x4F,0x66,0x6D,0x7D,0x07,0x7F,0x6F, 0x77,0x7C, 0x39 , 0x5E, 0x79, 0x71 }  ;
                 ;// Timer 0 output compare interrupt service routine
                 ;interrupt [TIM0_COMP] void timer0_comp_isr(void)
                 ; 0000 0020 {
                 
                 	.CSEG
                 _timer0_comp_isr:
000078 93ea      	ST   -Y,R30
000079 93fa      	ST   -Y,R31
00007a b7ef      	IN   R30,SREG
00007b 93ea      	ST   -Y,R30
                 ; 0000 0021     counter++;
00007c 01f2      	MOVW R30,R4
00007d 9631      	ADIW R30,1
00007e 012f      	MOVW R4,R30
                 ; 0000 0022     if (counter == 2)
00007f e0e2      	LDI  R30,LOW(2)
000080 e0f0      	LDI  R31,HIGH(2)
000081 15e4      	CP   R30,R4
000082 05f5      	CPC  R31,R5
000083 f411      	BRNE _0x5
                 ; 0000 0023         counter=0;
000084 2444      	CLR  R4
000085 2455      	CLR  R5
                 ; 0000 0024 
                 ; 0000 0025 }
                 _0x5:
000086 91e9      	LD   R30,Y+
000087 bfef      	OUT  SREG,R30
000088 91f9      	LD   R31,Y+
000089 91e9      	LD   R30,Y+
00008a 9518      	RETI
                 ;
                 ;int i = 0;
                 ;int j = 0;
                 ;unsigned int number = 0;
                 ;int  tempDecimal ;
                 ;// Declare your global variables here
                 ;
                 ;void main(void)
                 ; 0000 002E {
                 _main:
                 ; 0000 002F PORTC=0x00;
00008b e0e0      	LDI  R30,LOW(0)
00008c bbe5      	OUT  0x15,R30
                 ; 0000 0030 DDRC=0xFF;
00008d efef      	LDI  R30,LOW(255)
00008e bbe4      	OUT  0x14,R30
                 ; 0000 0031 DDRD=0xFF;
00008f bbe1      	OUT  0x11,R30
                 ; 0000 0032 
                 ; 0000 0033 // Timer/Counter 0 initialization
                 ; 0000 0034 // Clock source: System Clock
                 ; 0000 0035 // Clock value: 7.813 kHz
                 ; 0000 0036 // Mode: CTC top=OCR0
                 ; 0000 0037 // OC0 output: Disconnected
                 ; 0000 0038 TCCR0=0x0C;
000090 e0ec      	LDI  R30,LOW(12)
000091 bfe3      	OUT  0x33,R30
                 ; 0000 0039 TCNT0=0x00;
000092 e0e0      	LDI  R30,LOW(0)
000093 bfe2      	OUT  0x32,R30
                 ; 0000 003A OCR0=0x63;
000094 e6e3      	LDI  R30,LOW(99)
000095 bfec      	OUT  0x3C,R30
                 ; 0000 003B 
                 ; 0000 003C // Timer(s)/Counter(s) Interrupt(s) initialization
                 ; 0000 003D TIMSK=0x12;
000096 e1e2      	LDI  R30,LOW(18)
000097 bfe9      	OUT  0x39,R30
                 ; 0000 003E 
                 ; 0000 003F // Global enable interrupts
                 ; 0000 0040 #asm("sei")
000098 9478      	sei
                 ; 0000 0041 
                 ; 0000 0042 while (1)
                 _0x6:
                 ; 0000 0043       {
                 ; 0000 0044        int a = PINA;
                 ; 0000 0045        if(PINA.0 == 1)
000099 9722      	SBIW R28,2
                 ;	a -> Y+0
00009a b3e9      	IN   R30,0x19
00009b e0f0      	LDI  R31,0
00009c 83e8      	ST   Y,R30
00009d 83f9      	STD  Y+1,R31
00009e 9bc8      	SBIS 0x19,0
00009f c003      	RJMP _0x9
                 ; 0000 0046        {
                 ; 0000 0047         number += 1;
0000a0 d0d1      	RCALL SUBOPT_0x0
0000a1 9631      	ADIW R30,1
0000a2 d0d4      	RCALL SUBOPT_0x1
                 ; 0000 0048        }
                 ; 0000 0049 
                 ; 0000 004A        if(PINA.1 == 1)
                 _0x9:
0000a3 9bc9      	SBIS 0x19,1
0000a4 c003      	RJMP _0xA
                 ; 0000 004B        {
                 ; 0000 004C         number += 2;
0000a5 d0cc      	RCALL SUBOPT_0x0
0000a6 9632      	ADIW R30,2
0000a7 d0cf      	RCALL SUBOPT_0x1
                 ; 0000 004D        }
                 ; 0000 004E 
                 ; 0000 004F        if(PINA.2 == 1)
                 _0xA:
0000a8 9bca      	SBIS 0x19,2
0000a9 c003      	RJMP _0xB
                 ; 0000 0050        {
                 ; 0000 0051         number += 4;
0000aa d0c7      	RCALL SUBOPT_0x0
0000ab 9634      	ADIW R30,4
0000ac d0ca      	RCALL SUBOPT_0x1
                 ; 0000 0052        }
                 ; 0000 0053 
                 ; 0000 0054        if(PINA.3 == 1)
                 _0xB:
0000ad 9bcb      	SBIS 0x19,3
0000ae c003      	RJMP _0xC
                 ; 0000 0055        {
                 ; 0000 0056         number += 8;
0000af d0c2      	RCALL SUBOPT_0x0
0000b0 9638      	ADIW R30,8
0000b1 d0c5      	RCALL SUBOPT_0x1
                 ; 0000 0057        }
                 ; 0000 0058 
                 ; 0000 0059        if(PINA.4 == 1)
                 _0xC:
0000b2 9bcc      	SBIS 0x19,4
0000b3 c003      	RJMP _0xD
                 ; 0000 005A        {
                 ; 0000 005B         number += 16;
0000b4 d0bd      	RCALL SUBOPT_0x0
0000b5 9670      	ADIW R30,16
0000b6 d0c0      	RCALL SUBOPT_0x1
                 ; 0000 005C        }
                 ; 0000 005D 
                 ; 0000 005E        if(PINA.5 == 1)
                 _0xD:
0000b7 9bcd      	SBIS 0x19,5
0000b8 c003      	RJMP _0xE
                 ; 0000 005F        {
                 ; 0000 0060         number += 32;
0000b9 d0b8      	RCALL SUBOPT_0x0
0000ba 96b0      	ADIW R30,32
0000bb d0bb      	RCALL SUBOPT_0x1
                 ; 0000 0061        }
                 ; 0000 0062 
                 ; 0000 0063        if(PINA.6 == 1)
                 _0xE:
0000bc 9bce      	SBIS 0x19,6
0000bd c004      	RJMP _0xF
                 ; 0000 0064        {
                 ; 0000 0065         number += 64;
0000be d0b3      	RCALL SUBOPT_0x0
0000bf 5ce0      	SUBI R30,LOW(-64)
0000c0 4fff      	SBCI R31,HIGH(-64)
0000c1 d0b5      	RCALL SUBOPT_0x1
                 ; 0000 0066        }
                 ; 0000 0067 
                 ; 0000 0068        if(PINA.7 == 1)
                 _0xF:
0000c2 9bcf      	SBIS 0x19,7
0000c3 c004      	RJMP _0x10
                 ; 0000 0069        {
                 ; 0000 006A         number += 128;
0000c4 d0ad      	RCALL SUBOPT_0x0
0000c5 58e0      	SUBI R30,LOW(-128)
0000c6 4fff      	SBCI R31,HIGH(-128)
0000c7 d0af      	RCALL SUBOPT_0x1
                 ; 0000 006B        }
                 ; 0000 006C 
                 ; 0000 006D       i = number %10;
                 _0x10:
0000c8 d0b3      	RCALL SUBOPT_0x2
0000c9 940e 01b0 	CALL __MODW21U
0000cb 015f      	MOVW R10,R30
                 ; 0000 006E       j = number / 10;
0000cc d0af      	RCALL SUBOPT_0x2
0000cd 940e 0198 	CALL __DIVW21U
0000cf 016f      	MOVW R12,R30
                 ; 0000 006F 
                 ; 0000 0070       index = 0;
0000d0 2488      	CLR  R8
0000d1 2499      	CLR  R9
                 ; 0000 0071 
                 ; 0000 0072       tempDecimal = number;
0000d2 d09f      	RCALL SUBOPT_0x0
0000d3 93e0 0284 	STS  _tempDecimal,R30
0000d5 93f0 0285 	STS  _tempDecimal+1,R31
                 ; 0000 0073       while(tempDecimal !=0)
                 _0x11:
0000d7 91e0 0284 	LDS  R30,_tempDecimal
0000d9 91f0 0285 	LDS  R31,_tempDecimal+1
0000db 9730      	SBIW R30,0
0000dc f0f1      	BREQ _0x13
                 ; 0000 0074     {
                 ; 0000 0075         rem = tempDecimal % 16;
0000dd 70ef      	ANDI R30,LOW(0xF)
0000de 70f0      	ANDI R31,HIGH(0xF)
0000df 013f      	MOVW R6,R30
                 ; 0000 0076 
                 ; 0000 0077         hex[index] = HEXVALUE[rem];
0000e0 01f4      	MOVW R30,R8
0000e1 5ae0      	SUBI R30,LOW(-_hex)
0000e2 4ffd      	SBCI R31,HIGH(-_hex)
0000e3 010f      	MOVW R0,R30
0000e4 e6a2      	LDI  R26,LOW(_HEXVALUE)
0000e5 e0b2      	LDI  R27,HIGH(_HEXVALUE)
0000e6 0da6      	ADD  R26,R6
0000e7 1db7      	ADC  R27,R7
0000e8 91ec      	LD   R30,X
0000e9 01d0      	MOVW R26,R0
0000ea 93ec      	ST   X,R30
                 ; 0000 0078 
                 ; 0000 0079         tempDecimal /= 16;
0000eb 91a0 0284 	LDS  R26,_tempDecimal
0000ed 91b0 0285 	LDS  R27,_tempDecimal+1
0000ef e1e0      	LDI  R30,LOW(16)
0000f0 e0f0      	LDI  R31,HIGH(16)
0000f1 940e 01ab 	CALL __DIVW21
0000f3 93e0 0284 	STS  _tempDecimal,R30
0000f5 93f0 0285 	STS  _tempDecimal+1,R31
                 ; 0000 007A 
                 ; 0000 007B         index++;
0000f7 01f4      	MOVW R30,R8
0000f8 9631      	ADIW R30,1
0000f9 014f      	MOVW R8,R30
                 ; 0000 007C     }
0000fa cfdc      	RJMP _0x11
                 _0x13:
                 ; 0000 007D 
                 ; 0000 007E       if(counter == 0)
0000fb 2c04      	MOV  R0,R4
0000fc 2805      	OR   R0,R5
0000fd f581      	BRNE _0x14
                 ; 0000 007F       {
                 ; 0000 0080         PORTD = 0b11111110;
0000fe efee      	LDI  R30,LOW(254)
0000ff bbe2      	OUT  0x12,R30
                 ; 0000 0081         //PORTC = code[j];
                 ; 0000 0082 
                 ; 0000 0083         PORTC = code[hex[1]-48];
                +
000100 91e0 0261+LDS R30 , _hex + ( 1 )
                 	__GETB1MN _hex,1
000102 d080      	RCALL SUBOPT_0x3
                 ; 0000 0084         if(hex[1] == 'A')
                +
000103 91a0 0261+LDS R26 , _hex + ( 1 )
                 	__GETB2MN _hex,1
000105 34a1      	CPI  R26,LOW(0x41)
000106 f419      	BRNE _0x15
                 ; 0000 0085          PORTC = code[10];
                +
000107 91e0 027c+LDS R30 , _code + ( 10 )
                 	__GETB1MN _code,10
000109 c022      	RJMP _0x2E
                 ; 0000 0086         else if(hex[1] == 'B')
                 _0x15:
                +
00010a 91a0 0261+LDS R26 , _hex + ( 1 )
                 	__GETB2MN _hex,1
00010c 34a2      	CPI  R26,LOW(0x42)
00010d f419      	BRNE _0x17
                 ; 0000 0087          PORTC = code[11];
                +
00010e 91e0 027d+LDS R30 , _code + ( 11 )
                 	__GETB1MN _code,11
000110 c01b      	RJMP _0x2E
                 ; 0000 0088          else if(hex[1] == 'C')
                 _0x17:
                +
000111 91a0 0261+LDS R26 , _hex + ( 1 )
                 	__GETB2MN _hex,1
000113 34a3      	CPI  R26,LOW(0x43)
000114 f419      	BRNE _0x19
                 ; 0000 0089          PORTC = code[12];
                +
000115 91e0 027e+LDS R30 , _code + ( 12 )
                 	__GETB1MN _code,12
000117 c014      	RJMP _0x2E
                 ; 0000 008A          else if(hex[1] == 'D')
                 _0x19:
                +
000118 91a0 0261+LDS R26 , _hex + ( 1 )
                 	__GETB2MN _hex,1
00011a 34a4      	CPI  R26,LOW(0x44)
00011b f419      	BRNE _0x1B
                 ; 0000 008B          PORTC = code[13];
                +
00011c 91e0 027f+LDS R30 , _code + ( 13 )
                 	__GETB1MN _code,13
00011e c00d      	RJMP _0x2E
                 ; 0000 008C          else if(hex[1] == 'E')
                 _0x1B:
                +
00011f 91a0 0261+LDS R26 , _hex + ( 1 )
                 	__GETB2MN _hex,1
000121 34a5      	CPI  R26,LOW(0x45)
000122 f419      	BRNE _0x1D
                 ; 0000 008D          PORTC = code[14];
                +
000123 91e0 0280+LDS R30 , _code + ( 14 )
                 	__GETB1MN _code,14
000125 c006      	RJMP _0x2E
                 ; 0000 008E          else if(hex[1] == 'F')
                 _0x1D:
                +
000126 91a0 0261+LDS R26 , _hex + ( 1 )
                 	__GETB2MN _hex,1
000128 34a6      	CPI  R26,LOW(0x46)
000129 f419      	BRNE _0x1F
                 ; 0000 008F          PORTC = code[15];
                +
00012a 91e0 0281+LDS R30 , _code + ( 15 )
                 	__GETB1MN _code,15
                 _0x2E:
00012c bbe5      	OUT  0x15,R30
                 ; 0000 0090 
                 ; 0000 0091 
                 ; 0000 0092 
                 ; 0000 0093       }
                 _0x1F:
                 ; 0000 0094 
                 ; 0000 0095       else if(counter == 1)
00012d c034      	RJMP _0x20
                 _0x14:
00012e e0e1      	LDI  R30,LOW(1)
00012f e0f0      	LDI  R31,HIGH(1)
000130 15e4      	CP   R30,R4
000131 05f5      	CPC  R31,R5
000132 f579      	BRNE _0x21
                 ; 0000 0096       {
                 ; 0000 0097         PORTD = 0b11111101;
000133 efed      	LDI  R30,LOW(253)
000134 bbe2      	OUT  0x12,R30
                 ; 0000 0098         //PORTC = code[i];
                 ; 0000 0099           PORTC = code[hex[0]-48];
000135 91e0 0260 	LDS  R30,_hex
000137 d04b      	RCALL SUBOPT_0x3
                 ; 0000 009A         if(hex[0] == 'A')
000138 91a0 0260 	LDS  R26,_hex
00013a 34a1      	CPI  R26,LOW(0x41)
00013b f419      	BRNE _0x22
                 ; 0000 009B          PORTC = code[10];
                +
00013c 91e0 027c+LDS R30 , _code + ( 10 )
                 	__GETB1MN _code,10
00013e c022      	RJMP _0x2F
                 ; 0000 009C         else if(hex[0] == 'B')
                 _0x22:
00013f 91a0 0260 	LDS  R26,_hex
000141 34a2      	CPI  R26,LOW(0x42)
000142 f419      	BRNE _0x24
                 ; 0000 009D          PORTC = code[11];
                +
000143 91e0 027d+LDS R30 , _code + ( 11 )
                 	__GETB1MN _code,11
000145 c01b      	RJMP _0x2F
                 ; 0000 009E          else if(hex[0] == 'C')
                 _0x24:
000146 91a0 0260 	LDS  R26,_hex
000148 34a3      	CPI  R26,LOW(0x43)
000149 f419      	BRNE _0x26
                 ; 0000 009F          PORTC = code[12];
                +
00014a 91e0 027e+LDS R30 , _code + ( 12 )
                 	__GETB1MN _code,12
00014c c014      	RJMP _0x2F
                 ; 0000 00A0          else if(hex[0] == 'D')
                 _0x26:
00014d 91a0 0260 	LDS  R26,_hex
00014f 34a4      	CPI  R26,LOW(0x44)
000150 f419      	BRNE _0x28
                 ; 0000 00A1          PORTC = code[13];
                +
000151 91e0 027f+LDS R30 , _code + ( 13 )
                 	__GETB1MN _code,13
000153 c00d      	RJMP _0x2F
                 ; 0000 00A2          else if(hex[0] == 'E')
                 _0x28:
000154 91a0 0260 	LDS  R26,_hex
000156 34a5      	CPI  R26,LOW(0x45)
000157 f419      	BRNE _0x2A
                 ; 0000 00A3          PORTC = code[14];
                +
000158 91e0 0280+LDS R30 , _code + ( 14 )
                 	__GETB1MN _code,14
00015a c006      	RJMP _0x2F
                 ; 0000 00A4          else if(hex[0] == 'F')
                 _0x2A:
00015b 91a0 0260 	LDS  R26,_hex
00015d 34a6      	CPI  R26,LOW(0x46)
00015e f419      	BRNE _0x2C
                 ; 0000 00A5          PORTC = code[15];
                +
00015f 91e0 0281+LDS R30 , _code + ( 15 )
                 	__GETB1MN _code,15
                 _0x2F:
000161 bbe5      	OUT  0x15,R30
                 ; 0000 00A6       }
                 _0x2C:
                 ; 0000 00A7 
                 ; 0000 00A8        delay_ms(5);
                 _0x21:
                 _0x20:
000162 e0a5      	LDI  R26,LOW(5)
000163 e0b0      	LDI  R27,0
000164 940e 018a 	CALL _delay_ms
                 ; 0000 00A9        number = 0;
000166 e0e0      	LDI  R30,LOW(0)
000167 93e0 0282 	STS  _number,R30
000169 93e0 0283 	STS  _number+1,R30
                 ; 0000 00AA        hex[0] = '';
00016b 93e0 0260 	STS  _hex,R30
                 ; 0000 00AB        hex[1] = '';
                +
00016d 93e0 0261+STS _hex + ( 1 ) , R30
                 	__PUTB1MN _hex,1
                 ; 0000 00AC       }
00016f 9622      	ADIW R28,2
000170 cf28      	RJMP _0x6
                 ; 0000 00AD }
                 _0x2D:
000171 cfff      	RJMP _0x2D
                 
                 	.DSEG
                 _hex:
000260           	.BYTE 0x2
                 _HEXVALUE:
000262           	.BYTE 0x10
                 _code:
000272           	.BYTE 0x10
                 _number:
000282           	.BYTE 0x2
                 _tempDecimal:
000284           	.BYTE 0x2
                 
                 	.CSEG
                 ;OPTIMIZER ADDED SUBROUTINE, CALLED 9 TIMES, CODE SIZE REDUCTION:13 WORDS
                 SUBOPT_0x0:
000172 91e0 0282 	LDS  R30,_number
000174 91f0 0283 	LDS  R31,_number+1
000176 9508      	RET
                 
                 ;OPTIMIZER ADDED SUBROUTINE, CALLED 8 TIMES, CODE SIZE REDUCTION:11 WORDS
                 SUBOPT_0x1:
000177 93e0 0282 	STS  _number,R30
000179 93f0 0283 	STS  _number+1,R31
00017b 9508      	RET
                 
                 ;OPTIMIZER ADDED SUBROUTINE, CALLED 2 TIMES, CODE SIZE REDUCTION:1 WORDS
                 SUBOPT_0x2:
00017c 91a0 0282 	LDS  R26,_number
00017e 91b0 0283 	LDS  R27,_number+1
000180 e0ea      	LDI  R30,LOW(10)
000181 e0f0      	LDI  R31,HIGH(10)
000182 9508      	RET
                 
                 ;OPTIMIZER ADDED SUBROUTINE, CALLED 2 TIMES, CODE SIZE REDUCTION:3 WORDS
                 SUBOPT_0x3:
000183 e0f0      	LDI  R31,0
000184 97f0      	SBIW R30,48
000185 58ee      	SUBI R30,LOW(-_code)
000186 4ffd      	SBCI R31,HIGH(-_code)
000187 81e0      	LD   R30,Z
000188 bbe5      	OUT  0x15,R30
000189 9508      	RET
                 
                 
                 	.CSEG
                 _delay_ms:
00018a 9610      	adiw r26,0
00018b f039      	breq __delay_ms1
                 __delay_ms0:
                +
00018c ed80     +LDI R24 , LOW ( 0x7D0 )
00018d e097     +LDI R25 , HIGH ( 0x7D0 )
                +__DELAY_USW_LOOP :
00018e 9701     +SBIW R24 , 1
00018f f7f1     +BRNE __DELAY_USW_LOOP
                 	__DELAY_USW 0x7D0
000190 95a8      	wdr
000191 9711      	sbiw r26,1
000192 f7c9      	brne __delay_ms0
                 __delay_ms1:
000193 9508      	ret
                 
                 __ANEGW1:
000194 95f1      	NEG  R31
000195 95e1      	NEG  R30
000196 40f0      	SBCI R31,0
000197 9508      	RET
                 
                 __DIVW21U:
000198 2400      	CLR  R0
000199 2411      	CLR  R1
00019a e190      	LDI  R25,16
                 __DIVW21U1:
00019b 0faa      	LSL  R26
00019c 1fbb      	ROL  R27
00019d 1c00      	ROL  R0
00019e 1c11      	ROL  R1
00019f 1a0e      	SUB  R0,R30
0001a0 0a1f      	SBC  R1,R31
0001a1 f418      	BRCC __DIVW21U2
0001a2 0e0e      	ADD  R0,R30
0001a3 1e1f      	ADC  R1,R31
0001a4 c001      	RJMP __DIVW21U3
                 __DIVW21U2:
0001a5 60a1      	SBR  R26,1
                 __DIVW21U3:
0001a6 959a      	DEC  R25
0001a7 f799      	BRNE __DIVW21U1
0001a8 01fd      	MOVW R30,R26
0001a9 01d0      	MOVW R26,R0
0001aa 9508      	RET
                 
                 __DIVW21:
0001ab d007      	RCALL __CHKSIGNW
0001ac dfeb      	RCALL __DIVW21U
0001ad f40e      	BRTC __DIVW211
0001ae dfe5      	RCALL __ANEGW1
                 __DIVW211:
0001af 9508      	RET
                 
                 __MODW21U:
0001b0 dfe7      	RCALL __DIVW21U
0001b1 01fd      	MOVW R30,R26
0001b2 9508      	RET
                 
                 __CHKSIGNW:
0001b3 94e8      	CLT
0001b4 fff7      	SBRS R31,7
0001b5 c002      	RJMP __CHKSW1
0001b6 dfdd      	RCALL __ANEGW1
0001b7 9468      	SET
                 __CHKSW1:
0001b8 ffb7      	SBRS R27,7
0001b9 c006      	RJMP __CHKSW2
0001ba 95a0      	COM  R26
0001bb 95b0      	COM  R27
0001bc 9611      	ADIW R26,1
0001bd f800      	BLD  R0,0
0001be 9403      	INC  R0
0001bf fa00      	BST  R0,0
                 __CHKSW2:
0001c0 9508      	RET
                 
                 ;END OF CODE MARKER
                 __END_OF_CODE:


RESOURCE USE INFORMATION
------------------------

Notice:
The register and instruction counts are symbol table hit counts,
and hence implicitly used resources are not counted, eg, the
'lpm' instruction without operands implicitly uses r0 and z,
none of which are counted.

x,y,z are separate entities in the symbol table and are
counted separately from r26..r31 here.

.dseg memory usage only counts static data declared with .byte

ATmega32 register use summary:
r0 :  16 r1 :   5 r2 :   0 r3 :   0 r4 :   6 r5 :   4 r6 :   2 r7 :   1 
r8 :   4 r9 :   1 r10:   1 r11:   0 r12:   1 r13:   0 r14:   0 r15:   0 
r16:   0 r17:   0 r18:   0 r19:   0 r20:   0 r21:   0 r22:   2 r23:   0 
r24:   9 r25:   5 r26:  42 r27:  10 r28:   3 r29:   1 r30: 105 r31:  31 
x  :   5 y  :   8 z  :   8 
Registers used: 22 out of 35 (62.9%)

ATmega32 instruction use summary:
.lds  :   0 .lds.l:   0 .sts  :   0 .sts.l:   0 adc   :   2 add   :   2 
adiw  :  11 and   :   0 andi  :   2 asr   :   0 bclr  :   0 bld   :   1 
brbc  :   0 brbs  :   0 brcc  :   1 brcs  :   0 break :   0 breq  :   3 
brge  :   0 brhc  :   0 brhs  :   0 brid  :   0 brie  :   0 brlo  :   0 
brlt  :   0 brmi  :   0 brne  :  21 brpl  :   0 brsh  :   0 brtc  :   1 
brts  :   0 brvc  :   0 brvs  :   0 bset  :   0 bst   :   1 call  :   4 
cbi   :   0 cbr   :   0 clc   :   0 clh   :   0 cli   :   1 cln   :   0 
clr   :   8 cls   :   0 clt   :   1 clv   :   0 clz   :   0 com   :   2 
cp    :   2 cpc   :   2 cpi   :  12 cpse  :   0 dec   :   2 des   :   0 
eor   :   0 fmul  :   0 fmuls :   0 fmulsu:   0 icall :   0 ijmp  :   0 
in    :   2 inc   :   1 jmp   :  22 ld    :   5 ldd   :   0 ldi   :  39 
lds   :  34 lpm   :   7 lsl   :   1 lsr   :   0 mov   :   1 movw  :  16 
mul   :   0 muls  :   0 mulsu :   0 neg   :   2 nop   :   0 or    :   1 
ori   :   0 out   :  21 pop   :   0 push  :   0 rcall :  26 ret   :  10 
reti  :   1 rjmp  :  26 rol   :   3 ror   :   0 sbc   :   1 sbci  :   5 
sbi   :   0 sbic  :   0 sbis  :   8 sbiw  :   8 sbr   :   1 sbrc  :   0 
sbrs  :   2 sec   :   0 seh   :   0 sei   :   1 sen   :   0 ser   :   0 
ses   :   0 set   :   1 sev   :   0 sez   :   0 sleep :   0 spm   :   0 
st    :   8 std   :   1 sts   :  10 sub   :   1 subi  :   4 swap  :   0 
tst   :   0 wdr   :   1 
Instructions used: 51 out of 116 (44.0%)

ATmega32 memory use summary [bytes]:
Segment   Begin    End      Code   Data   Used    Size   Use%
---------------------------------------------------------------
[.cseg] 0x000000 0x000382    838     60    898   32768   2.7%
[.dseg] 0x000060 0x000286      0     38     38    2143   1.8%
[.eseg] 0x000000 0x000000      0      0      0    1024   0.0%

Assembly complete, 0 errors, 5 warnings
